{"meta": {"format": 3, "version": "7.11.0", "timestamp": "2025-10-18T13:39:01.280199", "branch_coverage": false, "show_contexts": false}, "files": {"infrastructure/__init__.py": {"executed_lines": [1, 6, 7, 10, 11, 12, 20, 21, 22, 30, 31, 33, 34, 35, 36, 38], "summary": {"covered_lines": 15, "num_statements": 28, "percent_covered": 53.57142857142857, "percent_covered_display": "54", "missing_lines": 13, "excluded_lines": 0}, "missing_lines": [13, 14, 15, 16, 17, 18, 23, 24, 25, 26, 27, 28, 32], "excluded_lines": [], "functions": {"": {"executed_lines": [1, 6, 7, 10, 11, 12, 20, 21, 22, 30, 31, 33, 34, 35, 36, 38], "summary": {"covered_lines": 15, "num_statements": 28, "percent_covered": 53.57142857142857, "percent_covered_display": "54", "missing_lines": 13, "excluded_lines": 0}, "missing_lines": [13, 14, 15, 16, 17, 18, 23, 24, 25, 26, 27, 28, 32], "excluded_lines": []}}, "classes": {"": {"executed_lines": [1, 6, 7, 10, 11, 12, 20, 21, 22, 30, 31, 33, 34, 35, 36, 38], "summary": {"covered_lines": 15, "num_statements": 28, "percent_covered": 53.57142857142857, "percent_covered_display": "54", "missing_lines": 13, "excluded_lines": 0}, "missing_lines": [13, 14, 15, 16, 17, 18, 23, 24, 25, 26, 27, 28, 32], "excluded_lines": []}}}, "infrastructure/agent_auth_registry.py": {"executed_lines": [1, 7, 8, 9, 10, 11, 12, 13, 15, 18, 19, 20, 21, 22, 23, 24, 25, 26, 27, 28, 31, 32, 43, 44, 46, 54, 57, 58, 61, 63, 65, 86, 87, 88, 91, 94, 97, 100, 103, 104, 116, 117, 119, 121, 123, 142, 143, 149, 152, 153, 154, 155, 158, 166, 167, 168, 169, 172, 174, 175, 177, 182, 186, 196, 197, 201, 202, 203, 205, 206, 208, 212, 217, 228, 229, 232, 233, 234, 235, 237, 238, 239, 244, 256, 257, 260, 261, 262, 263, 264, 265, 269, 274, 287, 308, 310, 311, 317, 319, 320, 321, 322, 324, 326, 327, 329, 331, 332, 335, 336, 337, 342, 344, 346, 347, 350, 351, 352, 358, 361, 362, 363], "summary": {"covered_lines": 118, "num_statements": 139, "percent_covered": 84.89208633093526, "percent_covered_display": "85", "missing_lines": 21, "excluded_lines": 0}, "missing_lines": [159, 163, 179, 180, 184, 198, 210, 214, 215, 241, 242, 271, 272, 284, 285, 298, 299, 300, 302, 303, 304], "excluded_lines": [], "functions": {"AgentAuthRegistry.__init__": {"executed_lines": [54, 57, 58, 61, 63], "summary": {"covered_lines": 5, "num_statements": 5, "percent_covered": 100.0, "percent_covered_display": "100", "missing_lines": 0, "excluded_lines": 0}, "missing_lines": [], "excluded_lines": []}, "AgentAuthRegistry.register_agent": {"executed_lines": [86, 87, 88, 91, 94, 97, 100, 103, 104, 116, 117, 119, 121], "summary": {"covered_lines": 13, "num_statements": 13, "percent_covered": 100.0, "percent_covered_display": "100", "missing_lines": 0, "excluded_lines": 0}, "missing_lines": [], "excluded_lines": []}, "AgentAuthRegistry.verify_agent": {"executed_lines": [142, 143, 149, 152, 153, 154, 155, 158, 166, 167, 168, 169, 172, 174, 175], "summary": {"covered_lines": 15, "num_statements": 17, "percent_covered": 88.23529411764706, "percent_covered_display": "88", "missing_lines": 2, "excluded_lines": 0}, "missing_lines": [159, 163], "excluded_lines": []}, "AgentAuthRegistry.get_agent_id": {"executed_lines": [], "summary": {"covered_lines": 0, "num_statements": 2, "percent_covered": 0.0, "percent_covered_display": "0", "missing_lines": 2, "excluded_lines": 0}, "missing_lines": [179, 180], "excluded_lines": []}, "AgentAuthRegistry.is_registered": {"executed_lines": [], "summary": {"covered_lines": 0, "num_statements": 1, "percent_covered": 0.0, "percent_covered_display": "0", "missing_lines": 1, "excluded_lines": 0}, "missing_lines": [184], "excluded_lines": []}, "AgentAuthRegistry.revoke_agent": {"executed_lines": [196, 197, 201, 202, 203, 205, 206], "summary": {"covered_lines": 7, "num_statements": 8, "percent_covered": 87.5, "percent_covered_display": "88", "missing_lines": 1, "excluded_lines": 0}, "missing_lines": [198], "excluded_lines": []}, "AgentAuthRegistry.list_agents": {"executed_lines": [], "summary": {"covered_lines": 0, "num_statements": 1, "percent_covered": 0.0, "percent_covered_display": "0", "missing_lines": 1, "excluded_lines": 0}, "missing_lines": [210], "excluded_lines": []}, "AgentAuthRegistry.get_agent_metadata": {"executed_lines": [], "summary": {"covered_lines": 0, "num_statements": 2, "percent_covered": 0.0, "percent_covered_display": "0", "missing_lines": 2, "excluded_lines": 0}, "missing_lines": [214, 215], "excluded_lines": []}, "AgentAuthRegistry.verify_token": {"executed_lines": [228, 229, 232, 233, 234, 235, 237, 238, 239], "summary": {"covered_lines": 9, "num_statements": 11, "percent_covered": 81.81818181818181, "percent_covered_display": "82", "missing_lines": 2, "excluded_lines": 0}, "missing_lines": [241, 242], "excluded_lines": []}, "AgentAuthRegistry.has_permission": {"executed_lines": [256, 257, 260, 261, 262, 263, 264, 265, 269], "summary": {"covered_lines": 9, "num_statements": 11, "percent_covered": 81.81818181818181, "percent_covered_display": "82", "missing_lines": 2, "excluded_lines": 0}, "missing_lines": [271, 272], "excluded_lines": []}, "AgentAuthRegistry.get_agent_permissions": {"executed_lines": [], "summary": {"covered_lines": 0, "num_statements": 2, "percent_covered": 0.0, "percent_covered_display": "0", "missing_lines": 2, "excluded_lines": 0}, "missing_lines": [284, 285], "excluded_lines": []}, "AgentAuthRegistry.update_permissions": {"executed_lines": [], "summary": {"covered_lines": 0, "num_statements": 6, "percent_covered": 0.0, "percent_covered_display": "0", "missing_lines": 6, "excluded_lines": 0}, "missing_lines": [298, 299, 300, 302, 303, 304], "excluded_lines": []}, "AgentAuthRegistry._create_signature": {"executed_lines": [310, 311], "summary": {"covered_lines": 2, "num_statements": 2, "percent_covered": 100.0, "percent_covered_display": "100", "missing_lines": 0, "excluded_lines": 0}, "missing_lines": [], "excluded_lines": []}, "AgentAuthRegistry._find_agent_by_name": {"executed_lines": [319, 320, 321, 322], "summary": {"covered_lines": 4, "num_statements": 4, "percent_covered": 100.0, "percent_covered_display": "100", "missing_lines": 0, "excluded_lines": 0}, "missing_lines": [], "excluded_lines": []}, "AgentAuthRegistry._is_token_valid": {"executed_lines": [326, 327], "summary": {"covered_lines": 2, "num_statements": 2, "percent_covered": 100.0, "percent_covered_display": "100", "missing_lines": 0, "excluded_lines": 0}, "missing_lines": [], "excluded_lines": []}, "AgentAuthRegistry._check_rate_limit": {"executed_lines": [331, 332, 335, 336, 337, 342], "summary": {"covered_lines": 6, "num_statements": 6, "percent_covered": 100.0, "percent_covered_display": "100", "missing_lines": 0, "excluded_lines": 0}, "missing_lines": [], "excluded_lines": []}, "AgentAuthRegistry._record_verify_attempt": {"executed_lines": [346, 347, 350, 351, 352, 358], "summary": {"covered_lines": 6, "num_statements": 6, "percent_covered": 100.0, "percent_covered_display": "100", "missing_lines": 0, "excluded_lines": 0}, "missing_lines": [], "excluded_lines": []}, "": {"executed_lines": [1, 7, 8, 9, 10, 11, 12, 13, 15, 18, 19, 20, 21, 22, 23, 24, 25, 26, 27, 28, 31, 32, 43, 44, 46, 65, 123, 177, 182, 186, 208, 212, 217, 244, 274, 287, 308, 317, 324, 329, 344, 361, 362, 363], "summary": {"covered_lines": 40, "num_statements": 40, "percent_covered": 100.0, "percent_covered_display": "100", "missing_lines": 0, "excluded_lines": 0}, "missing_lines": [], "excluded_lines": []}}, "classes": {"AuthenticatedAgent": {"executed_lines": [], "summary": {"covered_lines": 0, "num_statements": 0, "percent_covered": 100.0, "percent_covered_display": "100", "missing_lines": 0, "excluded_lines": 0}, "missing_lines": [], "excluded_lines": []}, "AgentAuthRegistry": {"executed_lines": [54, 57, 58, 61, 63, 86, 87, 88, 91, 94, 97, 100, 103, 104, 116, 117, 119, 121, 142, 143, 149, 152, 153, 154, 155, 158, 166, 167, 168, 169, 172, 174, 175, 196, 197, 201, 202, 203, 205, 206, 228, 229, 232, 233, 234, 235, 237, 238, 239, 256, 257, 260, 261, 262, 263, 264, 265, 269, 310, 311, 319, 320, 321, 322, 326, 327, 331, 332, 335, 336, 337, 342, 346, 347, 350, 351, 352, 358], "summary": {"covered_lines": 78, "num_statements": 99, "percent_covered": 78.78787878787878, "percent_covered_display": "79", "missing_lines": 21, "excluded_lines": 0}, "missing_lines": [159, 163, 179, 180, 184, 198, 210, 214, 215, 241, 242, 271, 272, 284, 285, 298, 299, 300, 302, 303, 304], "excluded_lines": []}, "SecurityError": {"executed_lines": [], "summary": {"covered_lines": 0, "num_statements": 0, "percent_covered": 100.0, "percent_covered_display": "100", "missing_lines": 0, "excluded_lines": 0}, "missing_lines": [], "excluded_lines": []}, "": {"executed_lines": [1, 7, 8, 9, 10, 11, 12, 13, 15, 18, 19, 20, 21, 22, 23, 24, 25, 26, 27, 28, 31, 32, 43, 44, 46, 65, 123, 177, 182, 186, 208, 212, 217, 244, 274, 287, 308, 317, 324, 329, 344, 361, 362, 363], "summary": {"covered_lines": 40, "num_statements": 40, "percent_covered": 100.0, "percent_covered_display": "100", "missing_lines": 0, "excluded_lines": 0}, "missing_lines": [], "excluded_lines": []}}}, "infrastructure/aop_validator.py": {"executed_lines": [1, 15, 16, 17, 18, 19, 21, 25, 26, 27, 28, 29, 30, 31, 32, 33, 36, 37, 38, 39, 40, 41, 44, 45, 46, 47, 48, 49, 50, 51, 52, 53, 55, 56, 58, 60, 61, 62, 63, 64, 65, 66, 67, 68, 69, 73, 74, 86, 89, 100, 102, 123, 139, 143, 144, 145, 146, 147, 148, 149, 150, 156, 157, 158, 161, 162, 163, 164, 165, 166, 167, 170, 179, 180, 181, 182, 183, 184, 185, 188, 189, 190, 192, 194, 196, 198, 199, 200, 216, 231, 234, 235, 236, 237, 238, 242, 246, 247, 250, 255, 257, 258, 259, 270, 275, 289, 290, 294, 295, 296, 297, 301, 302, 303, 308, 309, 310, 326, 346, 347, 351, 352, 353, 358, 359, 360, 361, 366, 371, 372, 373, 375, 382, 386, 391, 392, 397, 399, 402, 403, 404, 406, 409, 411, 413, 414, 415, 451, 469, 470, 484, 485, 488, 492, 493, 494, 495, 496, 497, 499, 503, 504, 509, 510, 511, 517, 518, 524, 525, 526, 527, 532, 533, 534, 550, 569, 570, 571, 572, 575, 576, 577, 578, 581, 583, 603, 618, 620, 622, 623, 624, 640, 657, 658, 660, 661, 663, 664, 667, 668, 671, 673, 675, 677, 678, 679, 695, 710, 716, 717, 718, 734, 763], "summary": {"covered_lines": 140, "num_statements": 267, "percent_covered": 52.43445692883895, "percent_covered_display": "52", "missing_lines": 127, "excluded_lines": 0}, "missing_lines": [70, 71, 75, 76, 77, 78, 88, 101, 108, 109, 112, 113, 114, 115, 117, 140, 141, 159, 160, 168, 169, 171, 172, 173, 176, 177, 178, 186, 187, 191, 195, 197, 203, 204, 205, 207, 209, 211, 233, 239, 241, 249, 260, 261, 265, 291, 292, 311, 316, 321, 344, 349, 350, 354, 356, 357, 362, 374, 398, 401, 407, 410, 412, 417, 418, 419, 421, 422, 424, 426, 444, 447, 449, 455, 458, 459, 464, 486, 487, 490, 491, 498, 507, 508, 515, 516, 531, 539, 545, 574, 580, 590, 596, 598, 621, 627, 631, 633, 635, 655, 659, 662, 665, 666, 669, 672, 676, 682, 683, 686, 688, 690, 719, 720, 722, 725, 727, 729, 749, 752, 753, 755, 757, 777, 778, 780, 782], "excluded_lines": [], "functions": {"ValidationResult.is_valid": {"executed_lines": [58], "summary": {"covered_lines": 1, "num_statements": 1, "percent_covered": 100.0, "percent_covered_display": "100", "missing_lines": 0, "excluded_lines": 0}, "missing_lines": [], "excluded_lines": []}, "ValidationResult.solvability_check": {"executed_lines": [62, 63], "summary": {"covered_lines": 1, "num_statements": 1, "percent_covered": 100.0, "percent_covered_display": "100", "missing_lines": 0, "excluded_lines": 0}, "missing_lines": [], "excluded_lines": []}, "ValidationResult.completeness_check": {"executed_lines": [67, 68], "summary": {"covered_lines": 1, "num_statements": 1, "percent_covered": 100.0, "percent_covered_display": "100", "missing_lines": 0, "excluded_lines": 0}, "missing_lines": [], "excluded_lines": []}, "ValidationResult.non_redundancy_check": {"executed_lines": [73], "summary": {"covered_lines": 1, "num_statements": 1, "percent_covered": 100.0, "percent_covered_display": "100", "missing_lines": 0, "excluded_lines": 0}, "missing_lines": [], "excluded_lines": []}, "ValidationResult.__str__": {"executed_lines": [], "summary": {"covered_lines": 0, "num_statements": 3, "percent_covered": 0.0, "percent_covered_display": "0", "missing_lines": 3, "excluded_lines": 0}, "missing_lines": [76, 77, 78], "excluded_lines": []}, "AOPValidator.__init__": {"executed_lines": [102], "summary": {"covered_lines": 0, "num_statements": 6, "percent_covered": 0.0, "percent_covered_display": "0", "missing_lines": 6, "excluded_lines": 0}, "missing_lines": [108, 109, 112, 113, 114, 115], "excluded_lines": []}, "AOPValidator.validate_routing_plan": {"executed_lines": [123, 139, 143, 144, 145, 146, 147, 148, 149, 150, 156, 157, 158, 161, 162, 163, 164, 165, 166, 167, 170, 179, 180, 181, 182, 183, 184, 185, 188, 189, 190, 192, 194, 196, 198, 199, 200], "summary": {"covered_lines": 25, "num_statements": 47, "percent_covered": 53.191489361702125, "percent_covered_display": "53", "missing_lines": 22, "excluded_lines": 0}, "missing_lines": [140, 141, 159, 160, 168, 169, 171, 172, 173, 176, 177, 178, 186, 187, 191, 195, 197, 203, 204, 205, 207, 209], "excluded_lines": []}, "AOPValidator._check_solvability": {"executed_lines": [216, 231, 234, 235, 236, 237, 238, 242, 246, 247, 250, 255, 257, 258, 259], "summary": {"covered_lines": 11, "num_statements": 18, "percent_covered": 61.111111111111114, "percent_covered_display": "61", "missing_lines": 7, "excluded_lines": 0}, "missing_lines": [233, 239, 241, 249, 260, 261, 265], "excluded_lines": []}, "AOPValidator._check_completeness": {"executed_lines": [275, 289, 290, 294, 295, 296, 297, 301, 302, 303, 308, 309, 310], "summary": {"covered_lines": 8, "num_statements": 12, "percent_covered": 66.66666666666667, "percent_covered_display": "67", "missing_lines": 4, "excluded_lines": 0}, "missing_lines": [291, 292, 311, 316], "excluded_lines": []}, "AOPValidator._check_redundancy": {"executed_lines": [326, 346, 347, 351, 352, 353, 358, 359, 360, 361, 366, 371, 372, 373, 375, 382, 386], "summary": {"covered_lines": 10, "num_statements": 18, "percent_covered": 55.55555555555556, "percent_covered_display": "56", "missing_lines": 8, "excluded_lines": 0}, "missing_lines": [344, 349, 350, 354, 356, 357, 362, 374], "excluded_lines": []}, "AOPValidator._has_similar_descriptions": {"executed_lines": [392, 397, 399, 402, 403, 404, 406, 409, 411, 413, 414, 415], "summary": {"covered_lines": 8, "num_statements": 18, "percent_covered": 44.44444444444444, "percent_covered_display": "44", "missing_lines": 10, "excluded_lines": 0}, "missing_lines": [398, 401, 410, 412, 417, 418, 419, 421, 422, 424], "excluded_lines": []}, "AOPValidator._has_similar_descriptions.tokenize": {"executed_lines": [], "summary": {"covered_lines": 0, "num_statements": 1, "percent_covered": 0.0, "percent_covered_display": "0", "missing_lines": 1, "excluded_lines": 0}, "missing_lines": [407], "excluded_lines": []}, "AOPValidator._check_budget": {"executed_lines": [451], "summary": {"covered_lines": 1, "num_statements": 8, "percent_covered": 12.5, "percent_covered_display": "12", "missing_lines": 7, "excluded_lines": 0}, "missing_lines": [444, 447, 449, 455, 458, 459, 464], "excluded_lines": []}, "AOPValidator._check_security": {"executed_lines": [470, 484, 485, 488, 492, 493, 494, 495, 496, 497, 499, 503, 504, 509, 510, 511, 517, 518, 524, 525, 526, 527, 532, 533, 534], "summary": {"covered_lines": 17, "num_statements": 28, "percent_covered": 60.714285714285715, "percent_covered_display": "61", "missing_lines": 11, "excluded_lines": 0}, "missing_lines": [486, 487, 490, 491, 498, 507, 508, 515, 516, 531, 539], "excluded_lines": []}, "AOPValidator._calculate_quality_score": {"executed_lines": [550, 569, 570, 571, 572, 575, 576, 577, 578, 581, 583], "summary": {"covered_lines": 3, "num_statements": 7, "percent_covered": 42.857142857142854, "percent_covered_display": "43", "missing_lines": 4, "excluded_lines": 0}, "missing_lines": [574, 580, 590, 596], "excluded_lines": []}, "AOPValidator._estimate_success_probability": {"executed_lines": [603, 618, 620, 622, 623, 624], "summary": {"covered_lines": 4, "num_statements": 8, "percent_covered": 50.0, "percent_covered_display": "50", "missing_lines": 4, "excluded_lines": 0}, "missing_lines": [621, 627, 631, 633], "excluded_lines": []}, "AOPValidator._estimate_quality_score": {"executed_lines": [640, 657, 658, 660, 661, 663, 664, 667, 668, 671, 673, 675, 677, 678, 679], "summary": {"covered_lines": 8, "num_statements": 20, "percent_covered": 40.0, "percent_covered_display": "40", "missing_lines": 12, "excluded_lines": 0}, "missing_lines": [655, 659, 662, 665, 666, 669, 672, 676, 682, 683, 686, 688], "excluded_lines": []}, "AOPValidator._normalize_cost": {"executed_lines": [695, 710, 716, 717, 718], "summary": {"covered_lines": 4, "num_statements": 9, "percent_covered": 44.44444444444444, "percent_covered_display": "44", "missing_lines": 5, "excluded_lines": 0}, "missing_lines": [719, 720, 722, 725, 727], "excluded_lines": []}, "AOPValidator._normalize_time": {"executed_lines": [734], "summary": {"covered_lines": 0, "num_statements": 4, "percent_covered": 0.0, "percent_covered_display": "0", "missing_lines": 4, "excluded_lines": 0}, "missing_lines": [749, 752, 753, 755], "excluded_lines": []}, "AOPValidator.validate_plan": {"executed_lines": [763], "summary": {"covered_lines": 0, "num_statements": 2, "percent_covered": 0.0, "percent_covered_display": "0", "missing_lines": 2, "excluded_lines": 0}, "missing_lines": [777, 778], "excluded_lines": []}, "AOPValidator.get_all_tasks": {"executed_lines": [], "summary": {"covered_lines": 0, "num_statements": 1, "percent_covered": 0.0, "percent_covered_display": "0", "missing_lines": 1, "excluded_lines": 0}, "missing_lines": [782], "excluded_lines": []}, "": {"executed_lines": [1, 15, 16, 17, 18, 19, 21, 25, 26, 27, 28, 29, 30, 31, 32, 33, 36, 37, 38, 39, 40, 41, 44, 45, 46, 47, 48, 49, 50, 51, 52, 53, 55, 56, 60, 61, 64, 65, 66, 69, 74, 86, 89, 100, 270, 391, 469], "summary": {"covered_lines": 37, "num_statements": 53, "percent_covered": 69.81132075471699, "percent_covered_display": "70", "missing_lines": 16, "excluded_lines": 0}, "missing_lines": [70, 71, 75, 88, 101, 117, 211, 321, 426, 545, 598, 635, 690, 729, 757, 780], "excluded_lines": []}}, "classes": {"AgentCapability": {"executed_lines": [], "summary": {"covered_lines": 0, "num_statements": 0, "percent_covered": 100.0, "percent_covered_display": "100", "missing_lines": 0, "excluded_lines": 0}, "missing_lines": [], "excluded_lines": []}, "RoutingPlan": {"executed_lines": [], "summary": {"covered_lines": 0, "num_statements": 0, "percent_covered": 100.0, "percent_covered_display": "100", "missing_lines": 0, "excluded_lines": 0}, "missing_lines": [], "excluded_lines": []}, "ValidationResult": {"executed_lines": [58, 62, 63, 67, 68, 73], "summary": {"covered_lines": 4, "num_statements": 7, "percent_covered": 57.142857142857146, "percent_covered_display": "57", "missing_lines": 3, "excluded_lines": 0}, "missing_lines": [76, 77, 78], "excluded_lines": []}, "AOPValidator": {"executed_lines": [102, 123, 139, 143, 144, 145, 146, 147, 148, 149, 150, 156, 157, 158, 161, 162, 163, 164, 165, 166, 167, 170, 179, 180, 181, 182, 183, 184, 185, 188, 189, 190, 192, 194, 196, 198, 199, 200, 216, 231, 234, 235, 236, 237, 238, 242, 246, 247, 250, 255, 257, 258, 259, 275, 289, 290, 294, 295, 296, 297, 301, 302, 303, 308, 309, 310, 326, 346, 347, 351, 352, 353, 358, 359, 360, 361, 366, 371, 372, 373, 375, 382, 386, 392, 397, 399, 402, 403, 404, 406, 409, 411, 413, 414, 415, 451, 470, 484, 485, 488, 492, 493, 494, 495, 496, 497, 499, 503, 504, 509, 510, 511, 517, 518, 524, 525, 526, 527, 532, 533, 534, 550, 569, 570, 571, 572, 575, 576, 577, 578, 581, 583, 603, 618, 620, 622, 623, 624, 640, 657, 658, 660, 661, 663, 664, 667, 668, 671, 673, 675, 677, 678, 679, 695, 710, 716, 717, 718, 734, 763], "summary": {"covered_lines": 99, "num_statements": 207, "percent_covered": 47.82608695652174, "percent_covered_display": "48", "missing_lines": 108, "excluded_lines": 0}, "missing_lines": [108, 109, 112, 113, 114, 115, 140, 141, 159, 160, 168, 169, 171, 172, 173, 176, 177, 178, 186, 187, 191, 195, 197, 203, 204, 205, 207, 209, 233, 239, 241, 249, 260, 261, 265, 291, 292, 311, 316, 344, 349, 350, 354, 356, 357, 362, 374, 398, 401, 407, 410, 412, 417, 418, 419, 421, 422, 424, 444, 447, 449, 455, 458, 459, 464, 486, 487, 490, 491, 498, 507, 508, 515, 516, 531, 539, 574, 580, 590, 596, 621, 627, 631, 633, 655, 659, 662, 665, 666, 669, 672, 676, 682, 683, 686, 688, 719, 720, 722, 725, 727, 749, 752, 753, 755, 777, 778, 782], "excluded_lines": []}, "": {"executed_lines": [1, 15, 16, 17, 18, 19, 21, 25, 26, 27, 28, 29, 30, 31, 32, 33, 36, 37, 38, 39, 40, 41, 44, 45, 46, 47, 48, 49, 50, 51, 52, 53, 55, 56, 60, 61, 64, 65, 66, 69, 74, 86, 89, 100, 270, 391, 469], "summary": {"covered_lines": 37, "num_statements": 53, "percent_covered": 69.81132075471699, "percent_covered_display": "70", "missing_lines": 16, "excluded_lines": 0}, "missing_lines": [70, 71, 75, 88, 101, 117, 211, 321, 426, 545, 598, 635, 690, 729, 757, 780], "excluded_lines": []}}}, "infrastructure/benchmark_recorder.py": {"executed_lines": [1, 16, 17, 18, 19, 20, 21, 22, 23, 25, 28, 29, 30, 31, 32, 33, 34, 35, 36, 37, 38, 39, 40, 41, 43, 44, 45, 48, 49, 58, 73, 81, 82, 85, 88, 89, 90, 92, 100, 102, 127, 180, 182, 184, 185, 186, 187, 192, 195, 198, 199, 201, 240, 262, 273, 274, 276, 279, 280, 283, 286, 298, 299, 300, 302, 312, 333, 334, 336, 346, 347, 348, 350, 367, 373, 383, 434, 435, 440, 441, 461, 469, 472, 478, 483, 490, 491, 493, 494, 495, 497, 498, 499, 512, 514, 520, 530, 531, 533, 543, 544, 546, 556, 559, 561, 564, 565, 567, 577, 580, 582, 585, 586, 588, 598, 601, 603, 605, 615, 618, 624, 626, 632, 633, 634, 638, 645, 647, 649, 653, 654, 656, 657, 662, 664, 665, 666, 679, 681, 691, 694, 696, 704, 705, 706, 709, 710, 711, 712, 714, 725, 735, 738, 740, 744, 747, 748, 751, 752, 753, 755, 757, 767, 788], "summary": {"covered_lines": 161, "num_statements": 268, "percent_covered": 60.07462686567164, "percent_covered_display": "60", "missing_lines": 107, "excluded_lines": 0}, "missing_lines": [74, 93, 94, 95, 96, 97, 98, 111, 112, 114, 119, 120, 122, 123, 151, 166, 169, 170, 171, 172, 173, 175, 188, 190, 215, 216, 220, 263, 284, 287, 337, 351, 352, 353, 355, 356, 357, 358, 360, 362, 393, 394, 395, 396, 397, 399, 400, 402, 403, 404, 405, 406, 407, 408, 409, 412, 413, 414, 416, 417, 418, 420, 421, 422, 424, 425, 426, 427, 428, 430, 432, 437, 438, 443, 444, 445, 451, 452, 453, 454, 455, 473, 474, 475, 476, 516, 517, 518, 557, 562, 578, 583, 599, 636, 650, 651, 692, 697, 736, 741, 781, 790, 793, 803, 814, 817, 818], "excluded_lines": [], "functions": {"BenchmarkMetric.__post_init__": {"executed_lines": [44, 45], "summary": {"covered_lines": 2, "num_statements": 2, "percent_covered": 100.0, "percent_covered_display": "100", "missing_lines": 0, "excluded_lines": 0}, "missing_lines": [], "excluded_lines": []}, "BenchmarkRecorder.__init__": {"executed_lines": [73, 81, 82, 85, 88, 89, 90, 92, 100], "summary": {"covered_lines": 9, "num_statements": 16, "percent_covered": 56.25, "percent_covered_display": "56", "missing_lines": 7, "excluded_lines": 0}, "missing_lines": [74, 93, 94, 95, 96, 97, 98], "excluded_lines": []}, "BenchmarkRecorder._init_vertex_ai": {"executed_lines": [], "summary": {"covered_lines": 0, "num_statements": 7, "percent_covered": 0.0, "percent_covered_display": "0", "missing_lines": 7, "excluded_lines": 0}, "missing_lines": [111, 112, 114, 119, 120, 122, 123], "excluded_lines": []}, "BenchmarkRecorder.record_execution": {"executed_lines": [], "summary": {"covered_lines": 0, "num_statements": 8, "percent_covered": 0.0, "percent_covered_display": "0", "missing_lines": 8, "excluded_lines": 0}, "missing_lines": [151, 166, 169, 170, 171, 172, 173, 175], "excluded_lines": []}, "BenchmarkRecorder._store_local": {"executed_lines": [182, 184, 185, 186, 187, 192, 195, 198, 199], "summary": {"covered_lines": 9, "num_statements": 11, "percent_covered": 81.81818181818181, "percent_covered_display": "82", "missing_lines": 2, "excluded_lines": 0}, "missing_lines": [188, 190], "excluded_lines": []}, "BenchmarkRecorder._store_vertex_ai": {"executed_lines": [], "summary": {"covered_lines": 0, "num_statements": 3, "percent_covered": 0.0, "percent_covered_display": "0", "missing_lines": 3, "excluded_lines": 0}, "missing_lines": [215, 216, 220], "excluded_lines": []}, "BenchmarkRecorder.get_historical_metrics": {"executed_lines": [262, 273, 274, 276, 279, 280, 283, 286, 298, 299, 300, 302], "summary": {"covered_lines": 12, "num_statements": 15, "percent_covered": 80.0, "percent_covered_display": "80", "missing_lines": 3, "excluded_lines": 0}, "missing_lines": [263, 284, 287], "excluded_lines": []}, "BenchmarkRecorder.compare_versions": {"executed_lines": [333, 334, 336, 346, 347, 348, 350, 367, 373], "summary": {"covered_lines": 9, "num_statements": 19, "percent_covered": 47.36842105263158, "percent_covered_display": "47", "missing_lines": 10, "excluded_lines": 0}, "missing_lines": [337, 351, 352, 353, 355, 356, 357, 358, 360, 362], "excluded_lines": []}, "BenchmarkRecorder.generate_report": {"executed_lines": [], "summary": {"covered_lines": 0, "num_statements": 31, "percent_covered": 0.0, "percent_covered_display": "0", "missing_lines": 31, "excluded_lines": 0}, "missing_lines": [393, 394, 395, 396, 397, 399, 400, 402, 403, 404, 405, 406, 407, 408, 409, 412, 413, 414, 416, 417, 418, 420, 421, 422, 424, 425, 426, 427, 428, 430, 432], "excluded_lines": []}, "BenchmarkRecorder._generate_task_id": {"executed_lines": [], "summary": {"covered_lines": 0, "num_statements": 2, "percent_covered": 0.0, "percent_covered_display": "0", "missing_lines": 2, "excluded_lines": 0}, "missing_lines": [437, 438], "excluded_lines": []}, "BenchmarkRecorder._get_git_commit": {"executed_lines": [], "summary": {"covered_lines": 0, "num_statements": 8, "percent_covered": 0.0, "percent_covered_display": "0", "missing_lines": 8, "excluded_lines": 0}, "missing_lines": [443, 444, 445, 451, 452, 453, 454, 455], "excluded_lines": []}, "BenchmarkRecorder.record": {"executed_lines": [469, 472, 478], "summary": {"covered_lines": 3, "num_statements": 7, "percent_covered": 42.857142857142854, "percent_covered_display": "43", "missing_lines": 4, "excluded_lines": 0}, "missing_lines": [473, 474, 475, 476], "excluded_lines": []}, "BenchmarkRecorder.get_all_metrics": {"executed_lines": [490, 491, 493, 494, 495, 497, 498, 499, 512, 514], "summary": {"covered_lines": 10, "num_statements": 13, "percent_covered": 76.92307692307692, "percent_covered_display": "77", "missing_lines": 3, "excluded_lines": 0}, "missing_lines": [516, 517, 518], "excluded_lines": []}, "BenchmarkRecorder.get_metrics_by_version": {"executed_lines": [530, 531], "summary": {"covered_lines": 2, "num_statements": 2, "percent_covered": 100.0, "percent_covered_display": "100", "missing_lines": 0, "excluded_lines": 0}, "missing_lines": [], "excluded_lines": []}, "BenchmarkRecorder.get_metrics_by_agent": {"executed_lines": [543, 544], "summary": {"covered_lines": 2, "num_statements": 2, "percent_covered": 100.0, "percent_covered_display": "100", "missing_lines": 0, "excluded_lines": 0}, "missing_lines": [], "excluded_lines": []}, "BenchmarkRecorder.get_success_rate": {"executed_lines": [556, 559, 561, 564, 565], "summary": {"covered_lines": 5, "num_statements": 7, "percent_covered": 71.42857142857143, "percent_covered_display": "71", "missing_lines": 2, "excluded_lines": 0}, "missing_lines": [557, 562], "excluded_lines": []}, "BenchmarkRecorder.get_average_execution_time": {"executed_lines": [577, 580, 582, 585, 586], "summary": {"covered_lines": 5, "num_statements": 7, "percent_covered": 71.42857142857143, "percent_covered_display": "71", "missing_lines": 2, "excluded_lines": 0}, "missing_lines": [578, 583], "excluded_lines": []}, "BenchmarkRecorder.get_total_cost": {"executed_lines": [598, 601, 603], "summary": {"covered_lines": 3, "num_statements": 4, "percent_covered": 75.0, "percent_covered_display": "75", "missing_lines": 1, "excluded_lines": 0}, "missing_lines": [599], "excluded_lines": []}, "BenchmarkRecorder.get_recent_metrics": {"executed_lines": [615, 618, 624], "summary": {"covered_lines": 3, "num_statements": 3, "percent_covered": 100.0, "percent_covered_display": "100", "missing_lines": 0, "excluded_lines": 0}, "missing_lines": [], "excluded_lines": []}, "BenchmarkRecorder.clear": {"executed_lines": [632, 633, 634], "summary": {"covered_lines": 3, "num_statements": 4, "percent_covered": 75.0, "percent_covered_display": "75", "missing_lines": 1, "excluded_lines": 0}, "missing_lines": [636], "excluded_lines": []}, "BenchmarkRecorder.export_to_csv": {"executed_lines": [645, 647, 649, 653, 654, 656, 657, 662, 664, 665, 666, 679], "summary": {"covered_lines": 12, "num_statements": 14, "percent_covered": 85.71428571428571, "percent_covered_display": "86", "missing_lines": 2, "excluded_lines": 0}, "missing_lines": [650, 651], "excluded_lines": []}, "BenchmarkRecorder.get_statistics": {"executed_lines": [691, 694, 696, 704, 705, 706, 709, 710, 711, 712, 714], "summary": {"covered_lines": 11, "num_statements": 13, "percent_covered": 84.61538461538461, "percent_covered_display": "85", "missing_lines": 2, "excluded_lines": 0}, "missing_lines": [692, 697], "excluded_lines": []}, "BenchmarkRecorder.get_execution_time_trend": {"executed_lines": [735, 738, 740, 744, 747, 748, 751, 752, 753, 755, 757], "summary": {"covered_lines": 11, "num_statements": 13, "percent_covered": 84.61538461538461, "percent_covered_display": "85", "missing_lines": 2, "excluded_lines": 0}, "missing_lines": [736, 741], "excluded_lines": []}, "get_benchmark_recorder": {"executed_lines": [], "summary": {"covered_lines": 0, "num_statements": 1, "percent_covered": 0.0, "percent_covered_display": "0", "missing_lines": 1, "excluded_lines": 0}, "missing_lines": [781], "excluded_lines": []}, "": {"executed_lines": [1, 16, 17, 18, 19, 20, 21, 22, 23, 25, 28, 29, 30, 31, 32, 33, 34, 35, 36, 37, 38, 39, 40, 41, 43, 48, 49, 58, 102, 127, 180, 201, 240, 312, 383, 434, 435, 440, 441, 461, 483, 520, 533, 546, 567, 588, 605, 626, 638, 681, 725, 767, 788], "summary": {"covered_lines": 50, "num_statements": 56, "percent_covered": 89.28571428571429, "percent_covered_display": "89", "missing_lines": 6, "excluded_lines": 0}, "missing_lines": [790, 793, 803, 814, 817, 818], "excluded_lines": []}}, "classes": {"BenchmarkMetric": {"executed_lines": [44, 45], "summary": {"covered_lines": 2, "num_statements": 2, "percent_covered": 100.0, "percent_covered_display": "100", "missing_lines": 0, "excluded_lines": 0}, "missing_lines": [], "excluded_lines": []}, "BenchmarkRecorder": {"executed_lines": [73, 81, 82, 85, 88, 89, 90, 92, 100, 182, 184, 185, 186, 187, 192, 195, 198, 199, 262, 273, 274, 276, 279, 280, 283, 286, 298, 299, 300, 302, 333, 334, 336, 346, 347, 348, 350, 367, 373, 469, 472, 478, 490, 491, 493, 494, 495, 497, 498, 499, 512, 514, 530, 531, 543, 544, 556, 559, 561, 564, 565, 577, 580, 582, 585, 586, 598, 601, 603, 615, 618, 624, 632, 633, 634, 645, 647, 649, 653, 654, 656, 657, 662, 664, 665, 666, 679, 691, 694, 696, 704, 705, 706, 709, 710, 711, 712, 714, 735, 738, 740, 744, 747, 748, 751, 752, 753, 755, 757], "summary": {"covered_lines": 109, "num_statements": 209, "percent_covered": 52.15311004784689, "percent_covered_display": "52", "missing_lines": 100, "excluded_lines": 0}, "missing_lines": [74, 93, 94, 95, 96, 97, 98, 111, 112, 114, 119, 120, 122, 123, 151, 166, 169, 170, 171, 172, 173, 175, 188, 190, 215, 216, 220, 263, 284, 287, 337, 351, 352, 353, 355, 356, 357, 358, 360, 362, 393, 394, 395, 396, 397, 399, 400, 402, 403, 404, 405, 406, 407, 408, 409, 412, 413, 414, 416, 417, 418, 420, 421, 422, 424, 425, 426, 427, 428, 430, 432, 437, 438, 443, 444, 445, 451, 452, 453, 454, 455, 473, 474, 475, 476, 516, 517, 518, 557, 562, 578, 583, 599, 636, 650, 651, 692, 697, 736, 741], "excluded_lines": []}, "": {"executed_lines": [1, 16, 17, 18, 19, 20, 21, 22, 23, 25, 28, 29, 30, 31, 32, 33, 34, 35, 36, 37, 38, 39, 40, 41, 43, 48, 49, 58, 102, 127, 180, 201, 240, 312, 383, 434, 435, 440, 441, 461, 483, 520, 533, 546, 567, 588, 605, 626, 638, 681, 725, 767, 788], "summary": {"covered_lines": 50, "num_statements": 57, "percent_covered": 87.71929824561404, "percent_covered_display": "88", "missing_lines": 7, "excluded_lines": 0}, "missing_lines": [781, 790, 793, 803, 814, 817, 818], "excluded_lines": []}}}, "infrastructure/benchmark_runner.py": {"executed_lines": [1, 16, 17, 18, 19, 20, 21, 22, 23, 24, 25, 26, 27, 29, 30, 32, 35, 36, 37, 38, 39, 40, 43, 44, 45, 46, 47, 48, 49, 52, 53, 54, 55, 56, 57, 58, 59, 60, 61, 62, 63, 64, 65, 66, 67, 68, 71, 72, 73, 74, 75, 76, 77, 78, 79, 80, 83, 84, 101, 103, 104, 105, 108, 109, 111, 113, 116, 119, 121, 123, 133, 233, 235, 256, 258, 259, 260, 262, 265, 267, 286, 289, 292, 293, 294, 296, 297, 298, 308, 309, 311, 314, 321, 322, 323, 324, 325, 328, 333, 335, 351, 354, 356, 358, 365, 367, 410, 417, 418, 419, 420, 432, 438, 439, 445, 447, 448, 450, 451, 453, 455, 551, 554, 562, 577], "summary": {"covered_lines": 119, "num_statements": 160, "percent_covered": 74.375, "percent_covered_display": "74", "missing_lines": 41, "excluded_lines": 0}, "missing_lines": [268, 269, 287, 299, 300, 301, 326, 424, 425, 474, 476, 478, 480, 482, 497, 504, 507, 508, 509, 511, 513, 515, 531, 532, 533, 557, 558, 559, 573, 574, 579, 580, 583, 584, 593, 600, 601, 602, 603, 606, 608], "excluded_lines": [], "functions": {"BenchmarkRunner.__init__": {"executed_lines": [103, 104, 105, 108, 109], "summary": {"covered_lines": 5, "num_statements": 5, "percent_covered": 100.0, "percent_covered_display": "100", "missing_lines": 0, "excluded_lines": 0}, "missing_lines": [], "excluded_lines": []}, "BenchmarkRunner._load_benchmark_suites": {"executed_lines": [113, 116, 119, 121], "summary": {"covered_lines": 4, "num_statements": 4, "percent_covered": 100.0, "percent_covered_display": "100", "missing_lines": 0, "excluded_lines": 0}, "missing_lines": [], "excluded_lines": []}, "BenchmarkRunner._create_genesis_benchmark": {"executed_lines": [133, 233], "summary": {"covered_lines": 2, "num_statements": 2, "percent_covered": 100.0, "percent_covered_display": "100", "missing_lines": 0, "excluded_lines": 0}, "missing_lines": [], "excluded_lines": []}, "BenchmarkRunner.run_benchmark": {"executed_lines": [256, 258, 259, 260, 262, 265, 267, 286, 289, 292, 293, 294, 296, 297, 298, 308, 309, 311, 314, 321, 322, 323, 324, 325, 328, 333, 335, 351, 354, 356], "summary": {"covered_lines": 30, "num_statements": 37, "percent_covered": 81.08108108108108, "percent_covered_display": "81", "missing_lines": 7, "excluded_lines": 0}, "missing_lines": [268, 269, 287, 299, 300, 301, 326], "excluded_lines": []}, "BenchmarkRunner._execute_task": {"executed_lines": [365, 367, 410, 417, 418, 419, 420, 432, 438, 439], "summary": {"covered_lines": 10, "num_statements": 12, "percent_covered": 83.33333333333333, "percent_covered_display": "83", "missing_lines": 2, "excluded_lines": 0}, "missing_lines": [424, 425], "excluded_lines": []}, "BenchmarkRunner._save_results": {"executed_lines": [447, 448, 450, 451, 453], "summary": {"covered_lines": 5, "num_statements": 5, "percent_covered": 100.0, "percent_covered_display": "100", "missing_lines": 0, "excluded_lines": 0}, "missing_lines": [], "excluded_lines": []}, "BenchmarkRunner.run_unit_tests": {"executed_lines": [], "summary": {"covered_lines": 0, "num_statements": 16, "percent_covered": 0.0, "percent_covered_display": "0", "missing_lines": 16, "excluded_lines": 0}, "missing_lines": [474, 476, 478, 480, 482, 497, 504, 507, 508, 509, 511, 513, 515, 531, 532, 533], "excluded_lines": []}, "get_benchmark_runner": {"executed_lines": [], "summary": {"covered_lines": 0, "num_statements": 3, "percent_covered": 0.0, "percent_covered_display": "0", "missing_lines": 3, "excluded_lines": 0}, "missing_lines": [557, 558, 559], "excluded_lines": []}, "run_benchmark": {"executed_lines": [], "summary": {"covered_lines": 0, "num_statements": 2, "percent_covered": 0.0, "percent_covered_display": "0", "missing_lines": 2, "excluded_lines": 0}, "missing_lines": [573, 574], "excluded_lines": []}, "test_runner": {"executed_lines": [], "summary": {"covered_lines": 0, "num_statements": 9, "percent_covered": 0.0, "percent_covered_display": "0", "missing_lines": 9, "excluded_lines": 0}, "missing_lines": [580, 583, 584, 593, 600, 601, 602, 603, 606], "excluded_lines": []}, "": {"executed_lines": [1, 16, 17, 18, 19, 20, 21, 22, 23, 24, 25, 26, 27, 29, 30, 32, 35, 36, 37, 38, 39, 40, 43, 44, 45, 46, 47, 48, 49, 52, 53, 54, 55, 56, 57, 58, 59, 60, 61, 62, 63, 64, 65, 66, 67, 68, 71, 72, 73, 74, 75, 76, 77, 78, 79, 80, 83, 84, 101, 111, 123, 235, 358, 445, 455, 551, 554, 562, 577], "summary": {"covered_lines": 63, "num_statements": 65, "percent_covered": 96.92307692307692, "percent_covered_display": "97", "missing_lines": 2, "excluded_lines": 0}, "missing_lines": [579, 608], "excluded_lines": []}}, "classes": {"BenchmarkType": {"executed_lines": [], "summary": {"covered_lines": 0, "num_statements": 0, "percent_covered": 100.0, "percent_covered_display": "100", "missing_lines": 0, "excluded_lines": 0}, "missing_lines": [], "excluded_lines": []}, "BenchmarkStatus": {"executed_lines": [], "summary": {"covered_lines": 0, "num_statements": 0, "percent_covered": 100.0, "percent_covered_display": "100", "missing_lines": 0, "excluded_lines": 0}, "missing_lines": [], "excluded_lines": []}, "BenchmarkResult": {"executed_lines": [], "summary": {"covered_lines": 0, "num_statements": 0, "percent_covered": 100.0, "percent_covered_display": "100", "missing_lines": 0, "excluded_lines": 0}, "missing_lines": [], "excluded_lines": []}, "Task": {"executed_lines": [], "summary": {"covered_lines": 0, "num_statements": 0, "percent_covered": 100.0, "percent_covered_display": "100", "missing_lines": 0, "excluded_lines": 0}, "missing_lines": [], "excluded_lines": []}, "BenchmarkRunner": {"executed_lines": [103, 104, 105, 108, 109, 113, 116, 119, 121, 133, 233, 256, 258, 259, 260, 262, 265, 267, 286, 289, 292, 293, 294, 296, 297, 298, 308, 309, 311, 314, 321, 322, 323, 324, 325, 328, 333, 335, 351, 354, 356, 365, 367, 410, 417, 418, 419, 420, 432, 438, 439, 447, 448, 450, 451, 453], "summary": {"covered_lines": 56, "num_statements": 81, "percent_covered": 69.1358024691358, "percent_covered_display": "69", "missing_lines": 25, "excluded_lines": 0}, "missing_lines": [268, 269, 287, 299, 300, 301, 326, 424, 425, 474, 476, 478, 480, 482, 497, 504, 507, 508, 509, 511, 513, 515, 531, 532, 533], "excluded_lines": []}, "": {"executed_lines": [1, 16, 17, 18, 19, 20, 21, 22, 23, 24, 25, 26, 27, 29, 30, 32, 35, 36, 37, 38, 39, 40, 43, 44, 45, 46, 47, 48, 49, 52, 53, 54, 55, 56, 57, 58, 59, 60, 61, 62, 63, 64, 65, 66, 67, 68, 71, 72, 73, 74, 75, 76, 77, 78, 79, 80, 83, 84, 101, 111, 123, 235, 358, 445, 455, 551, 554, 562, 577], "summary": {"covered_lines": 63, "num_statements": 79, "percent_covered": 79.74683544303798, "percent_covered_display": "80", "missing_lines": 16, "excluded_lines": 0}, "missing_lines": [557, 558, 559, 573, 574, 579, 580, 583, 584, 593, 600, 601, 602, 603, 606, 608], "excluded_lines": []}}}, "infrastructure/cost_profiler.py": {"executed_lines": [1, 14, 15, 16, 17, 18, 20, 23, 24, 25, 30, 31, 32, 33, 34, 35, 36, 37, 38, 41, 42, 43, 48, 49, 52, 53, 54, 55, 58, 59, 60, 61, 64, 65, 66, 67, 70, 71, 72, 75, 78, 80, 86, 88, 89, 92, 93, 99, 100, 106, 107, 113, 116, 117, 120, 121, 122, 124, 126, 127, 128, 129, 130, 131, 132, 133, 134, 135, 136, 137, 139, 141, 144, 146, 148, 151, 152, 155, 156, 170, 176, 179, 182, 184, 185, 187, 212, 215, 228, 231, 232, 233, 238, 240, 246, 248, 249, 251, 262, 263, 265, 284, 286, 289, 292, 293, 298, 300, 317, 319, 320, 322, 324, 341, 343, 344, 346, 347, 351, 355, 362, 369, 399, 421], "summary": {"covered_lines": 120, "num_statements": 142, "percent_covered": 84.50704225352112, "percent_covered_display": "85", "missing_lines": 22, "excluded_lines": 0}, "missing_lines": [142, 149, 295, 349, 353, 357, 364, 378, 380, 381, 384, 388, 389, 392, 397, 406, 407, 408, 410, 423, 424, 425], "excluded_lines": [], "functions": {"AgentCostProfile.update": {"executed_lines": [86, 88, 89, 92, 93, 99, 100, 106, 107, 113, 116, 117, 120, 121, 122], "summary": {"covered_lines": 15, "num_statements": 15, "percent_covered": 100.0, "percent_covered_display": "100", "missing_lines": 0, "excluded_lines": 0}, "missing_lines": [], "excluded_lines": []}, "AgentCostProfile._update_stats": {"executed_lines": [126, 127, 128, 129, 130, 131, 132, 133, 134, 135, 136, 137], "summary": {"covered_lines": 12, "num_statements": 12, "percent_covered": 100.0, "percent_covered_display": "100", "missing_lines": 0, "excluded_lines": 0}, "missing_lines": [], "excluded_lines": []}, "AgentCostProfile.get_recent_avg_cost": {"executed_lines": [141, 144], "summary": {"covered_lines": 2, "num_statements": 3, "percent_covered": 66.66666666666667, "percent_covered_display": "67", "missing_lines": 1, "excluded_lines": 0}, "missing_lines": [142], "excluded_lines": []}, "AgentCostProfile.get_recent_success_rate": {"executed_lines": [148, 151, 152], "summary": {"covered_lines": 3, "num_statements": 4, "percent_covered": 75.0, "percent_covered_display": "75", "missing_lines": 1, "excluded_lines": 0}, "missing_lines": [149], "excluded_lines": []}, "CostProfiler.__init__": {"executed_lines": [179, 182, 184, 185], "summary": {"covered_lines": 4, "num_statements": 4, "percent_covered": 100.0, "percent_covered_display": "100", "missing_lines": 0, "excluded_lines": 0}, "missing_lines": [], "excluded_lines": []}, "CostProfiler.record_execution": {"executed_lines": [212, 215, 228, 231, 232, 233, 238, 240], "summary": {"covered_lines": 8, "num_statements": 8, "percent_covered": 100.0, "percent_covered_display": "100", "missing_lines": 0, "excluded_lines": 0}, "missing_lines": [], "excluded_lines": []}, "CostProfiler._calculate_cost": {"executed_lines": [248, 249], "summary": {"covered_lines": 2, "num_statements": 2, "percent_covered": 100.0, "percent_covered_display": "100", "missing_lines": 0, "excluded_lines": 0}, "missing_lines": [], "excluded_lines": []}, "CostProfiler.get_profile": {"executed_lines": [262, 263], "summary": {"covered_lines": 2, "num_statements": 2, "percent_covered": 100.0, "percent_covered_display": "100", "missing_lines": 0, "excluded_lines": 0}, "missing_lines": [], "excluded_lines": []}, "CostProfiler.estimate_cost": {"executed_lines": [284, 286, 289, 292, 293, 298], "summary": {"covered_lines": 6, "num_statements": 7, "percent_covered": 85.71428571428571, "percent_covered_display": "86", "missing_lines": 1, "excluded_lines": 0}, "missing_lines": [295], "excluded_lines": []}, "CostProfiler.estimate_time": {"executed_lines": [317, 319, 320, 322], "summary": {"covered_lines": 4, "num_statements": 4, "percent_covered": 100.0, "percent_covered_display": "100", "missing_lines": 0, "excluded_lines": 0}, "missing_lines": [], "excluded_lines": []}, "CostProfiler.get_success_rate": {"executed_lines": [341, 343, 344, 346, 347], "summary": {"covered_lines": 5, "num_statements": 6, "percent_covered": 83.33333333333333, "percent_covered_display": "83", "missing_lines": 1, "excluded_lines": 0}, "missing_lines": [349], "excluded_lines": []}, "CostProfiler.get_all_profiles": {"executed_lines": [], "summary": {"covered_lines": 0, "num_statements": 1, "percent_covered": 0.0, "percent_covered_display": "0", "missing_lines": 1, "excluded_lines": 0}, "missing_lines": [353], "excluded_lines": []}, "CostProfiler.get_agent_profiles": {"executed_lines": [], "summary": {"covered_lines": 0, "num_statements": 1, "percent_covered": 0.0, "percent_covered_display": "0", "missing_lines": 1, "excluded_lines": 0}, "missing_lines": [357], "excluded_lines": []}, "CostProfiler.get_task_type_profiles": {"executed_lines": [], "summary": {"covered_lines": 0, "num_statements": 1, "percent_covered": 0.0, "percent_covered_display": "0", "missing_lines": 1, "excluded_lines": 0}, "missing_lines": [364], "excluded_lines": []}, "CostProfiler.get_cheapest_agent": {"executed_lines": [], "summary": {"covered_lines": 0, "num_statements": 8, "percent_covered": 0.0, "percent_covered_display": "0", "missing_lines": 8, "excluded_lines": 0}, "missing_lines": [378, 380, 381, 384, 388, 389, 392, 397], "excluded_lines": []}, "CostProfiler.get_statistics": {"executed_lines": [], "summary": {"covered_lines": 0, "num_statements": 4, "percent_covered": 0.0, "percent_covered_display": "0", "missing_lines": 4, "excluded_lines": 0}, "missing_lines": [406, 407, 408, 410], "excluded_lines": []}, "CostProfiler.reset": {"executed_lines": [], "summary": {"covered_lines": 0, "num_statements": 3, "percent_covered": 0.0, "percent_covered_display": "0", "missing_lines": 3, "excluded_lines": 0}, "missing_lines": [423, 424, 425], "excluded_lines": []}, "": {"executed_lines": [1, 14, 15, 16, 17, 18, 20, 23, 24, 25, 30, 31, 32, 33, 34, 35, 36, 37, 38, 41, 42, 43, 48, 49, 52, 53, 54, 55, 58, 59, 60, 61, 64, 65, 66, 67, 70, 71, 72, 75, 78, 80, 124, 139, 146, 155, 156, 170, 176, 187, 246, 251, 265, 300, 324, 351, 355, 362, 369, 399, 421], "summary": {"covered_lines": 57, "num_statements": 57, "percent_covered": 100.0, "percent_covered_display": "100", "missing_lines": 0, "excluded_lines": 0}, "missing_lines": [], "excluded_lines": []}}, "classes": {"TaskExecutionMetrics": {"executed_lines": [], "summary": {"covered_lines": 0, "num_statements": 0, "percent_covered": 100.0, "percent_covered_display": "100", "missing_lines": 0, "excluded_lines": 0}, "missing_lines": [], "excluded_lines": []}, "AgentCostProfile": {"executed_lines": [86, 88, 89, 92, 93, 99, 100, 106, 107, 113, 116, 117, 120, 121, 122, 126, 127, 128, 129, 130, 131, 132, 133, 134, 135, 136, 137, 141, 144, 148, 151, 152], "summary": {"covered_lines": 32, "num_statements": 34, "percent_covered": 94.11764705882354, "percent_covered_display": "94", "missing_lines": 2, "excluded_lines": 0}, "missing_lines": [142, 149], "excluded_lines": []}, "CostProfiler": {"executed_lines": [179, 182, 184, 185, 212, 215, 228, 231, 232, 233, 238, 240, 248, 249, 262, 263, 284, 286, 289, 292, 293, 298, 317, 319, 320, 322, 341, 343, 344, 346, 347], "summary": {"covered_lines": 31, "num_statements": 51, "percent_covered": 60.78431372549019, "percent_covered_display": "61", "missing_lines": 20, "excluded_lines": 0}, "missing_lines": [295, 349, 353, 357, 364, 378, 380, 381, 384, 388, 389, 392, 397, 406, 407, 408, 410, 423, 424, 425], "excluded_lines": []}, "": {"executed_lines": [1, 14, 15, 16, 17, 18, 20, 23, 24, 25, 30, 31, 32, 33, 34, 35, 36, 37, 38, 41, 42, 43, 48, 49, 52, 53, 54, 55, 58, 59, 60, 61, 64, 65, 66, 67, 70, 71, 72, 75, 78, 80, 124, 139, 146, 155, 156, 170, 176, 187, 246, 251, 265, 300, 324, 351, 355, 362, 369, 399, 421], "summary": {"covered_lines": 57, "num_statements": 57, "percent_covered": 100.0, "percent_covered_display": "100", "missing_lines": 0, "excluded_lines": 0}, "missing_lines": [], "excluded_lines": []}}}, "infrastructure/daao_optimizer.py": {"executed_lines": [1, 18, 19, 20, 21, 22, 24, 27, 28, 29, 34, 35, 36, 37, 40, 41, 42, 47, 48, 49, 50, 51, 52, 55, 56, 75, 87, 88, 89, 91, 115, 117, 120, 121, 122, 124, 130, 133, 134, 135, 138, 143, 145, 146, 147, 150, 158, 160, 163, 164, 166, 169, 172, 188, 189, 190, 191, 194, 197, 200, 201, 211, 212, 214, 220, 234, 246, 248, 250, 266, 270, 271, 274, 277, 279, 281, 283, 304, 305, 306, 307, 311, 313, 314, 316, 317, 319, 320, 323, 324, 326, 331, 336, 341, 342, 345, 347, 349, 353, 358, 360, 366, 368, 369, 370, 374, 377, 379, 381, 387, 389, 390, 391, 394, 397, 399, 401, 407, 409, 410, 411, 414, 417, 419, 423, 424, 426, 436, 437, 438, 441, 444, 452, 453, 456, 458, 460, 486, 489, 490, 491, 492, 493, 496, 507, 512, 517, 524, 528, 530], "summary": {"covered_lines": 146, "num_statements": 159, "percent_covered": 91.82389937106919, "percent_covered_display": "92", "missing_lines": 13, "excluded_lines": 0}, "missing_lines": [177, 178, 308, 350, 371, 392, 412, 420, 445, 446, 449, 513, 514], "excluded_lines": [], "functions": {"DAAOOptimizer.__init__": {"executed_lines": [87, 88, 89], "summary": {"covered_lines": 3, "num_statements": 3, "percent_covered": 100.0, "percent_covered_display": "100", "missing_lines": 0, "excluded_lines": 0}, "missing_lines": [], "excluded_lines": []}, "DAAOOptimizer.optimize_routing_plan": {"executed_lines": [115, 117, 120, 121, 122, 124, 130, 133, 134, 135, 138, 143, 145, 146, 147, 150, 158, 160, 163, 164, 166, 169, 172, 188, 189, 190, 191, 194, 197, 200, 201, 211, 212, 214, 220], "summary": {"covered_lines": 35, "num_statements": 37, "percent_covered": 94.5945945945946, "percent_covered_display": "95", "missing_lines": 2, "excluded_lines": 0}, "missing_lines": [177, 178], "excluded_lines": []}, "DAAOOptimizer._estimate_task_complexities": {"executed_lines": [246, 248, 250, 266, 270, 271, 274, 277, 279, 281], "summary": {"covered_lines": 10, "num_statements": 10, "percent_covered": 100.0, "percent_covered_display": "100", "missing_lines": 0, "excluded_lines": 0}, "missing_lines": [], "excluded_lines": []}, "DAAOOptimizer._find_optimal_agent": {"executed_lines": [304, 305, 306, 307, 311, 313, 314, 316, 317, 319, 320, 323, 324, 326, 331, 336, 341, 342, 345, 347, 349, 353, 358], "summary": {"covered_lines": 23, "num_statements": 25, "percent_covered": 92.0, "percent_covered_display": "92", "missing_lines": 2, "excluded_lines": 0}, "missing_lines": [308, 350], "excluded_lines": []}, "DAAOOptimizer._estimate_plan_cost": {"executed_lines": [366, 368, 369, 370, 374, 377, 379], "summary": {"covered_lines": 7, "num_statements": 8, "percent_covered": 87.5, "percent_covered_display": "88", "missing_lines": 1, "excluded_lines": 0}, "missing_lines": [371], "excluded_lines": []}, "DAAOOptimizer._estimate_plan_time": {"executed_lines": [387, 389, 390, 391, 394, 397, 399], "summary": {"covered_lines": 7, "num_statements": 8, "percent_covered": 87.5, "percent_covered_display": "88", "missing_lines": 1, "excluded_lines": 0}, "missing_lines": [392], "excluded_lines": []}, "DAAOOptimizer._estimate_plan_quality": {"executed_lines": [407, 409, 410, 411, 414, 417, 419, 423, 424], "summary": {"covered_lines": 9, "num_statements": 11, "percent_covered": 81.81818181818181, "percent_covered_display": "82", "missing_lines": 2, "excluded_lines": 0}, "missing_lines": [412, 420], "excluded_lines": []}, "DAAOOptimizer._validate_constraints": {"executed_lines": [436, 437, 438, 441, 444, 452, 453, 456, 458], "summary": {"covered_lines": 9, "num_statements": 12, "percent_covered": 75.0, "percent_covered_display": "75", "missing_lines": 3, "excluded_lines": 0}, "missing_lines": [445, 446, 449], "excluded_lines": []}, "DAAOOptimizer.replan_from_feedback": {"executed_lines": [486, 489, 490, 491, 492, 493, 496, 507, 512, 517, 524, 528, 530], "summary": {"covered_lines": 13, "num_statements": 15, "percent_covered": 86.66666666666667, "percent_covered_display": "87", "missing_lines": 2, "excluded_lines": 0}, "missing_lines": [513, 514], "excluded_lines": []}, "": {"executed_lines": [1, 18, 19, 20, 21, 22, 24, 27, 28, 29, 34, 35, 36, 37, 40, 41, 42, 47, 48, 49, 50, 51, 52, 55, 56, 75, 91, 234, 283, 360, 381, 401, 426, 460], "summary": {"covered_lines": 30, "num_statements": 30, "percent_covered": 100.0, "percent_covered_display": "100", "missing_lines": 0, "excluded_lines": 0}, "missing_lines": [], "excluded_lines": []}}, "classes": {"OptimizationConstraints": {"executed_lines": [], "summary": {"covered_lines": 0, "num_statements": 0, "percent_covered": 100.0, "percent_covered_display": "100", "missing_lines": 0, "excluded_lines": 0}, "missing_lines": [], "excluded_lines": []}, "OptimizedPlan": {"executed_lines": [], "summary": {"covered_lines": 0, "num_statements": 0, "percent_covered": 100.0, "percent_covered_display": "100", "missing_lines": 0, "excluded_lines": 0}, "missing_lines": [], "excluded_lines": []}, "DAAOOptimizer": {"executed_lines": [87, 88, 89, 115, 117, 120, 121, 122, 124, 130, 133, 134, 135, 138, 143, 145, 146, 147, 150, 158, 160, 163, 164, 166, 169, 172, 188, 189, 190, 191, 194, 197, 200, 201, 211, 212, 214, 220, 246, 248, 250, 266, 270, 271, 274, 277, 279, 281, 304, 305, 306, 307, 311, 313, 314, 316, 317, 319, 320, 323, 324, 326, 331, 336, 341, 342, 345, 347, 349, 353, 358, 366, 368, 369, 370, 374, 377, 379, 387, 389, 390, 391, 394, 397, 399, 407, 409, 410, 411, 414, 417, 419, 423, 424, 436, 437, 438, 441, 444, 452, 453, 456, 458, 486, 489, 490, 491, 492, 493, 496, 507, 512, 517, 524, 528, 530], "summary": {"covered_lines": 116, "num_statements": 129, "percent_covered": 89.92248062015504, "percent_covered_display": "90", "missing_lines": 13, "excluded_lines": 0}, "missing_lines": [177, 178, 308, 350, 371, 392, 412, 420, 445, 446, 449, 513, 514], "excluded_lines": []}, "": {"executed_lines": [1, 18, 19, 20, 21, 22, 24, 27, 28, 29, 34, 35, 36, 37, 40, 41, 42, 47, 48, 49, 50, 51, 52, 55, 56, 75, 91, 234, 283, 360, 381, 401, 426, 460], "summary": {"covered_lines": 30, "num_statements": 30, "percent_covered": 100.0, "percent_covered_display": "100", "missing_lines": 0, "excluded_lines": 0}, "missing_lines": [], "excluded_lines": []}}}, "infrastructure/daao_router.py": {"executed_lines": [1, 12, 13, 14, 15, 16, 19, 22, 23, 24, 25, 26, 27, 28, 31, 32, 33, 34, 35, 36, 37, 40, 41, 42, 43, 44, 45, 46, 47, 48, 51, 52, 53, 54, 55, 56, 57, 58, 61, 62, 75, 76, 77, 78, 79, 82, 83, 84, 85, 86, 87, 90, 91, 92, 93, 95, 97, 106, 112, 118, 132, 136, 137, 140, 141, 143, 145, 146, 149, 150, 152, 155, 158, 161, 164, 168, 171, 175, 178, 181, 190, 192, 203, 205, 206, 207, 208, 209, 210, 211, 212, 214, 217, 218, 219, 220, 226, 236, 239, 240, 241, 246, 247, 248, 252, 253, 254, 258, 260, 274, 280, 283, 285, 287, 303, 306, 307, 308, 309, 310, 311, 312, 313, 318, 321, 322, 325, 328, 333, 347, 355, 363, 365, 368, 369, 370, 371, 373, 376, 377, 379, 382, 383, 384, 385, 386, 388, 390, 392, 408, 409, 417, 419, 420, 422, 423, 424, 425, 427, 428, 430, 442, 452, 464, 468], "summary": {"covered_lines": 159, "num_statements": 194, "percent_covered": 81.95876288659794, "percent_covered_display": "82", "missing_lines": 35, "excluded_lines": 0}, "missing_lines": [133, 138, 142, 147, 151, 221, 222, 224, 243, 250, 256, 315, 469, 472, 495, 496, 497, 499, 500, 501, 502, 503, 504, 505, 506, 509, 510, 511, 513, 514, 515, 516, 517, 518, 519], "excluded_lines": [], "functions": {"DAAORouter.__init__": {"executed_lines": [97, 106, 112], "summary": {"covered_lines": 3, "num_statements": 3, "percent_covered": 100.0, "percent_covered_display": "100", "missing_lines": 0, "excluded_lines": 0}, "missing_lines": [], "excluded_lines": []}, "DAAORouter.estimate_difficulty": {"executed_lines": [132, 136, 137, 140, 141, 143, 145, 146, 149, 150, 152, 155, 158, 161, 164, 168, 171, 175, 178, 181, 190], "summary": {"covered_lines": 21, "num_statements": 26, "percent_covered": 80.76923076923077, "percent_covered_display": "81", "missing_lines": 5, "excluded_lines": 0}, "missing_lines": [133, 138, 142, 147, 151], "excluded_lines": []}, "DAAORouter.select_model": {"executed_lines": [203, 205, 206, 207, 208, 209, 210, 211, 212, 214, 217, 218, 219, 220], "summary": {"covered_lines": 14, "num_statements": 17, "percent_covered": 82.3529411764706, "percent_covered_display": "82", "missing_lines": 3, "excluded_lines": 0}, "missing_lines": [221, 222, 224], "excluded_lines": []}, "DAAORouter._estimate_tokens": {"executed_lines": [236, 239, 240, 241, 246, 247, 248, 252, 253, 254, 258], "summary": {"covered_lines": 11, "num_statements": 14, "percent_covered": 78.57142857142857, "percent_covered_display": "79", "missing_lines": 3, "excluded_lines": 0}, "missing_lines": [243, 250, 256], "excluded_lines": []}, "DAAORouter._calculate_confidence": {"executed_lines": [274, 280, 283, 285], "summary": {"covered_lines": 4, "num_statements": 4, "percent_covered": 100.0, "percent_covered_display": "100", "missing_lines": 0, "excluded_lines": 0}, "missing_lines": [], "excluded_lines": []}, "DAAORouter.route_task": {"executed_lines": [303, 306, 307, 308, 309, 310, 311, 312, 313, 318, 321, 322, 325, 328, 333, 347], "summary": {"covered_lines": 16, "num_statements": 17, "percent_covered": 94.11764705882354, "percent_covered_display": "94", "missing_lines": 1, "excluded_lines": 0}, "missing_lines": [315], "excluded_lines": []}, "DAAORouter._generate_reasoning": {"executed_lines": [363, 365, 368, 369, 370, 371, 373, 376, 377, 379, 382, 383, 384, 385, 386, 388, 390], "summary": {"covered_lines": 17, "num_statements": 17, "percent_covered": 100.0, "percent_covered_display": "100", "missing_lines": 0, "excluded_lines": 0}, "missing_lines": [], "excluded_lines": []}, "DAAORouter.estimate_cost_savings": {"executed_lines": [408, 409, 417, 419, 420, 422, 423, 424, 425, 427, 428, 430, 442], "summary": {"covered_lines": 13, "num_statements": 13, "percent_covered": 100.0, "percent_covered_display": "100", "missing_lines": 0, "excluded_lines": 0}, "missing_lines": [], "excluded_lines": []}, "get_daao_router": {"executed_lines": [464], "summary": {"covered_lines": 1, "num_statements": 1, "percent_covered": 100.0, "percent_covered_display": "100", "missing_lines": 0, "excluded_lines": 0}, "missing_lines": [], "excluded_lines": []}, "": {"executed_lines": [1, 12, 13, 14, 15, 16, 19, 22, 23, 24, 25, 26, 27, 28, 31, 32, 33, 34, 35, 36, 37, 40, 41, 42, 43, 44, 45, 46, 47, 48, 51, 52, 53, 54, 55, 56, 57, 58, 61, 62, 75, 76, 77, 78, 79, 82, 83, 84, 85, 86, 87, 90, 91, 92, 93, 95, 118, 192, 226, 260, 287, 355, 392, 452, 468], "summary": {"covered_lines": 59, "num_statements": 82, "percent_covered": 71.95121951219512, "percent_covered_display": "72", "missing_lines": 23, "excluded_lines": 0}, "missing_lines": [469, 472, 495, 496, 497, 499, 500, 501, 502, 503, 504, 505, 506, 509, 510, 511, 513, 514, 515, 516, 517, 518, 519], "excluded_lines": []}}, "classes": {"TaskDifficulty": {"executed_lines": [], "summary": {"covered_lines": 0, "num_statements": 0, "percent_covered": 100.0, "percent_covered_display": "100", "missing_lines": 0, "excluded_lines": 0}, "missing_lines": [], "excluded_lines": []}, "ModelTier": {"executed_lines": [], "summary": {"covered_lines": 0, "num_statements": 0, "percent_covered": 100.0, "percent_covered_display": "100", "missing_lines": 0, "excluded_lines": 0}, "missing_lines": [], "excluded_lines": []}, "TaskMetrics": {"executed_lines": [], "summary": {"covered_lines": 0, "num_statements": 0, "percent_covered": 100.0, "percent_covered_display": "100", "missing_lines": 0, "excluded_lines": 0}, "missing_lines": [], "excluded_lines": []}, "RoutingDecision": {"executed_lines": [], "summary": {"covered_lines": 0, "num_statements": 0, "percent_covered": 100.0, "percent_covered_display": "100", "missing_lines": 0, "excluded_lines": 0}, "missing_lines": [], "excluded_lines": []}, "DAAORouter": {"executed_lines": [97, 106, 112, 132, 136, 137, 140, 141, 143, 145, 146, 149, 150, 152, 155, 158, 161, 164, 168, 171, 175, 178, 181, 190, 203, 205, 206, 207, 208, 209, 210, 211, 212, 214, 217, 218, 219, 220, 236, 239, 240, 241, 246, 247, 248, 252, 253, 254, 258, 274, 280, 283, 285, 303, 306, 307, 308, 309, 310, 311, 312, 313, 318, 321, 322, 325, 328, 333, 347, 363, 365, 368, 369, 370, 371, 373, 376, 377, 379, 382, 383, 384, 385, 386, 388, 390, 408, 409, 417, 419, 420, 422, 423, 424, 425, 427, 428, 430, 442], "summary": {"covered_lines": 99, "num_statements": 111, "percent_covered": 89.1891891891892, "percent_covered_display": "89", "missing_lines": 12, "excluded_lines": 0}, "missing_lines": [133, 138, 142, 147, 151, 221, 222, 224, 243, 250, 256, 315], "excluded_lines": []}, "": {"executed_lines": [1, 12, 13, 14, 15, 16, 19, 22, 23, 24, 25, 26, 27, 28, 31, 32, 33, 34, 35, 36, 37, 40, 41, 42, 43, 44, 45, 46, 47, 48, 51, 52, 53, 54, 55, 56, 57, 58, 61, 62, 75, 76, 77, 78, 79, 82, 83, 84, 85, 86, 87, 90, 91, 92, 93, 95, 118, 192, 226, 260, 287, 355, 392, 452, 464, 468], "summary": {"covered_lines": 60, "num_statements": 83, "percent_covered": 72.28915662650603, "percent_covered_display": "72", "missing_lines": 23, "excluded_lines": 0}, "missing_lines": [469, 472, 495, 496, 497, 499, 500, 501, 502, 503, 504, 505, 506, 509, 510, 511, 513, 514, 515, 516, 517, 518, 519], "excluded_lines": []}}}, "infrastructure/dynamic_agent_creator.py": {"executed_lines": [1, 12, 13, 14, 15, 17, 18, 20, 23, 24, 25, 38, 39, 40, 41, 42, 43, 44, 45, 48, 49, 68, 75, 76, 77, 78, 80, 105, 107, 110, 113, 114, 115, 116, 122, 124, 125, 131, 137, 138, 140, 156, 158, 162, 164, 189, 192, 193, 194, 195, 196, 197, 201, 203, 204, 205, 206, 207, 208, 212, 214, 215, 216, 217, 218, 219, 223, 225, 226, 227, 228, 229, 230, 234, 236, 237, 238, 239, 240, 241, 245, 249, 250, 251, 252, 253, 254, 256, 265, 275, 284, 294, 296, 303, 305, 319, 320, 321, 323, 329, 347, 360, 363, 365, 366, 368, 382, 384, 386, 389, 390, 391], "summary": {"covered_lines": 108, "num_statements": 116, "percent_covered": 93.10344827586206, "percent_covered_display": "93", "missing_lines": 8, "excluded_lines": 0}, "missing_lines": [127, 128, 132, 327, 341, 342, 345, 361], "excluded_lines": [], "functions": {"DynamicAgentCreator.__init__": {"executed_lines": [75, 76, 77, 78], "summary": {"covered_lines": 4, "num_statements": 4, "percent_covered": 100.0, "percent_covered_display": "100", "missing_lines": 0, "excluded_lines": 0}, "missing_lines": [], "excluded_lines": []}, "DynamicAgentCreator.create_agent_for_task": {"executed_lines": [105, 107, 110, 113, 114, 115, 116, 122, 124, 125, 131, 137, 138, 140, 156, 158, 162], "summary": {"covered_lines": 17, "num_statements": 20, "percent_covered": 85.0, "percent_covered_display": "85", "missing_lines": 3, "excluded_lines": 0}, "missing_lines": [127, 128, 132], "excluded_lines": []}, "DynamicAgentCreator._generate_agent_spec": {"executed_lines": [189, 192, 193, 194, 195, 196, 197, 201, 203, 204, 205, 206, 207, 208, 212, 214, 215, 216, 217, 218, 219, 223, 225, 226, 227, 228, 229, 230, 234, 236, 237, 238, 239, 240, 241, 245, 249, 250, 251, 252, 253, 254, 256], "summary": {"covered_lines": 43, "num_statements": 43, "percent_covered": 100.0, "percent_covered_display": "100", "missing_lines": 0, "excluded_lines": 0}, "missing_lines": [], "excluded_lines": []}, "DynamicAgentCreator.convert_to_agent_capability": {"executed_lines": [275], "summary": {"covered_lines": 1, "num_statements": 1, "percent_covered": 100.0, "percent_covered_display": "100", "missing_lines": 0, "excluded_lines": 0}, "missing_lines": [], "excluded_lines": []}, "DynamicAgentCreator.get_agent": {"executed_lines": [294], "summary": {"covered_lines": 1, "num_statements": 1, "percent_covered": 100.0, "percent_covered_display": "100", "missing_lines": 0, "excluded_lines": 0}, "missing_lines": [], "excluded_lines": []}, "DynamicAgentCreator.list_agents": {"executed_lines": [303], "summary": {"covered_lines": 1, "num_statements": 1, "percent_covered": 100.0, "percent_covered_display": "100", "missing_lines": 0, "excluded_lines": 0}, "missing_lines": [], "excluded_lines": []}, "DynamicAgentCreator.update_agent_success_rate": {"executed_lines": [319, 320, 321, 323], "summary": {"covered_lines": 4, "num_statements": 5, "percent_covered": 80.0, "percent_covered_display": "80", "missing_lines": 1, "excluded_lines": 0}, "missing_lines": [327], "excluded_lines": []}, "DynamicAgentCreator.persist_agent": {"executed_lines": [], "summary": {"covered_lines": 0, "num_statements": 3, "percent_covered": 0.0, "percent_covered_display": "0", "missing_lines": 3, "excluded_lines": 0}, "missing_lines": [341, 342, 345], "excluded_lines": []}, "DynamicAgentCreator.clone_agent": {"executed_lines": [360, 363, 365, 366, 368, 382, 384, 386], "summary": {"covered_lines": 8, "num_statements": 9, "percent_covered": 88.88888888888889, "percent_covered_display": "89", "missing_lines": 1, "excluded_lines": 0}, "missing_lines": [361], "excluded_lines": []}, "": {"executed_lines": [1, 12, 13, 14, 15, 17, 18, 20, 23, 24, 25, 38, 39, 40, 41, 42, 43, 44, 45, 48, 49, 68, 80, 164, 265, 284, 296, 305, 329, 347, 389, 390, 391], "summary": {"covered_lines": 29, "num_statements": 29, "percent_covered": 100.0, "percent_covered_display": "100", "missing_lines": 0, "excluded_lines": 0}, "missing_lines": [], "excluded_lines": []}}, "classes": {"DynamicAgent": {"executed_lines": [], "summary": {"covered_lines": 0, "num_statements": 0, "percent_covered": 100.0, "percent_covered_display": "100", "missing_lines": 0, "excluded_lines": 0}, "missing_lines": [], "excluded_lines": []}, "DynamicAgentCreator": {"executed_lines": [75, 76, 77, 78, 105, 107, 110, 113, 114, 115, 116, 122, 124, 125, 131, 137, 138, 140, 156, 158, 162, 189, 192, 193, 194, 195, 196, 197, 201, 203, 204, 205, 206, 207, 208, 212, 214, 215, 216, 217, 218, 219, 223, 225, 226, 227, 228, 229, 230, 234, 236, 237, 238, 239, 240, 241, 245, 249, 250, 251, 252, 253, 254, 256, 275, 294, 303, 319, 320, 321, 323, 360, 363, 365, 366, 368, 382, 384, 386], "summary": {"covered_lines": 79, "num_statements": 87, "percent_covered": 90.80459770114942, "percent_covered_display": "91", "missing_lines": 8, "excluded_lines": 0}, "missing_lines": [127, 128, 132, 327, 341, 342, 345, 361], "excluded_lines": []}, "AgentCreationError": {"executed_lines": [], "summary": {"covered_lines": 0, "num_statements": 0, "percent_covered": 100.0, "percent_covered_display": "100", "missing_lines": 0, "excluded_lines": 0}, "missing_lines": [], "excluded_lines": []}, "": {"executed_lines": [1, 12, 13, 14, 15, 17, 18, 20, 23, 24, 25, 38, 39, 40, 41, 42, 43, 44, 45, 48, 49, 68, 80, 164, 265, 284, 296, 305, 329, 347, 389, 390, 391], "summary": {"covered_lines": 29, "num_statements": 29, "percent_covered": 100.0, "percent_covered_display": "100", "missing_lines": 0, "excluded_lines": 0}, "missing_lines": [], "excluded_lines": []}}}, "infrastructure/error_handler.py": {"executed_lines": [1, 11, 12, 13, 14, 15, 16, 17, 18, 21, 24, 25, 26, 27, 28, 29, 30, 31, 32, 33, 36, 37, 38, 39, 40, 41, 44, 45, 46, 47, 48, 49, 50, 51, 52, 53, 54, 55, 57, 59, 71, 73, 76, 77, 78, 86, 87, 88, 89, 90, 92, 94, 99, 101, 102, 104, 107, 108, 117, 123, 124, 125, 127, 128, 129, 130, 132, 134, 135, 136, 137, 138, 139, 140, 141, 142, 144, 146, 147, 148, 150, 151, 152, 155, 157, 159, 160, 162, 164, 166, 167, 168, 169, 175, 176, 177, 184, 185, 186, 187, 188, 191, 192, 193, 194, 202, 203, 204, 213, 214, 215, 224, 225, 226, 235, 236, 237, 238, 246, 248, 255, 263, 286, 287, 288, 290, 292, 293, 294, 296, 297, 301, 303, 304, 306, 307, 309, 322, 324, 325, 328, 336, 337, 340, 380, 400, 403, 404, 405, 406, 407, 408, 409, 410, 411, 412, 413, 414, 424, 435, 437, 440, 441, 443, 444, 456, 458, 459, 460, 461, 462, 469, 470, 481, 483, 484, 485, 491, 492, 512, 513], "summary": {"covered_lines": 168, "num_statements": 198, "percent_covered": 84.84848484848484, "percent_covered_display": "85", "missing_lines": 30, "excluded_lines": 0}, "missing_lines": [172, 205, 216, 227, 354, 355, 357, 358, 360, 361, 365, 373, 375, 377, 415, 416, 417, 418, 420, 421, 422, 463, 464, 467, 488, 489, 504, 506, 525, 527], "excluded_lines": [], "functions": {"ErrorContext.to_dict": {"executed_lines": [59], "summary": {"covered_lines": 1, "num_statements": 1, "percent_covered": 100.0, "percent_covered_display": "100", "missing_lines": 0, "excluded_lines": 0}, "missing_lines": [], "excluded_lines": []}, "ErrorContext.to_json": {"executed_lines": [73], "summary": {"covered_lines": 1, "num_statements": 1, "percent_covered": 100.0, "percent_covered_display": "100", "missing_lines": 0, "excluded_lines": 0}, "missing_lines": [], "excluded_lines": []}, "RetryConfig.__init__": {"executed_lines": [86, 87, 88, 89, 90], "summary": {"covered_lines": 5, "num_statements": 5, "percent_covered": 100.0, "percent_covered_display": "100", "missing_lines": 0, "excluded_lines": 0}, "missing_lines": [], "excluded_lines": []}, "RetryConfig.get_delay": {"executed_lines": [94, 99, 101, 102, 104], "summary": {"covered_lines": 5, "num_statements": 5, "percent_covered": 100.0, "percent_covered_display": "100", "missing_lines": 0, "excluded_lines": 0}, "missing_lines": [], "excluded_lines": []}, "CircuitBreaker.__init__": {"executed_lines": [123, 124, 125, 127, 128, 129, 130], "summary": {"covered_lines": 7, "num_statements": 7, "percent_covered": 100.0, "percent_covered_display": "100", "missing_lines": 0, "excluded_lines": 0}, "missing_lines": [], "excluded_lines": []}, "CircuitBreaker.record_success": {"executed_lines": [134, 135, 136, 137, 138, 139, 140, 141, 142], "summary": {"covered_lines": 9, "num_statements": 9, "percent_covered": 100.0, "percent_covered_display": "100", "missing_lines": 0, "excluded_lines": 0}, "missing_lines": [], "excluded_lines": []}, "CircuitBreaker.record_failure": {"executed_lines": [146, 147, 148, 150, 151, 152, 155], "summary": {"covered_lines": 7, "num_statements": 7, "percent_covered": 100.0, "percent_covered_display": "100", "missing_lines": 0, "excluded_lines": 0}, "missing_lines": [], "excluded_lines": []}, "CircuitBreaker.can_attempt": {"executed_lines": [159, 160, 162, 164, 166, 167, 168, 169], "summary": {"covered_lines": 8, "num_statements": 9, "percent_covered": 88.88888888888889, "percent_covered_display": "89", "missing_lines": 1, "excluded_lines": 0}, "missing_lines": [172], "excluded_lines": []}, "OrchestrationError.__init__": {"executed_lines": [184, 185, 186, 187, 188], "summary": {"covered_lines": 5, "num_statements": 5, "percent_covered": 100.0, "percent_covered_display": "100", "missing_lines": 0, "excluded_lines": 0}, "missing_lines": [], "excluded_lines": []}, "DecompositionError.__init__": {"executed_lines": [194], "summary": {"covered_lines": 1, "num_statements": 1, "percent_covered": 100.0, "percent_covered_display": "100", "missing_lines": 0, "excluded_lines": 0}, "missing_lines": [], "excluded_lines": []}, "RoutingError.__init__": {"executed_lines": [], "summary": {"covered_lines": 0, "num_statements": 1, "percent_covered": 0.0, "percent_covered_display": "0", "missing_lines": 1, "excluded_lines": 0}, "missing_lines": [205], "excluded_lines": []}, "ValidationError.__init__": {"executed_lines": [], "summary": {"covered_lines": 0, "num_statements": 1, "percent_covered": 0.0, "percent_covered_display": "0", "missing_lines": 1, "excluded_lines": 0}, "missing_lines": [216], "excluded_lines": []}, "LLMError.__init__": {"executed_lines": [], "summary": {"covered_lines": 0, "num_statements": 1, "percent_covered": 0.0, "percent_covered_display": "0", "missing_lines": 1, "excluded_lines": 0}, "missing_lines": [227], "excluded_lines": []}, "ResourceError.__init__": {"executed_lines": [238], "summary": {"covered_lines": 1, "num_statements": 1, "percent_covered": 100.0, "percent_covered_display": "100", "missing_lines": 0, "excluded_lines": 0}, "missing_lines": [], "excluded_lines": []}, "log_error_with_context": {"executed_lines": [248, 255], "summary": {"covered_lines": 2, "num_statements": 2, "percent_covered": 100.0, "percent_covered_display": "100", "missing_lines": 0, "excluded_lines": 0}, "missing_lines": [], "excluded_lines": []}, "retry_with_backoff": {"executed_lines": [286, 287, 288, 290, 292, 293, 294, 296, 297, 301, 303, 304, 306, 307, 309, 322, 324, 325, 328, 336, 337], "summary": {"covered_lines": 21, "num_statements": 21, "percent_covered": 100.0, "percent_covered_display": "100", "missing_lines": 0, "excluded_lines": 0}, "missing_lines": [], "excluded_lines": []}, "graceful_fallback": {"executed_lines": [], "summary": {"covered_lines": 0, "num_statements": 2, "percent_covered": 0.0, "percent_covered_display": "0", "missing_lines": 2, "excluded_lines": 0}, "missing_lines": [354, 377], "excluded_lines": []}, "graceful_fallback.wrapper": {"executed_lines": [], "summary": {"covered_lines": 0, "num_statements": 8, "percent_covered": 0.0, "percent_covered_display": "0", "missing_lines": 8, "excluded_lines": 0}, "missing_lines": [355, 357, 358, 360, 361, 365, 373, 375], "excluded_lines": []}, "handle_orchestration_error": {"executed_lines": [400, 403, 404, 405, 406, 407, 408, 409, 410, 411, 412, 413, 414, 424, 435, 437], "summary": {"covered_lines": 16, "num_statements": 23, "percent_covered": 69.56521739130434, "percent_covered_display": "70", "missing_lines": 7, "excluded_lines": 0}, "missing_lines": [415, 416, 417, 418, 420, 421, 422], "excluded_lines": []}, "ErrorRecoveryStrategy.recover_from_decomposition_error": {"executed_lines": [456, 458, 459, 460, 461, 462], "summary": {"covered_lines": 6, "num_statements": 9, "percent_covered": 66.66666666666667, "percent_covered_display": "67", "missing_lines": 3, "excluded_lines": 0}, "missing_lines": [463, 464, 467], "excluded_lines": []}, "ErrorRecoveryStrategy.recover_from_routing_error": {"executed_lines": [481, 483, 484, 485], "summary": {"covered_lines": 4, "num_statements": 6, "percent_covered": 66.66666666666667, "percent_covered_display": "67", "missing_lines": 2, "excluded_lines": 0}, "missing_lines": [488, 489], "excluded_lines": []}, "ErrorRecoveryStrategy.recover_from_validation_error": {"executed_lines": [], "summary": {"covered_lines": 0, "num_statements": 2, "percent_covered": 0.0, "percent_covered_display": "0", "missing_lines": 2, "excluded_lines": 0}, "missing_lines": [504, 506], "excluded_lines": []}, "ErrorRecoveryStrategy.recover_from_llm_error": {"executed_lines": [], "summary": {"covered_lines": 0, "num_statements": 2, "percent_covered": 0.0, "percent_covered_display": "0", "missing_lines": 2, "excluded_lines": 0}, "missing_lines": [525, 527], "excluded_lines": []}, "": {"executed_lines": [1, 11, 12, 13, 14, 15, 16, 17, 18, 21, 24, 25, 26, 27, 28, 29, 30, 31, 32, 33, 36, 37, 38, 39, 40, 41, 44, 45, 46, 47, 48, 49, 50, 51, 52, 53, 54, 55, 57, 71, 76, 77, 78, 92, 107, 108, 117, 132, 144, 157, 175, 176, 177, 191, 192, 193, 202, 203, 204, 213, 214, 215, 224, 225, 226, 235, 236, 237, 246, 263, 340, 380, 440, 441, 443, 444, 469, 470, 491, 492, 512, 513], "summary": {"covered_lines": 69, "num_statements": 69, "percent_covered": 100.0, "percent_covered_display": "100", "missing_lines": 0, "excluded_lines": 0}, "missing_lines": [], "excluded_lines": []}}, "classes": {"ErrorCategory": {"executed_lines": [], "summary": {"covered_lines": 0, "num_statements": 0, "percent_covered": 100.0, "percent_covered_display": "100", "missing_lines": 0, "excluded_lines": 0}, "missing_lines": [], "excluded_lines": []}, "ErrorSeverity": {"executed_lines": [], "summary": {"covered_lines": 0, "num_statements": 0, "percent_covered": 100.0, "percent_covered_display": "100", "missing_lines": 0, "excluded_lines": 0}, "missing_lines": [], "excluded_lines": []}, "ErrorContext": {"executed_lines": [59, 73], "summary": {"covered_lines": 2, "num_statements": 2, "percent_covered": 100.0, "percent_covered_display": "100", "missing_lines": 0, "excluded_lines": 0}, "missing_lines": [], "excluded_lines": []}, "RetryConfig": {"executed_lines": [86, 87, 88, 89, 90, 94, 99, 101, 102, 104], "summary": {"covered_lines": 10, "num_statements": 10, "percent_covered": 100.0, "percent_covered_display": "100", "missing_lines": 0, "excluded_lines": 0}, "missing_lines": [], "excluded_lines": []}, "CircuitBreaker": {"executed_lines": [123, 124, 125, 127, 128, 129, 130, 134, 135, 136, 137, 138, 139, 140, 141, 142, 146, 147, 148, 150, 151, 152, 155, 159, 160, 162, 164, 166, 167, 168, 169], "summary": {"covered_lines": 31, "num_statements": 32, "percent_covered": 96.875, "percent_covered_display": "97", "missing_lines": 1, "excluded_lines": 0}, "missing_lines": [172], "excluded_lines": []}, "OrchestrationError": {"executed_lines": [184, 185, 186, 187, 188], "summary": {"covered_lines": 5, "num_statements": 5, "percent_covered": 100.0, "percent_covered_display": "100", "missing_lines": 0, "excluded_lines": 0}, "missing_lines": [], "excluded_lines": []}, "DecompositionError": {"executed_lines": [194], "summary": {"covered_lines": 1, "num_statements": 1, "percent_covered": 100.0, "percent_covered_display": "100", "missing_lines": 0, "excluded_lines": 0}, "missing_lines": [], "excluded_lines": []}, "RoutingError": {"executed_lines": [], "summary": {"covered_lines": 0, "num_statements": 1, "percent_covered": 0.0, "percent_covered_display": "0", "missing_lines": 1, "excluded_lines": 0}, "missing_lines": [205], "excluded_lines": []}, "ValidationError": {"executed_lines": [], "summary": {"covered_lines": 0, "num_statements": 1, "percent_covered": 0.0, "percent_covered_display": "0", "missing_lines": 1, "excluded_lines": 0}, "missing_lines": [216], "excluded_lines": []}, "LLMError": {"executed_lines": [], "summary": {"covered_lines": 0, "num_statements": 1, "percent_covered": 0.0, "percent_covered_display": "0", "missing_lines": 1, "excluded_lines": 0}, "missing_lines": [227], "excluded_lines": []}, "ResourceError": {"executed_lines": [238], "summary": {"covered_lines": 1, "num_statements": 1, "percent_covered": 100.0, "percent_covered_display": "100", "missing_lines": 0, "excluded_lines": 0}, "missing_lines": [], "excluded_lines": []}, "ErrorRecoveryStrategy": {"executed_lines": [456, 458, 459, 460, 461, 462, 481, 483, 484, 485], "summary": {"covered_lines": 10, "num_statements": 19, "percent_covered": 52.63157894736842, "percent_covered_display": "53", "missing_lines": 9, "excluded_lines": 0}, "missing_lines": [463, 464, 467, 488, 489, 504, 506, 525, 527], "excluded_lines": []}, "": {"executed_lines": [1, 11, 12, 13, 14, 15, 16, 17, 18, 21, 24, 25, 26, 27, 28, 29, 30, 31, 32, 33, 36, 37, 38, 39, 40, 41, 44, 45, 46, 47, 48, 49, 50, 51, 52, 53, 54, 55, 57, 71, 76, 77, 78, 92, 107, 108, 117, 132, 144, 157, 175, 176, 177, 191, 192, 193, 202, 203, 204, 213, 214, 215, 224, 225, 226, 235, 236, 237, 246, 248, 255, 263, 286, 287, 288, 290, 292, 293, 294, 296, 297, 301, 303, 304, 306, 307, 309, 322, 324, 325, 328, 336, 337, 340, 380, 400, 403, 404, 405, 406, 407, 408, 409, 410, 411, 412, 413, 414, 424, 435, 437, 440, 441, 443, 444, 469, 470, 491, 492, 512, 513], "summary": {"covered_lines": 108, "num_statements": 125, "percent_covered": 86.4, "percent_covered_display": "86", "missing_lines": 17, "excluded_lines": 0}, "missing_lines": [354, 355, 357, 358, 360, 361, 365, 373, 375, 377, 415, 416, 417, 418, 420, 421, 422], "excluded_lines": []}}}, "infrastructure/halo_router.py": {"executed_lines": [1, 14, 15, 16, 17, 18, 20, 23, 24, 25, 37, 38, 39, 40, 41, 44, 45, 46, 52, 53, 54, 55, 56, 57, 60, 61, 62, 71, 72, 73, 74, 76, 78, 80, 82, 83, 84, 85, 88, 89, 104, 122, 123, 124, 127, 130, 131, 132, 135, 139, 140, 141, 142, 143, 144, 145, 148, 149, 150, 151, 152, 153, 155, 156, 161, 175, 300, 311, 489, 524, 525, 526, 528, 529, 530, 531, 532, 534, 539, 541, 544, 545, 547, 550, 553, 554, 555, 557, 558, 560, 561, 564, 565, 566, 569, 571, 572, 573, 574, 577, 579, 581, 582, 585, 586, 587, 588, 595, 596, 599, 600, 601, 602, 610, 611, 612, 613, 615, 625, 627, 629, 653, 654, 657, 658, 659, 661, 662, 663, 667, 670, 677, 679, 683, 684, 691, 693, 713, 724, 725, 726, 727, 728, 731, 732, 734, 736, 737, 739, 741, 742, 744, 745, 746, 748, 770, 771, 772, 774, 776, 782, 783, 786, 788, 794, 800, 809, 812, 815, 816, 818, 823, 825, 832, 834, 848, 852, 854, 855, 856, 857, 859, 860, 861, 862, 864, 870, 871, 872, 873, 881, 899, 901, 916, 918, 922, 925, 928, 929, 931, 933, 937], "summary": {"covered_lines": 197, "num_statements": 223, "percent_covered": 88.34080717488789, "percent_covered_display": "88", "missing_lines": 26, "excluded_lines": 0}, "missing_lines": [603, 604, 621, 622, 701, 702, 703, 704, 705, 706, 707, 710, 711, 729, 796, 797, 798, 849, 850, 874, 875, 877, 919, 923, 935, 939], "excluded_lines": [], "functions": {"RoutingPlan.is_complete": {"executed_lines": [78], "summary": {"covered_lines": 1, "num_statements": 1, "percent_covered": 100.0, "per
[...]
: 5, "percent_covered": 0.0, "percent_covered_display": "0", "missing_lines": 5, "excluded_lines": 0}, "missing_lines": [546, 547, 548, 549, 550], "excluded_lines": []}, "TrajectoryPool._get_generation_distribution": {"executed_lines": [553, 554, 555, 556, 557], "summary": {"covered_lines": 4, "num_statements": 5, "percent_covered": 80.0, "percent_covered_display": "80", "missing_lines": 1, "excluded_lines": 0}, "missing_lines": [558], "excluded_lines": []}, "get_trajectory_pool": {"executed_lines": [566], "summary": {"covered_lines": 0, "num_statements": 3, "percent_covered": 0.0, "percent_covered_display": "0", "missing_lines": 3, "excluded_lines": 0}, "missing_lines": [577, 578, 580], "excluded_lines": []}, "": {"executed_lines": [1, 16, 17, 18, 19, 20, 21, 22, 23, 25, 31, 34, 35, 38, 39, 40, 41, 44, 45, 46, 47, 48, 49, 52, 53, 54, 60, 65, 66, 69, 70, 71, 74, 75, 76, 77, 80, 81, 82, 83, 84, 85, 88, 89, 90, 92, 94, 96, 98, 102, 110, 134, 144, 145, 196, 245, 269, 276, 544], "summary": {"covered_lines": 40, "num_statements": 72, "percent_covered": 55.55555555555556, "percent_covered_display": "56", "missing_lines": 32, "excluded_lines": 0}, "missing_lines": [24, 26, 32, 42, 43, 50, 55, 58, 59, 67, 68, 72, 86, 87, 91, 95, 106, 133, 220, 224, 228, 257, 283, 332, 351, 373, 430, 459, 460, 511, 552, 561], "excluded_lines": []}}, "classes": {"TrajectoryStatus": {"executed_lines": [], "summary": {"covered_lines": 0, "num_statements": 0, "percent_covered": 100.0, "percent_covered_display": "100", "missing_lines": 0, "excluded_lines": 0}, "missing_lines": [], "excluded_lines": []}, "OperatorType": {"executed_lines": [], "summary": {"covered_lines": 0, "num_statements": 0, "percent_covered": 100.0, "percent_covered_display": "100", "missing_lines": 0, "excluded_lines": 0}, "missing_lines": [], "excluded_lines": []}, "Trajectory": {"executed_lines": [100, 104, 111, 116, 119, 120, 121, 122, 124, 127, 128], "summary": {"covered_lines": 9, "num_statements": 13, "percent_covered": 69.23076923076923, "percent_covered_display": "69", "missing_lines": 4, "excluded_lines": 0}, "missing_lines": [108, 125, 126, 130], "excluded_lines": []}, "TrajectoryPool": {"executed_lines": [153, 163, 166, 167, 170, 171, 172, 174, 177, 178, 180, 181, 182, 183, 184, 185, 187, 197, 203, 204, 206, 215, 217, 221, 238, 246, 258, 284, 296, 297, 298, 299, 302, 303, 306, 307, 308, 309, 310, 312, 313, 314, 315, 317, 318, 320, 321, 323, 325, 344, 365, 374, 388, 389, 393, 394, 396, 397, 399, 402, 405, 406, 407, 409, 410, 412, 415, 416, 417, 418, 419, 421, 423, 452, 453, 461, 471, 472, 503, 531, 553, 554, 555, 556, 557], "summary": {"covered_lines": 46, "num_statements": 127, "percent_covered": 36.22047244094488, "percent_covered_display": "36", "missing_lines": 81, "excluded_lines": 0}, "missing_lines": [164, 168, 169, 173, 179, 216, 218, 222, 226, 243, 252, 264, 271, 278, 295, 300, 301, 304, 305, 316, 319, 322, 324, 327, 328, 330, 342, 345, 348, 349, 358, 360, 361, 362, 371, 385, 386, 395, 398, 400, 401, 403, 404, 413, 414, 422, 424, 425, 426, 428, 437, 439, 454, 456, 457, 474, 475, 479, 480, 482, 484, 485, 486, 488, 489, 492, 501, 502, 505, 506, 508, 509, 518, 519, 529, 546, 547, 548, 549, 550, 558], "excluded_lines": []}, "": {"executed_lines": [1, 16, 17, 18, 19, 20, 21, 22, 23, 25, 31, 34, 35, 36, 37, 38, 39, 40, 41, 44, 45, 46, 47, 48, 49, 52, 53, 54, 60, 65, 66, 69, 70, 71, 74, 75, 76, 77, 80, 81, 82, 83, 84, 85, 88, 89, 90, 92, 94, 96, 98, 102, 110, 134, 144, 145, 196, 245, 269, 276, 544, 566], "summary": {"covered_lines": 41, "num_statements": 76, "percent_covered": 53.94736842105263, "percent_covered_display": "54", "missing_lines": 35, "excluded_lines": 0}, "missing_lines": [24, 26, 32, 42, 43, 50, 55, 58, 59, 67, 68, 72, 86, 87, 91, 95, 106, 133, 220, 224, 228, 257, 283, 332, 351, 373, 430, 459, 460, 511, 552, 561, 577, 578, 580], "excluded_lines": []}}}, "infrastructure/tumix_termination.py": {"executed_lines": [1, 16, 17, 18, 19, 21, 24, 25, 26, 27, 28, 29, 30, 31, 34, 35, 36, 37, 38, 39, 40, 41, 44, 45, 46, 47, 48, 49, 50, 51, 52, 53, 56, 57, 70, 71, 72, 73, 75, 92, 93, 94, 95, 96, 97, 98, 99, 101, 102, 103, 104, 106, 116, 129, 130, 133, 135, 139, 140, 141, 142, 145, 146, 149, 150, 153, 154, 156, 157, 159, 169, 170, 172, 173, 176, 177, 180, 182, 192, 193, 196, 197, 200, 205, 207, 222, 223, 225, 226, 229, 230, 239, 241, 244, 245, 254, 255, 258, 261, 262, 271, 272, 275, 276, 285, 286, 289, 290, 299, 300, 303, 312, 314, 316, 331, 332, 343, 344, 347, 348, 349, 350, 351, 352, 353, 356, 358, 361, 362, 364, 374, 386, 409, 417], "summary": {"covered_lines": 129, "num_statements": 170, "percent_covered": 75.88235294117646, "percent_covered_display": "76", "missing_lines": 41, "excluded_lines": 0}, "missing_lines": [136, 240, 313, 419, 421, 422, 423, 426, 427, 433, 434, 435, 438, 439, 446, 447, 448, 449, 450, 451, 454, 455, 462, 463, 464, 465, 466, 467, 470, 471, 472, 475, 483, 484, 485, 486, 487, 488, 489, 490, 491], "excluded_lines": [], "functions": {"TUMIXTermination.__init__": {"executed_lines": [92, 93, 94, 95, 96, 97, 98, 99, 101, 102, 103, 104, 106], "summary": {"covered_lines": 13, "num_statements": 13, "percent_covered": 100.0, "percent_covered_display": "100", "missing_lines": 0, "excluded_lines": 0}, "missing_lines": [], "excluded_lines": []}, "TUMIXTermination.calculate_improvement": {"executed_lines": [129, 130, 133, 135, 139, 140, 141, 142, 145, 146, 149, 150, 153, 154, 156, 157], "summary": {"covered_lines": 16, "num_statements": 17, "percent_covered": 94.11764705882354, "percent_covered_display": "94", "missing_lines": 1, "excluded_lines": 0}, "missing_lines": [136], "excluded_lines": []}, "TUMIXTermination.detect_plateau": {"executed_lines": [169, 170, 172, 173, 176, 177, 180], "summary": {"covered_lines": 7, "num_statements": 7, "percent_covered": 100.0, "percent_covered_display": "100", "missing_lines": 0, "excluded_lines": 0}, "missing_lines": [], "excluded_lines": []}, "TUMIXTermination.detect_degradation": {"executed_lines": [192, 193, 196, 197, 200, 205], "summary": {"covered_lines": 6, "num_statements": 6, "percent_covered": 100.0, "percent_covered_display": "100", "missing_lines": 0, "excluded_lines": 0}, "missing_lines": [], "excluded_lines": []}, "TUMIXTermination.should_stop": {"executed_lines": [222, 223, 225, 226, 229, 230, 239, 241, 244, 245, 254, 255, 258, 261, 262, 271, 272, 275, 276, 285, 286, 289, 290, 299, 300, 303, 312, 314], "summary": {"covered_lines": 28, "num_statements": 30, "percent_covered": 93.33333333333333, "percent_covered_display": "93", "missing_lines": 2, "excluded_lines": 0}, "missing_lines": [240, 313], "excluded_lines": []}, "TUMIXTermination.estimate_cost_savings": {"executed_lines": [331, 332, 343, 344, 347, 348, 349, 350, 351, 352, 353, 356, 358, 361, 362, 364, 374], "summary": {"covered_lines": 17, "num_statements": 17, "percent_covered": 100.0, "percent_covered_display": "100", "missing_lines": 0, "excluded_lines": 0}, "missing_lines": [], "excluded_lines": []}, "get_tumix_termination": {"executed_lines": [409], "summary": {"covered_lines": 1, "num_statements": 1, "percent_covered": 100.0, "percent_covered_display": "100", "missing_lines": 0, "excluded_lines": 0}, "missing_lines": [], "excluded_lines": []}, "": {"executed_lines": [1, 16, 17, 18, 19, 21, 24, 25, 26, 27, 28, 29, 30, 31, 34, 35, 36, 37, 38, 39, 40, 41, 44, 45, 46, 47, 48, 49, 50, 51, 52, 53, 56, 57, 70, 71, 72, 73, 75, 116, 159, 182, 207, 316, 386, 417], "summary": {"covered_lines": 41, "num_statements": 79, "percent_covered": 51.89873417721519, "percent_covered_display": "52", "missing_lines": 38, "excluded_lines": 0}, "missing_lines": [419, 421, 422, 423, 426, 427, 433, 434, 435, 438, 439, 446, 447, 448, 449, 450, 451, 454, 455, 462, 463, 464, 465, 466, 467, 470, 471, 472, 475, 483, 484, 485, 486, 487, 488, 489, 490, 491], "excluded_lines": []}}, "classes": {"TerminationReason": {"executed_lines": [], "summary": {"covered_lines": 0, "num_statements": 0, "percent_covered": 100.0, "percent_covered_display": "100", "missing_lines": 0, "excluded_lines": 0}, "missing_lines": [], "excluded_lines": []}, "RefinementResult": {"executed_lines": [], "summary": {"covered_lines": 0, "num_statements": 0, "percent_covered": 100.0, "percent_covered_display": "100", "missing_lines": 0, "excluded_lines": 0}, "missing_lines": [], "excluded_lines": []}, "TerminationDecision": {"executed_lines": [], "summary": {"covered_lines": 0, "num_statements": 0, "percent_covered": 100.0, "percent_covered_display": "100", "missing_lines": 0, "excluded_lines": 0}, "missing_lines": [], "excluded_lines": []}, "TUMIXTermination": {"executed_lines": [92, 93, 94, 95, 96, 97, 98, 99, 101, 102, 103, 104, 106, 129, 130, 133, 135, 139, 140, 141, 142, 145, 146, 149, 150, 153, 154, 156, 157, 169, 170, 172, 173, 176, 177, 180, 192, 193, 196, 197, 200, 205, 222, 223, 225, 226, 229, 230, 239, 241, 244, 245, 254, 255, 258, 261, 262, 271, 272, 275, 276, 285, 286, 289, 290, 299, 300, 303, 312, 314, 331, 332, 343, 344, 347, 348, 349, 350, 351, 352, 353, 356, 358, 361, 362, 364, 374], "summary": {"covered_lines": 87, "num_statements": 90, "percent_covered": 96.66666666666667, "percent_covered_display": "97", "missing_lines": 3, "excluded_lines": 0}, "missing_lines": [136, 240, 313], "excluded_lines": []}, "": {"executed_lines": [1, 16, 17, 18, 19, 21, 24, 25, 26, 27, 28, 29, 30, 31, 34, 35, 36, 37, 38, 39, 40, 41, 44, 45, 46, 47, 48, 49, 50, 51, 52, 53, 56, 57, 70, 71, 72, 73, 75, 116, 159, 182, 207, 316, 386, 409, 417], "summary": {"covered_lines": 42, "num_statements": 80, "percent_covered": 52.5, "percent_covered_display": "52", "missing_lines": 38, "excluded_lines": 0}, "missing_lines": [419, 421, 422, 423, 426, 427, 433, 434, 435, 438, 439, 446, 447, 448, 449, 450, 451, 454, 455, 462, 463, 464, 465, 466, 467, 470, 471, 472, 475, 483, 484, 485, 486, 487, 488, 489, 490, 491], "excluded_lines": []}}}, "infrastructure/world_model.py": {"executed_lines": [1, 23, 24, 25, 26, 27, 28, 29, 30, 31, 32, 34, 35, 39, 40, 41, 42, 44, 46, 49, 50, 51, 52, 53, 54, 55, 56, 59, 60, 61, 62, 63, 64, 65, 66, 69, 70, 90, 106, 107, 108, 109, 112, 122, 123, 126, 129, 131, 133, 208, 210, 216, 224, 227, 229, 230, 231, 291, 327, 340, 351, 363, 378, 379, 410, 413, 414, 416, 418, 426, 439, 453, 468, 483, 486, 494, 509], "summary": {"covered_lines": 73, "num_statements": 228, "percent_covered": 32.01754385964912, "percent_covered_display": "32", "missing_lines": 155, "excluded_lines": 0}, "missing_lines": [36, 37, 38, 113, 114, 115, 118, 119, 135, 136, 138, 139, 140, 143, 151, 159, 166, 169, 176, 183, 185, 186, 189, 190, 193, 194, 197, 198, 201, 202, 204, 206, 233, 235, 237, 238, 241, 243, 244, 245, 248, 250, 251, 252, 255, 256, 257, 258, 259, 262, 265, 266, 267, 270, 271, 272, 274, 275, 277, 278, 280, 287, 289, 293, 294, 295, 296, 298, 299, 301, 302, 305, 306, 308, 309, 310, 311, 313, 314, 315, 317, 318, 320, 330, 332, 333, 334, 335, 336, 338, 342, 344, 345, 346, 347, 349, 354, 355, 358, 359, 361, 381, 383, 385, 386, 389, 390, 393, 396, 397, 400, 402, 428, 431, 432, 433, 434, 435, 437, 441, 444, 445, 446, 447, 448, 449, 451, 455, 456, 458, 460, 466, 470, 471, 473, 475, 476, 477, 479, 489, 490, 491, 505, 506, 511, 512, 515, 518, 526, 528, 529, 530, 531, 532, 534], "excluded_lines": [], "functions": {"WorldModel.__init__": {"executed_lines": [106, 107, 108, 109, 112, 122, 123, 126, 129, 131], "summary": {"covered_lines": 10, "num_statements": 15, "percent_covered": 66.66666666666667, "percent_covered_display": "67", "missing_lines": 5, "excluded_lines": 0}, "missing_lines": [113, 114, 115, 118, 119], "excluded_lines": []}, "WorldModel._build_pytorch_model": {"executed_lines": [], "summary": {"covered_lines": 0, "num_statements": 6, "percent_covered": 0.0, "percent_covered_display": "0", "missing_lines": 6, "excluded_lines": 0}, "missing_lines": [135, 136, 138, 139, 183, 206], "excluded_lines": []}, "WorldModel._build_pytorch_model.WorldModelNetwork.__init__": {"executed_lines": [], "summary": {"covered_lines": 0, "num_statements": 7, "percent_covered": 0.0, "percent_covered_display": "0", "missing_lines": 7, "excluded_lines": 0}, "missing_lines": [140, 143, 151, 159, 166, 169, 176], "excluded_lines": []}, "WorldModel._build_pytorch_model.WorldModelNetwork.forward": {"executed_lines": [], "summary": {"covered_lines": 0, "num_statements": 11, "percent_covered": 0.0, "percent_covered_display": "0", "missing_lines": 11, "excluded_lines": 0}, "missing_lines": [185, 186, 189, 190, 193, 194, 197, 198, 201, 202, 204], "excluded_lines": []}, "WorldModel._build_heuristic_model": {"executed_lines": [210], "summary": {"covered_lines": 1, "num_statements": 1, "percent_covered": 100.0, "percent_covered_display": "100", "missing_lines": 0, "excluded_lines": 0}, "missing_lines": [], "excluded_lines": []}, "WorldModel.train": {"executed_lines": [224, 227, 229, 230, 231], "summary": {"covered_lines": 5, "num_statements": 36, "percent_covered": 13.88888888888889, "percent_covered_display": "14", "missing_lines": 31, "excluded_lines": 0}, "missing_lines": [233, 235, 237, 238, 241, 243, 244, 245, 248, 250, 251, 252, 255, 256, 257, 258, 259, 262, 265, 266, 267, 270, 271, 272, 274, 275, 277, 278, 280, 287, 289], "excluded_lines": []}, "WorldModel._prepare_training_data": {"executed_lines": [], "summary": {"covered_lines": 0, "num_statements": 20, "percent_covered": 0.0, "percent_covered_display": "0", "missing_lines": 20, "excluded_lines": 0}, "missing_lines": [293, 294, 295, 296, 298, 299, 301, 302, 305, 306, 308, 309, 310, 311, 313, 314, 315, 317, 318, 320], "excluded_lines": []}, "WorldModel._encode_state_simple": {"executed_lines": [], "summary": {"covered_lines": 0, "num_statements": 7, "percent_covered": 0.0, "percent_covered_display": "0", "missing_lines": 7, "excluded_lines": 0}, "missing_lines": [330, 332, 333, 334, 335, 336, 338], "excluded_lines": []}, "WorldModel._encode_action_simple": {"executed_lines": [], "summary": {"covered_lines": 0, "num_statements": 6, "percent_covered": 0.0, "percent_covered_display": "0", "missing_lines": 6, "excluded_lines": 0}, "missing_lines": [342, 344, 345, 346, 347, 349], "excluded_lines": []}, "WorldModel._train_heuristic": {"executed_lines": [], "summary": {"covered_lines": 0, "num_statements": 5, "percent_covered": 0.0, "percent_covered_display": "0", "missing_lines": 5, "excluded_lines": 0}, "missing_lines": [354, 355, 358, 359, 361], "excluded_lines": []}, "WorldModel.predict": {"executed_lines": [378, 379], "summary": {"covered_lines": 2, "num_statements": 13, "percent_covered": 15.384615384615385, "percent_covered_display": "15", "missing_lines": 11, "excluded_lines": 0}, "missing_lines": [381, 383, 385, 386, 389, 390, 393, 396, 397, 400, 402], "excluded_lines": []}, "WorldModel._predict_heuristic": {"executed_lines": [413, 414, 416, 418], "summary": {"covered_lines": 4, "num_statements": 4, "percent_covered": 100.0, "percent_covered_display": "100", "missing_lines": 0, "excluded_lines": 0}, "missing_lines": [], "excluded_lines": []}, "WorldModel._encode_state_from_worldstate": {"executed_lines": [], "summary": {"covered_lines": 0, "num_statements": 7, "percent_covered": 0.0, "percent_covered_display": "0", "missing_lines": 7, "excluded_lines": 0}, "missing_lines": [428, 431, 432, 433, 434, 435, 437], "excluded_lines": []}, "WorldModel._encode_action_from_string": {"executed_lines": [], "summary": {"covered_lines": 0, "num_statements": 8, "percent_covered": 0.0, "percent_covered_display": "0", "missing_lines": 8, "excluded_lines": 0}, "missing_lines": [441, 444, 445, 446, 447, 448, 449, 451], "excluded_lines": []}, "WorldModel._save_model": {"executed_lines": [], "summary": {"covered_lines": 0, "num_statements": 5, "percent_covered": 0.0, "percent_covered_display": "0", "missing_lines": 5, "excluded_lines": 0}, "missing_lines": [455, 456, 458, 460, 466], "excluded_lines": []}, "WorldModel._load_model": {"executed_lines": [], "summary": {"covered_lines": 0, "num_statements": 7, "percent_covered": 0.0, "percent_covered_display": "0", "missing_lines": 7, "excluded_lines": 0}, "missing_lines": [470, 471, 473, 475, 476, 477, 479], "excluded_lines": []}, "get_world_model": {"executed_lines": [], "summary": {"covered_lines": 0, "num_statements": 3, "percent_covered": 0.0, "percent_covered_display": "0", "missing_lines": 3, "excluded_lines": 0}, "missing_lines": [489, 490, 491], "excluded_lines": []}, "predict_outcome": {"executed_lines": [], "summary": {"covered_lines": 0, "num_statements": 2, "percent_covered": 0.0, "percent_covered_display": "0", "missing_lines": 2, "excluded_lines": 0}, "missing_lines": [505, 506], "excluded_lines": []}, "test_world_model": {"executed_lines": [], "summary": {"covered_lines": 0, "num_statements": 9, "percent_covered": 0.0, "percent_covered_display": "0", "missing_lines": 9, "excluded_lines": 0}, "missing_lines": [512, 515, 518, 526, 528, 529, 530, 531, 532], "excluded_lines": []}, "": {"executed_lines": [1, 23, 24, 25, 26, 27, 28, 29, 30, 31, 32, 34, 35, 39, 40, 41, 42, 44, 46, 49, 50, 51, 52, 53, 54, 55, 56, 59, 60, 61, 62, 63, 64, 65, 66, 69, 70, 90, 133, 208, 216, 291, 327, 340, 351, 363, 410, 426, 439, 453, 468, 483, 486, 494, 509], "summary": {"covered_lines": 51, "num_statements": 56, "percent_covered": 91.07142857142857, "percent_covered_display": "91", "missing_lines": 5, "excluded_lines": 0}, "missing_lines": [36, 37, 38, 511, 534], "excluded_lines": []}}, "classes": {"WorldState": {"executed_lines": [], "summary": {"covered_lines": 0, "num_statements": 0, "percent_covered": 100.0, "percent_covered_display": "100", "missing_lines": 0, "excluded_lines": 0}, "missing_lines": [], "excluded_lines": []}, "Prediction": {"executed_lines": [], "summary": {"covered_lines": 0, "num_statements": 0, "percent_covered": 100.0, "percent_covered_display": "100", "missing_lines": 0, "excluded_lines": 0}, "missing_lines": [], "excluded_lines": []}, "WorldModel": {"executed_lines": [106, 107, 108, 109, 112, 122, 123, 126, 129, 131, 210, 224, 227, 229, 230, 231, 378, 379, 413, 414, 416, 418], "summary": {"covered_lines": 22, "num_statements": 140, "percent_covered": 15.714285714285714, "percent_covered_display": "16", "missing_lines": 118, "excluded_lines": 0}, "missing_lines": [113, 114, 115, 118, 119, 135, 136, 138, 139, 183, 206, 233, 235, 237, 238, 241, 243, 244, 245, 248, 250, 251, 252, 255, 256, 257, 258, 259, 262, 265, 266, 267, 270, 271, 272, 274, 275, 277, 278, 280, 287, 289, 293, 294, 295, 296, 298, 299, 301, 302, 305, 306, 308, 309, 310, 311, 313, 314, 315, 317, 318, 320, 330, 332, 333, 334, 335, 336, 338, 342, 344, 345, 346, 347, 349, 354, 355, 358, 359, 361, 381, 383, 385, 386, 389, 390, 393, 396, 397, 400, 402, 428, 431, 432, 433, 434, 435, 437, 441, 444, 445, 446, 447, 448, 449, 451, 455, 456, 458, 460, 466, 470, 471, 473, 475, 476, 477, 479], "excluded_lines": []}, "WorldModel._build_pytorch_model.WorldModelNetwork": {"executed_lines": [], "summary": {"covered_lines": 0, "num_statements": 18, "percent_covered": 0.0, "percent_covered_display": "0", "missing_lines": 18, "excluded_lines": 0}, "missing_lines": [140, 143, 151, 159, 166, 169, 176, 185, 186, 189, 190, 193, 194, 197, 198, 201, 202, 204], "excluded_lines": []}, "": {"executed_lines": [1, 23, 24, 25, 26, 27, 28, 29, 30, 31, 32, 34, 35, 39, 40, 41, 42, 44, 46, 49, 50, 51, 52, 53, 54, 55, 56, 59, 60, 61, 62, 63, 64, 65, 66, 69, 70, 90, 133, 208, 216, 291, 327, 340, 351, 363, 410, 426, 439, 453, 468, 483, 486, 494, 509], "summary": {"covered_lines": 51, "num_statements": 70, "percent_covered": 72.85714285714286, "percent_covered_display": "73", "missing_lines": 19, "excluded_lines": 0}, "missing_lines": [36, 37, 38, 489, 490, 491, 505, 506, 511, 512, 515, 518, 526, 528, 529, 530, 531, 532, 534], "excluded_lines": []}}}}, "totals": {"covered_lines": 4167, "num_statements": 6330, "percent_covered": 65.82938388625593, "percent_covered_display": "66", "missing_lines": 2163, "excluded_lines": 2}}