{"meta": {"format": 3, "version": "7.11.0", "timestamp": "2025-10-18T14:53:43.094420", "branch_coverage": false, "show_contexts": false}, "files": {"agents/__init__.py": {"executed_lines": [1, 23, 24, 25, 26, 27, 28, 29, 30, 31, 32, 33, 34, 35, 36, 37, 39], "summary": {"covered_lines": 16, "num_statements": 16, "percent_covered": 100.0, "percent_covered_display": "100", "missing_lines": 0, "excluded_lines": 0}, "missing_lines": [], "excluded_lines": [], "functions": {"": {"executed_lines": [1, 23, 24, 25, 26, 27, 28, 29, 30, 31, 32, 33, 34, 35, 36, 37, 39], "summary": {"covered_lines": 16, "num_statements": 16, "percent_covered": 100.0, "percent_covered_display": "100", "missing_lines": 0, "excluded_lines": 0}, "missing_lines": [], "excluded_lines": []}}, "classes": {"": {"executed_lines": [1, 23, 24, 25, 26, 27, 28, 29, 30, 31, 32, 33, 34, 35, 36, 37, 39], "summary": {"covered_lines": 16, "num_statements": 16, "percent_covered": 100.0, "percent_covered_display": "100", "missing_lines": 0, "excluded_lines": 0}, "missing_lines": [], "excluded_lines": []}}}, "agents/analyst_agent.py": {"executed_lines": [1, 11, 12, 13, 14, 15, 16, 17, 18, 21, 22, 28, 29, 32, 33, 41, 60, 71, 108, 126, 150, 182, 221, 255, 342, 356, 374, 402], "summary": {"covered_lines": 26, "num_statements": 91, "percent_covered": 28.571428571428573, "percent_covered_display": "29", "missing_lines": 65, "excluded_lines": 0}, "missing_lines": [42, 43, 46, 49, 56, 58, 61, 62, 63, 69, 73, 106, 110, 124, 128, 148, 152, 180, 184, 219, 233, 241, 243, 253, 272, 275, 276, 278, 279, 281, 283, 285, 287, 288, 291, 292, 295, 298, 307, 309, 315, 317, 318, 326, 329, 332, 334, 346, 348, 349, 352, 354, 358, 359, 360, 362, 363, 365, 376, 377, 384, 392, 404, 405, 406], "excluded_lines": [], "functions": {"AnalystAgent.__init__": {"executed_lines": [], "summary": {"covered_lines": 0, "num_statements": 6, "percent_covered": 0.0, "percent_covered_display": "0", "missing_lines": 6, "excluded_lines": 0}, "missing_lines": [42, 43, 46, 49, 56, 58], "excluded_lines": []}, "AnalystAgent.initialize": {"executed_lines": [], "summary": {"covered_lines": 0, "num_statements": 4, "percent_covered": 0.0, "percent_covered_display": "0", "missing_lines": 4, "excluded_lines": 0}, "missing_lines": [61, 62, 63, 69], "excluded_lines": []}, "AnalystAgent.analyze_metrics": {"executed_lines": [], "summary": {"covered_lines": 0, "num_statements": 2, "percent_covered": 0.0, "percent_covered_display": "0", "missing_lines": 2, "excluded_lines": 0}, "missing_lines": [73, 106], "excluded_lines": []}, "AnalystAgent.generate_dashboard": {"executed_lines": [], "summary": {"covered_lines": 0, "num_statements": 2, "percent_covered": 0.0, "percent_covered_display": "0", "missing_lines": 2, "excluded_lines": 0}, "missing_lines": [110, 124], "excluded_lines": []}, "AnalystAgent.predict_trends": {"executed_lines": [], "summary": {"covered_lines": 0, "num_statements": 2, "percent_covered": 0.0, "percent_covered_display": "0", "missing_lines": 2, "excluded_lines": 0}, "missing_lines": [128, 148], "excluded_lines": []}, "AnalystAgent.detect_anomalies": {"executed_lines": [], "summary": {"covered_lines": 0, "num_statements": 2, "percent_covered": 0.0, "percent_covered_display": "0", "missing_lines": 2, "excluded_lines": 0}, "missing_lines": [152, 180], "excluded_lines": []}, "AnalystAgent.create_business_report": {"executed_lines": [], "summary": {"covered_lines": 0, "num_statements": 2, "percent_covered": 0.0, "percent_covered_display": "0", "missing_lines": 2, "excluded_lines": 0}, "missing_lines": [184, 219], "excluded_lines": []}, "AnalystAgent.route_analysis_task": {"executed_lines": [], "summary": {"covered_lines": 0, "num_statements": 4, "percent_covered": 0.0, "percent_covered_display": "0", "missing_lines": 4, "excluded_lines": 0}, "missing_lines": [233, 241, 243, 253], "excluded_lines": []}, "AnalystAgent.analyze_with_refinement": {"executed_lines": [], "summary": {"covered_lines": 0, "num_statements": 21, "percent_covered": 0.0, "percent_covered_display": "0", "missing_lines": 21, "excluded_lines": 0}, "missing_lines": [272, 275, 276, 281, 283, 285, 287, 288, 291, 292, 295, 298, 307, 309, 315, 317, 318, 326, 329, 332, 334], "excluded_lines": []}, "AnalystAgent.analyze_with_refinement.default_evaluator": {"executed_lines": [], "summary": {"covered_lines": 0, "num_statements": 2, "percent_covered": 0.0, "percent_covered_display": "0", "missing_lines": 2, "excluded_lines": 0}, "missing_lines": [278, 279], "excluded_lines": []}, "AnalystAgent._refine_analysis": {"executed_lines": [], "summary": {"covered_lines": 0, "num_statements": 5, "percent_covered": 0.0, "percent_covered_display": "0", "missing_lines": 5, "excluded_lines": 0}, "missing_lines": [346, 348, 349, 352, 354], "excluded_lines": []}, "AnalystAgent._calculate_session_savings": {"executed_lines": [], "summary": {"covered_lines": 0, "num_statements": 6, "percent_covered": 0.0, "percent_covered_display": "0", "missing_lines": 6, "excluded_lines": 0}, "missing_lines": [358, 359, 360, 362, 363, 365], "excluded_lines": []}, "AnalystAgent.get_cost_metrics": {"executed_lines": [], "summary": {"covered_lines": 0, "num_statements": 4, "percent_covered": 0.0, "percent_covered_display": "0", "missing_lines": 4, "excluded_lines": 0}, "missing_lines": [376, 377, 384, 392], "excluded_lines": []}, "get_analyst_agent": {"executed_lines": [], "summary": {"covered_lines": 0, "num_statements": 3, "percent_covered": 0.0, "percent_covered_display": "0", "missing_lines": 3, "excluded_lines": 0}, "missing_lines": [404, 405, 406], "excluded_lines": []}, "": {"executed_lines": [1, 11, 12, 13, 14, 15, 16, 17, 18, 21, 22, 28, 29, 32, 33, 41, 60, 71, 108, 126, 150, 182, 221, 255, 342, 356, 374, 402], "summary": {"covered_lines": 26, "num_statements": 26, "percent_covered": 100.0, "percent_covered_display": "100", "missing_lines": 0, "excluded_lines": 0}, "missing_lines": [], "excluded_lines": []}}, "classes": {"AnalystAgent": {"executed_lines": [], "summary": {"covered_lines": 0, "num_statements": 62, "percent_covered": 0.0, "percent_covered_display": "0", "missing_lines": 62, "excluded_lines": 0}, "missing_lines": [42, 43, 46, 49, 56, 58, 61, 62, 63, 69, 73, 106, 110, 124, 128, 148, 152, 180, 184, 219, 233, 241, 243, 253, 272, 275, 276, 278, 279, 281, 283, 285, 287, 288, 291, 292, 295, 298, 307, 309, 315, 317, 318, 326, 329, 332, 334, 346, 348, 349, 352, 354, 358, 359, 360, 362, 363, 365, 376, 377, 384, 392], "excluded_lines": []}, "": {"executed_lines": [1, 11, 12, 13, 14, 15, 16, 17, 18, 21, 22, 28, 29, 32, 33, 41, 60, 71, 108, 126, 150, 182, 221, 255, 342, 356, 374, 402], "summary": {"covered_lines": 26, "num_statements": 29, "percent_covered": 89.65517241379311, "percent_covered_display": "90", "missing_lines": 3, "excluded_lines": 0}, "missing_lines": [404, 405, 406], "excluded_lines": []}}}, "agents/billing_agent.py": {"executed_lines": [1, 8, 9, 10, 11, 12, 13, 14, 15, 17, 19, 20, 26, 29, 30, 32, 51, 62, 78, 99, 116, 130, 159, 191, 221], "summary": {"covered_lines": 23, "num_statements": 57, "percent_covered": 40.35087719298246, "percent_covered_display": "40", "missing_lines": 34, "excluded_lines": 0}, "missing_lines": [33, 34, 37, 40, 47, 49, 52, 53, 54, 60, 64, 76, 80, 81, 82, 84, 97, 101, 114, 118, 128, 132, 156, 170, 177, 179, 189, 193, 194, 201, 209, 222, 223, 224], "excluded_lines": [], "functions": {"BillingAgent.__init__": {"executed_lines": [], "summary": {"covered_lines": 0, "num_statements": 6, "percent_covered": 0.0, "percent_covered_display": "0", "missing_lines": 6, "excluded_lines": 0}, "missing_lines": [33, 34, 37, 40, 47, 49], "excluded_lines": []}, "BillingAgent.initialize": {"executed_lines": [], "summary": {"covered_lines": 0, "num_statements": 4, "percent_covered": 0.0, "percent_covered_display": "0", "missing_lines": 4, "excluded_lines": 0}, "missing_lines": [52, 53, 54, 60], "excluded_lines": []}, "BillingAgent.process_payment": {"executed_lines": [], "summary": {"covered_lines": 0, "num_statements": 2, "percent_covered": 0.0, "percent_covered_display": "0", "missing_lines": 2, "excluded_lines": 0}, "missing_lines": [64, 76], "excluded_lines": []}, "BillingAgent.generate_invoice": {"executed_lines": [], "summary": {"covered_lines": 0, "num_statements": 5, "percent_covered": 0.0, "percent_covered_display": "0", "missing_lines": 5, "excluded_lines": 0}, "missing_lines": [80, 81, 82, 84, 97], "excluded_lines": []}, "BillingAgent.manage_subscription": {"executed_lines": [], "summary": {"covered_lines": 0, "num_statements": 2, "percent_covered": 0.0, "percent_covered_display": "0", "missing_lines": 2, "excluded_lines": 0}, "missing_lines": [101, 114], "excluded_lines": []}, "BillingAgent.issue_refund": {"executed_lines": [], "summary": {"covered_lines": 0, "num_statements": 2, "percent_covered": 0.0, "percent_covered_display": "0", "missing_lines": 2, "excluded_lines": 0}, "missing_lines": [118, 128], "excluded_lines": []}, "BillingAgent.generate_revenue_report": {"executed_lines": [], "summary": {"covered_lines": 0, "num_statements": 2, "percent_covered": 0.0, "percent_covered_display": "0", "missing_lines": 2, "excluded_lines": 0}, "missing_lines": [132, 156], "excluded_lines": []}, "BillingAgent.route_task": {"executed_lines": [], "summary": {"covered_lines": 0, "num_statements": 4, "percent_covered": 0.0, "percent_covered_display": "0", "missing_lines": 4, "excluded_lines": 0}, "missing_lines": [170, 177, 179, 189], "excluded_lines": []}, "BillingAgent.get_cost_metrics": {"executed_lines": [], "summary": {"covered_lines": 0, "num_statements": 4, "percent_covered": 0.0, "percent_covered_display": "0", "missing_lines": 4, "excluded_lines": 0}, "missing_lines": [193, 194, 201, 209], "excluded_lines": []}, "get_billing_agent": {"executed_lines": [], "summary": {"covered_lines": 0, "num_statements": 3, "percent_covered": 0.0, "percent_covered_display": "0", "missing_lines": 3, "excluded_lines": 0}, "missing_lines": [222, 223, 224], "excluded_lines": []}, "": {"executed_lines": [1, 8, 9, 10, 11, 12, 13, 14, 15, 17, 19, 20, 26, 29, 30, 32, 51, 62, 78, 99, 116, 130, 159, 191, 221], "summary": {"covered_lines": 23, "num_statements": 23, "percent_covered": 100.0, "percent_covered_display": "100", "missing_lines": 0, "excluded_lines": 0}, "missing_lines": [], "excluded_lines": []}}, "classes": {"BillingAgent": {"executed_lines": [], "summary": {"covered_lines": 0, "num_statements": 31, "percent_covered": 0.0, "percent_covered_display": "0", "missing_lines": 31, "excluded_lines": 0}, "missing_lines": [33, 34, 37, 40, 47, 49, 52, 53, 54, 60, 64, 76, 80, 81, 82, 84, 97, 101, 114, 118, 128, 132, 156, 170, 177, 179, 189, 193, 194, 201, 209], "excluded_lines": []}, "": {"executed_lines": [1, 8, 9, 10, 11, 12, 13, 14, 15, 17, 19, 20, 26, 29, 30, 32, 51, 62, 78, 99, 116, 130, 159, 191, 221], "summary": {"covered_lines": 23, "num_statements": 26, "percent_covered": 88.46153846153847, "percent_covered_display": "88", "missing_lines": 3, "excluded_lines": 0}, "missing_lines": [222, 223, 224], "excluded_lines": []}}}, "agents/builder_agent.py": {"executed_lines": [1, 15, 16, 17, 18, 19, 20, 21, 22, 25, 26, 32, 33, 36, 37, 55, 77, 99, 118, 192, 275, 340, 432, 478, 510, 540], "summary": {"covered_lines": 24, "num_statements": 105, "percent_covered": 22.857142857142858, "percent_covered_display": "23", "missing_lines": 81, "excluded_lines": 0}, "missing_lines": [56, 57, 58, 59, 62, 66, 73, 75, 79, 80, 82, 95, 96, 97, 101, 130, 133, 154, 155, 156, 166, 167, 168, 180, 190, 204, 207, 208, 209, 243, 244, 264, 273, 287, 290, 292, 293, 294, 312, 315, 316, 317, 318, 326, 328, 338, 351, 354, 382, 383, 386, 410, 422, 430, 443, 444, 447, 448, 450, 451, 453, 454, 456, 457, 460, 461, 462, 464, 466, 476, 489, 496, 498, 508, 512, 513, 520, 528, 542, 543, 544], "excluded_lines": [], "functions": {"BuilderAgent.__init__": {"executed_lines": [], "summary": {"covered_lines": 0, "num_statements": 8, "percent_covered": 0.0, "percent_covered_display": "0", "missing_lines": 8, "excluded_lines": 0}, "missing_lines": [56, 57, 58, 59, 62, 66, 73, 75], "excluded_lines": []}, "BuilderAgent.initialize": {"executed_lines": [], "summary": {"covered_lines": 0, "num_statements": 6, "percent_covered": 0.0, "percent_covered_display": "0", "missing_lines": 6, "excluded_lines": 0}, "missing_lines": [79, 80, 82, 95, 96, 97], "excluded_lines": []}, "BuilderAgent._get_system_instruction": {"executed_lines": [], "summary": {"covered_lines": 0, "num_statements": 1, "percent_covered": 0.0, "percent_covered_display": "0", "missing_lines": 1, "excluded_lines": 0}, "missing_lines": [101], "excluded_lines": []}, "BuilderAgent.generate_frontend": {"executed_lines": [], "summary": {"covered_lines": 0, "num_statements": 10, "percent_covered": 0.0, "percent_covered_display": "0", "missing_lines": 10, "excluded_lines": 0}, "missing_lines": [130, 133, 154, 155, 156, 166, 167, 168, 180, 190], "excluded_lines": []}, "BuilderAgent.generate_backend": {"executed_lines": [], "summary": {"covered_lines": 0, "num_statements": 8, "percent_covered": 0.0, "percent_covered_display": "0", "missing_lines": 8, "excluded_lines": 0}, "missing_lines": [204, 207, 208, 209, 243, 244, 264, 273], "excluded_lines": []}, "BuilderAgent.generate_database": {"executed_lines": [], "summary": {"covered_lines": 0, "num_statements": 13, "percent_covered": 0.0, "percent_covered_display": "0", "missing_lines": 13, "excluded_lines": 0}, "missing_lines": [287, 290, 292, 293, 294, 312, 315, 316, 317, 318, 326, 328, 338], "excluded_lines": []}, "BuilderAgent.generate_config": {"executed_lines": [], "summary": {"covered_lines": 0, "num_statements": 8, "percent_covered": 0.0, "percent_covered_display": "0", "missing_lines": 8, "excluded_lines": 0}, "missing_lines": [351, 354, 382, 383, 386, 410, 422, 430], "excluded_lines": []}, "BuilderAgent.review_code": {"executed_lines": [], "summary": {"covered_lines": 0, "num_statements": 16, "percent_covered": 0.0, "percent_covered_display": "0", "missing_lines": 16, "excluded_lines": 0}, "missing_lines": [443, 444, 447, 448, 450, 451, 453, 454, 456, 457, 460, 461, 462, 464, 466, 476], "excluded_lines": []}, "BuilderAgent.route_task": {"executed_lines": [], "summary": {"covered_lines": 0, "num_statements": 4, "percent_covered": 0.0, "percent_covered_display": "0", "missing_lines": 4, "excluded_lines": 0}, "missing_lines": [489, 496, 498, 508], "excluded_lines": []}, "BuilderAgent.get_cost_metrics": {"executed_lines": [], "summary": {"covered_lines": 0, "num_statements": 4, "percent_covered": 0.0, "percent_covered_display": "0", "missing_lines": 4, "excluded_lines": 0}, "missing_lines": [512, 513, 520, 528], "excluded_lines": []}, "get_builder_agent": {"executed_lines": [], "summary": {"covered_lines": 0, "num_statements": 3, "percent_covered": 0.0, "percent_covered_display": "0", "missing_lines": 3, "excluded_lines": 0}, "missing_lines": [542, 543, 544], "excluded_lines": []}, "": {"executed_lines": [1, 15, 16, 17, 18, 19, 20, 21, 22, 25, 26, 32, 33, 36, 37, 55, 77, 99, 118, 192, 275, 340, 432, 478, 510, 540], "summary": {"covered_lines": 24, "num_statements": 24, "percent_covered": 100.0, "percent_covered_display": "100", "missing_lines": 0, "excluded_lines": 0}, "missing_lines": [], "excluded_lines": []}}, "classes": {"BuilderAgent": {"executed_lines": [], "summary": {"covered_lines": 0, "num_statements": 78, "percent_covered": 0.0, "percent_covered_display": "0", "missing_lines": 78, "excluded_lines": 0}, "missing_lines": [56, 57, 58, 59, 62, 66, 73, 75, 79, 80, 82, 95, 96, 97, 101, 130, 133, 154, 155, 156, 166, 167, 168, 180, 190, 204, 207, 208, 209, 243, 244, 264, 273, 287, 290, 292, 293, 294, 312, 315, 316, 317, 318, 326, 328, 338, 351, 354, 382, 383, 386, 410, 422, 430, 443, 444, 447, 448, 450, 451, 453, 454, 456, 457, 460, 461, 462, 464, 466, 476, 489, 496, 498, 508, 512, 513, 520, 528], "excluded_lines": []}, "": {"executed_lines": [1, 15, 16, 17, 18, 19, 20, 21, 22, 25, 26, 32, 33, 36, 37, 55, 77, 99, 118, 192, 275, 340, 432, 478, 510, 540], "summary": {"covered_lines": 24, "num_statements": 27, "percent_covered": 88.88888888888889, "percent_covered_display": "89", "missing_lines": 3, "excluded_lines": 0}, "missing_lines": [542, 543, 544], "excluded_lines": []}}}, "agents/builder_agent_enhanced.py": {"executed_lines": [1, 20, 21, 22, 23, 24, 25, 26, 27, 28, 29, 32, 39, 46, 48, 49, 57, 58, 61, 62, 63, 68, 69, 70, 71, 72, 73, 74, 75, 76, 77, 80, 81, 102, 109, 110, 111, 112, 115, 116, 119, 120, 121, 123, 124, 125, 126, 129, 132, 139, 141, 143, 166, 188, 217, 229, 231, 232, 233, 234, 235, 236, 237, 240, 245, 246, 247, 248, 249, 250, 252, 258, 290, 313, 317, 318, 321, 341, 343, 344, 345, 346, 347, 348, 351, 352, 353, 355, 357, 402, 454, 760, 834, 917, 982, 1074, 1121, 1153, 1181], "summary": {"covered_lines": 96, "num_statements": 306, "percent_covered": 31.372549019607842, "percent_covered_display": "31", "missing_lines": 210, "excluded_lines": 0}, "missing_lines": [145, 146, 148, 161, 162, 163, 164, 168, 199, 201, 202, 205, 212, 213, 215, 254, 255, 256, 274, 275, 276, 278, 286, 288, 314, 315, 372, 374, 375, 381, 382, 384, 385, 386, 387, 389, 391, 392, 393, 394, 395, 396, 397, 398, 399, 400, 421, 422, 437, 438, 440, 441, 443, 444, 445, 446, 447, 448, 449, 450, 451, 452, 481, 482, 483, 486, 487, 492, 502, 504, 505, 506, 509, 510, 512, 517, 523, 530, 531, 534, 535, 545, 548, 549, 551, 557, 558, 564, 571, 572, 575, 576, 586, 589, 590, 592, 598, 599, 605, 612, 613, 616, 617, 627, 630, 631, 633, 639, 645, 650, 657, 658, 661, 662, 672, 675, 676, 679, 680, 682, 693, 694, 695, 696, 697, 699, 701, 702, 704, 705, 707, 718, 720, 721, 723, 724, 726, 737, 739, 740, 742, 743, 745, 756, 772, 775, 796, 797, 798, 808, 809, 810, 822, 832, 846, 849, 850, 851, 885, 886, 906, 915, 929, 932, 934, 935, 936, 954, 957, 958, 959, 960, 968, 970, 980, 993, 996, 1024, 1025, 1028, 1052, 1064, 1072, 1085, 1086, 1089, 1090, 1092, 1093, 1095, 1096, 1098, 1099, 1102, 1103, 1104, 1106, 1108, 1118, 1132, 1139, 1141, 1151, 1155, 1156, 1163, 1171, 1183, 1184, 1185], "excluded_lines": [], "functions": {"EnhancedBuilderAgent.__init__": {"executed_lines": [109, 110, 111, 112, 115, 116, 119, 120, 121, 123, 124, 125, 126, 129, 132, 139, 141], "summary": {"covered_lines": 17, "num_statements": 17, "percent_covered": 100.0, "percent_covered_display": "100", "missing_lines": 0, "excluded_lines": 0}, "missing_lines": [], "excluded_lines": []}, "EnhancedBuilderAgent.initialize": {"executed_lines": [], "summary": {"covered_lines": 0, "num_statements": 7, "percent_covered": 0.0, "percent_covered_display": "0", "missing_lines": 7, "excluded_lines": 0}, "missing_lines": [145, 146, 148, 161, 162, 163, 164], "excluded_lines": []}, "EnhancedBuilderAgent._get_system_instruction": {"executed_lines": [], "summary": {"covered_lines": 0, "num_statements": 1, "percent_covered": 0.0, "percent_covered_display": "0", "missing_lines": 1, "excluded_lines": 0}, "missing_lines": [168], "excluded_lines": []}, "EnhancedBuilderAgent._start_trajectory": {"executed_lines": [], "summary": {"covered_lines": 0, "num_statements": 7, "percent_covered": 0.0, "percent_covered_display": "0", "missing_lines": 7, "excluded_lines": 0}, "missing_lines": [199, 201, 202, 205, 212, 213, 215], "excluded_lines": []}, "EnhancedBuilderAgent._check_anti_patterns": {"executed_lines": [229, 231, 232, 233, 234, 235, 236, 237, 240, 245, 246, 247, 248, 249, 250, 252], "summary": {"covered_lines": 16, "num_statements": 19, "percent_covered": 84.21052631578948, "percent_covered_display": "84", "missing_lines": 3, "excluded_lines": 0}, "missing_lines": [254, 255, 256], "excluded_lines": []}, "EnhancedBuilderAgent._record_action": {"executed_lines": [], "summary": {"covered_lines": 0, "num_statements": 6, "percent_covered": 0.0, "percent_covered_display": "0", "missing_lines": 6, "excluded_lines": 0}, "missing_lines": [274, 275, 276, 278, 286, 288], "excluded_lines": []}, "EnhancedBuilderAgent._finalize_trajectory": {"executed_lines": [313, 317, 318, 321, 341, 343, 344, 345, 346, 347, 348, 351, 352, 353, 355], "summary": {"covered_lines": 15, "num_statements": 17, "percent_covered": 88.23529411764706, "percent_covered_display": "88", "missing_lines": 2, "excluded_lines": 0}, "missing_lines": [314, 315], "excluded_lines": []}, "EnhancedBuilderAgent._query_code_patterns": {"executed_lines": [], "summary": {"covered_lines": 0, "num_statements": 20, "percent_covered": 0.0, "percent_covered_display": "0", "missing_lines": 20, "excluded_lines": 0}, "missing_lines": [372, 374, 375, 381, 382, 384, 385, 386, 387, 389, 391, 392, 393, 394, 395, 396, 397, 398, 399, 400], "excluded_lines": []}, "EnhancedBuilderAgent._store_successful_pattern": {"executed_lines": [], "summary": {"covered_lines": 0, "num_statements": 16, "percent_covered": 0.0, "percent_covered_display": "0", "missing_lines": 16, "excluded_lines": 0}, "missing_lines": [421, 422, 437, 438, 440, 441, 443, 444, 445, 446, 447, 448, 449, 450, 451, 452], "excluded_lines": []}, "EnhancedBuilderAgent.build_from_spec": {"executed_lines": [], "summary": {"covered_lines": 0, "num_statements": 82, "percent_covered": 0.0, "percent_covered_display": "0", "missing_lines": 82, "excluded_lines": 0}, "missing_lines": [481, 482, 483, 486, 487, 492, 502, 504, 505, 506, 509, 510, 512, 517, 523, 530, 531, 534, 535, 545, 548, 549, 551, 557, 558, 564, 571, 572, 575, 576, 586, 589, 590, 592, 598, 599, 605, 612, 613, 616, 617, 627, 630, 631, 633, 639, 645, 650, 657, 658, 661, 662, 672, 675, 676, 679, 680, 682, 693, 694, 695, 696, 697, 699, 701, 702, 704, 705, 707, 718, 720, 721, 723, 724, 726, 737, 739, 740, 742, 743, 745, 756], "excluded_lines": []}, "EnhancedBuilderAgent.generate_frontend": {"executed_lines": [], "summary": {"covered_lines": 0, "num_statements": 10, "percent_covered": 0.0, "percent_covered_display": "0", "missing_lines": 10, "excluded_lines": 0}, "missing_lines": [772, 775, 796, 797, 798, 808, 809, 810, 822, 832], "excluded_lines": []}, "EnhancedBuilderAgent.generate_backend": {"executed_lines": [], "summary": {"covered_lines": 0, "num_statements": 8, "percent_covered": 0.0, "percent_covered_display": "0", "missing_lines": 8, "excluded_lines": 0}, "missing_lines": [846, 849, 850, 851, 885, 886, 906, 915], "excluded_lines": []}, "EnhancedBuilderAgent.generate_database": {"executed_lines": [], "summary": {"covered_lines": 0, "num_statements": 13, "percent_covered": 0.0, "percent_covered_display": "0", "missing_lines": 13, "excluded_lines": 0}, "missing_lines": [929, 932, 934, 935, 936, 954, 957, 958, 959, 960, 968, 970, 980], "excluded_lines": []}, "EnhancedBuilderAgent.generate_config": {"executed_lines": [], "summary": {"covered_lines": 0, "num_statements": 8, "percent_covered": 0.0, "percent_covered_display": "0", "missing_lines": 8, "excluded_lines": 0}, "missing_lines": [993, 996, 1024, 1025, 1028, 1052, 1064, 1072], "excluded_lines": []}, "EnhancedBuilderAgent.review_code": {"executed_lines": [], "summary": {"covered_lines": 0, "num_statements": 16, "percent_covered": 0.0, "percent_covered_display": "0", "missing_lines": 16, "excluded_lines": 0}, "missing_lines": [1085, 1086, 1089, 1090, 1092, 1093, 1095, 1096, 1098, 1099, 1102, 1103, 1104, 1106, 1108, 1118], "excluded_lines": []}, "EnhancedBuilderAgent.route_task": {"executed_lines": [], "summary": {"covered_lines": 0, "num_statements": 4, "percent_covered": 0.0, "percent_covered_display": "0", "missing_lines": 4, "excluded_lines": 0}, "missing_lines": [1132, 1139, 1141, 1151], "excluded_lines": []}, "EnhancedBuilderAgent.get_cost_metrics": {"executed_lines": [], "summary": {"covered_lines": 0, "num_statements": 4, "percent_covered": 0.0, "percent_covered_display": "0", "missing_lines": 4, "excluded_lines": 0}, "missing_lines": [1155, 1156, 1163, 1171], "excluded_lines": []}, "get_enhanced_builder_agent": {"executed_lines": [], "summary": {"covered_lines": 0, "num_statements": 3, "percent_covered": 0.0, "percent_covered_display": "0", "missing_lines": 3, "excluded_lines": 0}, "missing_lines": [1183, 1184, 1185], "excluded_lines": []}, "": {"executed_lines": [1, 20, 21, 22, 23, 24, 25, 26, 27, 28, 29, 32, 39, 46, 48, 49, 57, 58, 61, 62, 63, 68, 69, 70, 71, 72, 73, 74, 75, 76, 77, 80, 81, 102, 143, 166, 188, 217, 258, 290, 357, 402, 454, 760, 834, 917, 982, 1074, 1121, 1153, 1181], "summary": {"covered_lines": 48, "num_statements": 48, "percent_covered": 100.0, "percent_covered_display": "100", "missing_lines": 0, "excluded_lines": 0}, "missing_lines": [], "excluded_lines": []}}, "classes": {"BuildAttempt": {"executed_lines": [], "summary": {"covered_lines": 0, "num_statements": 0, "percent_covered": 100.0, "percent_covered_display": "100", "missing_lines": 0, "excluded_lines": 0}, "missing_lines": [], "excluded_lines": []}, "EnhancedBuilderAgent": {"executed_lines": [109, 110, 111, 112, 115, 116, 119, 120, 121, 123, 124, 125, 126, 129, 132, 139, 141, 229, 231, 232, 233, 234, 235, 236, 237, 240, 245, 246, 247, 248, 249, 250, 252, 313, 317, 318, 321, 341, 343, 344, 345, 346, 347, 348, 351, 352, 353, 355], "summary": {"covered_lines": 48, "num_statements": 255, "percent_covered": 18.823529411764707, "percent_covered_display": "19", "missing_lines": 207, "excluded_lines": 0}, "missing_lines": [145, 146, 148, 161, 162, 163, 164, 168, 199, 201, 202, 205, 212, 213, 215, 254, 255, 256, 274, 275, 276, 278, 286, 288, 314, 315, 372, 374, 375, 381, 382, 384, 385, 386, 387, 389, 391, 392, 393, 394, 395, 396, 397, 398, 399, 400, 421, 422, 437, 438, 440, 441, 443, 444, 445, 446, 447, 448, 449, 450, 451, 452, 481, 482, 483, 486, 487, 492, 502, 504, 505, 506, 509, 510, 512, 517, 523, 530, 531, 534, 535, 545, 548, 549, 551, 557, 558, 564, 571, 572, 575, 576, 586, 589, 590, 592, 598, 599, 605, 612, 613, 616, 617, 627, 630, 631, 633, 639, 645, 650, 657, 658, 661, 662, 672, 675, 676, 679, 680, 682, 693, 694, 695, 696, 697, 699, 701, 702, 704, 705, 707, 718, 720, 721, 723, 724, 726, 737, 739, 740, 742, 743, 745, 756, 772, 775, 796, 797, 798, 808, 809, 810, 822, 832, 846, 849, 850, 851, 885, 886, 906, 915, 929, 932, 934, 935, 936, 954, 957, 958, 959, 960, 968, 970, 980, 993, 996, 1024, 1025, 1028, 1052, 1064, 1072, 1085, 1086, 1089, 1090, 1092, 1093, 1095, 1096, 1098, 1099, 1102, 1103, 1104, 1106, 1108, 1118, 1132, 1139, 1141, 1151, 1155, 1156, 1163, 1171], "excluded_lines": []}, "": {"executed_lines": [1, 20, 21, 22, 23, 24, 25, 26, 27, 28, 29, 32, 39, 46, 48, 49, 57, 58, 61, 62, 63, 68, 69, 70, 71, 72, 73, 74, 75, 76, 77, 80, 81, 102, 143, 166, 188, 217, 258, 290, 357, 402, 454, 760, 834, 917, 982, 1074, 1121, 1153, 1181], "summary": {"covered_lines": 48, "num_statements": 51, "percent_covered": 94.11764705882354, "percent_covered_display": "94", "missing_lines": 3, "excluded_lines": 0}, "missing_lines": [1183, 1184, 1185], "excluded_lines": []}}}, "agents/content_agent.py": {"executed_lines": [1, 11, 12, 13, 14, 15, 16, 17, 18, 21, 22, 28, 29, 32, 33, 41, 61, 72, 83, 88, 93, 125, 154], "summary": {"covered_lines": 21, "num_statements": 48, "percent_covered": 43.75, "percent_covered_display": "44", "missing_lines": 27, "excluded_lines": 0}, "missing_lines": [42, 43, 46, 50, 57, 59, 62, 63, 64, 70, 74, 81, 85, 86, 90, 91, 104, 111, 113, 123, 127, 128, 135, 143, 155, 156, 157], "excluded_lines": [], "functions": {"ContentAgent.__init__": {"executed_lines": [], "summary": {"covered_lines": 0, "num_statements": 6, "percent_covered": 0.0, "percent_covered_display": "0", "missing_lines": 6, "excluded_lines": 0}, "missing_lines": [42, 43, 46, 50, 57, 59], "excluded_lines": []}, "ContentAgent.initialize": {"executed_lines": [], "summary": {"covered_lines": 0, "num_statements": 4, "percent_covered": 0.0, "percent_covered_display": "0", "missing_lines": 4, "excluded_lines": 0}, "missing_lines": [62, 63, 64, 70], "excluded_lines": []}, "ContentAgent.write_blog_post": {"executed_lines": [], "summary": {"covered_lines": 0, "num_statements": 2, "percent_covered": 0.0, "percent_covered_display": "0", "missing_lines": 2, "excluded_lines": 0}, "missing_lines": [74, 81], "excluded_lines": []}, "ContentAgent.create_documentation": {"executed_lines": [], "summary": {"covered_lines": 0, "num_statements": 2, "percent_covered": 0.0, "percent_covered_display": "0", "missing_lines": 2, "excluded_lines": 0}, "missing_lines": [85, 86], "excluded_lines": []}, "ContentAgent.generate_faq": {"executed_lines": [], "summary": {"covered_lines": 0, "num_statements": 2, "percent_covered": 0.0, "percent_covered_display": "0", "missing_lines": 2, "excluded_lines": 0}, "missing_lines": [90, 91], "excluded_lines": []}, "ContentAgent.route_task": {"executed_lines": [], "summary": {"covered_lines": 0, "num_statements": 4, "percent_covered": 0.0, "percent_covered_display": "0", "missing_lines": 4, "excluded_lines": 0}, "missing_lines": [104, 111, 113, 123], "excluded_lines": []}, "ContentAgent.get_cost_metrics": {"executed_lines": [], "summary": {"covered_lines": 0, "num_statements": 4, "percent_covered": 0.0, "percent_covered_display": "0", "missing_lines": 4, "excluded_lines": 0}, "missing_lines": [127, 128, 135, 143], "excluded_lines": []}, "get_content_agent": {"executed_lines": [], "summary": {"covered_lines": 0, "num_statements": 3, "percent_covered": 0.0, "percent_covered_display": "0", "missing_lines": 3, "excluded_lines": 0}, "missing_lines": [155, 156, 157], "excluded_lines": []}, "": {"executed_lines": [1, 11, 12, 13, 14, 15, 16, 17, 18, 21, 22, 28, 29, 32, 33, 41, 61, 72, 83, 88, 93, 125, 154], "summary": {"covered_lines": 21, "num_statements": 21, "percent_covered": 100.0, "percent_covered_display": "100", "missing_lines": 0, "excluded_lines": 0}, "missing_lines": [], "excluded_lines": []}}, "classes": {"ContentAgent": {"executed_lines": [], "summary": {"covered_lines": 0, "num_statements": 24, "percent_covered": 0.0, "percent_covered_display": "0", "missing_lines": 24, "excluded_lines": 0}, "missing_lines": [42, 43, 46, 50, 57, 59, 62, 63, 64, 70, 74, 81, 85, 86, 90, 91, 104, 111, 113, 123, 127, 128, 135, 143], "excluded_lines": []}, "": {"executed_lines": [1, 11, 12, 13, 14, 15, 16, 17, 18, 21, 22, 28, 29, 32, 33, 41, 61, 72, 83, 88, 93, 125, 154], "summary": {"covered_lines": 21, "num_statements": 24, "percent_covered": 87.5, "percent_covered_display": "88", "missing_lines": 3, "excluded_lines": 0}, "missing_lines": [155, 156, 157], "excluded_lines": []}}}, "agents/darwin_agent.py": {"executed_lines": [1, 31, 32, 33, 34, 35, 36, 37, 38, 39, 40, 41, 42, 43, 44, 46, 47, 50, 57, 60, 61, 62, 63, 64, 65, 66, 69, 70, 71, 72, 73, 74, 75, 76, 77, 80, 81, 82, 83, 84, 85, 86, 87, 88, 89, 90, 91, 92, 93, 94, 95, 96, 97, 100, 101, 102, 103, 104, 105, 106, 107, 108, 109, 110, 111, 112, 113, 116, 117, 138, 162, 163, 164, 165, 166, 167, 170, 171, 174, 175, 178, 179, 180, 183, 184, 186, 187, 188, 190, 203, 206, 209, 212, 214, 217, 219, 232, 233, 235, 237, 240, 243, 251, 253, 274, 281, 284, 285, 286, 288, 291, 292, 293, 294, 295, 296, 297, 300, 303, 309, 310, 311, 315, 325, 328, 333, 334, 335, 336, 337, 338, 340, 342, 348, 350, 352, 355, 358, 361, 377, 379, 381, 387, 388, 391, 392, 393, 394, 396, 397, 398, 401, 402, 403, 404, 407, 408, 409, 411, 421, 424, 425, 465, 466, 467, 469, 471, 474, 475, 476, 477, 478, 479, 480, 481, 485, 492, 493, 494, 496, 497, 499, 501, 502, 505, 506, 509, 510, 516, 517, 518, 519, 520, 521, 523, 527, 528, 530, 531, 532, 533, 536, 537, 538, 540, 548, 549, 552, 557, 560, 577, 578, 581, 583, 592, 603, 627, 628, 635, 638, 640, 643, 645, 646, 647, 649, 659, 661, 663, 664, 667, 676, 677, 685, 696, 699, 701, 708, 710, 711, 718, 751, 753, 754, 756, 758, 774, 775, 776, 777, 779, 781, 791, 793, 794, 797, 811, 812, 814, 815, 821, 831, 832, 834, 835, 836, 839, 840, 843, 844, 845, 846, 848, 849, 850, 856, 868, 869, 871, 872, 875, 876, 877, 878, 879, 880, 881, 884, 887, 893, 894, 895, 899, 909, 912, 913, 914, 915, 916, 917, 919, 923, 938], "summary": {"covered_lines": 297, "num_statements": 391, "percent_covered": 75.95907928388746, "percent_covered_display": "76", "missing_lines": 94, "excluded_lines": 0}, "missing_lines": [204, 215, 255, 257, 258, 260, 261, 263, 264, 266, 268, 272, 312, 313, 316, 317, 320, 321, 322, 323, 329, 330, 431, 432, 435, 436, 437, 438, 439, 440, 441, 444, 454, 460, 462, 463, 483, 541, 542, 543, 544, 545, 561, 562, 566, 567, 569, 570, 571, 574, 585, 586, 587, 588, 589, 590, 639, 641, 679, 681, 682, 683, 714, 715, 716, 720, 721, 729, 746, 748, 749, 817, 818, 819, 852, 853, 854, 896, 897, 900, 901, 904, 905, 906, 907, 935, 940, 941, 948, 949, 950, 951, 952, 954], "excluded_lines": [], "functions": {"DarwinAgent.__init__": {"executed_lines": [162, 163, 164, 165, 166, 167, 170, 171, 174, 175, 178, 179, 180, 183, 184, 186, 187, 188], "summary": {"covered_lines": 18, "num_statements": 18, "percent_covered": 100.0, "percent_covered_display": "100", "missing_lines": 0, "excluded_lines": 0}, "missing_lines": [], "excluded_lines": []}, "DarwinAgent._sanitize_path_component": {"executed_lines": [203, 206, 209, 212, 214, 217], "summary": {"covered_lines": 6, "num_statements": 8, "percent_covered": 75.0, "percent_covered_display": "75", "missing_lines": 2, "excluded_lines": 0}, "missing_lines": [204, 215], "excluded_lines": []}, "DarwinAgent._sanitize_for_logging": {"executed_lines": [232, 233, 235, 237, 240, 243, 251, 253], "summary": {"covered_lines": 8, "num_statements": 18, "percent_covered": 44.44444444444444, "percent_covered_display": "44", "missing_lines": 10, "excluded_lines": 0}, "missing_lines": [255, 257, 258, 260, 261, 263, 264, 266, 268, 272], "excluded_lines": []}, "DarwinAgent.evolve": {"executed_lines": [281, 284, 285, 286, 288, 291, 292, 293, 294, 295, 296, 297, 300, 303, 309, 310, 311, 315, 325, 328, 333, 334, 335, 336, 337, 338, 340], "summary": {"covered_lines": 27, "num_statements": 37, "percent_covered": 72.97297297297297, "percent_covered_display": "73", "missing_lines": 10, "excluded_lines": 0}, "missing_lines": [312, 313, 316, 317, 320, 321, 322, 323, 329, 330], "excluded_lines": []}, "DarwinAgent._generate_evolution_attempts": {"executed_lines": [348, 350, 352, 355, 358, 361, 377, 379], "summary": {"covered_lines": 8, "num_statements": 8, "percent_covered": 100.0, "percent_covered_display": "100", "missing_lines": 0, "excluded_lines": 0}, "missing_lines": [], "excluded_lines": []}, "DarwinAgent._select_parent": {"executed_lines": [387, 388, 391, 392, 393, 394, 396, 397, 398, 401, 402, 403, 404, 407, 408, 409], "summary": {"covered_lines": 16, "num_statements": 16, "percent_covered": 100.0, "percent_covered_display": "100", "missing_lines": 0, "excluded_lines": 0}, "missing_lines": [], "excluded_lines": []}, "DarwinAgent._diagnose_problems": {"executed_lines": [421, 424, 425, 465, 466, 467], "summary": {"covered_lines": 6, "num_statements": 20, "percent_covered": 30.0, "percent_covered_display": "30", "missing_lines": 14, "excluded_lines": 0}, "missing_lines": [431, 432, 435, 436, 437, 438, 439, 440, 441, 444, 454, 460, 462, 463], "excluded_lines": []}, "DarwinAgent._determine_improvement_type": {"executed_lines": [471, 474, 475, 476, 477, 478, 479, 480, 481], "summary": {"covered_lines": 9, "num_statements": 10, "percent_covered": 90.0, "percent_covered_display": "90", "missing_lines": 1, "excluded_lines": 0}, "missing_lines": [483], "excluded_lines": []}, "DarwinAgent._execute_evolution_attempt": {"executed_lines": [492, 493, 494, 496, 497, 499, 501, 502, 505, 506, 509, 510, 516, 517, 518, 519, 520, 521, 523, 527, 528, 530, 531, 532, 533, 536, 537, 538, 540, 548, 549, 552, 557, 560, 577, 578, 581, 583], "summary": {"covered_lines": 38, "num_statements": 57, "percent_covered": 66.66666666666667, "percent_covered_display": "67", "missing_lines": 19, "excluded_lines": 0}, "missing_lines": [541, 542, 543, 544, 545, 561, 562, 566, 567, 569, 570, 571, 574, 585, 586, 587, 588, 589, 590], "excluded_lines": []}, "DarwinAgent._generate_code_improvements": {"executed_lines": [603, 627, 628, 635, 638, 640, 643, 645, 646, 647], "summary": {"covered_lines": 10, "num_statements": 12, "percent_covered": 83.33333333333333, "percent_covered_display": "83", "missing_lines": 2, "excluded_lines": 0}, "missing_lines": [639, 641], "excluded_lines": []}, "DarwinAgent._validate_in_sandbox": {"executed_lines": [659, 661, 663, 664, 667, 676, 677], "summary": {"covered_lines": 7, "num_statements": 11, "percent_covered": 63.63636363636363, "percent_covered_display": "64", "missing_lines": 4, "excluded_lines": 0}, "missing_lines": [679, 681, 682, 683], "excluded_lines": []}, "DarwinAgent._evaluate_agent": {"executed_lines": [696, 699, 701], "summary": {"covered_lines": 3, "num_statements": 3, "percent_covered": 100.0, "percent_covered_display": "100", "missing_lines": 0, "excluded_lines": 0}, "missing_lines": [], "excluded_lines": []}, "DarwinAgent._get_agent_code_path": {"executed_lines": [710, 711], "summary": {"covered_lines": 2, "num_statements": 5, "percent_covered": 40.0, "percent_covered_display": "40", "missing_lines": 3, "excluded_lines": 0}, "missing_lines": [714, 715, 716], "excluded_lines": []}, "DarwinAgent._store_successful_strategy": {"executed_lines": [], "summary": {"covered_lines": 0, "num_statements": 6, "percent_covered": 0.0, "percent_covered_display": "0", "missing_lines": 6, "excluded_lines": 0}, "missing_lines": [720, 721, 729, 746, 748, 749], "excluded_lines": []}, "DarwinAgent._create_evolution_archive": {"executed_lines": [753, 754, 756, 758, 774, 775, 776, 777, 779], "summary": {"covered_lines": 9, "num_statements": 9, "percent_covered": 100.0, "percent_covered_display": "100", "missing_lines": 0, "excluded_lines": 0}, "missing_lines": [], "excluded_lines": []}, "DarwinAgent.save_checkpoint": {"executed_lines": [791, 793, 794, 797, 811, 812, 814, 815], "summary": {"covered_lines": 8, "num_statements": 11, "percent_covered": 72.72727272727273, "percent_covered_display": "73", "missing_lines": 3, "excluded_lines": 0}, "missing_lines": [817, 818, 819], "excluded_lines": []}, "DarwinAgent.load_checkpoint": {"executed_lines": [831, 832, 834, 835, 836, 839, 840, 843, 844, 845, 846, 848, 849, 850], "summary": {"covered_lines": 14, "num_statements": 17, "percent_covered": 82.3529411764706, "percent_covered_display": "82", "missing_lines": 3, "excluded_lines": 0}, "missing_lines": [852, 853, 854], "excluded_lines": []}, "DarwinAgent.resume_evolution": {"executed_lines": [868, 869, 871, 872, 875, 876, 877, 878, 879, 880, 881, 884, 887, 893, 894, 895, 899, 909, 912, 913, 914, 915, 916, 917, 919], "summary": {"covered_lines": 25, "num_statements": 33, "percent_covered": 75.75757575757575, "percent_covered_display": "76", "missing_lines": 8, "excluded_lines": 0}, "missing_lines": [896, 897, 900, 901, 904, 905, 906, 907], "excluded_lines": []}, "get_darwin_agent": {"executed_lines": [], "summary": {"covered_lines": 0, "num_statements": 1, "percent_covered": 0.0, "percent_covered_display": "0", "missing_lines": 1, "excluded_lines": 0}, "missing_lines": [935], "excluded_lines": []}, "main": {"executed_lines": [], "summary": {"covered_lines": 0, "num_statements": 6, "percent_covered": 0.0, "percent_covered_display": "0", "missing_lines": 6, "excluded_lines": 0}, "missing_lines": [941, 948, 949, 950, 951, 952], "excluded_lines": []}, "": {"executed_lines": [1, 31, 32, 33, 34, 35, 36, 37, 38, 39, 40, 41, 42, 43, 44, 46, 47, 50, 57, 60, 61, 62, 63, 64, 65, 66, 69, 70, 71, 72, 73, 74, 75, 76, 77, 80, 81, 82, 83, 84, 85, 86, 87, 88, 89, 90, 91, 92, 93, 94, 95, 96, 97, 100, 101, 102, 103, 104, 105, 106, 107, 108, 109, 110, 111, 112, 113, 116, 117, 138, 190, 219, 274, 342, 381, 411, 469, 485, 592, 649, 685, 708, 718, 751, 781, 821, 856, 923, 938], "summary": {"covered_lines": 83, "num_statements": 85, "percent_covered": 97.6470588235294, "percent_covered_display": "98", "missing_lines": 2, "excluded_lines": 0}, "missing_lines": [940, 954], "excluded_lines": []}}, "classes": {"ImprovementType": {"executed_lines": [], "summary": {"covered_lines": 0, "num_statements": 0, "percent_covered": 100.0, "percent_covered_display": "100", "missing_lines": 0, "excluded_lines": 0}, "missing_lines": [], "excluded_lines": []}, "EvolutionStatus": {"executed_lines": [], "summary": {"covered_lines": 0, "num_statements": 0, "percent_covered": 100.0, "percent_covered_display": "100", "missing_lines": 0, "excluded_lines": 0}, "missing_lines": [], "excluded_lines": []}, "EvolutionAttempt": {"executed_lines": [], "summary": {"covered_lines": 0, "num_statements": 0, "percent_covered": 100.0, "percent_covered_display": "100", "missing_lines": 0, "excluded_lines": 0}, "missing_lines": [], "excluded_lines": []}, "EvolutionArchive": {"executed_lines": [], "summary": {"covered_lines": 0, "num_statements": 0, "percent_covered": 100.0, "percent_covered_display": "100", "missing_lines": 0, "excluded_lines": 0}, "missing_lines": [], "excluded_lines": []}, "DarwinAgent": {"executed_lines": [162, 163, 164, 165, 166, 167, 170, 171, 174, 175, 178, 179, 180, 183, 184, 186, 187, 188, 203, 206, 209, 212, 214, 217, 232, 233, 235, 237, 240, 243, 251, 253, 281, 284, 285, 286, 288, 291, 292, 293, 294, 295, 296, 297, 300, 303, 309, 310, 311, 315, 325, 328, 333, 334, 335, 336, 337, 338, 340, 348, 350, 352, 355, 358, 361, 377, 379, 387, 388, 391, 392, 393, 394, 396, 397, 398, 401, 402, 403, 404, 407, 408, 409, 421, 424, 425, 465, 466, 467, 471, 474, 475, 476, 477, 478, 479, 480, 481, 492, 493, 494, 496, 497, 499, 501, 502, 505, 506, 509, 510, 516, 517, 518, 519, 520, 521, 523, 527, 528, 530, 531, 532, 533, 536, 537, 538, 540, 548, 549, 552, 557, 560, 577, 578, 581, 583, 603, 627, 628, 635, 638, 640, 643, 645, 646, 647, 659, 661, 663, 664, 667, 676, 677, 696, 699, 701, 710, 711, 753, 754, 756, 758, 774, 775, 776, 777, 779, 791, 793, 794, 797, 811, 812, 814, 815, 831, 832, 834, 835, 836, 839, 840, 843, 844, 845, 846, 848, 849, 850, 868, 869, 871, 872, 875, 876, 877, 878, 879, 880, 881, 884, 887, 893, 894, 895, 899, 909, 912, 913, 914, 915, 916, 917, 919], "summary": {"covered_lines": 214, "num_statements": 299, "percent_covered": 71.57190635451505, "percent_covered_display": "72", "missing_lines": 85, "excluded_lines": 0}, "missing_lines": [204, 215, 255, 257, 258, 260, 261, 263, 264, 266, 268, 272, 312, 313, 316, 317, 320, 321, 322, 323, 329, 330, 431, 432, 435, 436, 437, 438, 439, 440, 441, 444, 454, 460, 462, 463, 483, 541, 542, 543, 544, 545, 561, 562, 566, 567, 569, 570, 571, 574, 585, 586, 587, 588, 589, 590, 639, 641, 679, 681, 682, 683, 714, 715, 716, 720, 721, 729, 746, 748, 749, 817, 818, 819, 852, 853, 854, 896, 897, 900, 901, 904, 905, 906, 907], "excluded_lines": []}, "": {"executed_lines": [1, 31, 32, 33, 34, 35, 36, 37, 38, 39, 40, 41, 42, 43, 44, 46, 47, 50, 57, 60, 61, 62, 63, 64, 65, 66, 69, 70, 71, 72, 73, 74, 75, 76, 77, 80, 81, 82, 83, 84, 85, 86, 87, 88, 89, 90, 91, 92, 93, 94, 95, 96, 97, 100, 101, 102, 103, 104, 105, 106, 107, 108, 109, 110, 111, 112, 113, 116, 117, 138, 190, 219, 274, 342, 381, 411, 469, 485, 592, 649, 685, 708, 718, 751, 781, 821, 856, 923, 938], "summary": {"covered_lines": 83, "num_statements": 92, "percent_covered": 90.21739130434783, "percent_covered_display": "90", "missing_lines": 9, "excluded_lines": 0}, "missing_lines": [935, 940, 941, 948, 949, 950, 951, 952, 954], "excluded_lines": []}}}, "agents/deploy_agent.py": {"executed_lines": [1, 26, 27, 28, 29, 30, 31, 32, 33, 34, 35, 36, 37, 38, 41, 42, 43, 44, 47, 48, 54, 59, 60, 66, 71, 72, 77, 83, 86, 87, 93, 107, 108, 115, 120, 123, 151, 161, 164, 196, 197, 198, 199, 200, 201, 202, 203, 204, 205, 206, 207, 210, 211, 212, 213, 214, 215, 216, 217, 218, 219, 220, 221, 222, 224, 225, 226, 227, 228, 231, 232, 239, 240, 241, 242, 244, 246, 247, 248, 250, 252, 253, 254, 255, 257, 259, 260, 261, 263, 265, 267, 269, 270, 271, 273, 283, 285, 286, 290, 291, 292, 293, 294, 295, 298, 299, 301, 309, 310, 329, 335, 336, 337, 338, 341, 342, 344, 345, 346, 351, 352, 353, 356, 357, 358, 360, 363, 364, 367, 382, 383, 384, 385, 386, 392, 393, 394, 399, 404, 405, 406, 407, 408, 410, 412, 434, 436, 437, 439, 440, 441, 447, 448, 450, 463, 465, 466, 468, 469, 474, 475, 477, 482, 496, 499, 500, 516, 517, 518, 523, 531, 534, 535, 545, 551, 568, 570, 573, 574, 577, 578, 579, 580, 581, 582, 585, 586, 587, 588, 589, 591, 599, 600, 602, 603, 604, 609, 626, 632, 633, 634, 637, 638, 639, 640, 647, 648, 651, 652, 655, 661, 662, 669, 675, 677, 684, 685, 707, 724, 725, 727, 729, 730, 733, 734, 743, 744, 745, 754, 757, 776, 781, 790, 792, 794, 797, 798, 813, 820, 830, 831, 861, 880, 890, 905, 906, 908, 910, 918, 919, 921, 923, 925, 926, 927, 933, 950, 958, 959, 963, 987, 988, 990, 991, 992, 993, 994, 995, 996, 999, 1000, 1006, 1010, 1011, 1016, 1019, 1022, 1024, 1025, 1030, 1037, 1039, 1042, 1045, 1046, 1048, 1052, 1053, 1055, 1057, 1059, 1060, 1062, 1077, 1078, 1079, 1080, 1081, 1082, 1084, 1086, 1087, 1088, 1090, 1091, 1092, 1093, 1094, 1096, 1106, 1108, 1114, 1115, 1121, 1126, 1127, 1132, 1136, 1141, 1143, 1145, 1150, 1161, 1177, 1182, 1183], "summary": {"covered_lines": 321, "num_statements": 390, "percent_covered": 82.3076923076923, "percent_covered_display": "82", "missing_lines": 69, "excluded_lines": 0}, "missing_lines": [55, 56, 57, 67, 68, 69, 78, 79, 80, 109, 116, 136, 137, 141, 143, 144, 148, 175, 176, 179, 180, 187, 188, 189, 191, 387, 388, 389, 400, 401, 402, 459, 460, 461, 478, 479, 480, 497, 519, 520, 521, 532, 546, 547, 627, 687, 688, 690, 691, 692, 693, 697, 698, 700, 701, 702, 833, 834, 835, 837, 838, 841, 842, 855, 1007, 1017, 1031, 1040, 1049], "excluded_lines": [], "functions": {"sanitize_path_component": {"executed_lines": [107, 108, 115, 120], "summary": {"covered_lines": 4, "num_statements": 6, "percent_covered": 66.66666666666667, "percent_covered_display": "67", "missing_lines": 2, "excluded_lines": 0}, "missing_lines": [109, 116], "excluded_lines": []}, "sanitize_task_type": {"executed_lines": [], "summary": {"covered_lines": 0, "num_statements": 6, "percent_covered": 0.0, "percent_covered_display": "0", "missing_lines": 6, "excluded_lines": 0}, "missing_lines": [136, 137, 141, 143, 144, 148], "excluded_lines": []}, "sanitize_subprocess_arg": {"executed_lines": [161], "summary": {"covered_lines": 1, "num_statements": 1, "percent_covered": 100.0, "percent_covered_display": "100", "missing_lines": 0, "excluded_lines": 0}, "missing_lines": [], "excluded_lines": []}, "sanitize_error_message": {"executed_lines": [], "summary": {"covered_lines": 0, "num_statements": 8, "percent_covered": 0.0, "percent_covered_display": "0", "missing_lines": 8, "excluded_lines": 0}, "missing_lines": [175, 176, 179, 180, 187, 188, 189, 191], "excluded_lines": []}, "DeploymentResult.__post_init__": {"executed_lines": [225, 226, 227, 228], "summary": {"covered_lines": 4, "num_statements": 4, "percent_covered": 100.0, "percent_covered_display": "100", "missing_lines": 0, "excluded_lines": 0}, "missing_lines": [], "excluded_lines": []}, "GeminiComputerUseClient.__init__": {"executed_lines": [240, 241, 242], "summary": {"covered_lines": 3, "num_statements": 3, "percent_covered": 100.0, "percent_covered_display": "100", "missing_lines": 0, "excluded_lines": 0}, "missing_lines": [], "excluded_lines": []}, "GeminiComputerUseClient.start_browser": {"executed_lines": [246, 247, 248], "summary": {"covered_lines": 3, "num_statements": 3, "percent_covered": 100.0, "percent_covered_display": "100", "missing_lines": 0, "excluded_lines": 0}, "missing_lines": [], "excluded_lines": []}, "GeminiComputerUseClient.stop_browser": {"executed_lines": [252, 253, 254, 255], "summary": {"covered_lines": 4, "num_statements": 4, "percent_covered": 100.0, "percent_covered_display": "100", "missing_lines": 0, "excluded_lines": 0}, "missing_lines": [], "excluded_lines": []}, "GeminiComputerUseClient.navigate": {"executed_lines": [259, 260, 261], "summary": {"covered_lines": 3, "num_statements": 3, "percent_covered": 100.0, "percent_covered_display": "100", "missing_lines": 0, "excluded_lines": 0}, "missing_lines": [], "excluded_lines": []}, "GeminiComputerUseClient.wait": {"executed_lines": [265], "summary": {"covered_lines": 1, "num_statements": 1, "percent_covered": 100.0, "percent_covered_display": "100", "missing_lines": 0, "excluded_lines": 0}, "missing_lines": [], "excluded_lines": []}, "GeminiComputerUseClient.take_screenshot": {"executed_lines": [269, 270, 271], "summary": {"covered_lines": 3, "num_statements": 3, "percent_covered": 100.0, "percent_covered_display": "100", "missing_lines": 0, "excluded_lines": 0}, "missing_lines": [], "excluded_lines": []}, "GeminiComputerUseClient.autonomous_task": {"executed_lines": [283, 285, 286, 290, 291, 292, 293, 294, 295, 298, 299, 301], "summary": {"covered_lines": 12, "num_statements": 12, "percent_covered": 100.0, "percent_covered_display": "100", "missing_lines": 0, "excluded_lines": 0}, "missing_lines": [], "excluded_lines": []}, "DeployAgent.__init__": {"executed_lines": [335, 336, 337, 338, 341, 342, 344, 345, 346, 351, 352, 353, 356, 357, 358], "summary": {"covered_lines": 15, "num_statements": 15, "percent_covered": 100.0, "percent_covered_display": "100", "missing_lines": 0, "excluded_lines": 0}, "missing_lines": [], "excluded_lines": []}, "DeployAgent.initialize": {"executed_lines": [363, 364, 367, 382, 383, 384, 385, 386, 392, 393, 394, 399, 404, 405, 406, 407, 408], "summary": {"covered_lines": 17, "num_statements": 23, "percent_covered": 73.91304347826087, "percent_covered_display": "74", "missing_lines": 6, "excluded_lines": 0}, "missing_lines": [387, 388, 389, 400, 401, 402], "excluded_lines": []}, "DeployAgent._get_system_instruction": {"executed_lines": [412], "summary": {"covered_lines": 1, "num_statements": 1, "percent_covered": 100.0, "percent_covered_display": "100", "missing_lines": 0, "excluded_lines": 0}, "missing_lines": [], "excluded_lines": []}, "DeployAgent._load_deployment_strategies": {"executed_lines": [436, 437, 439, 440, 441, 447, 448, 450], "summary": {"covered_lines": 8, "num_statements": 11, "percent_covered": 72.72727272727273, "percent_covered_display": "73", "missing_lines": 3, "excluded_lines": 0}, "missing_lines": [459, 460, 461], "excluded_lines": []}, "DeployAgent._load_anti_patterns": {"executed_lines": [465, 466, 468, 469, 474, 475, 477], "summary": {"covered_lines": 7, "num_statements": 10, "percent_covered": 70.0, "percent_covered_display": "70", "missing_lines": 3, "excluded_lines": 0}, "missing_lines": [478, 479, 480], "excluded_lines": []}, "DeployAgent._record_trajectory": {"executed_lines": [496, 499, 500, 516, 517, 518], "summary": {"covered_lines": 6, "num_statements": 10, "percent_covered": 60.0, "percent_covered_display": "60", "missing_lines": 4, "excluded_lines": 0}, "missing_lines": [497, 519, 520, 521], "excluded_lines": []}, "DeployAgent._store_successful_strategy": {"executed_lines": [531, 534, 535, 545], "summary": {"covered_lines": 4, "num_statements": 7, "percent_covered": 57.142857142857146, "percent_covered_display": "57", "missing_lines": 3, "excluded_lines": 0}, "missing_lines": [532, 546, 547], "excluded_lines": []}, "DeployAgent.prepare_deployment_files": {"executed_lines": [568, 570, 573, 574, 577, 578, 579, 580, 581, 582, 585, 586, 587, 588, 589, 591, 599, 600, 602, 603, 604], "summary": {"covered_lines": 21, "num_statements": 21, "percent_covered": 100.0, "percent_covered_display": "100", "missing_lines": 0, "excluded_lines": 0}, "missing_lines": [], "excluded_lines": []}, "DeployAgent.push_to_github": {"executed_lines": [626, 632, 633, 634, 637, 638, 639, 640, 647, 648, 651, 652, 655, 661, 662, 669, 675, 677, 684, 685], "summary": {"covered_lines": 20, "num_statements": 32, "percent_covered": 62.5, "percent_covered_display": "62", "missing_lines": 12, "excluded_lines": 0}, "missing_lines": [627, 687, 688, 690, 691, 692, 693, 697, 698, 700, 701, 702], "excluded_lines": []}, "DeployAgent.deploy_to_vercel": {"executed_lines": [724, 725, 727, 729, 730, 733, 734, 743, 744, 745, 754, 757, 776, 781, 790, 792, 794, 797, 798, 813, 820, 830, 831], "summary": {"covered_lines": 23, "num_statements": 31, "percent_covered": 74.19354838709677, "percent_covered_display": "74", "missing_lines": 8, "excluded_lines": 0}, "missing_lines": [833, 834, 835, 837, 838, 841, 842, 855], "excluded_lines": []}, "DeployAgent.deploy_to_netlify": {"executed_lines": [880], "summary": {"covered_lines": 1, "num_statements": 1, "percent_covered": 100.0, "percent_covered_display": "100", "missing_lines": 0, "excluded_lines": 0}, "missing_lines": [], "excluded_lines": []}, "DeployAgent.verify_deployment": {"executed_lines": [905, 906, 908, 910, 918, 919, 921, 923, 925, 926, 927], "summary": {"covered_lines": 11, "num_statements": 11, "percent_covered": 100.0, "percent_covered_display": "100", "missing_lines": 0, "excluded_lines": 0}, "missing_lines": [], "excluded_lines": []}, "DeployAgent.rollback_deployment": {"executed_lines": [950, 958, 959], "summary": {"covered_lines": 3, "num_statements": 3, "percent_covered": 100.0, "percent_covered_display": "100", "missing_lines": 0, "excluded_lines": 0}, "missing_lines": [], "excluded_lines": []}, "DeployAgent.full_deployment_workflow": {"executed_lines": [987, 988, 990, 991, 992, 993, 994, 995, 996, 999, 1000, 1006, 1010, 1011, 1016, 1019, 1022, 1024, 1025, 1030, 1037, 1039, 1042, 1045, 1046, 1048, 1052, 1053, 1055, 1057, 1059, 1060, 1062, 1077, 1078, 1079, 1080, 1081, 1082, 1084, 1086, 1087, 1088, 1090, 1091, 1092, 1093, 1094, 1096], "summary": {"covered_lines": 49, "num_statements": 54, "percent_covered": 90.74074074074075, "percent_covered_display": "91", "missing_lines": 5, "excluded_lines": 0}, "missing_lines": [1007, 1017, 1031, 1040, 1049], "excluded_lines": []}, "DeployAgent._generate_package_json": {"executed_lines": [1108, 1114, 1115, 1121, 1126, 1127, 1132, 1136, 1141], "summary": {"covered_lines": 9, "num_statements": 9, "percent_covered": 100.0, "percent_covered_display": "100", "missing_lines": 0, "excluded_lines": 0}, "missing_lines": [], "excluded_lines": []}, "DeployAgent.get_statistics": {"executed_lines": [1145, 1150], "summary": {"covered_lines": 2, "num_statements": 2, "percent_covered": 100.0, "percent_covered_display": "100", "missing_lines": 0, "excluded_lines": 0}, "missing_lines": [], "excluded_lines": []}, "get_deploy_agent": {"executed_lines": [1177, 1182, 1183], "summary": {"covered_lines": 3, "num_statements": 3, "percent_covered": 100.0, "percent_covered_display": "100", "missing_lines": 0, "excluded_lines": 0}, "missing_lines": [], "excluded_lines": []}, "": {"executed_lines": [1, 26, 27, 28, 29, 30, 31, 32, 33, 34, 35, 36, 37, 38, 41, 42, 43, 44, 47, 48, 54, 59, 60, 66, 71, 72, 77, 83, 86, 87, 93, 123, 151, 164, 196, 197, 198, 199, 200, 201, 202, 203, 204, 205, 206, 207, 210, 211, 212, 213, 214, 215, 216, 217, 218, 219, 220, 221, 222, 224, 231, 232, 239, 244, 250, 257, 263, 267, 273, 309, 310, 329, 360, 410, 434, 463, 482, 523, 551, 609, 707, 861, 890, 933, 963, 1106, 1143, 1161], "summary": {"covered_lines": 83, "num_statements": 92, "percent_covered": 90.21739130434783, "percent_covered_display": "90", "missing_lines": 9, "excluded_lines": 0}, "missing_lines": [55, 56, 57, 67, 68, 69, 78, 79, 80], "excluded_lines": []}}, "classes": {"DeploymentConfig": {"executed_lines": [], "summary": {"covered_lines": 0, "num_statements": 0, "percent_covered": 100.0, "percent_covered_display": "100", "missing_lines": 0, "excluded_lines": 0}, "missing_lines": [], "excluded_lines": []}, "DeploymentResult": {"executed_lines": [225, 226, 227, 228], "summary": {"covered_lines": 4, "num_statements": 4, "percent_covered": 100.0, "percent_covered_display": "100", "missing_lines": 0, "excluded_lines": 0}, "missing_lines": [], "excluded_lines": []}, "GeminiComputerUseClient": {"executed_lines": [240, 241, 242, 246, 247, 248, 252, 253, 254, 255, 259, 260, 261, 265, 269, 270, 271, 283, 285, 286, 290, 291, 292, 293, 294, 295, 298, 299, 301], "summary": {"covered_lines": 29, "num_statements": 29, "percent_covered": 100.0, "percent_covered_display": "100", "missing_lines": 0, "excluded_lines": 0}, "missing_lines": [], "excluded_lines": []}, "DeployAgent": {"executed_lines": [335, 336, 337, 338, 341, 342, 344, 345, 346, 351, 352, 353, 356, 357, 358, 363, 364, 367, 382, 383, 384, 385, 386, 392, 393, 394, 399, 404, 405, 406, 407, 408, 412, 436, 437, 439, 440, 441, 447, 448, 450, 465, 466, 468, 469, 474, 475, 477, 496, 499, 500, 516, 517, 518, 531, 534, 535, 545, 568, 570, 573, 574, 577, 578, 579, 580, 581, 582, 585, 586, 587, 588, 589, 591, 599, 600, 602, 603, 604, 626, 632, 633, 634, 637, 638, 639, 640, 647, 648, 651, 652, 655, 661, 662, 669, 675, 677, 684, 685, 724, 725, 727, 729, 730, 733, 734, 743, 744, 745, 754, 757, 776, 781, 790, 792, 794, 797, 798, 813, 820, 830, 831, 880, 905, 906, 908, 910, 918, 919, 921, 923, 925, 926, 927, 950, 958, 959, 987, 988, 990, 991, 992, 993, 994, 995, 996, 999, 1000, 1006, 1010, 1011, 1016, 1019, 1022, 1024, 1025, 1030, 1037, 1039, 1042, 1045, 1046, 1048, 1052, 1053, 1055, 1057, 1059, 1060, 1062, 1077, 1078, 1079, 1080, 1081, 1082, 1084, 1086, 1087, 1088, 1090, 1091, 1092, 1093, 1094, 1096, 1108, 1114, 1115, 1121, 1126, 1127, 1132, 1136, 1141, 1145, 1150], "summary": {"covered_lines": 197, "num_statements": 241, "percent_covered": 81.74273858921161, "percent_covered_display": "82", "missing_lines": 44, "excluded_lines": 0}, "missing_lines": [387, 388, 389, 400, 401, 402, 459, 460, 461, 478, 479, 480, 497, 519, 520, 521, 532, 546, 547, 627, 687, 688, 690, 691, 692, 693, 697, 698, 700, 701, 702, 833, 834, 835, 837, 838, 841, 842, 855, 1007, 1017, 1031, 1040, 1049], "excluded_lines": []}, "": {"executed_lines": [1, 26, 27, 28, 29, 30, 31, 32, 33, 34, 35, 36, 37, 38, 41, 42, 43, 44, 47, 48, 54, 59, 60, 66, 71, 72, 77, 83, 86, 87, 93, 107, 108, 115, 120, 123, 151, 161, 164, 196, 197, 198, 199, 200, 201, 202, 203, 204, 205, 206, 207, 210, 211, 212, 213, 214, 215, 216, 217, 218, 219, 220, 221, 222, 224, 231, 232, 239, 244, 250, 257, 263, 267, 273, 309, 310, 329, 360, 410, 434, 463, 482, 523, 551, 609, 707, 861, 890, 933, 963, 1106, 1143, 1161, 1177, 1182, 1183], "summary": {"covered_lines": 91, "num_statements": 116, "percent_covered": 78.44827586206897, "percent_covered_display": "78", "missing_lines": 25, "excluded_lines": 0}, "missing_lines": [55, 56, 57, 67, 68, 69, 78, 79, 80, 109, 116, 136, 137, 141, 143, 144, 148, 175, 176, 179, 180, 187, 188, 189, 191], "excluded_lines": []}}}, "agents/email_agent.py": {"executed_lines": [1, 8, 9, 10, 11, 12, 13, 14, 15, 17, 19, 20, 26, 29, 30, 32, 51, 62, 77, 91, 104, 127, 152, 184, 214], "summary": {"covered_lines": 23, "num_statements": 54, "percent_covered": 42.592592592592595, "percent_covered_display": "43", "missing_lines": 31, "excluded_lines": 0}, "missing_lines": [33, 34, 37, 40, 47, 49, 52, 53, 54, 60, 64, 75, 79, 89, 93, 102, 106, 125, 129, 149, 163, 170, 172, 182, 186, 187, 194, 202, 215, 216, 217], "excluded_lines": [], "functions": {"EmailAgent.__init__": {"executed_lines": [], "summary": {"covered_lines": 0, "num_statements": 6, "percent_covered": 0.0, "percent_covered_display": "0", "missing_lines": 6, "excluded_lines": 0}, "missing_lines": [33, 34, 37, 40, 47, 49], "excluded_lines": []}, "EmailAgent.initialize": {"executed_lines": [], "summary": {"covered_lines": 0, "num_statements": 4, "percent_covered": 0.0, "percent_covered_display": "0", "missing_lines": 4, "excluded_lines": 0}, "missing_lines": [52, 53, 54, 60], "excluded_lines": []}, "EmailAgent.create_campaign": {"executed_lines": [], "summary": {"covered_lines": 0, "num_statements": 2, "percent_covered": 0.0, "percent_covered_display": "0", "missing_lines": 2, "excluded_lines": 0}, "missing_lines": [64, 75], "excluded_lines": []}, "EmailAgent.send_email": {"executed_lines": [], "summary": {"covered_lines": 0, "num_statements": 2, "percent_covered": 0.0, "percent_covered_display": "0", "missing_lines": 2, "excluded_lines": 0}, "missing_lines": [79, 89], "excluded_lines": []}, "EmailAgent.segment_audience": {"executed_lines": [], "summary": {"covered_lines": 0, "num_statements": 2, "percent_covered": 0.0, "percent_covered_display": "0", "missing_lines": 2, "excluded_lines": 0}, "missing_lines": [93, 102], "excluded_lines": []}, "EmailAgent.track_campaign_metrics": {"executed_lines": [], "summary": {"covered_lines": 0, "num_statements": 2, "percent_covered": 0.0, "percent_covered_display": "0", "missing_lines": 2, "excluded_lines": 0}, "missing_lines": [106, 125], "excluded_lines": []}, "EmailAgent.optimize_deliverability": {"executed_lines": [], "summary": {"covered_lines": 0, "num_statements": 2, "percent_covered": 0.0, "percent_covered_display": "0", "missing_lines": 2, "excluded_lines": 0}, "missing_lines": [129, 149], "excluded_lines": []}, "EmailAgent.route_task": {"executed_lines": [], "summary": {"covered_lines": 0, "num_statements": 4, "percent_covered": 0.0, "percent_covered_display": "0", "missing_lines": 4, "excluded_lines": 0}, "missing_lines": [163, 170, 172, 182], "excluded_lines": []}, "EmailAgent.get_cost_metrics": {"executed_lines": [], "summary": {"covered_lines": 0, "num_statements": 4, "percent_covered": 0.0, "percent_covered_display": "0", "missing_lines": 4, "excluded_lines": 0}, "missing_lines": [186, 187, 194, 202], "excluded_lines": []}, "get_email_agent": {"executed_lines": [], "summary": {"covered_lines": 0, "num_statements": 3, "percent_covered": 0.0, "percent_covered_display": "0", "missing_lines": 3, "excluded_lines": 0}, "missing_lines": [215, 216, 217], "excluded_lines": []}, "": {"executed_lines": [1, 8, 9, 10, 11, 12, 13, 14, 15, 17, 19, 20, 26, 29, 30, 32, 51, 62, 77, 91, 104, 127, 152, 184, 214], "summary": {"covered_lines": 23, "num_statements": 23, "percent_covered": 100.0, "percent_covered_display": "100", "missing_lines": 0, "excluded_lines": 0}, "missing_lines": [], "excluded_lines": []}}, "classes": {"EmailAgent": {"executed_lines": [], "summary": {"covered_lines": 0, "num_statements": 28, "percent_covered": 0.0, "percent_covered_display": "0", "missing_lines": 28, "excluded_lines": 0}, "missing_lines": [33, 34, 37, 40, 47, 49, 52, 53, 54, 60, 64, 75, 79, 89, 93, 102, 106, 125, 129, 149, 163, 170, 172, 182, 186, 187, 194, 202], "excluded_lines": []}, "": {"executed_lines": [1, 8, 9, 10, 11, 12, 13, 14, 15, 17, 19, 20, 26, 29, 30, 32, 51, 62, 77, 91, 104, 127, 152, 184, 214], "summary": {"covered_lines": 23, "num_statements": 26, "percent_covered": 88.46153846153847, "percent_covered_display": "88", "missing_lines": 3, "excluded_lines": 0}, "missing_lines": [215, 216, 217], "excluded_lines": []}}}, "agents/legal_agent.py": {"executed_lines": [1, 8, 9, 10, 11, 12, 13, 14, 15, 17, 19, 20, 26, 29, 30, 32, 51, 62, 85, 107, 131, 156, 173, 205, 235], "summary": {"covered_lines": 23, "num_statements": 54, "percent_covered": 42.592592592592595, "percent_covered_display": "43", "missing_lines": 31, "excluded_lines": 0}, "missing_lines": [33, 34, 37, 40, 47, 49, 52, 53, 54, 60, 64, 83, 87, 105, 109, 129, 133, 154, 158, 170, 184, 191, 193, 203, 207, 208, 215, 223, 236, 237, 238], "excluded_lines": [], "functions": {"LegalAgent.__init__": {"executed_lines": [], "summary": {"covered_lines": 0, "num_statements": 6, "percent_covered": 0.0, "percent_covered_display": "0", "missing_lines": 6, "excluded_lines": 0}, "missing_lines": [33, 34, 37, 40, 47, 49], "excluded_lines": []}, "LegalAgent.initialize": {"executed_lines": [], "summary": {"covered_lines": 0, "num_statements": 4, "percent_covered": 0.0, "percent_covered_display": "0", "missing_lines": 4, "excluded_lines": 0}, "missing_lines": [52, 53, 54, 60], "excluded_lines": []}, "LegalAgent.generate_document": {"executed_lines": [], "summary": {"covered_lines": 0, "num_statements": 2, "percent_covered": 0.0, "percent_covered_display": "0", "missing_lines": 2, "excluded_lines": 0}, "missing_lines": [64, 83], "excluded_lines": []}, "LegalAgent.review_contract": {"executed_lines": [], "summary": {"covered_lines": 0, "num_statements": 2, "percent_covered": 0.0, "percent_covered_display": "0", "missing_lines": 2, "excluded_lines": 0}, "missing_lines": [87, 105], "excluded_lines": []}, "LegalAgent.check_compliance": {"executed_lines": [], "summary": {"covered_lines": 0, "num_statements": 2, "percent_covered": 0.0, "percent_covered_display": "0", "missing_lines": 2, "excluded_lines": 0}, "missing_lines": [109, 129], "excluded_lines": []}, "LegalAgent.create_privacy_policy": {"executed_lines": [], "summary": {"covered_lines": 0, "num_statements": 2, "percent_covered": 0.0, "percent_covered_display": "0", "missing_lines": 2, "excluded_lines": 0}, "missing_lines": [133, 154], "excluded_lines": []}, "LegalAgent.track_legal_deadlines": {"executed_lines": [], "summary": {"covered_lines": 0, "num_statements": 2, "percent_covered": 0.0, "percent_covered_display": "0", "missing_lines": 2, "excluded_lines": 0}, "missing_lines": [158, 170], "excluded_lines": []}, "LegalAgent.route_task": {"executed_lines": [], "summary": {"covered_lines": 0, "num_statements": 4, "percent_covered": 0.0, "percent_covered_display": "0", "missing_lines": 4, "excluded_lines": 0}, "missing_lines": [184, 191, 193, 203], "excluded_lines": []}, "LegalAgent.get_cost_metrics": {"executed_lines": [], "summary": {"covered_lines": 0, "num_statements": 4, "percent_covered": 0.0, "percent_covered_display": "0", "missing_lines": 4, "excluded_lines": 0}, "missing_lines": [207, 208, 215, 223], "excluded_lines": []}, "get_legal_agent": {"executed_lines": [], "summary": {"covered_lines": 0, "num_statements": 3, "percent_covered": 0.0, "percent_covered_display": "0", "missing_lines": 3, "excluded_lines": 0}, "missing_lines": [236, 237, 238], "excluded_lines": []}, "": {"executed_lines": [1, 8, 9, 10, 11, 12, 13, 14, 15, 17, 19, 20, 26, 29, 30, 32, 51, 62, 85, 107, 131, 156, 173, 205, 235], "summary": {"covered_lines": 23, "num_statements": 23, "percent_covered": 100.0, "percent_covered_display": "100", "missing_lines": 0, "excluded_lines": 0}, "missing_lines": [], "excluded_lines": []}}, "classes": {"LegalAgent": {"executed_lines": [], "summary": {"covered_lines": 0, "num_statements": 28, "percent_covered": 0.0, "percent_covered_display": "0", "missing_lines": 28, "excluded_lines": 0}, "missing_lines": [33, 34, 37, 40, 47, 49, 52, 53, 54, 60, 64, 83, 87, 105, 109, 129, 133, 154, 158, 170, 184, 191, 193, 203, 207, 208, 215, 223], "excluded_lines": []}, "": {"executed_lines": [1, 8, 9, 10, 11, 12, 13, 14, 15, 17, 19, 20, 26, 29, 30, 32, 51, 62, 85, 107, 131, 156, 173, 205, 235], "summary": {"covered_lines": 23, "num_statements": 26, "percent_covered": 88.46153846153847, "percent_covered_display": "88", "missing_lines": 3, "excluded_lines": 0}, "missing_lines": [236, 237, 238], "excluded_lines": []}}}, "agents/maintenance_agent.py": {"executed_lines": [1, 8, 9, 10, 11, 12, 13, 14, 15, 17, 19, 20, 26, 29, 30, 32, 51, 62, 102, 123, 165, 192, 234, 266, 296], "summary": {"covered_lines": 23, "num_statements": 54, "percent_covered": 42.592592592592595, "percent_covered_display": "43", "missing_lines": 31, "excluded_lines": 0}, "missing_lines": [33, 34, 37, 40, 47, 49, 52, 53, 54, 60, 64, 100, 104, 121, 125, 163, 167, 190, 194, 231, 245, 252, 254, 264, 268, 269, 276, 284, 297, 298, 299], "excluded_lines": [], "functions": {"MaintenanceAgent.__init__": {"executed_lines": [], "summary": {"covered_lines": 0, "num_statements": 6, "percent_covered": 0.0, "percent_covered_display": "0", "missing_lines": 6, "excluded_lines": 0}, "missing_lines": [33, 34, 37, 40, 47, 49], "excluded_lines": []}, "MaintenanceAgent.initialize": {"executed_lines": [], "summary": {"covered_lines": 0, "num_statements": 4, "percent_covered": 0.0, "percent_covered_display": "0", "missing_lines": 4, "excluded_lines": 0}, "missing_lines": [52, 53, 54, 60], "excluded_lines": []}, "MaintenanceAgent.check_system_health": {"executed_lines": [], "summary": {"covered_lines": 0, "num_statements": 2, "percent_covered": 0.0, "percent_covered_display": "0", "missing_lines": 2, "excluded_lines": 0}, "missing_lines": [64, 100], "excluded_lines": []}, "MaintenanceAgent.perform_maintenance": {"executed_lines": [], "summary": {"covered_lines": 0, "num_statements": 2, "percent_covered": 0.0, "percent_covered_display": "0", "missing_lines": 2, "excluded_lines": 0}, "missing_lines": [104, 121], "excluded_lines": []}, "MaintenanceAgent.monitor_resources": {"executed_lines": [], "summary": {"covered_lines": 0, "num_statements": 2, "percent_covered": 0.0, "percent_covered_display": "0", "missing_lines": 2, "excluded_lines": 0}, "missing_lines": [125, 163], "excluded_lines": []}, "MaintenanceAgent.manage_backups": {"executed_lines": [], "summary": {"covered_lines": 0, "num_statements": 2, "percent_covered": 0.0, "percent_covered_display": "0", "missing_lines": 2, "excluded_lines": 0}, "missing_lines": [167, 190], "excluded_lines": []}, "MaintenanceAgent.generate_uptime_report": {"executed_lines": [], "summary": {"covered_lines": 0, "num_statements": 2, "percent_covered": 0.0, "percent_covered_display": "0", "missing_lines": 2, "excluded_lines": 0}, "missing_lines": [194, 231], "excluded_lines": []}, "MaintenanceAgent.route_task": {"executed_lines": [], "summary": {"covered_lines": 0, "num_statements": 4, "percent_covered": 0.0, "percent_covered_display": "0", "missing_lines": 4, "excluded_lines": 0}, "missing_lines": [245, 252, 254, 264], "excluded_lines": []}, "MaintenanceAgent.get_cost_metrics": {"executed_lines": [], "summary": {"covered_lines": 0, "num_statements": 4, "percent_covered": 0.0, "percent_covered_display": "0", "missing_lines": 4, "excluded_lines": 0}, "missing_lines": [268, 269, 276, 284], "excluded_lines": []}, "get_maintenance_agent": {"executed_lines": [], "summary": {"covered_lines": 0, "num_statements": 3, "percent_covered": 0.0, "percent_covered_display": "0", "missing_lines": 3, "excluded_lines": 0}, "missing_lines": [297, 298, 299], "excluded_lines": []}, "": {"executed_lines": [1, 8, 9, 10, 11, 12, 13, 14, 15, 17, 19, 20, 26, 29, 30, 32, 51, 62, 102, 123, 165, 192, 234, 266, 296], "summary": {"covered_lines": 23, "num_statements": 23, "percent_covered": 100.0, "percent_covered_display": "100", "missing_lines": 0, "excluded_lines": 0}, "missing_lines": [], "excluded_lines": []}}, "classes": {"MaintenanceAgent": {"executed_lines": [], "summary": {"covered_lines": 0, "num_statements": 28, "percent_covered": 0.0, "percent_covered_display": "0", "missing_lines": 28, "excluded_lines": 0}, "missing_lines": [33, 34, 37, 40, 47, 49, 52, 53, 54, 60, 64, 100, 104, 121, 125, 163, 167, 190, 194, 231, 245, 252, 254, 264, 268, 269, 276, 284], "excluded_lines": []}, "": {"executed_lines": [1, 8, 9, 10, 11, 12, 13, 14, 15, 17, 19, 20, 26, 29, 30, 32, 51, 62, 102, 123, 165, 192, 234, 266, 296], "summary": {"covered_lines": 23, "num_statements": 26, "percent_covered": 88.46153846153847, "percent_covered_display": "88", "missing_lines": 3, "excluded_lines": 0}, "missing_lines": [297, 298, 299], "excluded_lines": []}}}, "agents/marketing_agent.py": {"executed_lines": [1, 18, 19, 20, 21, 22, 23, 24, 25, 28, 29, 35, 36, 39, 40, 58, 80, 102, 121, 185, 228, 265, 305, 374, 406, 436], "summary": {"covered_lines": 24, "num_statements": 69, "percent_covered": 34.78260869565217, "percent_covered_display": "35", "missing_lines": 45, "excluded_lines": 0}, "missing_lines": [59, 60, 61, 62, 65, 69, 76, 78, 82, 83, 85, 98, 99, 100, 104, 133, 183, 197, 198, 208, 209, 210, 219, 226, 240, 263, 277, 279, 280, 295, 303, 316, 318, 372, 385, 392, 394, 404, 408, 409, 416, 424, 438, 439, 440], "excluded_lines": [], "functions": {"MarketingAgent.__init__": {"executed_lines": [], "summary": {"covered_lines": 0, "num_statements": 8, "percent_covered": 0.0, "percent_covered_display": "0", "missing_lines": 8, "excluded_lines": 0}, "missing_lines": [59, 60, 61, 62, 65, 69, 76, 78], "excluded_lines": []}, "MarketingAgent.initialize": {"executed_lines": [], "summary": {"covered_lines": 0, "num_statements": 6, "percent_covered": 0.0, "percent_covered_display": "0", "missing_lines": 6, "excluded_lines": 0}, "missing_lines": [82, 83, 85, 98, 99, 100], "excluded_lines": []}, "MarketingAgent._get_system_instruction": {"executed_lines": [], "summary": {"covered_lines": 0, "num_statements": 1, "percent_covered": 0.0, "percent_covered_display": "0", "missing_lines": 1, "excluded_lines": 0}, "missing_lines": [104], "excluded_lines": []}, "MarketingAgent.create_strategy": {"executed_lines": [], "summary": {"covered_lines": 0, "num_statements": 2, "percent_covered": 0.0, "percent_covered_display": "0", "missing_lines": 2, "excluded_lines": 0}, "missing_lines": [133, 183], "excluded_lines": []}, "MarketingAgent.generate_social_content": {"executed_lines": [], "summary": {"covered_lines": 0, "num_statements": 7, "percent_covered": 0.0, "percent_covered_display": "0", "missing_lines": 7, "excluded_lines": 0}, "missing_lines": [197, 198, 208, 209, 210, 219, 226], "excluded_lines": []}, "MarketingAgent.write_blog_post": {"executed_lines": [], "summary": {"covered_lines": 0, "num_statements": 2, "percent_covered": 0.0, "percent_covered_display": "0", "missing_lines": 2, "excluded_lines": 0}, "missing_lines": [240, 263], "excluded_lines": []}, "MarketingAgent.create_email_sequence": {"executed_lines": [], "summary": {"covered_lines": 0, "num_statements": 5, "percent_covered": 0.0, "percent_covered_display": "0", "missing_lines": 5, "excluded_lines": 0}, "missing_lines": [277, 279, 280, 295, 303], "excluded_lines": []}, "MarketingAgent.build_launch_plan": {"executed_lines": [], "summary": {"covered_lines": 0, "num_statements": 3, "percent_covered": 0.0, "percent_covered_display": "0", "missing_lines": 3, "excluded_lines": 0}, "missing_lines": [316, 318, 372], "excluded_lines": []}, "MarketingAgent.route_task": {"executed_lines": [], "summary": {"covered_lines": 0, "num_statements": 4, "percent_covered": 0.0, "percent_covered_display": "0", "missing_lines": 4, "excluded_lines": 0}, "missing_lines": [385, 392, 394, 404], "excluded_lines": []}, "MarketingAgent.get_cost_metrics": {"executed_lines": [], "summary": {"covered_lines": 0, "num_statements": 4, "percent_covered": 0.0, "percent_covered_display": "0", "missing_lines": 4, "excluded_lines": 0}, "missing_lines": [408, 409, 416, 424], "excluded_lines": []}, "get_marketing_agent": {"executed_lines": [], "summary": {"covered_lines": 0, "num_statements": 3, "percent_covered": 0.0, "percent_covered_display": "0", "missing_lines": 3, "excluded_lines": 0}, "missing_lines": [438, 439, 440], "excluded_lines": []}, "": {"executed_lines": [1, 18, 19, 20, 21, 22, 23, 24, 25, 28, 29, 35, 36, 39, 40, 58, 80, 102, 121, 185, 228, 265, 305, 374, 406, 436], "summary": {"covered_lines": 24, "num_statements": 24, "percent_covered": 100.0, "percent_covered_display": "100", "missing_lines": 0, "excluded_lines": 0}, "missing_lines": [], "excluded_lines": []}}, "classes": {"MarketingAgent": {"executed_lines": [], "summary": {"covered_lines": 0, "num_statements": 42, "percent_covered": 0.0, "percent_covered_display": "0", "missing_lines": 42, "excluded_lines": 0}, "missing_lines": [59, 60, 61, 62, 65, 69, 76, 78, 82, 83, 85, 98, 99, 100, 104, 133, 183, 197, 198, 208, 209, 210, 219, 226, 240, 263, 277, 279, 280, 295, 303, 316, 318, 372, 385, 392, 394, 404, 408, 409, 416, 424], "excluded_lines": []}, "": {"executed_lines": [1, 18, 19, 20, 21, 22, 23, 24, 25, 28, 29, 35, 36, 39, 40, 58, 80, 102, 121, 185, 228, 265, 305, 374, 406, 436], "summary": {"covered_lines": 24, "num_statements": 27, "percent_covered": 88.88888888888889, "percent_covered_display": "89", "missing_lines": 3, "excluded_lines": 0}, "missing_lines": [438, 439, 440], "excluded_lines": []}}}, "agents/onboarding_agent.py": {"executed_lines": [1, 8, 9, 10, 11, 12, 13, 14, 15, 17, 19, 20, 26, 29, 30, 32, 51, 62, 104, 133, 156, 176, 212, 244, 274], "summary": {"covered_lines": 23, "num_statements": 54, "percent_covered": 42.592592592592595, "percent_covered_display": "43", "missing_lines": 31, "excluded_lines": 0}, "missing_lines": [33, 34, 37, 40, 47, 49, 52, 53, 54, 60, 64, 102, 106, 131, 135, 154, 158, 174, 178, 209, 223, 230, 232, 242, 246, 247, 254, 262, 275, 276, 277], "excluded_lines": [], "functions": {"OnboardingAgent.__init__": {"executed_lines": [], "summary": {"covered_lines": 0, "num_statements": 6, "percent_covered": 0.0, "percent_covered_display": "0", "missing_lines": 6, "excluded_lines": 0}, "missing_lines": [33, 34, 37, 40, 47, 49], "excluded_lines": []}, "OnboardingAgent.initialize": {"executed_lines": [], "summary": {"covered_lines": 0, "num_statements": 4, "percent_covered": 0.0, "percent_covered_display": "0", "missing_lines": 4, "excluded_lines": 0}, "missing_lines": [52, 53, 54, 60], "excluded_lines": []}, "OnboardingAgent.create_onboarding_flow": {"executed_lines": [], "summary": {"covered_lines": 0, "num_statements": 2, "percent_covered": 0.0, "percent_covered_display": "0", "missing_lines": 2, "excluded_lines": 0}, "missing_lines": [64, 102], "excluded_lines": []}, "OnboardingAgent.track_user_progress": {"executed_lines": [], "summary": {"covered_lines": 0, "num_statements": 2, "percent_covered": 0.0, "percent_covered_display": "0", "missing_lines": 2, "excluded_lines": 0}, "missing_lines": [106, 131], "excluded_lines": []}, "OnboardingAgent.send_onboarding_email": {"executed_lines": [], "summary": {"covered_lines": 0, "num_statements": 2, "percent_covered": 0.0, "percent_covered_display": "0", "missing_lines": 2, "excluded_lines": 0}, "missing_lines": [135, 154], "excluded_lines": []}, "OnboardingAgent.trigger_activation_milestone": {"executed_lines": [], "summary": {"covered_lines": 0, "num_statements": 2, "percent_covered": 0.0, "percent_covered_display": "0", "missing_lines": 2, "excluded_lines": 0}, "missing_lines": [158, 174], "excluded_lines": []}, "OnboardingAgent.measure_onboarding_success": {"executed_lines": [], "summary": {"covered_lines": 0, "num_statements": 2, "percent_covered": 0.0, "percent_covered_display": "0", "missing_lines": 2, "excluded_lines": 0}, "missing_lines": [178, 209], "excluded_lines": []}, "OnboardingAgent.route_task": {"executed_lines": [], "summary": {"covered_lines": 0, "num_statements": 4, "percent_covered": 0.0, "percent_covered_display": "0", "missing_lines": 4, "excluded_lines": 0}, "missing_lines": [223, 230, 232, 242], "excluded_lines": []}, "OnboardingAgent.get_cost_metrics": {"executed_lines": [], "summary": {"covered_lines": 0, "num_statements": 4, "percent_covered": 0.0, "percent_covered_display": "0", "missing_lines": 4, "excluded_lines": 0}, "missing_lines": [246, 247, 254, 262], "excluded_lines": []}, "get_onboarding_agent": {"executed_lines": [], "summary": {"covered_lines": 0, "num_statements": 3, "percent_covered": 0.0, "percent_covered_display": "0", "missing_lines": 3, "excluded_lines": 0}, "missing_lines": [275, 276, 277], "excluded_lines": []}, "": {"executed_lines": [1, 8, 9, 10, 11, 12, 13, 14, 15, 17, 19, 20, 26, 29, 30, 32, 51, 62, 104, 133, 156, 176, 212, 244, 274], "summary": {"covered_lines": 23, "num_statements": 23, "percent_covered": 100.0, "percent_covered_display": "100", "missing_lines": 0, "excluded_lines": 0}, "missing_lines": [], "excluded_lines": []}}, "classes": {"OnboardingAgent": {"executed_lines": [], "summary": {"covered_lines": 0, "num_statements": 28, "percent_covered": 0.0, "percent_covered_display": "0", "missing_lines": 28, "excluded_lines": 0}, "missing_lines": [33, 34, 37, 40, 47, 49, 52, 53, 54, 60, 64, 102, 106, 131, 135, 154, 158, 174, 178, 209, 223, 230, 232, 242, 246, 247, 254, 262], "excluded_lines": []}, "": {"executed_lines": [1, 8, 9, 10, 11, 12, 13, 14, 15, 17, 19, 20, 26, 29, 30, 32, 51, 62, 104, 133, 156, 176, 212, 244, 274], "summary": {"covered_lines": 23, "num_statements": 26, "percent_covered": 88.46153846153847, "percent_covered_display": "88", "missing_lines": 3, "excluded_lines": 0}, "missing_lines": [275, 276, 277], "excluded_lines": []}}}, "agents/qa_agent.py": {"executed_lines
[...]
518, 519, 529, 531], "summary": {"covered_lines": 4, "num_statements": 4, "percent_covered": 100.0, "percent_covered_display": "100", "missing_lines": 0, "excluded_lines": 0}, "missing_lines": [], "excluded_lines": []}, "TrajectoryPool._get_operator_distribution": {"executed_lines": [546, 547, 548, 549, 550], "summary": {"covered_lines": 5, "num_statements": 5, "percent_covered": 100.0, "percent_covered_display": "100", "missing_lines": 0, "excluded_lines": 0}, "missing_lines": [], "excluded_lines": []}, "TrajectoryPool._get_generation_distribution": {"executed_lines": [554, 555, 556, 557, 558], "summary": {"covered_lines": 5, "num_statements": 5, "percent_covered": 100.0, "percent_covered_display": "100", "missing_lines": 0, "excluded_lines": 0}, "missing_lines": [], "excluded_lines": []}, "get_trajectory_pool": {"executed_lines": [577, 580], "summary": {"covered_lines": 2, "num_statements": 3, "percent_covered": 66.66666666666667, "percent_covered_display": "67", "missing_lines": 1, "excluded_lines": 0}, "missing_lines": [578], "excluded_lines": []}, "": {"executed_lines": [1, 16, 17, 18, 19, 20, 21, 22, 23, 24, 26, 32, 35, 40, 41, 42, 43, 44, 45, 46, 47, 50, 51, 52, 53, 54, 55, 58, 59, 60, 66, 67, 68, 71, 72, 75, 76, 77, 80, 81, 82, 83, 86, 87, 88, 89, 90, 91, 94, 95, 96, 98, 102, 106, 110, 133, 134, 145, 196, 220, 224, 228, 245, 257, 269, 276, 283, 332, 351, 373, 430, 459, 460, 511, 544, 552, 561], "summary": {"covered_lines": 72, "num_statements": 72, "percent_covered": 100.0, "percent_covered_display": "100", "missing_lines": 0, "excluded_lines": 0}, "missing_lines": [], "excluded_lines": []}}, "classes": {"TrajectoryStatus": {"executed_lines": [], "summary": {"covered_lines": 0, "num_statements": 0, "percent_covered": 100.0, "percent_covered_display": "100", "missing_lines": 0, "excluded_lines": 0}, "missing_lines": [], "excluded_lines": []}, "OperatorType": {"executed_lines": [], "summary": {"covered_lines": 0, "num_statements": 0, "percent_covered": 100.0, "percent_covered_display": "100", "missing_lines": 0, "excluded_lines": 0}, "missing_lines": [], "excluded_lines": []}, "Trajectory": {"executed_lines": [100, 104, 108, 116, 119, 120, 121, 122, 125, 126, 127, 128, 130], "summary": {"covered_lines": 13, "num_statements": 13, "percent_covered": 100.0, "percent_covered_display": "100", "missing_lines": 0, "excluded_lines": 0}, "missing_lines": [], "excluded_lines": []}, "TrajectoryPool": {"executed_lines": [164, 166, 167, 168, 169, 172, 173, 177, 178, 179, 181, 184, 185, 187, 203, 204, 206, 216, 217, 218, 222, 226, 238, 243, 252, 264, 271, 278, 295, 297, 298, 300, 301, 303, 304, 305, 306, 309, 310, 313, 314, 315, 316, 317, 319, 320, 321, 322, 324, 325, 327, 328, 330, 342, 344, 345, 348, 349, 358, 360, 361, 362, 365, 371, 385, 389, 395, 396, 398, 400, 401, 403, 404, 406, 409, 412, 413, 414, 416, 417, 419, 422, 423, 424, 425, 426, 428, 437, 439, 453, 454, 456, 457, 472, 474, 479, 480, 482, 484, 485, 486, 488, 489, 492, 501, 502, 503, 505, 506, 508, 509, 518, 519, 529, 531, 546, 547, 548, 549, 550, 554, 555, 556, 557, 558], "summary": {"covered_lines": 125, "num_statements": 127, "percent_covered": 98.4251968503937, "percent_covered_display": "98", "missing_lines": 2, "excluded_lines": 0}, "missing_lines": [386, 475], "excluded_lines": []}, "": {"executed_lines": [1, 16, 17, 18, 19, 20, 21, 22, 23, 24, 26, 32, 35, 37, 40, 41, 42, 43, 44, 45, 46, 47, 50, 51, 52, 53, 54, 55, 58, 59, 60, 66, 67, 68, 71, 72, 75, 76, 77, 80, 81, 82, 83, 86, 87, 88, 89, 90, 91, 94, 95, 96, 98, 102, 106, 110, 133, 134, 145, 196, 220, 224, 228, 245, 257, 269, 276, 283, 332, 351, 373, 430, 459, 460, 511, 544, 552, 561, 577, 580], "summary": {"covered_lines": 75, "num_statements": 76, "percent_covered": 98.6842105263158, "percent_covered_display": "99", "missing_lines": 1, "excluded_lines": 0}, "missing_lines": [578], "excluded_lines": []}}}, "infrastructure/tumix_termination.py": {"executed_lines": [1, 16, 17, 18, 19, 21, 24, 25, 26, 27, 28, 29, 30, 31, 34, 35, 36, 37, 38, 39, 40, 41, 44, 45, 46, 47, 48, 49, 50, 51, 52, 53, 56, 57, 70, 71, 72, 73, 75, 92, 93, 94, 95, 96, 97, 98, 99, 101, 102, 103, 104, 106, 116, 129, 130, 133, 135, 139, 140, 141, 142, 145, 146, 149, 150, 153, 154, 156, 157, 159, 169, 170, 172, 173, 176, 177, 180, 182, 192, 193, 196, 197, 200, 205, 207, 222, 223, 225, 226, 229, 230, 239, 241, 244, 245, 254, 255, 258, 261, 262, 271, 272, 275, 276, 285, 286, 289, 290, 299, 300, 303, 312, 314, 316, 331, 332, 343, 344, 347, 348, 349, 350, 351, 352, 353, 356, 358, 361, 362, 364, 374, 386, 409, 417], "summary": {"covered_lines": 129, "num_statements": 170, "percent_covered": 75.88235294117646, "percent_covered_display": "76", "missing_lines": 41, "excluded_lines": 0}, "missing_lines": [136, 240, 313, 419, 421, 422, 423, 426, 427, 433, 434, 435, 438, 439, 446, 447, 448, 449, 450, 451, 454, 455, 462, 463, 464, 465, 466, 467, 470, 471, 472, 475, 483, 484, 485, 486, 487, 488, 489, 490, 491], "excluded_lines": [], "functions": {"TUMIXTermination.__init__": {"executed_lines": [92, 93, 94, 95, 96, 97, 98, 99, 101, 102, 103, 104, 106], "summary": {"covered_lines": 13, "num_statements": 13, "percent_covered": 100.0, "percent_covered_display": "100", "missing_lines": 0, "excluded_lines": 0}, "missing_lines": [], "excluded_lines": []}, "TUMIXTermination.calculate_improvement": {"executed_lines": [129, 130, 133, 135, 139, 140, 141, 142, 145, 146, 149, 150, 153, 154, 156, 157], "summary": {"covered_lines": 16, "num_statements": 17, "percent_covered": 94.11764705882354, "percent_covered_display": "94", "missing_lines": 1, "excluded_lines": 0}, "missing_lines": [136], "excluded_lines": []}, "TUMIXTermination.detect_plateau": {"executed_lines": [169, 170, 172, 173, 176, 177, 180], "summary": {"covered_lines": 7, "num_statements": 7, "percent_covered": 100.0, "percent_covered_display": "100", "missing_lines": 0, "excluded_lines": 0}, "missing_lines": [], "excluded_lines": []}, "TUMIXTermination.detect_degradation": {"executed_lines": [192, 193, 196, 197, 200, 205], "summary": {"covered_lines": 6, "num_statements": 6, "percent_covered": 100.0, "percent_covered_display": "100", "missing_lines": 0, "excluded_lines": 0}, "missing_lines": [], "excluded_lines": []}, "TUMIXTermination.should_stop": {"executed_lines": [222, 223, 225, 226, 229, 230, 239, 241, 244, 245, 254, 255, 258, 261, 262, 271, 272, 275, 276, 285, 286, 289, 290, 299, 300, 303, 312, 314], "summary": {"covered_lines": 28, "num_statements": 30, "percent_covered": 93.33333333333333, "percent_covered_display": "93", "missing_lines": 2, "excluded_lines": 0}, "missing_lines": [240, 313], "excluded_lines": []}, "TUMIXTermination.estimate_cost_savings": {"executed_lines": [331, 332, 343, 344, 347, 348, 349, 350, 351, 352, 353, 356, 358, 361, 362, 364, 374], "summary": {"covered_lines": 17, "num_statements": 17, "percent_covered": 100.0, "percent_covered_display": "100", "missing_lines": 0, "excluded_lines": 0}, "missing_lines": [], "excluded_lines": []}, "get_tumix_termination": {"executed_lines": [409], "summary": {"covered_lines": 1, "num_statements": 1, "percent_covered": 100.0, "percent_covered_display": "100", "missing_lines": 0, "excluded_lines": 0}, "missing_lines": [], "excluded_lines": []}, "": {"executed_lines": [1, 16, 17, 18, 19, 21, 24, 25, 26, 27, 28, 29, 30, 31, 34, 35, 36, 37, 38, 39, 40, 41, 44, 45, 46, 47, 48, 49, 50, 51, 52, 53, 56, 57, 70, 71, 72, 73, 75, 116, 159, 182, 207, 316, 386, 417], "summary": {"covered_lines": 41, "num_statements": 79, "percent_covered": 51.89873417721519, "percent_covered_display": "52", "missing_lines": 38, "excluded_lines": 0}, "missing_lines": [419, 421, 422, 423, 426, 427, 433, 434, 435, 438, 439, 446, 447, 448, 449, 450, 451, 454, 455, 462, 463, 464, 465, 466, 467, 470, 471, 472, 475, 483, 484, 485, 486, 487, 488, 489, 490, 491], "excluded_lines": []}}, "classes": {"TerminationReason": {"executed_lines": [], "summary": {"covered_lines": 0, "num_statements": 0, "percent_covered": 100.0, "percent_covered_display": "100", "missing_lines": 0, "excluded_lines": 0}, "missing_lines": [], "excluded_lines": []}, "RefinementResult": {"executed_lines": [], "summary": {"covered_lines": 0, "num_statements": 0, "percent_covered": 100.0, "percent_covered_display": "100", "missing_lines": 0, "excluded_lines": 0}, "missing_lines": [], "excluded_lines": []}, "TerminationDecision": {"executed_lines": [], "summary": {"covered_lines": 0, "num_statements": 0, "percent_covered": 100.0, "percent_covered_display": "100", "missing_lines": 0, "excluded_lines": 0}, "missing_lines": [], "excluded_lines": []}, "TUMIXTermination": {"executed_lines": [92, 93, 94, 95, 96, 97, 98, 99, 101, 102, 103, 104, 106, 129, 130, 133, 135, 139, 140, 141, 142, 145, 146, 149, 150, 153, 154, 156, 157, 169, 170, 172, 173, 176, 177, 180, 192, 193, 196, 197, 200, 205, 222, 223, 225, 226, 229, 230, 239, 241, 244, 245, 254, 255, 258, 261, 262, 271, 272, 275, 276, 285, 286, 289, 290, 299, 300, 303, 312, 314, 331, 332, 343, 344, 347, 348, 349, 350, 351, 352, 353, 356, 358, 361, 362, 364, 374], "summary": {"covered_lines": 87, "num_statements": 90, "percent_covered": 96.66666666666667, "percent_covered_display": "97", "missing_lines": 3, "excluded_lines": 0}, "missing_lines": [136, 240, 313], "excluded_lines": []}, "": {"executed_lines": [1, 16, 17, 18, 19, 21, 24, 25, 26, 27, 28, 29, 30, 31, 34, 35, 36, 37, 38, 39, 40, 41, 44, 45, 46, 47, 48, 49, 50, 51, 52, 53, 56, 57, 70, 71, 72, 73, 75, 116, 159, 182, 207, 316, 386, 409, 417], "summary": {"covered_lines": 42, "num_statements": 80, "percent_covered": 52.5, "percent_covered_display": "52", "missing_lines": 38, "excluded_lines": 0}, "missing_lines": [419, 421, 422, 423, 426, 427, 433, 434, 435, 438, 439, 446, 447, 448, 449, 450, 451, 454, 455, 462, 463, 464, 465, 466, 467, 470, 471, 472, 475, 483, 484, 485, 486, 487, 488, 489, 490, 491], "excluded_lines": []}}}, "infrastructure/world_model.py": {"executed_lines": [1, 23, 24, 25, 26, 27, 28, 29, 30, 31, 32, 34, 35, 39, 40, 41, 42, 44, 46, 49, 50, 51, 52, 53, 54, 55, 56, 59, 60, 61, 62, 63, 64, 65, 66, 69, 70, 90, 106, 107, 108, 109, 112, 122, 123, 126, 129, 131, 133, 208, 210, 216, 224, 227, 229, 230, 231, 291, 327, 340, 351, 363, 378, 379, 410, 413, 414, 416, 418, 426, 439, 453, 468, 483, 486, 494, 509], "summary": {"covered_lines": 73, "num_statements": 228, "percent_covered": 32.01754385964912, "percent_covered_display": "32", "missing_lines": 155, "excluded_lines": 0}, "missing_lines": [36, 37, 38, 113, 114, 115, 118, 119, 135, 136, 138, 139, 140, 143, 151, 159, 166, 169, 176, 183, 185, 186, 189, 190, 193, 194, 197, 198, 201, 202, 204, 206, 233, 235, 237, 238, 241, 243, 244, 245, 248, 250, 251, 252, 255, 256, 257, 258, 259, 262, 265, 266, 267, 270, 271, 272, 274, 275, 277, 278, 280, 287, 289, 293, 294, 295, 296, 298, 299, 301, 302, 305, 306, 308, 309, 310, 311, 313, 314, 315, 317, 318, 320, 330, 332, 333, 334, 335, 336, 338, 342, 344, 345, 346, 347, 349, 354, 355, 358, 359, 361, 381, 383, 385, 386, 389, 390, 393, 396, 397, 400, 402, 428, 431, 432, 433, 434, 435, 437, 441, 444, 445, 446, 447, 448, 449, 451, 455, 456, 458, 460, 466, 470, 471, 473, 475, 476, 477, 479, 489, 490, 491, 505, 506, 511, 512, 515, 518, 526, 528, 529, 530, 531, 532, 534], "excluded_lines": [], "functions": {"WorldModel.__init__": {"executed_lines": [106, 107, 108, 109, 112, 122, 123, 126, 129, 131], "summary": {"covered_lines": 10, "num_statements": 15, "percent_covered": 66.66666666666667, "percent_covered_display": "67", "missing_lines": 5, "excluded_lines": 0}, "missing_lines": [113, 114, 115, 118, 119], "excluded_lines": []}, "WorldModel._build_pytorch_model": {"executed_lines": [], "summary": {"covered_lines": 0, "num_statements": 6, "percent_covered": 0.0, "percent_covered_display": "0", "missing_lines": 6, "excluded_lines": 0}, "missing_lines": [135, 136, 138, 139, 183, 206], "excluded_lines": []}, "WorldModel._build_pytorch_model.WorldModelNetwork.__init__": {"executed_lines": [], "summary": {"covered_lines": 0, "num_statements": 7, "percent_covered": 0.0, "percent_covered_display": "0", "missing_lines": 7, "excluded_lines": 0}, "missing_lines": [140, 143, 151, 159, 166, 169, 176], "excluded_lines": []}, "WorldModel._build_pytorch_model.WorldModelNetwork.forward": {"executed_lines": [], "summary": {"covered_lines": 0, "num_statements": 11, "percent_covered": 0.0, "percent_covered_display": "0", "missing_lines": 11, "excluded_lines": 0}, "missing_lines": [185, 186, 189, 190, 193, 194, 197, 198, 201, 202, 204], "excluded_lines": []}, "WorldModel._build_heuristic_model": {"executed_lines": [210], "summary": {"covered_lines": 1, "num_statements": 1, "percent_covered": 100.0, "percent_covered_display": "100", "missing_lines": 0, "excluded_lines": 0}, "missing_lines": [], "excluded_lines": []}, "WorldModel.train": {"executed_lines": [224, 227, 229, 230, 231], "summary": {"covered_lines": 5, "num_statements": 36, "percent_covered": 13.88888888888889, "percent_covered_display": "14", "missing_lines": 31, "excluded_lines": 0}, "missing_lines": [233, 235, 237, 238, 241, 243, 244, 245, 248, 250, 251, 252, 255, 256, 257, 258, 259, 262, 265, 266, 267, 270, 271, 272, 274, 275, 277, 278, 280, 287, 289], "excluded_lines": []}, "WorldModel._prepare_training_data": {"executed_lines": [], "summary": {"covered_lines": 0, "num_statements": 20, "percent_covered": 0.0, "percent_covered_display": "0", "missing_lines": 20, "excluded_lines": 0}, "missing_lines": [293, 294, 295, 296, 298, 299, 301, 302, 305, 306, 308, 309, 310, 311, 313, 314, 315, 317, 318, 320], "excluded_lines": []}, "WorldModel._encode_state_simple": {"executed_lines": [], "summary": {"covered_lines": 0, "num_statements": 7, "percent_covered": 0.0, "percent_covered_display": "0", "missing_lines": 7, "excluded_lines": 0}, "missing_lines": [330, 332, 333, 334, 335, 336, 338], "excluded_lines": []}, "WorldModel._encode_action_simple": {"executed_lines": [], "summary": {"covered_lines": 0, "num_statements": 6, "percent_covered": 0.0, "percent_covered_display": "0", "missing_lines": 6, "excluded_lines": 0}, "missing_lines": [342, 344, 345, 346, 347, 349], "excluded_lines": []}, "WorldModel._train_heuristic": {"executed_lines": [], "summary": {"covered_lines": 0, "num_statements": 5, "percent_covered": 0.0, "percent_covered_display": "0", "missing_lines": 5, "excluded_lines": 0}, "missing_lines": [354, 355, 358, 359, 361], "excluded_lines": []}, "WorldModel.predict": {"executed_lines": [378, 379], "summary": {"covered_lines": 2, "num_statements": 13, "percent_covered": 15.384615384615385, "percent_covered_display": "15", "missing_lines": 11, "excluded_lines": 0}, "missing_lines": [381, 383, 385, 386, 389, 390, 393, 396, 397, 400, 402], "excluded_lines": []}, "WorldModel._predict_heuristic": {"executed_lines": [413, 414, 416, 418], "summary": {"covered_lines": 4, "num_statements": 4, "percent_covered": 100.0, "percent_covered_display": "100", "missing_lines": 0, "excluded_lines": 0}, "missing_lines": [], "excluded_lines": []}, "WorldModel._encode_state_from_worldstate": {"executed_lines": [], "summary": {"covered_lines": 0, "num_statements": 7, "percent_covered": 0.0, "percent_covered_display": "0", "missing_lines": 7, "excluded_lines": 0}, "missing_lines": [428, 431, 432, 433, 434, 435, 437], "excluded_lines": []}, "WorldModel._encode_action_from_string": {"executed_lines": [], "summary": {"covered_lines": 0, "num_statements": 8, "percent_covered": 0.0, "percent_covered_display": "0", "missing_lines": 8, "excluded_lines": 0}, "missing_lines": [441, 444, 445, 446, 447, 448, 449, 451], "excluded_lines": []}, "WorldModel._save_model": {"executed_lines": [], "summary": {"covered_lines": 0, "num_statements": 5, "percent_covered": 0.0, "percent_covered_display": "0", "missing_lines": 5, "excluded_lines": 0}, "missing_lines": [455, 456, 458, 460, 466], "excluded_lines": []}, "WorldModel._load_model": {"executed_lines": [], "summary": {"covered_lines": 0, "num_statements": 7, "percent_covered": 0.0, "percent_covered_display": "0", "missing_lines": 7, "excluded_lines": 0}, "missing_lines": [470, 471, 473, 475, 476, 477, 479], "excluded_lines": []}, "get_world_model": {"executed_lines": [], "summary": {"covered_lines": 0, "num_statements": 3, "percent_covered": 0.0, "percent_covered_display": "0", "missing_lines": 3, "excluded_lines": 0}, "missing_lines": [489, 490, 491], "excluded_lines": []}, "predict_outcome": {"executed_lines": [], "summary": {"covered_lines": 0, "num_statements": 2, "percent_covered": 0.0, "percent_covered_display": "0", "missing_lines": 2, "excluded_lines": 0}, "missing_lines": [505, 506], "excluded_lines": []}, "test_world_model": {"executed_lines": [], "summary": {"covered_lines": 0, "num_statements": 9, "percent_covered": 0.0, "percent_covered_display": "0", "missing_lines": 9, "excluded_lines": 0}, "missing_lines": [512, 515, 518, 526, 528, 529, 530, 531, 532], "excluded_lines": []}, "": {"executed_lines": [1, 23, 24, 25, 26, 27, 28, 29, 30, 31, 32, 34, 35, 39, 40, 41, 42, 44, 46, 49, 50, 51, 52, 53, 54, 55, 56, 59, 60, 61, 62, 63, 64, 65, 66, 69, 70, 90, 133, 208, 216, 291, 327, 340, 351, 363, 410, 426, 439, 453, 468, 483, 486, 494, 509], "summary": {"covered_lines": 51, "num_statements": 56, "percent_covered": 91.07142857142857, "percent_covered_display": "91", "missing_lines": 5, "excluded_lines": 0}, "missing_lines": [36, 37, 38, 511, 534], "excluded_lines": []}}, "classes": {"WorldState": {"executed_lines": [], "summary": {"covered_lines": 0, "num_statements": 0, "percent_covered": 100.0, "percent_covered_display": "100", "missing_lines": 0, "excluded_lines": 0}, "missing_lines": [], "excluded_lines": []}, "Prediction": {"executed_lines": [], "summary": {"covered_lines": 0, "num_statements": 0, "percent_covered": 100.0, "percent_covered_display": "100", "missing_lines": 0, "excluded_lines": 0}, "missing_lines": [], "excluded_lines": []}, "WorldModel": {"executed_lines": [106, 107, 108, 109, 112, 122, 123, 126, 129, 131, 210, 224, 227, 229, 230, 231, 378, 379, 413, 414, 416, 418], "summary": {"covered_lines": 22, "num_statements": 140, "percent_covered": 15.714285714285714, "percent_covered_display": "16", "missing_lines": 118, "excluded_lines": 0}, "missing_lines": [113, 114, 115, 118, 119, 135, 136, 138, 139, 183, 206, 233, 235, 237, 238, 241, 243, 244, 245, 248, 250, 251, 252, 255, 256, 257, 258, 259, 262, 265, 266, 267, 270, 271, 272, 274, 275, 277, 278, 280, 287, 289, 293, 294, 295, 296, 298, 299, 301, 302, 305, 306, 308, 309, 310, 311, 313, 314, 315, 317, 318, 320, 330, 332, 333, 334, 335, 336, 338, 342, 344, 345, 346, 347, 349, 354, 355, 358, 359, 361, 381, 383, 385, 386, 389, 390, 393, 396, 397, 400, 402, 428, 431, 432, 433, 434, 435, 437, 441, 444, 445, 446, 447, 448, 449, 451, 455, 456, 458, 460, 466, 470, 471, 473, 475, 476, 477, 479], "excluded_lines": []}, "WorldModel._build_pytorch_model.WorldModelNetwork": {"executed_lines": [], "summary": {"covered_lines": 0, "num_statements": 18, "percent_covered": 0.0, "percent_covered_display": "0", "missing_lines": 18, "excluded_lines": 0}, "missing_lines": [140, 143, 151, 159, 166, 169, 176, 185, 186, 189, 190, 193, 194, 197, 198, 201, 202, 204], "excluded_lines": []}, "": {"executed_lines": [1, 23, 24, 25, 26, 27, 28, 29, 30, 31, 32, 34, 35, 39, 40, 41, 42, 44, 46, 49, 50, 51, 52, 53, 54, 55, 56, 59, 60, 61, 62, 63, 64, 65, 66, 69, 70, 90, 133, 208, 216, 291, 327, 340, 351, 363, 410, 426, 439, 453, 468, 483, 486, 494, 509], "summary": {"covered_lines": 51, "num_statements": 70, "percent_covered": 72.85714285714286, "percent_covered_display": "73", "missing_lines": 19, "excluded_lines": 0}, "missing_lines": [36, 37, 38, 489, 490, 491, 505, 506, 511, 512, 515, 518, 526, 528, 529, 530, 531, 532, 534], "excluded_lines": []}}}}, "totals": {"covered_lines": 6049, "num_statements": 9028, "percent_covered": 67.00265839610103, "percent_covered_display": "67", "missing_lines": 2979, "excluded_lines": 2}}