<?xml version="1.0" encoding="utf-8"?><testsuites name="pytest tests"><testsuite name="pytest" errors="0" failures="0" skipped="1" tests="36" time="6.296" timestamp="2025-10-22T12:15:09.740376+00:00" hostname="genesis-agent-01"><testcase classname="tests.test_production_health.TestProductionHealth" name="test_critical_modules_importable" time="0.235" /><testcase classname="tests.test_production_health.TestProductionHealth" name="test_observability_manager_functional" time="0.006" /><testcase classname="tests.test_production_health.TestProductionHealth" name="test_system_resources_adequate" time="0.006" /><testcase classname="tests.test_production_health.TestProductionHealth" name="test_critical_files_exist" time="0.006" /><testcase classname="tests.test_production_health.TestProductionHealth" name="test_test_suite_integrity" time="0.006" /><testcase classname="tests.test_production_health.TestProductionHealth" name="test_error_handler_operational" time="0.006" /><testcase classname="tests.test_production_health.TestProductionHealth" name="test_security_utils_functional" time="0.010" /><testcase classname="tests.test_production_health.TestProductionHealth" name="test_htdag_planner_operational" time="0.009" /><testcase classname="tests.test_production_health.TestProductionHealth" name="test_halo_router_operational" time="0.007" /><testcase classname="tests.test_production_health.TestProductionHealth" name="test_aop_validator_operational" time="0.009" /><testcase classname="tests.test_production_health.TestProductionHealth" name="test_performance_within_slo" time="0.016" /><testcase classname="tests.test_production_health.TestProductionHealth" name="test_logging_configuration" time="0.006" /><testcase classname="tests.test_production_health.TestProductionHealth" name="test_pytest_configuration" time="0.006" /><testcase classname="tests.test_production_health.TestProductionHealth" name="test_test_execution_time" time="0.006" /><testcase classname="tests.test_production_health.TestProductionMetrics" name="test_metrics_exportable" time="0.006" /><testcase classname="tests.test_production_health.TestProductionMetrics" name="test_trace_context_propagation" time="0.006" /><testcase classname="tests.test_production_health.TestProductionSLOs" name="test_pass_rate_baseline" time="0.798" /><testcase classname="tests.test_production_health.TestProductionSLOs" name="test_latency_baseline" time="0.028" /><testcase classname="tests.test_production_health.TestProductionSLOs" name="test_error_rate_baseline" time="0.007" /><testcase classname="tests.test_production_health.TestContinuousMonitoring" name="test_prometheus_endpoint_reachable" time="0.037" /><testcase classname="tests.test_production_health.TestContinuousMonitoring" name="test_grafana_endpoint_reachable" time="0.007" /><testcase classname="tests.test_production_health.TestContinuousMonitoring" name="test_alertmanager_endpoint_reachable" time="0.010" /><testcase classname="tests.test_production_health.TestContinuousMonitoring" name="test_record_health_snapshot" time="1.015" /><testcase classname="tests.test_production_health.TestContinuousMonitoring" name="test_test_pass_rate_slo" time="3.538" /><testcase classname="tests.test_production_health.TestContinuousMonitoring" name="test_error_rate_slo" time="0.042" /><testcase classname="tests.test_production_health.TestContinuousMonitoring" name="test_p95_latency_slo" time="0.038" /><testcase classname="tests.test_production_health.TestContinuousMonitoring" name="test_otel_traces_functional" time="0.011" /><testcase classname="tests.test_production_health.TestContinuousMonitoring" name="test_feature_flags_operational" time="0.038"><skipped type="pytest.skip" message="Feature flags module not available">/home/genesis/genesis-rebuild/tests/test_production_health.py:560: Feature flags module not available</skipped></testcase><testcase classname="tests.test_production_health.TestContinuousMonitoring" name="test_circuit_breaker_functional" time="0.007" /><testcase classname="tests.test_production_health.TestContinuousMonitoring" name="test_system_throughput_adequate" time="0.008" /><testcase classname="tests.test_production_health.TestContinuousMonitoring" name="test_memory_leak_detection" time="0.189" /><testcase classname="tests.test_production_health.TestContinuousMonitoring" name="test_log_files_not_oversized" time="0.009" /><testcase classname="tests.test_production_health.TestContinuousMonitoring" name="test_docker_containers_healthy" time="0.029" /><testcase classname="tests.test_production_health.TestRollbackTriggers" name="test_critical_error_rate_rollback_trigger" time="0.008" /><testcase classname="tests.test_production_health.TestRollbackTriggers" name="test_critical_pass_rate_rollback_trigger" time="0.007" /><testcase classname="tests.test_production_health.TestRollbackTriggers" name="test_critical_latency_rollback_trigger" time="0.031" /></testsuite></testsuites>