<?xml version="1.0" encoding="utf-8"?><testsuites name="pytest tests"><testsuite name="pytest" errors="0" failures="1" skipped="1" tests="36" time="8.191" timestamp="2025-10-25T11:50:51.417087+00:00" hostname="genesis-agent-01"><testcase classname="tests.test_production_health.TestProductionHealth" name="test_critical_modules_importable" time="0.374" /><testcase classname="tests.test_production_health.TestProductionHealth" name="test_observability_manager_functional" time="0.010" /><testcase classname="tests.test_production_health.TestProductionHealth" name="test_system_resources_adequate" time="0.009"><failure message="AssertionError: Disk usage too high: 99.3%&#10;assert 99.3 &lt; 90">tests/test_production_health.py:85: in test_system_resources_adequate
    assert disk_percent &lt; 90, f"Disk usage too high: {disk_percent}%"
E   AssertionError: Disk usage too high: 99.3%
E   assert 99.3 &lt; 90
        disk       = sdiskusage(total=241635364864, used=230246555648, free=1512841216, percent=99.3)
        disk_free_gb = 1.4089431762695312
        disk_percent = 99.3
        memory     = svmem(total=16372408320, available=12652883968, percent=22.7, used=3719524352, free=582234112, active=4958846976, inactive=9446703104, buffers=200474624, cached=12304834560, shared=5984256, slab=919912448)
        memory_available_gb = 11.783916473388672
        self       = &lt;tests.test_production_health.TestProductionHealth object at 0x751ee2bb8ec0&gt;</failure></testcase><testcase classname="tests.test_production_health.TestProductionHealth" name="test_critical_files_exist" time="0.009" /><testcase classname="tests.test_production_health.TestProductionHealth" name="test_test_suite_integrity" time="0.009" /><testcase classname="tests.test_production_health.TestProductionHealth" name="test_error_handler_operational" time="0.008" /><testcase classname="tests.test_production_health.TestProductionHealth" name="test_security_utils_functional" time="0.013" /><testcase classname="tests.test_production_health.TestProductionHealth" name="test_htdag_planner_operational" time="0.012" /><testcase classname="tests.test_production_health.TestProductionHealth" name="test_halo_router_operational" time="0.012" /><testcase classname="tests.test_production_health.TestProductionHealth" name="test_aop_validator_operational" time="0.012" /><testcase classname="tests.test_production_health.TestProductionHealth" name="test_performance_within_slo" time="0.019" /><testcase classname="tests.test_production_health.TestProductionHealth" name="test_logging_configuration" time="0.009" /><testcase classname="tests.test_production_health.TestProductionHealth" name="test_pytest_configuration" time="0.009" /><testcase classname="tests.test_production_health.TestProductionHealth" name="test_test_execution_time" time="0.009" /><testcase classname="tests.test_production_health.TestProductionMetrics" name="test_metrics_exportable" time="0.009" /><testcase classname="tests.test_production_health.TestProductionMetrics" name="test_trace_context_propagation" time="0.009" /><testcase classname="tests.test_production_health.TestProductionSLOs" name="test_pass_rate_baseline" time="1.432" /><testcase classname="tests.test_production_health.TestProductionSLOs" name="test_latency_baseline" time="0.034" /><testcase classname="tests.test_production_health.TestProductionSLOs" name="test_error_rate_baseline" time="0.013" /><testcase classname="tests.test_production_health.TestContinuousMonitoring" name="test_prometheus_endpoint_reachable" time="0.039" /><testcase classname="tests.test_production_health.TestContinuousMonitoring" name="test_grafana_endpoint_reachable" time="0.013" /><testcase classname="tests.test_production_health.TestContinuousMonitoring" name="test_alertmanager_endpoint_reachable" time="0.013" /><testcase classname="tests.test_production_health.TestContinuousMonitoring" name="test_record_health_snapshot" time="1.035" /><testcase classname="tests.test_production_health.TestContinuousMonitoring" name="test_test_pass_rate_slo" time="4.476" /><testcase classname="tests.test_production_health.TestContinuousMonitoring" name="test_error_rate_slo" time="0.026" /><testcase classname="tests.test_production_health.TestContinuousMonitoring" name="test_p95_latency_slo" time="0.034" /><testcase classname="tests.test_production_health.TestContinuousMonitoring" name="test_otel_traces_functional" time="0.012" /><testcase classname="tests.test_production_health.TestContinuousMonitoring" name="test_feature_flags_operational" time="0.024"><skipped type="pytest.skip" message="Feature flags module not available">/home/genesis/genesis-rebuild/tests/test_production_health.py:560: Feature flags module not available</skipped></testcase><testcase classname="tests.test_production_health.TestContinuousMonitoring" name="test_circuit_breaker_functional" time="0.009" /><testcase classname="tests.test_production_health.TestContinuousMonitoring" name="test_system_throughput_adequate" time="0.011" /><testcase classname="tests.test_production_health.TestContinuousMonitoring" name="test_memory_leak_detection" time="0.243" /><testcase classname="tests.test_production_health.TestContinuousMonitoring" name="test_log_files_not_oversized" time="0.011" /><testcase classname="tests.test_production_health.TestContinuousMonitoring" name="test_docker_containers_healthy" time="0.029" /><testcase classname="tests.test_production_health.TestRollbackTriggers" name="test_critical_error_rate_rollback_trigger" time="0.012" /><testcase classname="tests.test_production_health.TestRollbackTriggers" name="test_critical_pass_rate_rollback_trigger" time="0.013" /><testcase classname="tests.test_production_health.TestRollbackTriggers" name="test_critical_latency_rollback_trigger" time="0.032" /></testsuite></testsuites>