<?xml version="1.0" encoding="utf-8"?><testsuites name="pytest tests"><testsuite name="pytest" errors="26" failures="5" skipped="27" tests="1489" time="2039.789" timestamp="2025-10-22T21:30:28.547652+00:00" hostname="genesis-agent-01"><testcase classname="tests.test_a2a_integration" name="test_agent_name_mapping" time="0.008"><error message="failed on setup with &quot;ValueError: HTTPS required in production environment&quot;">E   ValueError: HTTPS required in production environment</error></testcase><testcase classname="tests.test_a2a_integration" name="test_task_to_tool_mapping" time="0.007"><error message="failed on setup with &quot;ValueError: HTTPS required in production environment&quot;">E   ValueError: HTTPS required in production environment</error></testcase><testcase classname="tests.test_a2a_integration" name="test_prepare_arguments" time="0.006"><error message="failed on setup with &quot;ValueError: HTTPS required in production environment&quot;">E   ValueError: HTTPS required in production environment</error></testcase><testcase classname="tests.test_a2a_integration" name="test_get_dependency_results" time="0.007"><error message="failed on setup with &quot;ValueError: HTTPS required in production environment&quot;">E   ValueError: HTTPS required in production environment</error></testcase><testcase classname="tests.test_a2a_integration" name="test_simple_single_agent_execution" time="0.006"><error message="failed on setup with &quot;ValueError: HTTPS required in production environment&quot;">E   ValueError: HTTPS required in production environment</error></testcase><testcase classname="tests.test_a2a_integration" name="test_complex_multi_agent_workflow" time="0.006"><error message="failed on setup with &quot;ValueError: HTTPS required in production environment&quot;">E   ValueError: HTTPS required in production environment</error></testcase><testcase classname="tests.test_a2a_integration" name="test_dependency_order_enforcement" time="0.007"><error message="failed on setup with &quot;ValueError: HTTPS required in production environment&quot;">E   ValueError: HTTPS required in production environment</error></testcase><testcase classname="tests.test_a2a_integration" name="test_error_handling_agent_failure" time="0.006"><error message="failed on setup with &quot;ValueError: HTTPS required in production environment&quot;">E   ValueError: HTTPS required in production environment</error></testcase><testcase classname="tests.test_a2a_integration" name="test_circuit_breaker_opens" time="0.007"><error message="failed on setup with &quot;ValueError: HTTPS required in production environment&quot;">E   ValueError: HTTPS required in production environment</error></testcase><testcase classname="tests.test_a2a_integration" name="test_circuit_breaker_recovery" time="0.006"><error message="failed on setup with &quot;ValueError: HTTPS required in production environment&quot;">E   ValueError: HTTPS required in production environment</error></testcase><testcase classname="tests.test_a2a_integration" name="test_execution_summary" time="0.006"><error message="failed on setup with &quot;ValueError: HTTPS required in production environment&quot;">E   ValueError: HTTPS required in production environment</error></testcase><testcase classname="tests.test_a2a_integration" name="test_correlation_context_propagation" time="0.006"><error message="failed on setup with &quot;ValueError: HTTPS required in production environment&quot;">E   ValueError: HTTPS required in production environment</error></testcase><testcase classname="tests.test_a2a_integration" name="test_end_to_end_orchestration_mocked" time="0.009"><skipped type="pytest.skip" message="A2A connector not initialized">/home/genesis/genesis-rebuild/tests/test_a2a_integration.py:473: A2A connector not initialized</skipped></testcase><testcase classname="tests.test_a2a_integration" name="test_parallel_task_execution" time="0.006"><error message="failed on setup with &quot;ValueError: HTTPS required in production environment&quot;">E   ValueError: HTTPS required in production environment</error></testcase><testcase classname="tests.test_a2a_integration" name="test_agent_name_mapping_coverage" time="0.006" /><testcase classname="tests.test_a2a_integration" name="test_task_type_mapping_coverage" time="0.006" /><testcase classname="tests.test_a2a_integration" name="test_http_timeout_handling" time="0.006"><error message="failed on setup with &quot;ValueError: HTTPS required in production environment&quot;">E   ValueError: HTTPS required in production environment</error></testcase><testcase classname="tests.test_a2a_integration" name="test_dag_with_cycles" time="0.007"><error message="failed on setup with &quot;ValueError: HTTPS required in production environment&quot;">E   ValueError: HTTPS required in production environment</error></testcase><testcase classname="tests.test_a2a_integration" name="test_empty_routing_plan" time="0.007"><error message="failed on setup with &quot;ValueError: HTTPS required in production environment&quot;">E   ValueError: HTTPS required in production environment</error></testcase><testcase classname="tests.test_a2a_integration" name="test_task_with_missing_dependencies" time="0.006"><error message="failed on setup with &quot;ValueError: HTTPS required in production environment&quot;">E   ValueError: HTTPS required in production environment</error></testcase><testcase classname="tests.test_a2a_integration" name="test_reset_circuit_breaker" time="0.006"><error message="failed on setup with &quot;ValueError: HTTPS required in production environment&quot;">E   ValueError: HTTPS required in production environment</error></testcase><testcase classname="tests.test_a2a_integration" name="test_execution_history_tracking" time="0.007"><error message="failed on setup with &quot;ValueError: HTTPS required in production environment&quot;">E   ValueError: HTTPS required in production environment</error></testcase><testcase classname="tests.test_a2a_integration" name="test_task_metadata_propagation" time="0.007"><error message="failed on setup with &quot;ValueError: HTTPS required in production environment&quot;">E   ValueError: HTTPS required in production environment</error></testcase><testcase classname="tests.test_a2a_integration" name="test_feature_flag_integration" time="0.009" /><testcase classname="tests.test_a2a_integration" name="test_multiple_execution_cycles" time="0.006"><error message="failed on setup with &quot;ValueError: HTTPS required in production environment&quot;">E   ValueError: HTTPS required in production environment</error></testcase><testcase classname="tests.test_a2a_integration" name="test_execution_time_tracking" time="0.006"><error message="failed on setup with &quot;ValueError: HTTPS required in production environment&quot;">E   ValueError: HTTPS required in production environment</error></testcase><testcase classname="tests.test_a2a_integration" name="test_success_rate_calculation" time="0.006"><error message="failed on setup with &quot;ValueError: HTTPS required in production environment&quot;">E   ValueError: HTTPS required in production environment</error></testcase><testcase classname="tests.test_a2a_integration" name="test_empty_dag_handling" time="0.006"><error message="failed on setup with &quot;ValueError: HTTPS required in production environment&quot;">E   ValueError: HTTPS required in production environment</error></testcase><testcase classname="tests.test_a2a_integration" name="test_partial_completion_status" time="0.006"><error message="failed on setup with &quot;ValueError: HTTPS required in production environment&quot;">E   ValueError: HTTPS required in production environment</error></testcase><testcase classname="tests.test_a2a_security" name="test_authentication_headers_added" time="0.013" /><testcase classname="tests.test_a2a_security" name="test_api_key_from_environment" time="0.007" /><testcase classname="tests.test_a2a_security" name="test_tool_name_injection_prevention" time="0.007" /><testcase classname="tests.test_a2a_security" name="test_agent_name_injection_prevention" time="0.007" /><testcase classname="tests.test_a2a_security" name="test_agent_name_sanitization" time="0.007" /><testcase classname="tests.test_a2a_security" name="test_credential_redaction_in_logs" time="0.009" /><testcase classname="tests.test_a2a_security" name="test_rate_limiting_global" time="0.007" /><testcase classname="tests.test_a2a_security" name="test_rate_limiting_per_agent" time="0.007" /><testcase classname="tests.test_a2a_security" name="test_rate_limiting_allows_within_limits" time="0.007" /><testcase classname="tests.test_a2a_security" name="test_https_enforcement_in_production" time="0.007" /><testcase classname="tests.test_a2a_security" name="test_https_warning_in_development" time="0.007" /><testcase classname="tests.test_a2a_security" name="test_authorization_checks" time="0.009" /><testcase classname="tests.test_a2a_security" name="test_payload_size_limits" time="0.021" /><testcase classname="tests.test_a2a_security" name="test_json_schema_validation" time="0.009" /><testcase classname="tests.test_a2a_security" name="test_valid_json_schema_passes" time="0.009" /><testcase classname="tests.test_a2a_security" name="test_sanitize_task_description" time="0.007" /><testcase classname="tests.test_a2a_security" name="test_sanitize_task_metadata" time="0.007" /><testcase classname="tests.test_a2a_security" name="test_http_session_reuse" time="0.033" /><testcase classname="tests.test_a2a_security" name="test_circuit_breaker_with_rate_limiting" time="0.007" /><testcase classname="tests.test_a2a_security" name="test_error_text_redaction" time="0.010" /><testcase classname="tests.test_a2a_security" name="test_tool_name_whitelist_validation" time="0.007" /><testcase classname="tests.test_a2a_security" name="test_agent_name_whitelist_validation" time="0.007" /><testcase classname="tests.test_a2a_security" name="test_context_manager_cleanup" time="0.032" /><testcase classname="tests.test_a2a_security" name="test_rate_limit_recording" time="0.007" /><testcase classname="tests.test_a2a_security" name="test_multiple_tool_name_injection_patterns" time="0.008" /><testcase classname="tests.test_aatc.TestToolSafetyValidator" name="test_safe_tool_passes" time="0.007" /><testcase classname="tests.test_aatc.TestToolSafetyValidator" name="test_eval_rejected" time="0.007" /><testcase classname="tests.test_aatc.TestToolSafetyValidator" name="test_exec_rejected" time="0.007" /><testcase classname="tests.test_aatc.TestToolSafetyValidator" name="test_subprocess_rejected" time="0.006" /><testcase classname="tests.test_aatc.TestToolSafetyValidator" name="test_file_access_rejected" time="0.007" /><testcase classname="tests.test_aatc.TestToolSafetyValidator" name="test_non_whitelisted_import_rejected" time="0.007" /><testcase classname="tests.test_aatc.TestToolSafetyValidator" name="test_whitelisted_imports_allowed" time="0.007" /><testcase classname="tests.test_aatc.TestToolGenerator" name="test_generate_fetch_tool" time="0.009" /><testcase classname="tests.test_aatc.TestToolGenerator" name="test_generate_parse_tool" time="0.008" /><testcase classname="tests.test_aatc.TestToolGenerator" name="test_generate_generic_tool" time="0.008" /><testcase classname="tests.test_aatc.TestToolGenerator" name="test_generated_tool_is_safe" time="0.009" /><testcase classname="tests.test_aatc.TestToolGenerator" name="test_validate_tool_syntax" time="0.007" /><testcase classname="tests.test_aatc.TestToolGenerator" name="test_validate_tool_invalid_syntax" time="0.007" /><testcase classname="tests.test_aatc.TestDynamicAgentCreator" name="test_create_scraper_agent" time="1.600" /><testcase classname="tests.test_aatc.TestDynamicAgentCreator" name="test_create_api_agent" time="0.114" /><testcase classname="tests.test_aatc.TestDynamicAgentCreator" name="test_create_analytics_agent" time="0.096" /><testcase classname="tests.test_aatc.TestDynamicAgentCreator" name="test_agent_tools_are_safe" time="0.102" /><testcase classname="tests.test_aatc.TestDynamicAgentCreator" name="test_convert_to_agent_capability" time="0.087" /><testcase classname="tests.test_aatc.TestDynamicAgentCreator" name="test_list_created_agents" time="0.008" /><testcase classname="tests.test_aatc.TestDynamicAgentCreator" name="test_get_agent_by_id" time="0.049" /><testcase classname="tests.test_aatc.TestDynamicAgentCreator" name="test_update_agent_success_rate" time="0.056" /><testcase classname="tests.test_aatc.TestDynamicAgentCreator" name="test_clone_agent" time="0.077" /><testcase classname="tests.test_aatc.TestHALORouterAATCIntegration" name="test_create_specialized_agent_without_creator" time="0.009" /><testcase classname="tests.test_aatc.TestHALORouterAATCIntegration" name="test_create_specialized_agent_with_creator" time="2.866" /><testcase classname="tests.test_aatc.TestHALORouterAATCIntegration" name="test_dynamic_agent_can_be_routed_to" time="0.056" /><testcase classname="tests.test_aatc.TestHALORouterAATCIntegration" name="test_multiple_dynamic_agents" time="10.220" /><testcase classname="tests.test_aatc.TestHALORouterAATCIntegration" name="test_dynamic_agent_workload_tracking" time="0.040" /><testcase classname="tests.test_aatc.TestAATCEndToEnd" name="test_complete_aatc_workflow" time="1.239" /><testcase classname="tests.test_aatc.TestAATCEndToEnd" name="test_fallback_to_aatc_when_no_agent_matches" time="0.048" /><testcase classname="tests.test_aop_validator.TestAOPValidatorBasics" name="test_valid_plan_passes_all_checks" time="0.010" /><testcase classname="tests.test_aop_validator.TestAOPValidatorBasics" name="test_empty_plan_fails_completeness" time="0.012" /><testcase classname="tests.test_aop_validator.TestSolvabilityPrinciple" name="test_agent_not_in_registry_fails" time="0.012" /><testcase classname="tests.test_aop_validator.TestSolvabilityPrinciple" name="test_agent_unsupported_task_type_fails" time="0.007" /><testcase classname="tests.test_aop_validator.TestSolvabilityPrinciple" name="test_missing_required_skills_fails" time="0.008" /><testcase classname="tests.test_aop_validator.TestCompletenessPrinciple" name="test_missing_task_assignment_fails" time="0.008" /><testcase classname="tests.test_aop_validator.TestCompletenessPrinciple" name="test_orphaned_assignment_fails" time="0.008" /><testcase classname="tests.test_aop_validator.TestCompletenessPrinciple" name="test_unassigned_tasks_field_checked" time="0.008" /><testcase classname="tests.test_aop_validator.TestRedundancyPrinciple" name="test_duplicate_tasks_flagged" time="0.008" /><testcase classname="tests.test_aop_validator.TestRedundancyPrinciple" name="test_similar_descriptions_high_confidence" time="0.008" /><testcase classname="tests.test_aop_validator.TestRedundancyPrinciple" name="test_different_task_types_no_redundancy" time="0.007" /><testcase classname="tests.test_aop_validator.TestQualityScoreCalculation" name="test_quality_score_in_range" time="0.007" /><testcase classname="tests.test_aop_validator.TestQualityScoreCalculation" name="test_high_success_rate_improves_score" time="0.008" /><testcase classname="tests.test_aop_validator.TestQualityScoreCalculation" name="test_cheaper_agents_improve_score" time="0.007" /><testcase classname="tests.test_aop_validator.TestQualityScoreCalculation" name="test_quality_score_formula_weights" time="0.007" /><testcase classname="tests.test_aop_validator.TestEdgeCases" name="test_empty_dag_empty_plan" time="0.007" /><testcase classname="tests.test_aop_validator.TestEdgeCases" name="test_complex_dag_with_dependencies" time="0.008" /><testcase classname="tests.test_aop_validator.TestEdgeCases" name="test_validation_result_string_representation" time="0.007" /><testcase classname="tests.test_aop_validator.TestEdgeCases" name="test_multiple_agents_success_probability_product" time="0.007" /><testcase classname="tests.test_aop_validator.TestEdgeCases" name="test_validation_with_zero_quality_agents" time="0.007" /><testcase classname="tests.test_aop_validator.TestIntegrationScenarios" name="test_realistic_business_deployment_scenario" time="0.007" /><testcase classname="tests.test_benchmark_recorder.TestBenchmarkMetric" name="test_metric_creation" time="0.006" /><testcase classname="tests.test_benchmark_recorder.TestBenchmarkMetric" name="test_metric_with_metadata" time="0.006" /><testcase classname="tests.test_benchmark_recorder.TestBenchmarkMetric" name="test_metric_without_git_commit" time="0.007" /><testcase classname="tests.test_benchmark_recorder.TestBenchmarkMetric" name="test_metric_to_dict" time="0.007" /><testcase classname="tests.test_benchmark_recorder.TestBenchmarkMetric" name="test_failed_task_metric" time="0.007" /><testcase classname="tests.test_benchmark_recorder.TestBenchmarkRecorder" name="test_recorder_initialization" time="0.008" /><testcase classname="tests.test_benchmark_recorder.TestBenchmarkRecorder" name="test_record_single_metric" time="0.009" /><testcase classname="tests.test_benchmark_recorder.TestBenchmarkRecorder" name="test_record_multiple_metrics" time="0.013" /><testcase classname="tests.test_benchmark_recorder.TestBenchmarkRecorder" name="test_get_metrics_by_version" time="0.011" /><testcase classname="tests.test_benchmark_recorder.TestBenchmarkRecorder" name="test_get_metrics_by_agent" time="0.011" /><testcase classname="tests.test_benchmark_recorder.TestBenchmarkRecorder" name="test_get_success_rate" time="0.012" /><testcase classname="tests.test_benchmark_recorder.TestBenchmarkRecorder" name="test_get_average_execution_time" time="0.009" /><testcase classname="tests.test_benchmark_recorder.TestBenchmarkRecorder" name="test_get_total_cost" time="0.010" /><testcase classname="tests.test_benchmark_recorder.TestBenchmarkRecorder" name="test_compare_versions" time="0.012" /><testcase classname="tests.test_benchmark_recorder.TestBenchmarkRecorder" name="test_persistence" time="0.007" /><testcase classname="tests.test_benchmark_recorder.TestBenchmarkRecorder" name="test_append_to_existing_storage" time="0.011" /><testcase classname="tests.test_benchmark_recorder.TestBenchmarkRecorder" name="test_get_recent_metrics" time="0.118" /><testcase classname="tests.test_benchmark_recorder.TestBenchmarkRecorder" name="test_clear_metrics" time="0.009" /><testcase classname="tests.test_benchmark_recorder.TestBenchmarkRecorder" name="test_export_to_csv" time="0.012" /><testcase classname="tests.test_benchmark_recorder.TestBenchmarkRecorder" name="test_get_statistics" time="0.018" /><testcase classname="tests.test_benchmark_recorder.TestBenchmarkRecorder" name="test_get_trend" time="0.018" /><testcase classname="tests.test_benchmark_recorder.TestBenchmarkRecorder" name="test_filter_by_task_type" time="0.013" /><testcase classname="tests.test_benchmark_recorder.TestBenchmarkRecorder" name="test_concurrent_recording" time="0.065" /><testcase classname="tests.test_benchmark_recorder.TestBenchmarkRecorder" name="test_invalid_storage_path_handling" time="0.013" /><testcase classname="tests.test_benchmark_recorder.TestBenchmarkRecorder" name="test_corrupted_storage_recovery" time="0.015" /><testcase classname="tests.test_concurrency.TestParallelOrchestrationRequests" name="test_concurrent_planning_requests" time="0.023" /><testcase classname="tests.test_concurrency.TestParallelOrchestrationRequests" name="test_concurrent_routing_requests" time="0.034" /><testcase classname="tests.test_concurrency.TestParallelOrchestrationRequests" name="test_concurrent_validation_requests" time="0.081" /><testcase classname="tests.test_concurrency.TestParallelOrchestrationRequests" name="test_full_pipeline_concurrent_requests" time="0.033" /><testcase classname="tests.test_concurrency.TestParallelOrchestrationRequests" name="test_concurrent_requests_with_shared_resources" time="0.042" /><testcase classname="tests.test_concurrency.TestParallelOrchestrationRequests" name="test_concurrent_reward_model_updates" time="0.081" /><testcase classname="tests.test_concurrency.TestParallelOrchestrationRequests" name="test_concurrent_trajectory_pool_access" time="0.055" /><testcase classname="tests.test_concurrency.TestParallelOrchestrationRequests" name="test_concurrent_replay_buffer_operations" time="0.429" /><testcase classname="tests.test_concurrency.TestParallelOrchestrationRequests" name="test_mixed_read_write_operations" time="0.053" /><testcase classname="tests.test_concurrency.TestParallelOrchestrationRequests" name="test_high_concurrency_stress_test" time="0.183" /><testcase classname="tests.test_concurrency.TestThreadSafety" name="test_agent_registry_thread_safety" time="0.014" /><testcase classname="tests.test_concurrency.TestThreadSafety" name="test_dag_modification_thread_safety" time="0.013" /><testcase classname="tests.test_concurrency.TestThreadSafety" name="test_reward_model_weights_thread_safety" time="0.038" /><testcase classname="tests.test_concurrency.TestThreadSafety" name="test_trajectory_pool_thread_safety" time="0.036" /><testcase classname="tests.test_concurrency.TestThreadSafety" name="test_replay_buffer_thread_safety" time="0.080" /><testcase classname="tests.test_concurrency.TestThreadSafety" name="test_task_status_updates_thread_safety" time="0.010" /><testcase classname="tests.test_concurrency.TestThreadSafety" name="test_validator_concurrent_validation" time="0.035" /><testcase classname="tests.test_concurrency.TestThreadSafety" name="test_concurrent_llm_calls" time="0.018" /><testcase classname="tests.test_concurrency.TestThreadSafety" name="test_shared_state_consistency" time="0.015" /><testcase classname="tests.test_concurrency.TestThreadSafety" name="test_atomic_operations" time="0.035" /><testcase classname="tests.test_concurrency.TestRaceConditionDetection" name="test_dag_concurrent_modification_race" time="0.034" /><testcase classname="tests.test_concurrency.TestRaceConditionDetection" name="test_reward_model_update_race" time="0.039" /><testcase classname="tests.test_concurrency.TestRaceConditionDetection" name="test_router_registry_race" time="0.050" /><testcase classname="tests.test_concurrency.TestRaceConditionDetection" name="test_task_dependency_race" time="0.020" /><testcase classname="tests.test_concurrency.TestRaceConditionDetection" name="test_statistics_counter_race" time="0.024" /><testcase classname="tests.test_concurrency.TestDeadlockPrevention" name="test_no_deadlock_in_pipeline" time="0.119" /><testcase classname="tests.test_concurrency.TestDeadlockPrevention" name="test_no_deadlock_with_locks" time="0.418" /><testcase classname="tests.test_concurrency.TestDeadlockPrevention" name="test_no_circular_wait" time="0.015" /><testcase classname="tests.test_concurrency.TestResourceContention" name="test_limited_agent_capacity" time="0.090" /><testcase classname="tests.test_concurrency.TestResourceContention" name="test_memory_pressure_handling" time="0.790" /><testcase classname="tests.test_daao.TestCostProfiler" name="test_record_execution_basic" time="0.010" /><testcase classname="tests.test_daao.TestCostProfiler" name="test_record_multiple_executions" time="0.014" /><testcase classname="tests.test_daao.TestCostProfiler" name="test_cost_calculation" time="0.012" /><testcase classname="tests.test_daao.TestCostProfiler" name="test_success_rate_with_failures" time="0.011" /><testcase classname="tests.test_daao.TestCostProfiler" name="test_estimate_cost_with_no_history" time="0.010" /><testcase classname="tests.test_daao.TestCostProfiler" name="test_estimate_cost_with_history" time="0.008" /><testcase classname="tests.test_daao.TestCostProfiler" name="test_adaptive_profiling_recent_data" time="0.011" /><testcase classname="tests.test_daao.TestDAAOOptimizer" name="test_optimize_simple_dag" time="0.011" /><testcase classname="tests.test_daao.TestDAAOOptimizer" name="test_cost_savings_reported" time="0.010" /><testcase classname="tests.test_daao.TestDAAOOptimizer" name="test_quality_constraint_enforcement" time="0.011" /><testcase classname="tests.test_daao.TestDAAOOptimizer" name="test_budget_constraint_enforcement" time="0.009" /><testcase classname="tests.test_daao.TestDAAOOptimizer" name="test_task_complexity_estimation" time="0.008" /><testcase classname="tests.test_daao.TestDAAOOptimizer" name="test_replanning_with_feedback" time="0.010" /><testcase classname="tests.test_daao.TestDAAOIntegration" name="test_halo_with_daao_enabled" time="0.012" /><testcase classname="tests.test_daao.TestDAAOIntegration" name="test_halo_without_daao" time="0.009" /><testcase classname="tests.test_daao_router.TestDAAORouterInitialization" name="test_router_initialization" time="0.009" /><testcase classname="tests.test_daao_router.TestDAAORouterInitialization" name="test_factory_function" time="0.007" /><testcase classname="tests.test_daao_router.TestDAAORouterInitialization" name="test_model_cost_configuration" time="0.007" /><testcase classname="tests.test_daao_router.TestDifficultyEstimation" name="test_trivial_task_estimation" time="0.008" /><testcase classname="tests.test_daao_router.TestDifficultyEstimation" name="test_easy_task_estimation" time="0.007" /><testcase classname="tests.test_daao_router.TestDifficultyEstimation" name="test_medium_task_estimation" time="0.007" /><testcase classname="tests.test_daao_router.TestDifficultyEstimation" name="test_hard_task_estimation" time="0.007" /><testcase classname="tests.test_daao_router.TestDifficultyEstimation" name="test_expert_task_estimation" time="0.006" /><testcase classname="tests.test_daao_router.TestDifficultyEstimation" name="test_empty_description_handling" time="0.007" /><testcase classname="tests.test_daao_router.TestDifficultyEstimation" name="test_missing_fields_handling" time="0.006" /><testcase classname="tests.test_daao_router.TestDifficultyEstimation" name="test_complexity_keywords_detection" time="0.007" /><testcase classname="tests.test_daao_router.TestDifficultyEstimation" name="test_technical_keywords_detection" time="0.006" /><testcase classname="tests.test_daao_router.TestDifficultyEstimation" name="test_tools_impact_difficulty" time="0.007" /><testcase classname="tests.test_daao_router.TestDifficultyEstimation" name="test_difficulty_score_range" time="0.007" /><testcase classname="tests.test_daao_router.TestModelSelection" name="test_trivial_task_model_budget_mode" time="0.007" /><testcase classname="tests.test_daao_router.TestModelSelection" name="test_easy_task_model_budget_mode" time="0.007" /><testcase classname="tests.test_daao_router.TestModelSelection" name="test_medium_task_model_budget_mode" time="0.007" /><testcase classname="tests.test_daao_router.TestModelSelection" name="test_hard_task_model_budget_mode" time="0.007" /><testcase classname="tests.test_daao_router.TestModelSelection" name="test_expert_task_model_budget_mode" time="0.007" /><testcase classname="tests.test_daao_router.TestModelSelection" name="test_quality_mode_vs_budget_mode" time="0.007" /><testcase classname="tests.test_daao_router.TestModelSelection" name="test_boundary_conditions_model_selection" time="0.007" /><testcase classname="tests.test_daao_router.TestModelSelection" name="test_model_selection_consistency" time="0.007" /><testcase classname="tests.test_daao_router.TestCompleteRoutingWorkflow" name="test_route_trivial_task" time="0.007" /><testcase classname="tests.test_daao_router.TestCompleteRoutingWorkflow" name="test_route_expert_task" time="0.007" /><testcase classname="tests.test_daao_router.TestCompleteRoutingWorkflow" name="test_route_task_budget_vs_quality" time="0.008" /><testcase classname="tests.test_daao_router.TestCompleteRoutingWorkflow" name="test_routing_decision_structure" time="0.008" /><testcase classname="tests.test_daao_router.TestCompleteRoutingWorkflow" name="test_reasoning_generation" time="0.007" /><testcase classname="tests.test_daao_router.TestCompleteRoutingWorkflow" name="test_confidence_calculation" time="0.008" /><testcase classname="tests.test_daao_router.TestEdgeCases" name="test_empty_task_description" time="0.007" /><testcase classname="tests.test_daao_router.TestEdgeCases" name="test_missing_priority_field" time="0.007" /><testcase classname="tests.test_daao_router.TestEdgeCases" name="test_missing_tools_field" time="0.007" /><testcase classname="tests.test_daao_router.TestEdgeCases" name="test_extremely_long_description" time="0.008" /><testcase classname="tests.test_daao_router.TestEdgeCases" name="test_negative_priority" time="0.007" /><testcase classname="tests.test_daao_router.TestEdgeCases" name="test_priority_above_one" time="0.007" /><testcase classname="tests.test_daao_router.TestEdgeCases" name="test_many_required_tools" time="0.007" /><testcase classname="tests.test_daao_router.TestEdgeCases" name="test_unicode_in_description" time="0.007" /><testcase classname="tests.test_daao_router.TestEdgeCases" name="test_case_insensitive_keyword_matching" time="0.008" /><testcase classname="tests.test_daao_router.TestCostSavingsValidation" name="test_cost_savings_basic" time="0.008" /><testcase classname="tests.test_daao_router.TestCostSavingsValidation" name="test_cost_savings_all_simple_tasks" time="0.197" /><testcase classname="tests.test_daao_router.TestCostSavingsValidation" name="test_cost_savings_mixed_difficulty" time="0.012" /><testcase classname="tests.test_daao_router.TestCostSavingsValidation" name="test_36_percent_cost_reduction_claim" time="0.039" /><testcase classname="tests.test_daao_router.TestCostSavingsValidation" name="test_no_savings_with_all_expert_tasks" time="0.016" /><testcase classname="tests.test_daao_router.TestCostSavingsValidation" name="test_cost_savings_empty_task_list" time="0.011" /><testcase classname="tests.test_daao_router.TestCostSavingsValidation" name="test_cost_savings_different_baseline_models" time="0.015" /><testcase classname="tests.test_daao_router.TestProductionReadiness" name="test_deterministic_routing" time="0.009" /><testcase classname="tests.test_daao_router.TestProductionReadiness" name="test_integration_with_orchestrator" time="0.007" /><testcase classname="tests.test_daao_router.TestProductionReadiness" name="test_all_difficulty_levels_reachable" time="0.008" /><testcase classname="tests.test_daao_router.TestProductionReadiness" name="test_all_model_tiers_reachable" time="0.008" /><testcase classname="tests.test_daao_router.TestProductionReadiness" name="test_error_handling_robustness" time="0.008" /><testcase classname="tests.test_daao_router.TestRegressionSuite" name="test_example_from_main_block" time="0.007" /><testcase classname="tests.test_daao_router.TestRegressionSuite" name="test_cost_savings_example_from_main" time="0.008" /><testcase classname="tests.test_daao_router" name="test_suite_summary" time="0.006" /><testcase classname="tests.test_dag_api_type_conversion.TestDAGAPITypeConversion" name="test_route_tasks_accepts_taskdag" time="0.009" /><testcase classname="tests.test_dag_api_type_conversion.TestDAGAPITypeConversion" name="test_route_tasks_accepts_list_of_tasks" time="0.009" /><testcase classname="tests.test_dag_api_type_conversion.TestDAGAPITypeConversion" name="test_route_tasks_accepts_get_all_tasks_result" time="0.009" /><testcase classname="tests.test_dag_api_type_conversion.TestDAGAPITypeConversion" name="test_route_tasks_single_task_list" time="0.008" /><testcase classname="tests.test_dag_api_type_conversion.TestDAGAPITypeConversion" name="test_route_tasks_empty_list" time="0.008" /><testcase classname="tests.test_dag_api_type_conversion.TestDAGAPITypeConversion" name="test_route_tasks_rejects_invalid_type" time="0.008" /><testcase classname="tests.test_dag_api_type_conversion.TestDAGAPITypeConversion" name="test_route_tasks_rejects_list_with_non_task_objects" time="0.007" /><testcase classname="tests.test_dag_api_type_conversion.TestDAGAPITypeConversion" name="test_backwards_compatibility_with_taskdag" time="0.008" /><testcase classname="tests.test_dag_api_type_conversion.TestDAGAPITypeConversion" name="test_type_conversion_preserves_task_metadata" time="0.009" /><testcase classname="tests.test_dag_api_type_conversion.TestDAGAPITypeConversion" name="test_flexible_api_with_available_agents_parameter" time="0.009" /><testcase classname="tests.test_dag_api_type_conversion.TestDAGAPIErrorMessages" name="test_error_message_includes_usage_examples" time="0.007" /><testcase classname="tests.test_dag_api_type_conversion.TestDAGAPIErrorMessages" name="test_error_message_shows_actual_type_received" time="0.008" /><testcase classname="tests.test_darwin_checkpoint.TestDarwinCheckpoint" name="test_save_checkpoint" time="0.101" /><testcase classname="tests.test_darwin_checkpoint.TestDarwinCheckpoint" name="test_load_checkpoint" time="0.114" /><testcase classname="tests.test_darwin_checkpoint.TestDarwinCheckpoint" name="test_load_checkpoint_file_not_found" time="0.058" /><testcase classname="tests.test_darwin_checkpoint.TestDarwinCheckpoint" name="test_resume_evolution" time="0.526" /><testcase classname="tests.test_darwin_checkpoint.TestDarwinCheckpoint" name="test_resume_evolution_invalid_checkpoint" time="0.069" /><testcase classname="tests.test_darwin_e2e" name="test_marketing_agent_evolution_e2e" time="0.010" /><testcase classname="tests.test_darwin_e2e" name="test_builder_agent_evolution_e2e" time="0.009" /><testcase classname="tests.test_darwin_e2e" name="test_qa_agent_evolution_e2e" time="0.010" /><testcase classname="tests.test_darwin_e2e" name="test_concurrent_evolution" time="0.010" /><testcase classname="tests.test_darwin_e2e" name="test_evolution_with_invalid_code" time="0.009" /><testcase classname="tests.test_darwin_e2e" name="test_evolution_timeout_handling" time="0.009" /><testcase classname="tests.test_darwin_e2e" name="test_benchmark_validation_failure" time="0.008" /><testcase classname="tests.test_darwin_integration.TestFullEvolutionPipeline" name="test_full_pipeline_with_mocked_components" time="0.073" /><testcase classname="tests.test_darwin_integration.TestFullEvolutionPipeline" name="test_full_pipeline_aop_validation_failure" time="0.019" /><testcase classname="tests.test_darwin_integration.TestFeatureFlagIntegration" name="test_feature_flag_disabled" time="0.008" /><testcase classname="tests.test_darwin_integration.TestFeatureFlagIntegration" name="test_feature_flag_enabled" time="0.021" /><testcase classname="tests.test_darwin_integration.TestEvolutionTypes" name="test_evolution_type_improve_agent" time="0.070" /><testcase classname="tests.test_darwin_integration.TestEvolutionTypes" name="test_evolution_type_fix_bug" time="0.020" /><testcase classname="tests.test_darwin_integration.TestEvolutionTypes" name="test_evolution_type_add_feature" time="0.031" /><testcase classname="tests.test_darwin_integration.TestDarwinAgentCaching" name="test_darwin_agent_cached_per_agent" time="0.011" /><testcase classname="tests.test_darwin_integration.TestDarwinAgentCaching" name="test_darwin_agent_separate_per_agent" time="0.013" /><testcase classname="tests.test_darwin_integration.TestHTDAGIntegration" name="test_htdag_adds_darwin_metadata" time="0.010" /><testcase classname="tests.test_darwin_integration.TestHALORouting" name="test_halo_routes_to_darwin" time="0.011" /><testcase classname="tests.test_darwin_integration.TestErrorHandling" name="test_error_handling_invalid_agent_name" time="0.009" /><testcase classname="tests.test_darwin_integration.TestErrorHandling" name="test_error_handling_htdag_failure" time="0.018" /><testcase classname="tests.test_darwin_integration.TestErrorHandling" name="test_error_handling_darwin_execution_failure" time="0.017" /><testcase classname="tests.test_darwin_integration.TestConvenienceFunctions" name="test_get_darwin_bridge" time="0.007" /><testcase classname="tests.test_darwin_integration.TestConvenienceFunctions" name="test_evolve_agent_via_orchestration" time="0.007" /><testcase classname="tests.test_darwin_layer2.TestCodeSandbox" name="test_simple_execution" time="0.345" /><testcase classname="tests.test_darwin_layer2.TestCodeSandbox" name="test_syntax_error_detection" time="0.292" /><testcase classname="tests.test_darwin_layer2.TestCodeSandbox" name="test_timeout_enforcement" time="2.404" /><testcase classname="tests.test_darwin_layer2.TestCodeSandbox" name="test_syntax_validation" time="0.130" /><testcase classname="tests.test_darwin_layer2.TestCodeSandbox" name="test_requirements_installation" time="3.333" /><testcase classname="tests.test_darwin_layer2.TestBenchmarkRunner" name="test_genesis_benchmark_load" time="0.028" /><testcase classname="tests.test_darwin_layer2.TestBenchmarkRunner" name="test_benchmark_execution" time="1.063" /><testcase classname="tests.test_darwin_layer2.TestBenchmarkRunner" name="test_task_execution" time="0.498" /><testcase classname="tests.test_darwin_layer2.TestWorldModel" name="test_world_model_initialization" time="0.008" /><testcase classname="tests.test_darwin_layer2.TestWorldModel" name="test_prediction" time="0.017" /><testcase classname="tests.test_darwin_layer2.TestWorldModel" name="test_training" time="0.009" /><testcase classname="tests.test_darwin_layer2.TestRLWarmStartSystem" name="test_checkpoint_creation" time="0.013" /><testcase classname="tests.test_darwin_layer2.TestRLWarmStartSystem" name="test_get_best_checkpoint" time="0.015" /><testcase classname="tests.test_darwin_layer2.TestRLWarmStartSystem" name="test_warmstart_config_creation" time="0.010" /><testcase classname="tests.test_darwin_layer2.TestRLWarmStartSystem" name="test_quality_tier_determination" time="0.007" /><testcase classname="tests.test_darwin_layer2.TestDarwinAgent" name="test_darwin_initialization" time="0.035" /><testcase classname="tests.test_darwin_layer2.TestDarwinAgent" name="test_parent_selection" time="0.034" /><testcase classname="tests.test_darwin_layer2.TestDarwinAgent" name="test_improvement_type_determination" time="0.036" /><testcase classname="tests.test_darwin_layer2.TestDarwinAgent" name="test_code_generation" time="0.036" /><testcase classname="tests.test_darwin_layer2.TestIntegration" name="test_full_darwin_evolution_cycle" time="0.303" /><testcase classname="tests.test_darwin_layer2.TestIntegration" name="test_checkpoint_to_warmstart_workflow" time="0.014" /><testcase classname="tests.test_darwin_routing.TestDarwinRouting" name="test_darwin_agent_registered" time="0.009" /><testcase classname="tests.test_darwin_routing.TestDarwinRouting" name="test_route_evolution_task" time="0.010" /><testcase classname="tests.test_darwin_routing.TestDarwinRouting" name="test_route_improve_agent_task" time="0.009" /><testcase classname="tests.test_darwin_routing.TestDarwinRouting" name="test_route_bug_fix_task" time="0.008" /><testcase classname="tests.test_darwin_routing.TestDarwinRouting" name="test_darwin_routing_priority" time="0.007" /><testcase classname="tests.test_darwin_routing.TestDarwinRouting" name="test_darwin_routing_with_multiple_tasks" time="0.008" /><testcase classname="tests.test_darwin_routing.TestDarwinRouting" name="test_darwin_load_balancing" time="0.009" /><testcase classname="tests.test_darwin_routing.TestDarwinRouting" name="test_darwin_explainability" time="0.008" /><testcase classname="tests.test_darwin_security.TestPathTraversalProtection" name="test_path_traversal_blocked_double_dot" time="0.008" /><testcase classname="tests.test_darwin_security.TestPathTraversalProtection" name="test_path_traversal_blocked_forward_slash" time="0.007" /><testcase classname="tests.test_darwin_security.TestPathTraversalProtection" name="test_path_traversal_blocked_backslash" time="0.007" /><testcase classname="tests.test_darwin_security.TestPathTraversalProtection" name="test_path_traversal_blocked_not_in_whitelist" time="0.007" /><testcase classname="tests.test_darwin_security.TestPathTraversalProtection" name="test_path_traversal_allowed_valid_agent" time="0.031" /><testcase classname="tests.test_darwin_security.TestPromptInjectionProtection" name="test_prompt_injection_blocked_ignore_instructions" time="0.017" /><testcase classname="tests.test_darwin_security.TestPromptInjectionProtection" name="test_prompt_injection_blocked_system_override" time="0.013" /><testcase classname="tests.test_darwin_security.TestPromptInjectionProtection" name="test_prompt_injection_blocked_eval" time="0.012" /><testcase classname="tests.test_darwin_security.TestPromptInjectionProtection" name="test_prompt_injection_blocked_subprocess" time="0.008" /><testcase classname="tests.test_darwin_security.TestPromptInjectionProtection" name="test_prompt_injection_context_too_large" time="0.009" /><testcase classname="tests.test_darwin_security.TestPromptInjectionProtection" name="test_prompt_injection_allowed_safe_context" time="0.028" /><testcase classname="tests.test_darwin_security.TestSandboxVerification" name="test_sandbox_verification_called" time="0.018" /><testcase classname="tests.test_darwin_security.TestSandboxVerification" name="test_sandbox_verification_graceful_development_mode" time="0.018" /><testcase classname="tests.test_darwin_security.TestRateLimiting" name="test_rate_limiting_enforced" time="0.058" /><testcase classname="tests.test_darwin_security.TestRateLimiting" name="test_rate_limiting_per_agent" time="0.066" /><testcase classname="tests.test_darwin_security.TestRateLimiting" name="test_rate_limiting_window_cleanup" time="0.013" /><testcase classname="tests.test_darwin_security.TestEvolutionTypeValidation" name="test_evolution_type_validation_invalid_type" time="0.008" /><testcase classname="tests.test_darwin_security.TestEvolutionTypeValidation" name="test_evolution_type_enum_validation" time="0.007" /><testcase classname="tests.test_darwin_security.TestEvolutionTypeValidation" name="test_evolution_type_enum_accepted" time="0.007" /><testcase classname="tests.test_darwin_security.TestCredentialRedaction" name="test_redact_sensitive_data_dict" time="0.007" /><testcase classname="tests.test_darwin_security.TestCredentialRedaction" name="test_redact_sensitive_data_nested_dict" time="0.007" /><testcase classname="tests.test_darwin_security.TestCredentialRedaction" name="test_redact_sensitive_data_list" time="0.007" /><testcase classname="tests.test_darwin_security.TestCredentialRedaction" name="test_redact_sensitive_data_case_insensitive" time="0.008" /><testcase classname="tests.test_darwin_security.TestAllSecurityFixes" name="test_all_validations_applied" time="0.010" /><testcase classname="tests.test_darwin_security.TestAllSecurityFixes" name="test_security_validation_short_circuits" time="0.008" /><testcase classname="tests.test_deploy_agent.TestGeminiComputerUseClient" name="test_browser_lifecycle" time="0.714" /><testcase classname="tests.test_deploy_agent.TestGeminiComputerUseClient" name="test_navigation" time="1.715" /><testcase classname="tests.test_deploy_agent.TestGeminiComputerUseClient" name="test_screenshot" time="1.017" /><testcase classname="tests.test_deploy_agent.TestGeminiComputerUseClient" name="test_autonomous_task" time="1.921" /><testcase classname="tests.test_deploy_agent.TestDeploymentConfig" name="test_default_config" time="0.016" /><testcase classname="tests.test_deploy_agent.TestDeploymentConfig" name="test_custom_config" time="0.017" /><testcase classname="tests.test_deploy_agent.TestDeploymentResult" name="test_successful_result" time="0.013" /><testcase classname="tests.test_deploy_agent.TestDeploymentResult" name="test_failed_result" time="0.012" /><testcase classname="tests.test_deploy_agent.TestDeployAgent" name="test_agent_initialization" time="0.014" /><testcase classname="tests.test_deploy_agent.TestDeployAgent" name="test_agent_initialization_with_learning" time="0.012" /><testcase classname="tests.test_deploy_agent.TestDeployAgent" name="test_prepare_deployment_files" time="0.008" /><testcase classname="tests.test_deploy_agent.TestDeployAgent" name="test_prepare_deployment_files_error_handling" time="0.007" /><testcase classname="tests.test_deploy_agent.TestDeployAgent" name="test_generate_package_json_nextjs" time="0.007" /><testcase classname="tests.test_deploy_agent.TestDeployAgent" name="test_generate_package_json_react" time="0.006" /><testcase classname="tests.test_deploy_agent.TestDeployAgent" name="test_deploy_to_vercel" time="5.235" /><testcase classname="tests.test_deploy_agent.TestDeployAgent" name="test_deploy_to_netlify" time="0.035" /><testcase classname="tests.test_deploy_agent.TestDeployAgent" name="test_verify_deployment_success" time="0.014" /><testcase classname="tests.test_deploy_agent.TestDeployAgent" name="test_verify_deployment_failure" time="0.008" /><testcase classname="tests.test_deploy_agent.TestDeployAgent" name="test_rollback_deployment" time="0.008" /><testcase classname="tests.test_deploy_agent.TestDeployAgent" name="test_full_deployment_workflow_success" time="5.234" /><testcase classname="tests.test_deploy_agent.TestDeployAgent" name="test_full_deployment_workflow_failure" time="0.026" /><testcase classname="tests.test_deploy_agent.TestDeployAgent" name="test_get_statistics_no_deployments" time="0.012" /><testcase classname="tests.test_deploy_agent.TestDeployAgent" name="test_get_statistics_with_deployments" time="0.011" /><testcase classname="tests.test_deploy_agent.TestDeployAgent" name="test_load_deployment_strategies" time="0.013" /><testcase classname="tests.test_deploy_agent.TestDeployAgent" name="test_load_anti_patterns" time="0.013" /><testcase classname="tests.test_deploy_agent.TestFactoryFunction" name="test_get_deploy_agent_default" time="0.011" /><testcase classname="tests.test_deploy_agent.TestFactoryFunction" name="test_get_deploy_agent_custom" time="0.009" /><testcase classname="tests.test_deploy_agent.TestThreadSafety" name="test_concurrent_deployments" time="5.243" /><testcase classname="tests.test_deploy_agent.TestErrorHandling" name="test_prepare_files_with_empty_code" time="0.016" /><testcase classname="tests.test_deploy_agent.TestErrorHandling" name="test_verify_deployment_network_error" time="0.010" /><testcase classname="tests.test_deploy_script" name="test_health_metrics_creation" time="0.011" /><testcase classname="tests.test_deploy_script" name="test_health_metrics_to_dict" time="0.012" /><testcase classname="tests.test_deploy_script" name="test_check_health_thresholds_healthy" time="0.009" /><testcase classname="tests.test_deploy_script" name="test_check_health_thresholds_error_rate_exceeded" time="0.008" /><testcase classname="tests.test_deploy_script" name="test_check_health_thresholds_latency_exceeded" time="0.008" /><testcase classname="tests.test_deploy_script" name="test_check_health_thresholds_at_boundary" time="0.008" /><testcase classname="tests.test_deploy_script" name="test_collect_health_metrics_no_file" time="0.008" /><testcase classname="tests.test_deploy_script" name="test_collect_health_metrics_with_file" time="0.008" /><testcase classname="tests.test_deploy_script" name="test_deployment_state_initialization" time="0.007" /><testcase classname="tests.test_deploy_script" name="test_save_deployment_state" time="0.009" /><testcase classname="tests.test_deploy_script" name="test_load_deployment_state_nonexistent" time="0.011" /><testcase classname="tests.test_deploy_script" name="test_load_deployment_state_existing" time="0.008" /><testcase classname="tests.test_deploy_script" name="test_rollback_disables_flags" time="0.008" /><testcase classname="tests.test_deploy_script" name="test_rollback_saves_config" time="0.008" /><testcase classname="tests.test_deploy_script" name="test_rollback_updates_state" time="0.008" /><testcase classname="tests.test_deploy_script" name="test_rollback_records_history" time="0.008" /><testcase classname="tests.test_deploy_script" name="test_deploy_step_zero_percent" time="0.008" /><testcase classname="tests.test_deploy_script" name="test_deploy_step_hundred_percent" time="0.008" /><testcase classname="tests.test_deploy_script" name="test_deploy_step_canary_percentage" time="0.009" /><testcase classname="tests.test_deploy_script" name="test_deploy_step_updates_state" time="0.008" /><testcase classname="tests.test_deploy_script" name="test_deploy_step_records_history" time="0.008" /><testcase classname="tests.test_deploy_script" name="test_deploy_step_with_monitoring_success" time="1.201" /><testcase classname="tests.test_deploy_script" name="test_deploy_step_with_monitoring_failure" time="0.013" /><testcase classname="tests.test_deploy_script" name="test_deploy_safe_mode_strategy" time="65.799" /><testcase classname="tests.test_deploy_script" name="test_deploy_fast_mode_strategy" time="62.530" /><testcase classname="tests.test_deploy_script" name="test_deploy_instant_mode_strategy" time="60.507" /><testcase classname="tests.test_deploy_script" name="test_deploy_custom_mode_strategy" time="63.654" /><testcase classname="tests.test_deploy_script" name="test_deploy_custom_mode_without_steps" time="0.009" /><testcase classname="tests.test_deploy_script" name="test_deploy_unknown_strategy" time="0.008" /><testcase classname="tests.test_deploy_script" name="test_deploy_with_health_failure_triggers_rollback" time="0.011" /><testcase classname="tests.test_deploy_script" name="test_deploy_skips_completed_steps" time="61.665" /><testcase classname="tests.test_deploy_script" name="test_status_returns_deployment_info" time="0.008" /><testcase classname="tests.test_deploy_script" name="test_status_includes_flag_states" time="0.008" /><testcase classname="tests.test_deploy_script" name="test_main_deploy_command" time="0.008" /><testcase classname="tests.test_deploy_script" name="test_main_rollback_command" time="0.009" /><testcase classname="tests.test_deploy_script" name="test_main_status_command" time="0.009" /><testcase classname="tests.test_deploy_script" name="test_main_no_command" time="0.009" /><testcase classname="tests.test_deploy_script" name="test_main_deploy_with_custom_thresholds" time="0.009" /><testcase classname="tests.test_deploy_script" name="test_main_deploy_custom_strategy_with_steps" time="0.009" /><testcase classname="tests.test_deploy_script" name="test_deploy_step_saves_state_on_error" time="0.009" /><testcase classname="tests.test_deploy_script" name="test_collect_health_metrics_corrupted_file" time="0.009" /><testcase classname="tests.test_deploy_script" name="test_load_deployment_state_corrupted_file" time="0.009" /><testcase classname="tests.test_deploy_script" name="test_deploy_handles_save_failure" time="0.010"><failure message="Exception: Save failed">E   Exception: Save failed</failure></testcase><testcase classname="tests.test_deploy_script" name="test_deployment_history_tracks_all_steps" time="0.010" /><testcase classname="tests.test_deploy_script" name="test_deployment_history_includes_timestamps" time="0.009" /><testcase classname="tests.test_deploy_script" name="test_deployment_history_tracks_rollback" time="0.009" /><testcase classname="tests.test_deploy_script" name="test_full_deployment_workflow" time="62.466" /><testcase classname="tests.test_deploy_script" name="test_deployment_rollback_workflow" time="1.220" /><testcase classname="tests.test_deploy_script" name="test_resume_deployment_after_interruption" time="61.660" /><testcase classname="tests.test_error_handling" name="test_error_context_creation" time="0.008" /><testcase classname="tests.test_error_handling" name="test_retry_with_backoff_success_on_first_attempt" time="0.008" /><testcase classname="tests.test_error_handling" name="test_retry_with_backoff_success_after_retries" time="0.244" /><testcase classname="tests.test_error_handling" name="test_retry_with_backoff_all_attempts_fail" time="0.261" /><testcase classname="tests.test_error_handling" name="test_retry_config_exponential_backoff" time="0.008" /><testcase classname="tests.test_error_handling" name="test_circuit_breaker_closed_state" time="0.007" /><testcase classname="tests.test_error_handling" name="test_circuit_breaker_opens_after_threshold" time="0.007" /><testcase classname="tests.test_error_handling" name="test_circuit_breaker_half_open_recovery" time="0.612" /><testcase classname="tests.test_error_handling" name="test_circuit_breaker_closes_after_success_threshold" time="0.013" /><testcase classname="tests.test_error_handling" name="test_htdag_input_validation_error" time="0.013" /><testcase classname="tests.test_error_handling" name="test_htdag_security_pattern_detection" time="0.012" /><testcase classname="tests.test_error_handling" name="test_htdag_llm_failure_fallback" time="0.013" /><testcase classname="tests.test_error_handling" name="test_htdag_resource_limit_exceeded" time="0.030" /><testcase classname="tests.test_error_handling" name="test_htdag_circuit_breaker_prevents_llm_calls" time="0.012" /><testcase classname="tests.test_error_handling" name="test_htdag_partial_decomposition_success" time="0.010" /><testcase classname="tests.test_error_handling" name="test_htdag_heuristic_fallback_quality" time="0.009" /><testcase classname="tests.test_error_handling" name="test_handle_orchestration_error_decomposition" time="0.007" /><testcase classname="tests.test_error_handling" name="test_handle_orchestration_error_network" time="0.007" /><testcase classname="tests.test_error_handling" name="test_handle_orchestration_error_resource" time="0.007" /><testcase classname="tests.test_error_handling" name="test_recovery_strategy_decomposition" time="0.008" /><testcase classname="tests.test_error_handling" name="test_recovery_strategy_routing" time="0.007" /><testcase classname="tests.test_error_handling" name="test_full_error_handling_pipeline" time="0.008" /><testcase classname="tests.test_error_handling" name="test_error_context_structured_logging" time="0.006" /><testcase classname="tests.test_error_handling" name="test_retry_with_empty_error_types" time="0.870" /><testcase classname="tests.test_error_handling" name="test_circuit_breaker_zero_threshold" time="0.008" /><testcase classname="tests.test_error_handling" name="test_htdag_empty_request" time="0.010" /><testcase classname="tests.test_error_handling" name="test_concurrent_decomposition_with_errors" time="0.012" /><testcase classname="tests.test_error_handling" name="test_orchestration_error_context_propagation" time="0.009" /><testcase classname="tests.test_failure_rationale_tracking.TestTrajectoryFailureFields" name="test_trajectory_with_failure_fields" time="0.007" /><testcase classname="tests.test_failure_rationale_tracking.TestTrajectoryFailureFields" name="test_trajectory_backward_compatible" time="0.007" /><testcase classname="tests.test_failure_rationale_tracking.TestTrajectoryFailureFields" name="test_trajectory_frozen_immutability" time="0.007" /><testcase classname="tests.test_failure_rationale_tracking.TestReplayBufferAntiPatterns" name="test_store_trajectory_with_failure_rationale" time="0.010" /><testcase classname="tests.test_failure_rationale_tracking.TestReplayBufferAntiPatterns" name="test_trajectory_serialization_with_failure_fields" time="0.008" /><testcase classname="tests.test_failure_rationale_tracking.TestReplayBufferAntiPatterns" name="test_anti_pattern_storage_integration" time="0.010" /><testcase classname="tests.test_failure_rationale_tracking.TestReplayBufferAntiPatterns" name="test_query_anti_patterns" time="0.010" /><testcase classname="tests.test_failure_rationale_tracking.TestReplayBufferAntiPatterns" name="test_store_anti_pattern_method" time="0.008" /><testcase classname="tests.test_failure_rationale_tracking.TestBuilderAgentIntegration" name="test_finalize_trajectory_with_failure_rationale" time="0.011" /><testcase classname="tests.test_failure_rationale_tracking.TestBuilderAgentIntegration" name="test_check_anti_patterns_method" time="0.008" /><testcase classname="tests.test_failure_rationale_tracking.TestBuilderAgentIntegration" name="test_check_anti_patterns_extracts_task_type" time="0.008" /><testcase classname="tests.test_failure_rationale_tracking.TestErrorCategories" name="test_error_categories" time="0.006" /><testcase classname="tests.test_failure_rationale_tracking.TestEndToEndScenario" name="test_complete_failure_tracking_workflow" time="0.010" /><testcase classname="tests.test_failure_scenarios.TestAgentFailures" name="test_agent_crash_during_execution" time="0.009" /><testcase classname="tests.test_failure_scenarios.TestAgentFailures" name="test_agent_not_available" time="0.008" /><testcase classname="tests.test_failure_scenarios.TestAgentFailures" name="test_agent_timeout" time="0.218" /><testcase classname="tests.test_failure_scenarios.TestAgentFailures" name="test_agent_returns_invalid_output" time="0.021" /><testcase classname="tests.test_failure_scenarios.TestAgentFailures" name="test_agent_partial_completion" time="0.019" /><testcase classname="tests.test_failure_scenarios.TestAgentFailures" name="test_agent_retry_logic" time="0.015" /><testcase classname="tests.test_failure_scenarios.TestAgentFailures" name="test_agent_max_retries_exceeded" time="0.013" /><testcase classname="tests.test_failure_scenarios.TestAgentFailures" name="test_agent_resource_exhaustion" time="0.008" /><testcase classname="tests.test_failure_scenarios.TestAgentFailures" name="test_multiple_agents_fail" time="0.010" /><testcase classname="tests.test_failure_scenarios.TestAgentFailures" name="test_agent_communication_failure" time="0.008" /><testcase classname="tests.test_failure_scenarios.TestTimeoutScenarios" name="test_planning_timeout" time="0.009" /><testcase classname="tests.test_failure_scenarios.TestTimeoutScenarios" name="test_routing_timeout" time="0.322" /><testcase classname="tests.test_failure_scenarios.TestTimeoutScenarios" name="test_validation_timeout" time="0.027" /><testcase classname="tests.test_failure_scenarios.TestTimeoutScenarios" name="test_task_execution_timeout" time="1.014" /><testcase classname="tests.test_failure_scenarios.TestTimeoutScenarios" name="test_llm_api_timeout" time="1.016" /><testcase classname="tests.test_failure_scenarios.TestTimeoutScenarios" name="test_cascading_timeouts" time="0.019" /><testcase classname="tests.test_failure_scenarios.TestTimeoutScenarios" name="test_timeout_with_retry" time="0.022" /><testcase classname="tests.test_failure_scenarios.TestTimeoutScenarios" name="test_global_timeout" time="0.021" /><testcase classname="tests.test_failure_scenarios.TestResourceExhaustion" name="test_memory_exhaustion" time="0.062" /><testcase classname="tests.test_failure_scenarios.TestResourceExhaustion" name="test_agent_capacity_exhaustion" time="0.028" /><testcase classname="tests.test_failure_scenarios.TestResourceExhaustion" name="test_disk_space_exhaustion" time="0.010" /><testcase classname="tests.test_failure_scenarios.TestResourceExhaustion" name="test_network_bandwidth_exhaustion" time="0.094" /><testcase classname="tests.test_failure_scenarios.TestResourceExhaustion" name="test_llm_token_quota_exhaustion" time="0.017" /><testcase classname="tests.test_failure_scenarios.TestResourceExhaustion" name="test_file_descriptor_exhaustion" time="0.009" /><testcase classname="tests.test_failure_scenarios.TestResourceExhaustion" name="test_cpu_exhaustion" time="0.125" /><testcase classname="tests.test_failure_scenarios.TestResourceExhaustion" name="test_database_connection_exhaustion" time="0.008" /><testcase classname="tests.test_failure_scenarios.TestNetworkFailures" name="test_llm_api_unreachable" time="0.011" /><testcase classname="tests.test_failure_scenarios.TestNetworkFailures" name="test_agent_communication_interrupted" time="0.009" /><testcase classname="tests.test_failure_scenarios.TestNetworkFailures" name="test_intermittent_network_failures" time="0.017" /><testcase classname="tests.test_failure_scenarios.TestNetworkFailures" name="test_slow_network" time="0.010" /><testcase classname="tests.test_failure_scenarios.TestNetworkFailures" name="test_dns_resolution_failure" time="0.010" /><testcase classname="tests.test_failure_scenarios.TestDataCorruption" name="test_corrupted_dag_structure" time="0.016" /><testcase classname="tests.test_failure_scenarios.TestDataCorruption" name="test_corrupted_routing_plan" time="0.013" /><testcase classname="tests.test_failure_scenarios.TestDataCorruption" name="test_corrupted_reward_model_data" time="0.012" /><testcase classname="tests.test_failure_scenarios.TestDataCorruption" name="test_corrupted_agent_registry" time="0.013" /><testcase classname="tests.test_failure_scenarios.TestRecoveryMechanisms" name="test_automatic_retry_on_failure" time="0.010" /><testcase classname="tests.test_failure_scenarios.TestRecoveryMechanisms" name="test_fallback_to_default_agent" time="0.010" /><testcase classname="tests.test_failure_scenarios.TestRecoveryMechanisms" name="test_graceful_degradation" time="0.011" /><testcase classname="tests.test_failure_scenarios.TestRecoveryMechanisms" name="test_checkpoint_and_resume" time="0.010" /><testcase classname="tests.test_failure_scenarios.TestRecoveryMechanisms" name="test_error_propagation_and_handling" time="0.009" /><testcase classname="tests.test_feature_flags" name="test_load_from_json_file" time="0.008" /><testcase classname="tests.test_feature_flags" name="test_load_from_yaml_file" time="0.013" /><testcase classname="tests.test_feature_flags" name="test_load_from_nonexistent_file" time="0.008" /><testcase classname="tests.test_feature_flags" name="test_load_from_unsupported_format" time="0.007" /><testcase classname="tests.test_feature_flags" name="test_load_from_corrupted_json" time="0.008" /><testcase classname="tests.test_feature_flags" name="test_is_enabled_simple_flag" time="0.007" /><testcase classname="tests.test_feature_flags" name="test_is_enabled_nonexistent_flag" time="0.009" /><testcase classname="tests.test_feature_flags" name="test_is_enabled_disabled_flag" time="0.006" /><testcase classname="tests.test_feature_flags" name="test_get_flag_value" time="0.007" /><testcase classname="tests.test_feature_flags" name="test_get_flag_value_nonexistent" time="0.007" /><testcase classname="tests.test_feature_flags" name="test_progressive_rollout_before_start" time="0.008" /><testcase classname="tests.test_feature_flags" name="test_progressive_rollout_after_end" time="0.007" /><testcase classname="tests.test_feature_flags" name="test_progressive_rollout_during_rollout" time="0.007" /><testcase classname="tests.test_feature_flags" name="test_progressive_rollout_percentage_calculation" time="0.007" /><testcase classname="tests.test_feature_flags" name="test_percentage_rollout_with_user_id" time="0.006" /><testcase classname="tests.test_feature_flags" name="test_percentage_rollout_without_user_id" time="0.008" /><testcase classname="tests.test_feature_flags" name="test_percentage_rollout_distribution" time="0.007" /><testcase classname="tests.test_feature_flags" name="test_canary_rollout_specific_users" time="0.007" /><testcase classname="tests.test_feature_flags" name="test_canary_rollout_specific_regions" time="0.007" /><testcase classname="tests.test_feature_flags" name="test_canary_rollout_no_context" time="0.007" /><testcase classname="tests.test_feature_flags" name="test_emergency_shutdown_flag" time="0.008" /><testcase classname="tests.test_feature_flags" name="test_read_only_mode_flag" time="0.007" /><testcase classname="tests.test_feature_flags" name="test_maintenance_mode_flag" time="0.007" /><testcase classname="tests.test_feature_flags" name="test_set_flag_manual_override" time="0.009" /><testcase classname="tests.test_feature_flags" name="test_save_to_file" time="0.008" /><testcase classname="tests.test_feature_flags" name="test_save_and_reload" time="0.008" /><testcase classname="tests.test_feature_flags" name="test_reload_with_file_backend" time="0.008" /><testcase classname="tests.test_feature_flags" name="test_concurrent_flag_reads" time="0.013" /><testcase classname="tests.test_feature_flags" name="test_concurrent_flag_updates" time="0.027" /><testcase classname="tests.test_feature_flags" name="test_get_all_flags" time="0.010" /><testcase classname="tests.test_feature_flags" name="test_get_rollout_status_progressive" time="0.010" /><testcase classname="tests.test_feature_flags" name="test_get_rollout_status_nonexistent" time="0.009" /><testcase classname="tests.test_feature_flags" name="test_get_rollout_status_not_started" time="0.010" /><testcase classname="tests.test_feature_flags" name="test_get_rollout_status_completed" time="0.010" /><testcase classname="tests.test_feature_flags" name="test_global_feature_flag_manager" time="0.008" /><testcase classname="tests.test_feature_flags" name="test_is_feature_enabled_convenience_function" time="0.010" /><testcase classname="tests.test_feature_flags" name="test_environment_variable_config_path" time="0.008" /><testcase classname="tests.test_feature_flags" name="test_feature_flag_config_to_dict" time="0.006" /><testcase classname="tests.test_feature_flags" name="test_feature_flag_config_from_dict" time="0.006" /><testcase classname="tests.test_feature_flags" name="test_feature_flag_config_roundtrip" time="0.006" /><testcase classname="tests.test_feature_flags" name="test_production_flags_initialized" time="0.006" /><testcase classname="tests.test_feature_flags" name="test_production_flags_safe_defaults" time="0.006" /><testcase classname="tests.test_halo_router.TestRoutingRule" name="test_routing_rule_creation" time="0.007" /><testcase classname="tests.test_halo_router.TestAgentCapability" name="test_agent_capability_creation" time="0.006" /><testcase classname="tests.test_halo_router.TestRoutingPlan" name="test_routing_plan_empty" time="0.007" /><testcase classname="tests.test_halo_router.TestRoutingPlan" name="test_routing_plan_with_assignments" time="0.006" /><testcase classname="tests.test_halo_router.TestRoutingPlan" name="test_routing_plan_with_unassigned" time="0.006" /><testcase classname="tests.test_halo_router.TestHALORouter" name="test_initialization" time="0.007" /><testcase classname="tests.test_halo_router.TestHALORouter" name="test_custom_agent_registry" time="0.007" /><testcase classname="tests.test_halo_router.TestHALORouter" name="test_simple_routing_design_task" time="0.008" /><testcase classname="tests.test_halo_router.TestHALORouter" name="test_simple_routing_implement_task" time="0.008" /><testcase classname="tests.test_halo_router.TestHALORouter" name="test_multiple_task_routing" time="0.008" /><testcase classname="tests.test_halo_router.TestHALORouter" name="test_explainability" time="0.008" /><testcase classname="tests.test_halo_router.TestHALORouter" name="test_custom_rule" time="0.008" /><testcase classname="tests.test_halo_router.TestHALORouter" name="test_rule_priority" time="0.008" /><testcase classname="tests.test_halo_router.TestHALORouter" name="test_capability_fallback" time="0.008" /><testcase classname="tests.test_halo_router.TestHALORouter" name="test_metadata_matching" time="0.009" /><testcase classname="tests.test_halo_router.TestHALORouter" name="test_unassigned_tasks" time="0.008" /><testcase classname="tests.test_halo_router.TestHALORouter" name="test_workload_tracking" time="0.009" /><testcase classname="tests.test_halo_router.TestHALORouter" name="test_load_balancing" time="0.009" /><testcase classname="tests.test_halo_router.TestHALORouter" name="test_completed_tasks_skipped" time="0.008" /><testcase classname="tests.test_halo_router.TestHALORouter" name="test_update_agent_capability" time="0.007" /><testcase classname="tests.test_halo_router.TestHALORouter" name="test_get_routing_explanation" time="0.008" /><testcase classname="tests.test_halo_router.TestHALORouter" name="test_dag_with_cycle_error" time="0.008" /><testcase classname="tests.test_halo_router.TestIntegrationScenarios" name="test_full_saas_build_pipeline" time="0.009" /><testcase classname="tests.test_halo_router.TestIntegrationScenarios" name="test_dynamic_rule_addition" time="0.008" /><testcase classname="tests.test_halo_router.TestEdgeCases" name="test_routing_all_agents_overloaded" time="0.011" /><testcase classname="tests.test_halo_router.TestEdgeCases" name="test_routing_unknown_agent_type" time="0.008" /><testcase classname="tests.test_halo_router.TestEdgeCases" name="test_routing_with_empty_agent_list" time="0.008" /><testcase classname="tests.test_halo_router.TestEdgeCases" name="test_routing_with_disconnected_dag_components" time="0.008" /><testcase classname="tests.test_halo_router.TestEdgeCases" name="test_routing_with_invalid_task_metadata" time="0.008" /><testcase classname="tests.test_halo_router.TestEdgeCases" name="test_concurrent_routing_requests" time="0.010" /><testcase classname="tests.test_htdag_planner.TestTaskDAG" name="test_add_task" time="0.006" /><testcase classname="tests.test_htdag_planner.TestTaskDAG" name="test_add_dependency" time="0.007" /><testcase classname="tests.test_htdag_planner.TestTaskDAG" name="test_cycle_detection" time="0.009" /><testcase classname="tests.test_htdag_planner.TestTaskDAG" name="test_topological_sort" time="0.009" /><testcase classname="tests.test_htdag_planner.TestHTDAGPlanner" name="test_decompose_simple_task" time="0.012" /><testcase classname="tests.test_htdag_planner.TestHTDAGPlanner" name="test_decompose_business_task" time="0.012" /><testcase classname="tests.test_htdag_planner.TestHTDAGPlanner" name="test_depth_limit" time="0.008" /><testcase classname="tests.test_htdag_planner.TestHTDAGPlanner" name="test_dynamic_dag_update" time="0.009" /><testcase classname="tests.test_htdag_planner.TestHTDAGPlanner" name="test_cycle_detection_exception" time="0.007" /><testcase classname="tests.test_htdag_planner.TestHTDAGPlanner" name="test_dag_size_limit_exception" time="0.007" /><testcase classname="tests.test_htdag_planner.TestHTDAGPlanner" name="test_max_recursion_depth" time="0.008" /><testcase classname="tests.test_htdag_planner.TestHTDAGPlanner" name="test_dynamic_update_rollback" time="0.007" /><testcase classname="tests.test_htdag_planner.TestHTDAGPlanner" name="test_empty_user_request_handling" time="0.009" /><testcase classname="tests.test_intent_layer.TestIntentExtraction" name="test_create_saas_business" time="0.009" /><testcase classname="tests.test_intent_layer.TestIntentExtraction" name="test_kill_failing_businesses" time="0.008" /><testcase classname="tests.test_intent_layer.TestIntentExtraction" name="test_scale_winning_businesses" time="0.009" /><testcase classname="tests.test_intent_layer.TestIntentExtraction" name="test_optimize_portfolio" time="0.009" /><testcase classname="tests.test_intent_layer.TestIntentExtraction" name="test_create_multiple_urgent" time="0.008" /><testcase classname="tests.test_intent_layer.TestIntentExtraction" name="test_deploy_business" time="0.009" /><testcase classname="tests.test_intent_layer.TestIntentExtraction" name="test_budget_extraction" time="0.009" /><testcase classname="tests.test_intent_layer.TestIntentExtraction" name="test_timeframe_extraction" time="0.008" /><testcase classname="tests.test_intent_layer.TestIntentExtraction" name="test_empty_command_raises_error" time="0.010" /><testcase classname="tests.test_intent_layer.TestIntentExtraction" name="test_whitespace_command_raises_error" time="0.009" /><testcase classname="tests.test_intent_layer.TestReasoningBankIntegration" name="test_store_successful_pattern" time="0.011" /><testcase classname="tests.test_intent_layer.TestReasoningBankIntegration" name="test_confidence_enhancement_from_history" time="0.014" /><testcase classname="tests.test_intent_layer.TestReasoningBankIntegration" name="test_store_failed_pattern" time="0.012" /><testcase classname="tests.test_intent_layer.TestReplayBufferIntegration" name="test_store_trajectory_on_routing" time="0.011" /><testcase classname="tests.test_intent_layer.TestReplayBufferIntegration" name="test_trajectory_recorded_on_failure" time="0.011" /><testcase classname="tests.test_intent_layer.TestRouting" name="test_route_create" time="0.007" /><testcase classname="tests.test_intent_layer.TestRouting" name="test_route_kill" time="0.007" /><testcase classname="tests.test_intent_layer.TestRouting" name="test_route_scale" time="0.007" /><testcase classname="tests.test_intent_layer.TestRouting" name="test_route_optimize" time="0.057" /><testcase classname="tests.test_intent_layer.TestRouting" name="test_route_analyze" time="0.010" /><testcase classname="tests.test_intent_layer.TestRouting" name="test_route_deploy" time="0.009" /><testcase classname="tests.test_intent_layer.TestRouting" name="test_deploy_without_business_id_fails" time="0.009" /><testcase classname="tests.test_intent_layer.TestIntentAbstractionLayer" name="test_process_high_confidence_command" time="0.015" /><testcase classname="tests.test_intent_layer.TestIntentAbstractionLayer" name="test_process_low_confidence_fallback" time="0.012" /><testcase classname="tests.test_intent_layer.TestIntentAbstractionLayer" name="test_process_invalid_command" time="0.010" /><testcase classname="tests.test_intent_layer.TestIntentAbstractionLayer" name="test_process_stores_pattern" time="0.011" /><testcase classname="tests.test_intent_layer.TestIntentAbstractionLayer" name="test_confidence_threshold_enforcement" time="0.010" /><testcase classname="tests.test_intent_layer.TestIntentAbstractionLayer" name="test_llm_fallback_disabled" time="0.008" /><testcase classname="tests.test_intent_layer.TestEdgeCases" name="test_multiple_counts_extracted" time="0.010" /><testcase classname="tests.test_intent_layer.TestEdgeCases" name="test_multiple_filters_extracted" time="0.010" /><testcase classname="tests.test_intent_layer.TestEdgeCases" name="test_case_insensitivity" time="0.011" /><testcase classname="tests.test_intent_layer.TestEdgeCases" name="test_extra_whitespace_handled" time="0.009" /><testcase classname="tests.test_intent_layer.TestEdgeCases" name="test_unicode_handled" time="0.009" /><testcase classname="tests.test_intent_layer.TestThreadSafety" name="test_concurrent_extraction" time="0.036" /><testcase classname="tests.test_intent_layer.TestThreadSafety" name="test_concurrent_routing" time="0.044" /><testcase classname="tests.test_intent_layer.TestSingletonFactory" name="test_get_intent_layer_returns_same_instance" time="0.009" /><testcase classname="tests.test_learned_reward_model.TestRewardModelWeights" name="test_default_weights" time="0.008" /><testcase classname="tests.test_learned_reward_model.TestRewardModelWeights" name="test_weights_sum_to_one" time="0.008" /><testcase classname="tests.test_learned_reward_model.TestRewardModelWeights" name="test_normalize_weights" time="0.010" /><testcase classname="tests.test_learned_reward_model.TestRewardModelWeights" name="test_weights_to_dict" time="0.007" /><testcase classname="tests.test_learned_reward_model.TestRewardModelWeights" name="test_weights_from_dict" time="0.007" /><testcase classname="tests.test_learned_reward_model.TestRewardModelWeights" name="test_custom_learning_rate" time="0.007" /><testcase classname="tests.test_learned_reward_model.TestRewardModelWeights" name="test_custom_min_samples" time="0.007" /><testcase classname="tests.test_learned_reward_model.TestTaskOutcome" name="test_task_outcome_creation" time="0.007" /><testcase classname="tests.test_learned_reward_model.TestTaskOutcome" name="test_outcome_with_prediction" time="0.007" /><testcase classname="tests.test_learned_reward_model.TestTaskOutcome" name="test_outcome_with_error" time="0.007" /><testcase classname="tests.test_learned_reward_model.TestTaskOutcome" name="test_outcome_timestamp" time="0.007" /><testcase classname="tests.test_learned_reward_model.TestTaskOutcome" name="test_outcome_with_metadata" time="0.007" /><testcase classname="tests.test_learned_reward_model.TestLearnedRewardModel" name="test_model_initialization" time="0.007" /><testcase classname="tests.test_learned_reward_model.TestLearnedRewardModel" name="test_record_single_outcome" time="0.008" /><testcase classname="tests.test_learned_reward_model.TestLearnedRewardModel" name="test_record_multiple_outcomes" time="0.008" /><testcase classname="tests.test_learned_reward_model.TestLearnedRewardModel" name="test_calculate_score" time="0.007" /><testcase classname="tests.test_learned_reward_model.TestLearnedRewardModel" name="test_calculate_score_with_failure" time="0.007" /><testcase classname="tests.test_learned_reward_model.TestLearnedRewardModel" name="test_learning_updates_weights" time="0.017" /><testcase classname="tests.test_learned_reward_model.TestLearnedRewardModel" name="test_min_samples_requirement" time="0.008" /><testcase classname="tests.test_learned_reward_model.TestLearnedRewardModel" name="test_predict_score" time="0.007" /><testcase classname="tests.test_learned_reward_model.TestLearnedRewardModel" name="test_get_agent_statistics" time="0.007" /><testcase classname="tests.test_learned_reward_model.TestLearnedRewardModel" name="test_get_task_type_statistics" time="0.007" /><testcase classname="tests.test_learned_reward_model.TestLearnedRewardModel" name="test_weights_remain_normalized" time="0.008" /><testcase classname="tests.test_learned_reward_model.TestLearnedRewardModel" name="test_exponential_moving_average" time="0.010" /><testcase classname="tests.test_learned_reward_model.TestLearnedRewardModel" name="test_model_persistence" time="0.008" /><testcase classname="tests.test_learned_reward_model.TestLearnedRewardModel" name="test_model_reset" time="0.008" /><testcase classname="tests.test_learned_reward_model.TestLearnedRewardModel" name="test_prediction_accuracy_tracking" time="0.008" /><testcase classname="tests.test_learned_reward_model.TestLearnedRewardModel" name="test_handle_invalid_outcome_values" time="0.007" /><testcase classname="tests.test_learned_reward_model.TestLearnedRewardModel" name="test_concurrent_outcome_recording" time="0.031" /><testcase classname="tests.test_learned_reward_model.TestLearnedRewardModel" name="test_learning_rate_impact" time="0.020" /><testcase classname="tests.test_llm_integration.TestMockLLMClient" name="test_mock_client_structured_output" time="0.013" /><testcase classname="tests.test_llm_integration.TestMockLLMClient" name="test_mock_client_custom_responses" time="0.011" /><testcase classname="tests.test_llm_integration.TestMockLLMClient" name="test_mock_client_call_tracking" time="0.009" /><testcase classname="tests.test_llm_integration.TestHTDAGPlannerWithMockLLM" name="test_decompose_task_with_mock_llm" time="0.009" /><testcase classname="tests.test_llm_integration.TestHTDAGPlannerWithMockLLM" name="test_decompose_single_task_with_mock_llm" time="0.008" /><testcase classname="tests.test_llm_integration.TestHTDAGPlannerWithMockLLM" name="test_dynamic_update_with_mock_llm" time="0.008" /><testcase classname="tests.test_llm_integration.TestHTDAGPlannerWithMockLLM" name="test_fallback_to_heuristics_when_no_llm" time="0.008" /><testcase classname="tests.test_llm_integration.TestHTDAGPlannerWithOpenAI" name="test_decompose_task_with_gpt4o" time="0.000"><skipped type="pytest.skip" message="OPENAI_API_KEY not set">/home/genesis/genesis-rebuild/tests/test_llm_integration.py:182: OPENAI_API_KEY not set</skipped></testcase><testcase classname="tests.test_llm_integration.TestHTDAGPlannerWithOpenAI" name="test_dynamic_update_with_gpt4o" time="0.000"><skipped type="pytest.skip" message="OPENAI_API_KEY not set">/home/genesis/genesis-rebuild/tests/test_llm_integration.py:212: OPENAI_API_KEY not set</skipped></testcase><testcase classname="tests.test_llm_integration.TestHTDAGPlannerWithClaude" name="test_decompose_task_with_claude" time="0.000"><skipped type="pytest.skip" message="ANTHROPIC_API_KEY not set">/home/genesis/genesis-rebuild/tests/test_llm_integration.py:254: ANTHROPIC_API_KEY not set</skipped></testcase><testcase classname="tests.test_llm_integration.TestHTDAGPlannerWithClaude" name="test_structured_output_parsing_claude" time="0.000"><skipped type="pytest.skip" message="ANTHROPIC_API_KEY not set">/home/genesis/genesis-rebuild/tests/test_llm_integration.py:280: ANTHROPIC_API_KEY not set</skipped></testcase><testcase classname="tests.test_llm_integration.TestLLMFallbackBehavior" name="test_fallback_on_llm_timeout" time="0.012" /><testcase classname="tests.test_llm_integration.TestLLMFallbackBehavior" name="test_fallback_on_llm_invalid_json" time="0.011" /><testcase classname="tests.test_llm_integration.TestLLMFallbackBehavior" name="test_empty_subtasks_on_llm_failure_in_dynamic_update" time="0.008" /><testcase classname="tests.test_llm_integration.TestSecurityWithLLM" name="test_input_sanitization_with_llm" time="0.008" /><testcase classname="tests.test_llm_integration.TestSecurityWithLLM" name="test_llm_output_validation" time="0.009" /><testcase classname="tests.test_llm_integration.TestSecurityWithLLM" name="test_recursion_limits_with_llm" time="0.009" /><testcase classname="tests.test_llm_integration.TestContextPropagation" name="test_context_inherited_in_discovered_subtasks" time="0.008" /><testcase classname="tests.test_observability.TestCorrelationContext" name="test_correlation_context_creation" time="0.007" /><testcase classname="tests.test_observability.TestCorrelationContext" name="test_correlation_context_unique_ids" time="0.007" /><testcase classname="tests.test_observability.TestCorrelationContext" name="test_correlation_context_to_dict" time="0.007" /><testcase classname="tests.test_observability.TestMetricSnapshot" name="test_metric_snapshot_creation" time="0.006" /><testcase classname="tests.test_observability.TestMetricSnapshot" name="test_metric_snapshot_json_serialization" time="0.007" /><testcase classname="tests.test_observability.TestObservabilityManager" name="test_manager_initialization" time="0.006" /><testcase classname="tests.test_observability.TestObservabilityManager" name="test_create_correlation_context" time="0.007" /><testcase classname="tests.test_observability.TestObservabilityManager" name="test_span_creation_basic" time="0.007" /><testcase classname="tests.test_observability.TestObservabilityManager" name="test_span_with_attributes" time="0.007" /><testcase classname="tests.test_observability.TestObservabilityManager" name="test_span_error_handling" time="0.009" /><testcase classname="tests.test_observability.TestObservabilityManager" name="test_record_metric" time="0.007" /><testcase classname="tests.test_observability.TestObservabilityManager" name="test_record_multiple_metrics" time="0.010" /><testcase classname="tests.test_observability.TestObservabilityManager" name="test_get_metrics_summary_empty" time="0.008" /><testcase classname="tests.test_observability.TestObservabilityManager" name="test_get_metrics_summary" time="0.007" /><testcase classname="tests.test_observability.TestTimedOperation" name="test_timed_operation_records_duration" time="0.019" /><testcase classname="tests.test_observability.TestTimedOperation" name="test_timed_operation_with_error" time="0.009" /><testcase classname="tests.test_observability.TestGlobalObservabilityManager" name="test_get_observability_manager_singleton" time="0.007" /><testcase classname="tests.test_observability.TestGlobalObservabilityManager" name="test_global_manager_isolated_from_local" time="0.007" /><testcase classname="tests.test_observability.TestTracedOperationDecorator" name="test_traced_async_function" time="0.018" /><testcase classname="tests.test_observability.TestTracedOperationDecorator" name="test_traced_sync_function" time="0.007" /><testcase classname="tests.test_observability.TestTracedOperationDecorator" name="test_traced_function_with_error" time="0.009" /><testcase classname="tests.test_observability.TestStructuredLogging" name="test_log_structured_basic" time="0.007" /><testcase classname="tests.test_observability.TestStructuredLogging" name="test_log_structured_with_nested_data" time="0.008" /><testcase classname="tests.test_observability.TestEndToEndScenario" name="test_multi_layer_tracing" time="0.045" /><testcase classname="tests.test_observability.TestEndToEndScenario" name="test_correlation_propagation" time="0.013" /><testcase classname="tests.test_observability.TestEndToEndScenario" name="test_metrics_aggregation_workflow" time="0.079" /><testcase classname="tests.test_observability" name="test_observability_imports" time="0.015" /><testcase classname="tests.test_observability" name="test_span_types_enum" time="0.017" /><testcase classname="tests.test_ocr_agent_integrations" name="test_support_agent_ocr" time="0.021" /><testcase classname="tests.test_ocr_agent_integrations" name="test_legal_agent_ocr" time="0.017" /><testcase classname="tests.test_ocr_agent_integrations" name="test_analyst_agent_ocr" time="0.016" /><testcase classname="tests.test_ocr_agent_integrations" name="test_marketing_agent_ocr" time="0.017" /><testcase classname="tests.test_ocr_agent_integrations" name="test_error_handling" time="0.012" /><testcase classname="tests.test_orchestration_comprehensive.TestCompletePipelineFlows" name="test_simple_single_task_e2e" time="0.012" /><testcase classname="tests.test_orchestration_comprehensive.TestCompletePipelineFlows" name="test_complex_multi_task_decomposition_e2e" time="0.011" /><testcase classname="tests.test_orchestration_comprehensive.TestCompletePipelineFlows" name="test_sequential_task_dependencies" time="0.010" /><testcase classname="tests.test_orchestration_comprehensive.TestCompletePipelineFlows" name="test_parallel_task_execution" time="0.011" /><testcase classname="tests.test_orchestration_comprehensive.TestCompletePipelineFlows" name="test_mixed_serial_parallel_tasks" time="0.010" /><testcase classname="tests.test_orchestration_comprehensive.TestCompletePipelineFlows" name="test_all_15_agents_can_be_routed" time="0.026" /><testcase classname="tests.test_orchestration_comprehensive.TestCompletePipelineFlows" name="test_pipeline_with_learned_rewards" time="0.011" /><testcase classname="tests.test_orchestration_comprehensive.TestCompletePipelineFlows" name="test_pipeline_with_daao_optimization" time="0.010" /><testcase classname="tests.test_orchestration_comprehensive.TestCompletePipelineFlows" name="test_validation_failure_stops_execution" time="0.010" /><testcase classname="tests.test_orchestration_comprehensive.TestCompletePipelineFlows" name="test_task_timeout_handling" time="0.010" /><testcase classname="tests.test_orchestration_comprehensive.TestCompletePipelineFlows" name="test_task_retry_logic" time="0.009" /><testcase classname="tests.test_orchestration_comprehensive.TestCompletePipelineFlows" name="test_partial_task_completion" time="0.011" /><testcase classname="tests.test_orchestration_comprehensive.TestCompletePipelineFlows" name="test_dynamic_task_addition" time="0.010" /><testcase classname="tests.test_orchestration_comprehensive.TestCompletePipelineFlows" name="test_task_priority_handling" time="0.009" /><testcase classname="tests.test_orchestration_comprehensive.TestCompletePipelineFlows" name="test_resource_constrained_routing" time="0.012" /><testcase classname="tests.test_orchestration_comprehensive.TestMultiAgentCoordination" name="test_spec_to_builder_handoff" time="0.009" /><testcase classname="tests.test_orchestration_comprehensive.TestMultiAgentCoordination" name="test_builder_to_qa_handoff" time="0.009" /><testcase classname="tests.test_orchestration_comprehensive.TestMultiAgentCoordination" name="test_qa_to_deploy_handoff" time="0.010" /><testcase classname="tests.test_orchestration_comprehensive.TestMultiAgentCoordination" name="test_three_agent_pipeline" time="0.012" /><testcase classname="tests.test_orchestration_comprehensive.TestMultiAgentCoordination" name="test_full_sdlc_pipeline" time="0.011" /><testcase classname="tests.test_orchestration_comprehensive.TestMultiAgentCoordination" name="test_agent_collaboration_on_complex_task" time="0.012" /><testcase classname="tests.test_orchestration_comprehensive.TestMultiAgentCoordination" name="test_agent_load_balancing" time="0.012" /><testcase classname="tests.test_orchestration_comprehensive.TestMultiAgentCoordination" name="test_agent_failure_and_reassignment" time="0.011" /><testcase classname="tests.test_orchestration_comprehensive.TestMultiAgentCoordination" name="test_agent_specialization" time="0.011" /><testcase classname="tests.test_orchestration_comprehensive.TestMultiAgentCoordination" name="test_cross_domain_collaboration" time="0.013" /><testcase classname="tests.test_orchestration_comprehensive.TestLLMPoweredFeatures" name="test_llm_task_decomposition" time="0.014" /><testcase classname="tests.test_orchestration_comprehensive.TestLLMPoweredFeatures" name="test_llm_agent_selection_reasoning" time="0.011" /><testcase classname="tests.test_orchestration_comprehensive.TestLLMPoweredFeatures" name="test_llm_error_explanation" time="0.011" /><testcase classname="tests.test_orchestration_comprehensive.TestLLMPoweredFeatures" name="test_llm_plan_optimization" time="0.011" /><testcase classname="tests.test_orchestration_comprehensive.TestLLMPoweredFeatures" name="test_llm_handles_ambiguous_requests" time="0.011" /><testcase classname="tests.test_orchestration_comprehensive.TestLLMPoweredFeatures" name="test_llm_multi_model_routing" time="0.009" /><testcase classname="tests.test_orchestration_comprehensive.TestLLMPoweredFeatures" name="test_llm_context_propagation" time="0.012" /><testcase classname="tests.test_orchestration_comprehensive.TestLLMPoweredFeatures" name="test_llm_token_optimization" time="0.018" /><testcase classname="tests.test_orchestration_comprehensive.TestLLMPoweredFeatures" name="test_llm_caching" time="0.078" /><testcase classname="tests.test_orchestration_comprehensive.TestLLMPoweredFeatures" name="test_llm_fallback_on_failure" time="0.015" /><testcase classname="tests.test_orchestration_comprehensive.TestSecurityScenarios" name="test_malicious_input_sanitization" time="0.013" /><testcase classname="tests.test_orchestration_comprehensive.TestSecurityScenarios" name="test_task_complexity_limits" time="0.013" /><testcase classname="tests.test_orchestration_comprehensive.TestSecurityScenarios" name="test_dag_cycle_prevention" time="0.016" /><testcase classname="tests.test_orchestration_comprehensive.TestSecurityScenarios" name="test_dag_depth_limits" time="0.032" /><testcase classname="tests.test_orchestration_comprehensive.TestSecurityScenarios" name="test_agent_authentication" time="0.009" /><testcase classname="tests.test_orchestration_comprehensive.TestSecurityScenarios" name="test_permission_enforcement" time="0.009" /><testcase classname="tests.test_orchestration_comprehensive.TestSecurityScenarios" name="test_resource_quotas" time="0.009" /><testcase classname="tests.test_orchestration_comprehensive.TestSecurityScenarios" name="test_timeout_enforcement" time="0.009" /><testcase classname="tests.test_orchestration_comprehensive.TestSecurityScenarios" name="test_sensitive_data_filtering" time="0.009" /><testcase classname="tests.test_orchestration_comprehensive.TestSecurityScenarios" name="test_code_injection_prevention" time="0.009" /><testcase classname="tests.test_orchestration_e2e.TestHTDAGComponent" name="test_simple_task_decomposition" time="0.000"><skipped type="pytest.skip" message="Orchestration layer not yet implemented (Week 2-3)">/home/genesis/genesis-rebuild/tests/test_orchestration_e2e.py:30: Orchestration layer not yet implemented (Week 2-3)</skipped></testcase><testcase classname="tests.test_orchestration_e2e.TestHTDAGComponent" name="test_complex_multi_level_decomposition" time="0.000"><skipped type="pytest.skip" message="Orchestration layer not yet implemented (Week 2-3)">/home/genesis/genesis-rebuild/tests/test_orchestration_e2e.py:40: Orchestration layer not yet implemented (Week 2-3)</skipped></testcase><testcase classname="tests.test_orchestration_e2e.TestHTDAGComponent" name="test_dag_cycle_detection" time="0.000"><skipped type="pytest.skip" message="Orchestration layer not yet implemented (Week 2-3)">/home/genesis/genesis-rebuild/tests/test_orchestration_e2e.py:46: Orchestration layer not yet implemented (Week 2-3)</skipped></testcase><testcase classname="tests.test_orchestration_e2e.TestHALOComponent" name="test_agent_selection_logic" time="0.000"><skipped type="pytest.skip" message="Orchestration layer not yet implemented (Week 2-3)">/home/genesis/genesis-rebuild/tests/test_orchestration_e2e.py:56: Orchestration layer not yet implemented (Week 2-3)</skipped></testcase><testcase classname="tests.test_orchestration_e2e.TestHALOComponent" name="test_routing_explanations" time="0.000"><skipped type="pytest.skip" message="Orchestration layer not yet implemented (Week 2-3)">/home/genesis/genesis-rebuild/tests/test_orchestration_e2e.py:66: Orchestration layer not yet implemented (Week 2-3)</skipped></testcase><testcase classname="tests.test_orchestration_e2e.TestAOPComponent" name="test_solvability_validation" time="0.000"><skipped type="pytest.skip" message="Orchestration layer not yet implemented (Week 2-3)">/home/genesis/genesis-rebuild/tests/test_orchestration_e2e.py:76: Orchestration layer not yet implemented (Week 2-3)</skipped></testcase><testcase classname="tests.test_orchestration_e2e.TestAOPComponent" name="test_completeness_validation" time="0.000"><skipped type="pytest.skip" message="Orchestration layer not yet implemented (Week 2-3)">/home/genesis/genesis-rebuild/tests/test_orchestration_e2e.py:86: Orchestration layer not yet implemented (Week 2-3)</skipped></testcase><testcase classname="tests.test_orchestration_e2e.TestAOPComponent" name="test_non_redundancy_validation" time="0.000"><skipped type="pytest.skip" message="Orchestration layer not yet implemented (Week 2-3)">/home/genesis/genesis-rebuild/tests/test_orchestration_e2e.py:92: Orchestration layer not yet implemented (Week 2-3)</skipped></testcase><testcase classname="tests.test_orchestration_e2e.TestOrchestrationPipeline" name="test_simple_workflow_e2e" time="0.000"><skipped type="pytest.skip" message="Orchestration layer not yet implemented (Week 2-3)">/home/genesis/genesis-rebuild/tests/test_orchestration_e2e.py:102: Orchestration layer not yet implemented (Week 2-3)</skipped></testcase><testcase classname="tests.test_orchestration_e2e.TestOrchestrationPipeline" name="test_complex_multi_agent_workflow" time="0.000"><skipped type="pytest.skip" message="Orchestration layer not yet implemented (Week 2-3)">/home/genesis/genesis-rebuild/tests/test_orchestration_e2e.py:114: Orchestration layer not yet implemented (Week 2-3)</skipped></testcase><testcase classname="tests.test_orchestration_e2e.TestOrchestrationPipeline" name="test_validation_failures_and_retry" time="0.000"><skipped type="pytest.skip" message="Orchestration layer not yet implemented (Week 2-3)">/home/genesis/genesis-rebuild/tests/test_orchestration_e2e.py:120: Orchestration layer not yet implemented (Week 2-3)</skipped></testcase><testcase classname="tests.test_orchestration_e2e.TestMockOrchestrationBasics" name="test_dag_cycle_detection_utility" time="0.009" /><testcase classname="tests.test_orchestration_e2e.TestMockOrchestrationBasics" name="test_dag_depth_validation_utility" time="0.007" /><testcase classname="tests.test_orchestration_phase1.TestFullPipelineIntegration" name="test_simple_single_agent_task_e2e" time="0.010" /><testcase classname="tests.test_orchestration_phase1.TestFullPipelineIntegration" name="test_complex_multi_phase_task_e2e" time="0.012" /><testcase classname="tests.test_orchestration_phase1.TestFullPipelineIntegration" name="test_task_requiring_agent_collaboration" time="0.010" /><testcase classname="tests.test_orchestration_phase1.TestFullPipelineIntegration" name="test_full_saas_pipeline_all_15_agents" time="0.012" /><testcase classname="tests.test_orchestration_phase1.TestFullPipelineIntegration" name="test_pipeline_with_dynamic_dag_update" time="0.012" /><testcase classname="tests.test_orchestration_phase1.TestErrorHandlingIntegration" name="test_htdag_cycle_detection_caught" time="0.009" /><testcase classname="tests.test_orchestration_phase1.TestErrorHandlingIntegration" name="test_halo_cannot_route_task_fallback" time="0.009" /><testcase classname="tests.test_orchestration_phase1.TestErrorHandlingIntegration" name="test_aop_validation_fails_clear_reasons" time="0.008" /><testcase classname="tests.test_orchestration_phase1.TestErrorHandlingIntegration" name="test_agent_unavailable_graceful_degradation" time="0.010" /><testcase classname="tests.test_orchestration_phase1.TestErrorHandlingIntegration" name="test_dag_exceeds_size_limits" time="0.009" /><testcase classname="tests.test_orchestration_phase1.TestEdgeCases" name="test_empty_user_request" time="0.009" /><testcase classname="tests.test_orchestration_phase1.TestEdgeCases" name="test_extremely_complex_request_50_subtasks" time="0.019" /><testcase classname="tests.test_orchestration_phase1.TestEdgeCases" name="test_request_requiring_all_agent_types" time="0.008" /><testcase classname="tests.test_orchestration_phase1.TestEdgeCases" name="test_request_with_conflicting_requirements" time="0.010" /><testcase classname="tests.test_orchestration_phase1.TestEdgeCases" name="test_parallel_branches_in_dag" time="0.011" /><testcase classname="tests.test_orchestration_phase1.TestPipelineSummary" name="test_pipeline_health_check" time="0.018" /><testcase classname="tests.test_p0_critical_fix_validation.TestP0CriticalFixValidation" name="test_p0_ddos_attack_without_how_to" time="0.013" /><testcase classname="tests.test_p0_critical_fix_validation.TestP0CriticalFixValidation" name="test_p0_steal_intellectual_property" time="0.007" /><testcase classname="tests.test_p0_critical_fix_validation.TestP0CriticalFixValidation" name="test_p0_manufacture_illegal_drugs" time="0.007" /><testcase classname="tests.test_p0_critical_fix_validation.TestP0CriticalFixValidation" name="test_p0_scam_customers" time="0.008" /><testcase classname="tests.test_p0_critical_fix_validation.TestP0CriticalFixValidation" name="test_p0_reverse_pattern_attack_with_ddos" time="0.007" /><testcase classname="tests.test_p0_critical_fix_validation.TestP0CriticalFixValidation" name="test_p0_hate_speech_quadrupled_patterns" time="0.007" /><testcase classname="tests.test_p0_critical_fix_validation.TestP0CriticalFixValidation" name="test_safe_ddos_protection_explanation" time="0.007" /><testcase classname="tests.test_p0_critical_fix_validation.TestP0CriticalFixValidation" name="test_safe_intellectual_property_law" time="0.008" /><testcase classname="tests.test_p0_critical_fix_validation.TestP0CriticalFixValidation" name="test_safe_pharmaceutical_manufacturing" time="0.008" /><testcase classname="tests.test_p0_critical_fix_validation.TestP0CriticalFixValidation" name="test_safe_fraud_prevention" time="0.007" /><testcase classname="tests.test_p0_critical_fix_validation.TestP0CriticalFixValidation" name="test_p0_wrapper_blocks_all_4_scenarios" time="0.010" /><testcase classname="tests.test_p0_critical_fix_validation.TestP0CriticalFixValidation" name="test_pattern_count_validation" time="0.009"><failure message="AssertionError: Expected 30 total harmful patterns, got 29&#10;assert 29 &gt;= 30">E   AssertionError: Expected 30 total harmful patterns, got 29
    assert 29 &gt;= 30</failure></testcase><testcase classname="tests.test_production_health.TestProductionHealth" name="test_critical_modules_importable" time="0.007" /><testcase classname="tests.test_production_health.TestProductionHealth" name="test_observability_manager_functional" time="0.008" /><testcase classname="tests.test_production_health.TestProductionHealth" name="test_system_resources_adequate" time="0.008" /><testcase classname="tests.test_production_health.TestProductionHealth" name="test_critical_files_exist" time="0.009" /><testcase classname="tests.test_production_health.TestProductionHealth" name="test_test_suite_integrity" time="0.007" /><testcase classname="tests.test_production_health.TestProductionHealth" name="test_error_handler_operational" time="0.006" /><testcase classname="tests.test_production_health.TestProductionHealth" name="test_security_utils_functional" time="0.007" /><testcase classname="tests.test_production_health.TestProductionHealth" name="test_htdag_planner_operational" time="0.008" /><testcase classname="tests.test_production_health.TestProductionHealth" name="test_halo_router_operational" time="0.009" /><testcase classname="tests.test_production_health.TestProductionHealth" name="test_aop_validator_operational" time="0.015" /><testcase classname="tests.test_production_health.TestProductionHealth" name="test_logging_configuration" time="0.009" /><testcase classname="tests.test_production_health.TestProductionHealth" name="test_pytest_configuration" time="0.008" /><testcase classname="tests.test_production_health.TestProductionHealth" name="test_test_execution_time" time="0.009" /><testcase classname="tests.test_production_health.TestProductionMetrics" name="test_metrics_exportable" time="0.008" /><testcase classname="tests.test_production_health.TestProductionMetrics" name="test_trace_context_propagation" time="0.008" /><testcase classname="tests.test_production_health.TestProductionSLOs" name="test_pass_rate_baseline" time="0.964" /><testcase classname="tests.test_production_health.TestProductionSLOs" name="test_latency_baseline" time="0.033" /><testcase classname="tests.test_production_health.TestProductionSLOs" name="test_error_rate_baseline" time="0.021" /><testcase classname="tests.test_production_health.TestContinuousMonitoring" name="test_prometheus_endpoint_reachable" time="0.043" /><testcase classname="tests.test_production_health.TestContinuousMonitoring" name="test_grafana_endpoint_reachable" time="0.010" /><testcase classname="tests.test_production_health.TestContinuousMonitoring" name="test_alertmanager_endpoint_reachable" time="0.009"><skipped type="pytest.skip" message="Alertmanager not running (expected in CI)">/home/genesis/genesis-rebuild/tests/test_production_health.py:394: Alertmanager not running (expected in CI)</skipped></testcase><testcase classname="tests.test_production_health.TestContinuousMonitoring" name="test_record_health_snapshot" time="1.014" /><testcase classname="tests.test_production_health.TestContinuousMonitoring" name="test_test_pass_rate_slo" time="3.549" /><testcase classname="tests.test_production_health.TestContinuousMonitoring" name="test_error_rate_slo" time="0.049" /><testcase classname="tests.test_production_health.TestContinuousMonitoring" name="test_p95_latency_slo" time="0.034" /><testcase classname="tests.test_production_health.TestContinuousMonitoring" name="test_otel_traces_functional" time="0.010" /><testcase classname="tests.test_production_health.TestContinuousMonitoring" name="test_feature_flags_operational" time="0.008"><skipped type="pytest.skip" message="Feature flags module not available">/home/genesis/genesis-rebuild/tests/test_production_health.py:560: Feature flags module not available</skipped></testcase><testcase classname="tests.test_production_health.TestContinuousMonitoring" name="test_circuit_breaker_functional" time="0.009" /><testcase classname="tests.test_production_health.TestContinuousMonitoring" name="test_system_throughput_adequate" time="0.011" /><testcase classname="tests.test_production_health.TestContinuousMonitoring" name="test_memory_leak_detection" time="2.227" /><testcase classname="tests.test_production_health.TestContinuousMonitoring" name="test_log_files_not_oversized" time="0.017" /><testcase classname="tests.test_production_health.TestContinuousMonitoring" name="test_docker_containers_healthy" time="0.028"><skipped type="pytest.skip" message="Monitoring container alertmanager not running (expected in production)">/home/genesis/genesis-rebuild/tests/test_production_health.py:664: Monitoring container alertmanager not running (expected in production)</skipped></testcase><testcase classname="tests.test_production_health.TestRollbackTriggers" name="test_critical_error_rate_rollback_trigger" time="0.008" /><testcase classname="tests.test_production_health.TestRollbackTriggers" name="test_critical_pass_rate_rollback_trigger" time="0.007" /><testcase classname="tests.test_production_health.TestRollbackTriggers" name="test_critical_latency_rollback_trigger" time="0.033" /><testcase classname="tests.test_production_security.TestProductionSecurity" name="test_unauthenticated_invoke_rejected" time="0.013" /><testcase classname="tests.test_production_security.TestProductionSecurity" name="test_invalid_api_key_rejected" time="0.013" /><testcase classname="tests.test_production_security.TestProductionSecurity" name="test_valid_api_key_accepted" time="0.013" /><testcase classname="tests.test_production_security.TestProductionSecurity" name="test_marketing_strategy_requires_auth" time="0.013" /><testcase classname="tests.test_production_security.TestProductionSecurity" name="test_builder_frontend_requires_auth" time="0.023" /><testcase classname="tests.test_production_security.TestProductionSecurity" name="test_health_endpoint_public" time="0.019" /><testcase classname="tests.test_production_security.TestProductionSecurity" name="test_version_endpoint_public" time="0.016" /><testcase classname="tests.test_production_security.TestProductionSecurity" name="test_agents_list_public" time="0.010" /><testcase classname="tests.test_production_security.TestProductionSecurity" name="test_a2a_card_public" time="0.014" /><testcase classname="tests.test_production_security.TestProductionSecurity" name="test_genesis_env_is_production" time="0.008" /><testcase classname="tests.test_production_security.TestProductionSecurity" name="test_api_key_is_set" time="0.008" /><testcase classname="tests.test_reflection_agent.TestReflectionAgent" name="test_agent_initialization" time="0.009" /><testcase classname="tests.test_reflection_agent.TestReflectionAgent" name="test_reflect_code_correctness" time="0.010" /><testcase classname="tests.test_reflection_agent.TestReflectionAgent" name="test_reflect_code_with_todos" time="0.011" /><testcase classname="tests.test_reflection_agent.TestReflectionAgent" name="test_reflect_code_security_eval" time="0.011" /><testcase classname="tests.test_reflection_agent.TestReflectionAgent" name="test_reflect_code_quality_console_log" time="0.020" /><testcase classname="tests.test_reflection_agent.TestReflectionAgent" name="test_reflect_code_completeness_required_features" time="0.027" /><testcase classname="tests.test_reflection_agent.TestReflectionAgent" name="test_reflect_high_quality_code" time="0.024" /><testcase classname="tests.test_reflection_agent.TestReflectionAgent" name="test_reflect_low_quality_code" time="0.022" /><testcase classname="tests.test_reflection_agent.TestReflectionAgent" name="test_overall_score_calculation" time="0.024" /><testcase classname="tests.test_reflection_agent.TestReflectionAgent" name="test_reflection_updates_statistics" time="0.023" /><testcase classname="tests.test_reflection_agent.TestReflectionAgent" name="test_get_statistics" time="0.036" /><testcase classname="tests.test_reflection_agent.TestReflectionAgent" name="test_reflection_result_structure" time="0.021" /><testcase classname="tests.test_reflection_agent.TestReflectionAgent" name="test_dimension_score_structure" time="0.023" /><testcase classname="tests.test_reflection_agent.TestReflectionAgent" name="test_threshold_boundary_exactly_at_threshold" time="0.019" /><testcase classname="tests.test_reflection_agent.TestReflectionAgent" name="test_threshold_boundary_just_below" time="0.020" /><testcase classname="tests.test_reflection_agent.TestReflectionAgent" name="test_reflection_time_tracking" time="0.019" /><testcase classname="tests.test_reflection_agent.TestReflectionAgent" name="test_timestamp_format" time="0.068" /><testcase classname="tests.test_reflection_agent.TestReflectionAgent" name="test_metadata_contains_context" time="0.013" /><testcase classname="tests.test_reflection_agent.TestReflectionAgent" name="test_critical_issues_only_low_scores" time="0.014" /><testcase classname="tests.test_reflection_agent.TestReflectionAgent" name="test_suggestions_limited_to_top_10" time="0.012" /><testcase classname="tests.test_reflection_agent.TestReflectionAgent" name="test_factory_function" time="0.010" /><testcase classname="tests.test_reflection_agent.TestReflectionAgent" name="test_custom_dimension_weights" time="0.008" /><testcase classname="tests.test_reflection_agent.TestReflectionAgent" name="test_concurrent_reflections" time="0.016" /><testcase classname="tests.test_reflection_agent.TestReflectionAgent" name="test_empty_content_handling" time="0.013" /><testcase classname="tests.test_reflection_agent.TestReflectionAgent" name="test_very_long_content" time="0.017" /><testcase classname="tests.test_reflection_agent.TestReflectionAgent" name="test_all_quality_dimensions_assessed" time="0.012" /><testcase classname="tests.test_reflection_harness.TestReflectionHarness" name="test_harness_initialization" time="0.010" /><testcase classname="tests.test_reflection_harness.TestReflectionHarness" name="test_wrap_successful_first_attempt" time="0.015" /><testcase classname="tests.test_reflection_harness.TestReflectionHarness" name="test_wrap_failure_triggers_regeneration" time="0.019" /><testcase classname="tests.test_reflection_harness.TestReflectionHarness" name="test_wrap_max_attempts_exhausted_warn" time="0.018" /><testcase classname="tests.test_reflection_harness.TestReflectionHarness" name="test_wrap_max_attempts_exhausted_fail" time="0.015" /><testcase classname="tests.test_reflection_harness.TestReflectionHarness" name="test_wrap_max_attempts_exhausted_pass" time="0.018" /><testcase classname="tests.test_reflection_harness.TestReflectionHarness" name="test_decorator_pattern" time="0.015" /><testcase classname="tests.test_reflection_harness.TestReflectionHarness" name="test_statistics_tracking" time="0.014" /><testcase classname="tests.test_reflection_harness.TestReflectionHarness" name="test_get_statistics" time="0.020" /><testcase classname="tests.test_reflection_harness.TestReflectionHarness" name="test_reset_statistics" time="0.015" /><testcase classname="tests.test_reflection_harness.TestReflectionHarness" name="test_harness_result_structure" time="0.067" /><testcase classname="tests.test_reflection_harness.TestReflectionHarness" name="test_wrap_with_arguments" time="0.019" /><testcase classname="tests.test_reflection_harness.TestReflectionHarness" name="test_wrap_with_extraction" time="0.013" /><testcase classname="tests.test_reflection_harness.TestReflectionHarness" name="test_concurrent_invocations" time="0.033" /><testcase classname="tests.test_reflection_harness.TestReflectionHarness" name="test_regeneration_count_tracking" time="0.018" /><testcase classname="tests.test_reflection_harness.TestReflectionHarness" name="test_timing_measurement" time="0.117" /><testcase classname="tests.test_reflection_harness.TestReflectionHarness" name="test_context_passed_to_reflection" time="0.016" /><testcase classname="tests.test_reflection_harness.TestReflectionHarness" name="test_metadata_in_result" time="0.015" /><testcase classname="tests.test_reflection_harness.TestReflectionHarness" name="test_error_handling_in_generator" time="0.015" /><testcase classname="tests.test_reflection_harness.TestReflectionHarness" name="test_get_default_harness" time="0.014" /><testcase classname="tests.test_reflection_harness.TestReflectionHarness" name="test_reflect_on_decorator" time="0.013" /><testcase classname="tests.test_reflection_harness.TestReflectionHarness" name="test_first_attempt_success_rate" time="0.024" /><testcase classname="tests.test_reflection_harness.TestReflectionHarness" name="test_average_attempts_calculation" time="0.018" /><testcase classname="tests.test_reflection_harness.TestReflectionHarness" name="test_success_rate_calculation" time="0.022" /><testcase classname="tests.test_reflection_harness.TestReflectionHarness" name="test_different_content_types" time="0.021" /><testcase classname="tests.test_reflection_harness.TestReflectionHarness" name="test_max_attempts_configuration" time="0.112" /><testcase classname="tests.test_reflection_integration.TestReflectionIntegration" name="test_end_to_end_code_generation" time="0.011" /><testcase classname="tests.test_reflection_integration.TestReflectionIntegration" name="test_reflection_with_regeneration" time="0.011" /><testcase classname="tests.test_reflection_integration.TestReflectionIntegration" name="test_reasoning_bank_integration" time="0.010" /><testcase classname="tests.test_reflection_integration.TestReflectionIntegration" name="test_replay_buffer_integration" time="0.010" /><testcase classname="tests.test_reflection_integration.TestReflectionIntegration" name="test_statistics_consistency" time="0.027" /><testcase classname="tests.test_reflection_integration.TestReflectionIntegration" name="test_concurrent_reflections_integration" time="0.046" /><testcase classname="tests.test_reflection_integration.TestReflectionIntegration" name="test_quality_dimensions_integration" time="0.014" /><testcase classname="tests.test_reflection_integration.TestReflectionIntegration" name="test_decorator_pattern_integration" time="0.067" /><testcase classname="tests.test_reflection_integration.TestReflectionIntegration" name="test_fallback_behaviors_integration" time="0.028" /><testcase classname="tests.test_reflection_integration.TestReflectionIntegration" name="test_learning_from_reflections" time="0.018" /><testcase classname="tests.test_reflection_integration.TestReflectionIntegration" name="test_context_propagation" time="0.014" /><testcase classname="tests.test_reflection_integration.TestReflectionIntegration" name="test_error_recovery_integration" time="0.013" /><testcase classname="tests.test_reflection_integration.TestReflectionIntegration" name="test_metadata_enrichment" time="0.012" /><testcase classname="tests.test_reflection_integration.TestReflectionIntegration" name="test_quality_threshold_boundaries" time="0.023" /><testcase classname="tests.test_reflection_integration.TestReflectionIntegration" name="test_complete_build_workflow" time="0.018" /><testcase classname="tests.test_retry_logic_demo.TestRetryStrategiesDemo" name="test_fixed_delay_retry_with_pytest_rerunfailures" time="0.011" /><testcase classname="tests.test_retry_logic_demo.TestRetryStrategiesDemo" name="test_exponential_backoff_retry_custom" time="3.019" /><testcase classname="tests.test_retry_logic_demo.TestRetryConfigurationRecommendations" name="test_retry_strategy_decision_tree" time="0.015" /><testcase classname="tests.test_rollback_sla.TestRollbackSLA" name="test_feature_flag_rollback_sla" time="0.117" /><testcase classname="tests.test_rollback_sla.TestRollbackSLA" name="test_docker_container_rollback_sla" time="8.010" /><testcase classname="tests.test_rollback_sla.TestRollbackSLA" name="test_database_rollback_sla" time="187.012" /><testcase classname="tests.test_rollback_sla.TestRollbackSLA" name="test_config_only_rollback_sla" time="4.010" /><testcase classname="tests.test_rollback_sla.TestRollbackSLA" name="test_generate_rollback_sla_report" time="199.113" /><testcase classname="tests.test_rollback_sla.TestRollbackSLA" name="test_rollback_under_load" time="8.010" /><testcase classname="tests.test_rollback_sla.TestRollbackSLA" name="test_cascade_rollback_sla" time="201.009" /><testcase classname="tests.test_rollback_sla.TestRollbackSLA" name="test_emergency_rollback_procedure" time="3.011" /><testcase classname="tests.test_rollback_sla" name="test_rollback_scales_with_deployment_size[deployment_size0]" time="120.010" /><testcase classname="tests.test_rollback_sla" name="test_rollback_scales_with_deployment_size[deployment_size1]" time="300.009" /><testcase classname="tests.test_rollback_sla" name="test_rollback_scales_with_deployment_size[deployment_size2]" time="480.010" /><testcase classname="tests.test_rollback_sla" name="test_rollback_procedures_documented" time="0.011" /><testcase classname="tests.test_se_darwin_agent" name="test_se_darwin_agent_initialization" time="0.015" /><testcase classname="tests.test_se_darwin_agent" name="test_se_darwin_agent_trajectories_clamped" time="0.019" /><testcase classname="tests.test_se_darwin_agent" name="test_factory_function" time="0.011" /><testcase classname="tests.test_se_darwin_agent" name="test_generate_baseline_trajectories" time="0.020" /><testcase classname="tests.test_se_darwin_agent" name="test_create_baseline_trajectory" time="0.017" /><testcase classname="tests.test_se_darwin_agent" name="test_generate_trajectories_with_operators" time="0.019" /><testcase classname="tests.test_se_darwin_agent" name="test_create_trajectory_from_operator" time="0.012" /><testcase classname="tests.test_se_darwin_agent" name="test_execute_single_trajectory_success" time="0.014" /><testcase classname="tests.test_se_darwin_agent" name="test_execute_single_trajectory_failure" time="0.013" /><testcase classname="tests.test_se_darwin_agent" name="test_execute_single_trajectory_timeout" time="0.118" /><testcase classname="tests.test_se_darwin_agent" name="test_execute_single_trajectory_exception" time="0.023" /><testcase classname="tests.test_se_darwin_agent" name="test_execute_trajectories_parallel" time="0.019" /><testcase classname="tests.test_se_darwin_agent" name="test_execute_trajectories_parallel_with_failures" time="0.014" /><testcase classname="tests.test_se_darwin_agent" name="test_validate_trajectory" time="0.012" /><testcase classname="tests.test_se_darwin_agent" name="test_validate_trajectory_scoring_logic" time="0.013" /><testcase classname="tests.test_se_darwin_agent" name="test_archive_trajectories" time="0.013" /><testcase classname="tests.test_se_darwin_agent" name="test_check_convergence_all_successful" time="0.012" /><testcase classname="tests.test_se_darwin_agent" name="test_check_convergence_score_plateaued" time="0.011" /><testcase classname="tests.test_se_darwin_agent" name="test_check_convergence_excellent_score" time="0.011" /><testcase classname="tests.test_se_darwin_agent" name="test_check_convergence_not_converged" time="0.010" /><testcase classname="tests.test_se_darwin_agent" name="test_record_iteration" time="0.010" /><testcase classname="tests.test_se_darwin_agent" name="test_evolve_solution_basic" time="0.019" /><testcase classname="tests.test_se_darwin_agent" name="test_evolve_solution_early_convergence" time="0.015" /><testcase classname="tests.test_se_darwin_agent" name="test_evolve_solution_updates_best_score" time="0.018" /><testcase classname="tests.test_se_darwin_agent" name="test_evolve_solution_saves_pool" time="0.015" /><testcase classname="tests.test_se_darwin_agent" name="test_evolve_solution_handles_validation_errors" time="0.018" /><testcase classname="tests.test_se_darwin_agent" name="test_full_evolution_workflow" time="0.047" /><testcase classname="tests.test_se_darwin_agent" name="test_benchmark_scenario_loader_initialization" time="0.009" /><testcase classname="tests.test_se_darwin_agent" name="test_benchmark_scenario_loader_get_scenarios_for_agent" time="0.009" /><testcase classname="tests.test_se_darwin_agent" name="test_benchmark_scenario_loader_find_matching_scenario" time="0.009" /><testcase classname="tests.test_se_darwin_agent" name="test_benchmark_scenario_loader_no_match_returns_none" time="0.009" /><testcase classname="tests.test_se_darwin_agent" name="test_code_quality_validator_valid_python" time="0.007" /><testcase classname="tests.test_se_darwin_agent" name="test_code_quality_validator_invalid_syntax" time="0.007" /><testcase classname="tests.test_se_darwin_agent" name="test_code_quality_validator_empty_code" time="0.007" /><testcase classname="tests.test_se_darwin_agent" name="test_code_quality_validator_dangerous_imports" time="0.007" /><testcase classname="tests.test_se_darwin_agent" name="test_code_quality_validator_required_imports" time="0.007" /><testcase classname="tests.test_se_darwin_agent" name="test_code_quality_validator_type_hints" time="0.007" /><testcase classname="tests.test_se_darwin_agent" name="test_code_quality_validator_docstrings" time="0.008" /><testcase classname="tests.test_se_darwin_agent" name="test_code_quality_validator_deterministic" time="0.008" /><testcase classname="tests.test_se_darwin_agent" name="test_validate_trajectory_uses_benchmark_scenarios" time="0.013" /><testcase classname="tests.test_se_darwin_agent" name="test_validate_trajectory_deterministic" time="0.013" /><testcase classname="tests.test_se_darwin_agent" name="test_validate_trajectory_operator_bonuses" time="0.012" /><testcase classname="tests.test_se_darwin_agent" name="test_validate_trajectory_code_bonus" time="0.013" /><testcase classname="tests.test_se_darwin_agent" name="test_validate_trajectory_no_randomness" time="0.015" /><testcase classname="tests.test_se_darwin_comprehensive_e2e.TestEvolutionWorkflows" name="test_simple_evolution_workflow" time="0.024" /><testcase classname="tests.test_se_darwin_comprehensive_e2e.TestEvolutionWorkflows" name="test_complex_evolution_with_sica" time="0.026" /><testcase classname="tests.test_se_darwin_comprehensive_e2e.TestEvolutionWorkflows" name="test_multi_trajectory_evolution" time="0.030" /><testcase classname="tests.test_se_darwin_comprehensive_e2e.TestEvolutionWorkflows" name="test_evolution_with_benchmark_validation" time="0.030" /><testcase classname="tests.test_se_darwin_comprehensive_e2e.TestEvolutionWorkflows" name="test_evolution_early_convergence" time="0.017" /><testcase classname="tests.test_se_darwin_comprehensive_e2e.TestComponentIntegration" name="test_trajectory_pool_lifecycle" time="0.029" /><testcase classname="tests.test_se_darwin_comprehensive_e2e.TestComponentIntegration" name="test_operators_pipeline_e2e" time="0.015" /><testcase classname="tests.test_se_darwin_comprehensive_e2e.TestComponentIntegration" name="test_sica_complexity_detection" time="0.015" /><testcase classname="tests.test_se_darwin_comprehensive_e2e.TestComponentIntegration" name="test_otel_observability_e2e" time="0.024" /><testcase classname="tests.test_se_darwin_comprehensive_e2e.TestComponentIntegration" name="test_benchmark_runner_integration" time="0.028" /><testcase classname="tests.test_se_darwin_comprehensive_e2e.TestErrorHandling" name="test_evolution_with_llm_failure" time="0.017" /><testcase classname="tests.test_se_darwin_comprehensive_e2e.TestErrorHandling" name="test_evolution_with_timeout" time="0.042" /><testcase classname="tests.test_se_darwin_comprehensive_e2e.TestErrorHandling" name="test_evolution_with_invalid_data" time="0.088" /><testcase classname="tests.test_se_darwin_comprehensive_e2e.TestSecurityValidation" name="test_prompt_injection_protection" time="0.100" /><testcase classname="tests.test_se_darwin_comprehensive_e2e.TestSecurityValidation" name="test_credential_redaction" time="0.027" /><testcase classname="tests.test_se_darwin_comprehensive_e2e.TestSecurityValidation" name="test_ast_validation_security" time="0.026" /><testcase classname="tests.test_se_darwin_comprehensive_e2e.TestOrchestrationIntegration" name="test_htdag_to_darwin_routing" time="0.025" /><testcase classname="tests.test_se_darwin_comprehensive_e2e.TestOrchestrationIntegration" name="test_halo_darwin_agent_routing" time="0.027" /><testcase classname="tests.test_se_darwin_comprehensive_e2e.TestOrchestrationIntegration" name="test_full_orchestration_pipeline" time="0.083" /><testcase classname="tests.test_se_darwin_e2e.TestSEDarwinAgentE2E" name="test_simple_task_e2e" time="0.023" /><testcase classname="tests.test_se_darwin_e2e.TestSEDarwinAgentE2E" name="test_moderate_task_e2e" time="0.021" /><testcase classname="tests.test_se_darwin_e2e.TestSEDarwinAgentE2E" name="test_complex_task_e2e" time="0.023" /><testcase classname="tests.test_se_darwin_e2e.TestSICAIntegrationE2E" name="test_sica_complexity_detection" time="0.007" /><testcase classname="tests.test_se_darwin_e2e.TestSICAIntegrationE2E" name="test_sica_simple_task_bypass" time="0.008" /><testcase classname="tests.test_se_darwin_e2e.TestSICAIntegrationE2E" name="test_sica_complex_task_reasoning" time="0.012" /><testcase classname="tests.test_se_darwin_e2e.TestSICAIntegrationE2E" name="test_sica_tumix_early_stopping" time="0.011" /><testcase classname="tests.test_se_darwin_e2e.TestMultiTrajectoryEvolution" name="test_multi_trajectory_generation" time="0.023" /><testcase classname="tests.test_se_darwin_e2e.TestMultiTrajectoryEvolution" name="test_operator_pipeline_execution" time="0.012" /><testcase classname="tests.test_se_darwin_e2e.TestTrajectoryPoolIntegration" name="test_pool_storage_and_retrieval" time="0.012" /><testcase classname="tests.test_se_darwin_e2e.TestTrajectoryPoolIntegration" name="test_pool_pruning" time="0.011" /><testcase classname="tests.test_se_darwin_e2e.TestTrajectoryPoolIntegration" name="test_pool_query_operations" time="0.009" /><testcase classname="tests.test_se_darwin_e2e.TestConvergenceDetection" name="test_convergence_all_successful" time="0.016" /><testcase classname="tests.test_se_darwin_e2e.TestOTELIntegration" name="test_otel_spans_created" time="0.009" /><testcase classname="tests.test_se_darwin_e2e.TestErrorHandling" name="test_timeout_handling" time="1.023" /><testcase classname="tests.test_se_darwin_e2e.TestErrorHandling" name="test_llm_failure_fallback" time="0.020" /><testcase classname="tests.test_se_darwin_e2e.TestErrorHandling" name="test_concurrent_execution" time="0.049" /><testcase classname="tests.test_se_darwin_e2e" name="test_integration_summary" time="0.008" /><testcase classname="tests.test_se_darwin_integration" name="test_builder_fastapi_crud_evolution" time="0.024" /><testcase classname="tests.test_se_darwin_integration" name="test_builder_websocket_evolution" time="0.021" /><testcase classname="tests.test_se_darwin_integration" name="test_builder_docker_deployment_evolution" time="0.021" /><testcase classname="tests.test_se_darwin_integration" name="test_analyst_user_behavior_evolution" time="0.070" /><testcase classname="tests.test_se_darwin_integration" name="test_analyst_cost_optimization_evolution" time="0.023" /><testcase classname="tests.test_se_darwin_integration" name="test_support_authentication_troubleshooting_evolution" time="0.020" /><testcase classname="tests.test_se_darwin_integration" name="test_support_database_migration_evolution" time="0.018" /><testcase classname="tests.test_se_darwin_integration" name="test_support_deployment_issues_evolution" time="0.018"><failure message="AssertionError: assert ('docker' in '# security: code validation failed - syntax error: invalid decimal literal (&lt;unknown&gt;, line 9)\n# original code rejected for safety' or 'container' in '# security: code validation failed - syntax error: invalid decimal literal (&lt;unknown&gt;, line 9)\n# original code rejected for safety' or 'memory' in '# security: code validation failed - syntax error: invalid decimal literal (&lt;unknown&gt;, line 9)\n# original code rejected for safety')">E   AssertionError: assert ('docker' in '# security: code validation failed - syntax error: invalid decimal literal (&lt;unknown&gt;, line 9)\n# original code rejected for safety' or 'container' in '# security: code validation failed - syntax error: invalid decimal literal (&lt;unknown&gt;, line 9)\n# original code rejected for safety' or 'memory' in '# security: code validation failed - syntax error: invalid decimal literal (&lt;unknown&gt;, line 9)\n# original code rejected for safety')</failure></testcase><testcase classname="tests.test_se_darwin_integration" name="test_evolution_improves_across_scenarios" time="0.032" /><testcase classname="tests.test_se_darwin_integration" name="test_trajectory_pool_persistence_across_scenarios" time="0.024" /><testcase classname="tests.test_se_darwin_integration" name="test_evolution_completes_within_timeout" time="0.021" /><testcase classname="tests.test_se_darwin_integration" name="test_parallel_execution_efficiency" time="0.022" /><testcase classname="tests.test_se_operators.TestBaseOperator" name="test_base_operator_initialization_with_client" time="0.007" /><testcase classname="tests.test_se_operators.TestBaseOperator" name="test_base_operator_initialization_without_client" time="0.007" /><testcase classname="tests.test_se_operators.TestBaseOperator" name="test_call_llm_with_openai_client" time="0.008" /><testcase classname="tests.test_se_operators.TestBaseOperator" name="test_call_llm_without_client_returns_mock" time="0.007" /><testcase classname="tests.test_se_operators.TestBaseOperator" name="test_call_llm_handles_api_errors" time="0.008" /><testcase classname="tests.test_se_operators.TestBaseOperator" name="test_call_llm_unsupported_client_type" time="0.007" /><testcase classname="tests.test_se_operators.TestRevisionOperator" name="test_revision_operator_initialization" time="0.007" /><testcase classname="tests.test_se_operators.TestRevisionOperator" name="test_revise_with_valid_response" time="0.010" /><testcase classname="tests.test_se_operators.TestRevisionOperator" name="test_revise_without_llm_client" time="0.008" /><testcase classname="tests.test_se_operators.TestRevisionOperator" name="test_revise_with_api_failure" time="0.008" /><testcase classname="tests.test_se_operators.TestRevisionOperator" name="test_revise_with_malformed_response" time="0.008" /><testcase classname="tests.test_se_operators.TestRevisionOperator" name="test_revise_with_empty_response" time="0.007" /><testcase classname="tests.test_se_operators.TestRevisionOperator" name="test_build_failure_context" time="0.007" /><testcase classname="tests.test_se_operators.TestRevisionOperator" name="test_parse_llm_response_with_strategy_and_code" time="0.006" /><testcase classname="tests.test_se_operators.TestRevisionOperator" name="test_parse_llm_response_without_markers" time="0.007" /><testcase classname="tests.test_se_operators.TestRevisionOperator" name="test_parse_llm_response_plain_code_block" time="0.007" /><testcase classname="tests.test_se_operators.TestRevisionOperator" name="test_parse_llm_response_no_code_block" time="0.007" /><testcase classname="tests.test_se_operators.TestRecombinationOperator" name="test_recombination_operator_initialization" time="0.007" /><testcase classname="tests.test_se_operators.TestRecombinationOperator" name="test_recombine_two_successful_trajectories" time="0.009" /><testcase classname="tests.test_se_operators.TestRecombinationOperator" name="test_recombine_with_diverse_patterns" time="0.008" /><testcase classname="tests.test_se_operators.TestRecombinationOperator" name="test_recombine_without_llm_client" time="0.008" /><testcase classname="tests.test_se_operators.TestRecombinationOperator" name="test_recombine_with_api_failure" time="0.008" /><testcase classname="tests.test_se_operators.TestRecombinationOperator" name="test_recombine_parsing_edge_cases" time="0.008" /><testcase classname="tests.test_se_operators.TestRecombinationOperator" name="test_parse_llm_response_recombination_format" time="0.007" /><testcase classname="tests.test_se_operators.TestRefinementOperator" name="test_refinement_operator_initialization" time="0.006" /><testcase classname="tests.test_se_operators.TestRefinementOperator" name="test_refine_with_pool_insights" time="0.008" /><testcase classname="tests.test_se_operators.TestRefinementOperator" name="test_refine_without_insights" time="0.008" /><testcase classname="tests.test_se_operators.TestRefinementOperator" name="test_refine_with_many_insights" time="0.008" /><testcase classname="tests.test_se_operators.TestRefinementOperator" name="test_refine_without_llm_client" time="0.008" /><testcase classname="tests.test_se_operators.TestRefinementOperator" name="test_refine_with_api_failure" time="0.007" /><testcase classname="tests.test_se_operators.TestRefinementOperator" name="test_parse_llm_response_refinement_format" time="0.007" /><testcase classname="tests.test_se_operators.TestFactoryFunctions" name="test_get_revision_operator_without_client" time="0.006" /><testcase classname="tests.test_se_operators.TestFactoryFunctions" name="test_get_revision_operator_with_client" time="0.007" /><testcase classname="tests.test_se_operators.TestFactoryFunctions" name="test_get_recombination_operator_without_client" time="0.007" /><testcase classname="tests.test_se_operators.TestFactoryFunctions" name="test_get_recombination_operator_with_client" time="0.007" /><testcase classname="tests.test_se_operators.TestFactoryFunctions" name="test_get_refinement_operator_without_client" time="0.007" /><testcase classname="tests.test_se_operators.TestFactoryFunctions" name="test_get_refinement_operator_with_client" time="0.007" /><testcase classname="tests.test_se_operators.TestEdgeCases" name="test_revise_with_empty_failure_reasons" time="0.009" /><testcase classname="tests.test_se_operators.TestEdgeCases" name="test_recombine_with_identical_trajectories" time="0.008" /><testcase classname="tests.test_se_operators.TestEdgeCases" name="test_refine_with_very_low_score" time="0.008" /><testcase classname="tests.test_se_operators.TestEdgeCases" name="test_operators_with_very_long_problem_description" time="0.009" /><testcase classname="tests.test_se_operators.TestOperatorsIntegration" name="test_full_evolution_cycle" time="0.010" /><testcase classname="tests.test_security.TestPathTraversalFixes" name="test_sanitize_agent_name_basic" time="0.007" /><testcase classname="tests.test_security.TestPathTraversalFixes" name="test_sanitize_agent_name_path_traversal" time="0.007" /><testcase classname="tests.test_security.TestPathTraversalFixes" name="test_sanitize_agent_name_windows_paths" time="0.007" /><testcase classname="tests.test_security.TestPathTraversalFixes" name="test_sanitize_agent_name_length_limit" time="0.007" /><testcase classname="tests.test_security.TestPathTraversalFixes" name="test_sanitize_agent_name_special_chars" time="0.007" /><testcase classname="tests.test_security.TestPathTraversalFixes" name="test_validate_storage_path_safe" time="0.008" /><testcase classname="tests.test_security.TestPathTraversalFixes" name="test_validate_storage_path_traversal" time="0.008" /><testcase classname="tests.test_security.TestPromptInjectionFixes" name="test_sanitize_for_prompt_basic" time="0.007" /><testcase classname="tests.test_security.TestPromptInjectionFixes" name="test_sanitize_for_prompt_injection_tokens" time="0.007" /><testcase classname="tests.test_security.TestPromptInjectionFixes" name="test_sanitize_for_prompt_role_switching" time="0.007" /><testcase classname="tests.test_security.TestPromptInjectionFixes" name="test_sanitize_for_prompt_instruction_override" time="0.007" /><testcase classname="tests.test_security.TestPromptInjectionFixes" name="test_sanitize_for_prompt_code_escape" time="0.007" /><testcase classname="tests.test_security.TestPromptInjectionFixes" name="test_sanitize_for_prompt_length_limit" time="0.007" /><testcase classname="tests.test_security.TestCodeValidationFixes" name="test_validate_generated_code_safe" time="0.007" /><testcase classname="tests.test_security.TestCodeValidationFixes" name="test_validate_generated_code_syntax_error" time="0.007" /><testcase classname="tests.test_security.TestCodeValidationFixes" name="test_validate_generated_code_dangerous_import_os" time="0.008" /><testcase classname="tests.test_security.TestCodeValidationFixes" name="test_validate_generated_code_dangerous_import_subprocess" time="0.008" /><testcase classname="tests.test_security.TestCodeValidationFixes" name="test_validate_generated_code_dangerous_call_eval" time="0.007" /><testcase classname="tests.test_security.TestCodeValidationFixes" name="test_validate_generated_code_dangerous_call_exec" time="0.007" /><testcase classname="tests.test_security.TestCodeValidationFixes" name="test_validate_generated_code_rm_rf" time="0.008" /><testcase classname="tests.test_security.TestCodeValidationFixes" name="test_validate_generated_code_empty" time="0.007" /><testcase classname="tests.test_security.TestCredentialRedactionFixes" name="test_redact_credentials_api_key" time="0.008" /><testcase classname="tests.test_security.TestCredentialRedactionFixes" name="test_redact_credentials_password" time="0.007" /><testcase classname="tests.test_security.TestCredentialRedactionFixes" name="test_redact_credentials_openai_key" time="0.008" /><testcase classname="tests.test_security.TestCredentialRedactionFixes" name="test_redact_credentials_database_url" time="0.007" /><testcase classname="tests.test_security.TestCredentialRedactionFixes" name="test_redact_credentials_bearer_token" time="0.007" /><testcase classname="tests.test_security.TestCredentialRedactionFixes" name="test_redact_credentials_multiple" time="0.007" /><testcase classname="tests.test_security.TestDAGCycleDetection" name="test_detect_dag_cycle_none" time="0.007" /><testcase classname="tests.test_security.TestDAGCycleDetection" name="test_detect_dag_cycle_simple" time="0.007" /><testcase classname="tests.test_security.TestDAGCycleDetection" name="test_detect_dag_cycle_self_loop" time="0.007" /><testcase classname="tests.test_security.TestDAGCycleDetection" name="test_detect_dag_cycle_disconnected" time="0.006" /><testcase classname="tests.test_security.TestDAGCycleDetection" name="test_validate_dag_depth_ok" time="0.007" /><testcase classname="tests.test_security.TestDAGCycleDetection" name="test_validate_dag_depth_exceeded" time="0.007" /><testcase classname="tests.test_security.TestIntegration" name="test_trajectory_pool_path_safety" time="0.007" /><testcase classname="tests.test_security.TestIntegration" name="test_trajectory_credential_redaction" time="0.007" /><testcase classname="tests.test_security.TestIntegration" name="test_se_operator_prompt_safety" time="0.006" /><testcase classname="tests.test_security" name="test_all_security_fixes_applied" time="0.010" /><testcase classname="tests.test_security_adversarial.TestPathTraversalAttacks" name="test_directory_traversal_basic" time="0.007" /><testcase classname="tests.test_security_adversarial.TestPathTraversalAttacks" name="test_directory_traversal_encoded" time="0.007" /><testcase classname="tests.test_security_adversarial.TestPathTraversalAttacks" name="test_absolute_path_attack" time="0.007" /><testcase classname="tests.test_security_adversarial.TestPathTraversalAttacks" name="test_windows_path_attack" time="0.007" /><testcase classname="tests.test_security_adversarial.TestPathTraversalAttacks" name="test_null_byte_injection" time="0.007" /><testcase classname="tests.test_security_adversarial.TestPromptInjectionAttacks" name="test_instruction_override" time="0.007" /><testcase classname="tests.test_security_adversarial.TestPromptInjectionAttacks" name="test_role_switching" time="0.007" /><testcase classname="tests.test_security_adversarial.TestPromptInjectionAttacks" name="test_special_tokens" time="0.007" /><testcase classname="tests.test_security_adversarial.TestPromptInjectionAttacks" name="test_prompt_restart" time="0.007" /><testcase classname="tests.test_security_adversarial.TestPromptInjectionAttacks" name="test_code_execution_injection" time="0.007" /><testcase classname="tests.test_security_adversarial.TestCodeInjectionAttacks" name="test_os_import_blocked" time="0.007" /><testcase classname="tests.test_security_adversarial.TestCodeInjectionAttacks" name="test_subprocess_blocked" time="0.007" /><testcase classname="tests.test_security_adversarial.TestCodeInjectionAttacks" name="test_eval_blocked" time="0.007" /><testcase classname="tests.test_security_adversarial.TestCodeInjectionAttacks" name="test_exec_blocked" time="0.007" /><testcase classname="tests.test_security_adversarial.TestCodeInjectionAttacks" name="test_file_operations_blocked" time="0.007" /><testcase classname="tests.test_security_adversarial.TestCodeInjectionAttacks" name="test_socket_operations_blocked" time="0.007" /><testcase classname="tests.test_security_adversarial.TestCodeInjectionAttacks" name="test_rm_rf_command_blocked" time="0.007" /><testcase classname="tests.test_security_adversarial.TestCodeInjectionAttacks" name="test_safe_code_allowed" time="0.007" /><testcase classname="tests.test_security_adversarial.TestCredentialLeakage" name="test_api_key_redaction" time="0.018" /><testcase classname="tests.test_security_adversarial.TestCredentialLeakage" name="test_openai_key_redaction" time="0.008" /><testcase classname="tests.test_security_adversarial.TestCredentialLeakage" name="test_aws_key_redaction" time="0.010" /><testcase classname="tests.test_security_adversarial.TestCredentialLeakage" name="test_password_redaction" time="0.009" /><testcase classname="tests.test_security_adversarial.TestCredentialLeakage" name="test_database_url_redaction" time="0.008" /><testcase classname="tests.test_security_adversarial.TestCredentialLeakage" name="test_bearer_token_redaction" time="0.008" /><testcase classname="tests.test_security_adversarial.TestDAGCycleAttacks" name="test_simple_cycle_detection" time="0.007" /><testcase classname="tests.test_security_adversarial.TestDAGCycleAttacks" name="test_long_cycle_detection" time="0.007" /><testcase classname="tests.test_security_adversarial.TestDAGCycleAttacks" name="test_self_referencing_cycle" time="0.007" /><testcase classname="tests.test_security_adversarial.TestDAGCycleAttacks" name="test_complex_cycle_detection" time="0.007" /><testcase classname="tests.test_security_adversarial.TestDAGCycleAttacks" name="test_valid_dag_no_cycle" time="0.008" /><testcase classname="tests.test_security_adversarial.TestDAGDepthAttacks" name="test_excessive_depth_blocked" time="0.007" /><testcase classname="tests.test_security_adversarial.TestDAGDepthAttacks" name="test_reasonable_depth_allowed" time="0.007" /><testcase classname="tests.test_security_adversarial.TestDAGDepthAttacks" name="test_wide_dag_allowed" time="0.007" /><testcase classname="tests.test_security_adversarial.TestAgentAuthenticationAttacks" name="test_brute_force_rate_limiting" time="0.025" /><testcase classname="tests.test_security_adversarial.TestAgentAuthenticationAttacks" name="test_invalid_token_rejected" time="0.008" /><testcase classname="tests.test_security_adversarial.TestAgentAuthenticationAttacks" name="test_token_cannot_be_reused_for_different_agent" time="0.063" /><testcase classname="tests.test_security_adversarial.TestAgentAuthenticationAttacks" name="test_unregistered_agent_rejected" time="0.010" /><testcase classname="tests.test_security_adversarial.TestAgentAuthenticationAttacks" name="test_hmac_timing_attack_resistance" time="0.010" /><testcase classname="tests.test_security_adversarial.TestResourceExhaustionAttacks" name="test_extremely_wide_dag" time="0.020" /><testcase classname="tests.test_security_adversarial.TestResourceExhaustionAttacks" name="test_long_string_sanitization" time="0.008" /><testcase classname="tests.test_security_adversarial.TestResourceExhaustionAttacks" name="test_deeply_nested_metadata" time="0.007" /><testcase classname="tests.test_security_adversarial.TestErrorMessageLeakage" name="test_path_not_leaked_in_validation_error" time="0.007" /><testcase classname="tests.test_security_adversarial.TestErrorMessageLeakage" name="test_token_not_leaked_in_auth_failure" time="0.008" /><testcase classname="tests.test_security_agent.TestSecurityAgentInitialization" name="test_agent_creation" time="0.010" /><testcase classname="tests.test_security_agent.TestSecurityAgentInitialization" name="test_agent_initialization_mock" time="0.010" /><testcase classname="tests.test_security_agent.TestSecurityAgentInitialization" name="test_security_checks_constant" time="0.007" /><testcase classname="tests.test_security_agent.TestParallelSecurityChecks" name="test_check_environment_variables" time="0.007" /><testcase classname="tests.test_security_agent.TestParallelSecurityChecks" name="test_check_dependencies" time="0.008" /><testcase classname="tests.test_security_agent.TestParallelSecurityChecks" name="test_check_ssl_https" time="0.007" /><testcase classname="tests.test_security_agent.TestParallelSecurityChecks" name="test_check_ssl_http" time="0.008" /><testcase classname="tests.test_security_agent.TestParallelSecurityChecks" name="test_check_security_headers" time="0.007" /><testcase classname="tests.test_security_agent.TestParallelSecurityChecks" name="test_check_authentication" time="0.008" /><testcase classname="tests.test_security_agent.TestParallelSecurityChecks" name="test_check_authorization" time="0.007" /><testcase classname="tests.test_security_agent.TestParallelSecurityChecks" name="test_parallel_checks_execution" time="0.008" /><testcase classname="tests.test_security_agent.TestSecurityScoring" name="test_calculate_security_score_perfect" time="0.007" /><testcase classname="tests.test_security_agent.TestSecurityScoring" name="test_calculate_security_score_critical" time="0.007" /><testcase classname="tests.test_security_agent.TestSecurityScoring" name="test_calculate_security_score_mixed" time="0.007" /><testcase classname="tests.test_security_agent.TestSecurityScoring" name="test_get_security_grade" time="0.007" /><testcase classname="tests.test_security_agent.TestReasoningBankIntegration" name="test_query_vulnerability_patterns" time="0.008" /><testcase classname="tests.test_security_agent.TestReasoningBankIntegration" name="test_query_anti_patterns" time="0.008" /><testcase classname="tests.test_security_agent.TestReasoningBankIntegration" name="test_store_new_patterns" time="0.008" /><testcase classname="tests.test_security_agent.TestReplayBufferIntegration" name="test_record_successful_trajectory" time="0.008" /><testcase classname="tests.test_security_agent.TestReplayBufferIntegration" name="test_record_failed_trajectory" time="0.008" /><testcase classname="tests.test_security_agent.TestReplayBufferIntegration" name="test_record_step" time="0.007" /><testcase classname="tests.test_security_agent.TestReflectionHarnessIntegration" name="test_validate_report_quality_pass" time="0.008" /><testcase classname="tests.test_security_agent.TestReflectionHarnessIntegration" name="test_validate_report_quality_fail" time="0.009" /><testcase classname="tests.test_security_agent.TestComprehensiveAuditWorkflow" name="test_generate_comprehensive_report" time="0.008" /><testcase classname="tests.test_security_agent.TestComprehensiveAuditWorkflow" name="test_generate_recommendations" time="0.008" /><testcase classname="tests.test_security_agent.TestMetricsTracking" name="test_update_average_security_score" time="0.008" /><testcase classname="tests.test_security_agent.TestMetricsTracking" name="test_get_metrics" time="0.007" /><testcase classname="tests.test_security_agent.TestMetricsTracking" name="test_count_new_patterns" time="0.007" /><testcase classname="tests.test_security_agent.TestToolImplementations" name="test_scan_vulnerabilities_tool" time="0.007" /><testcase classname="tests.test_security_agent.TestToolImplementations" name="test_conduct_security_audit_tool" time="0.007" /><testcase classname="tests.test_security_agent.TestToolImplementations" name="test_monitor_threats_tool" time="0.007" /><testcase classname="tests.test_security_agent.TestToolImplementations" name="test_check_dependencies_tool" time="0.007" /><testcase classname="tests.test_security_agent.TestToolImplementations" name="test_check_ssl_configuration_tool" time="0.007" /><testcase classname="tests.test_security_agent.TestToolImplementations" name="test_check_security_headers_tool" time="0.007" /><testcase classname="tests.test_security_agent.TestToolImplementations" name="test_check_authentication_tool" time="0.007" /><testcase classname="tests.test_security_agent.TestToolImplementations" name="test_generate_security_report_tool" time="0.007" /><testcase classname="tests.test_security_agent.TestErrorHandling" name="test_parallel_checks_with_exception" time="0.008" /><testcase classname="tests.test_security_agent.TestErrorHandling" name="test_security_score_minimum_zero" time="0.007" /><testcase classname="tests.test_security_agent.TestFactoryFunction" name="test_get_security_agent_factory" time="0.009" /><testcase classname="tests.test_security_fixes.TestVULN001_PromptInjection" name="test_prompt_injection_blocked_ignore_previous" time="0.007" /><testcase classname="tests.test_security_fixes.TestVULN001_PromptInjection" name="test_prompt_injection_blocked_system_override" time="0.008" /><testcase classname="tests.test_security_fixes.TestVULN001_PromptInjection" name="test_prompt_injection_blocked_exfiltrate" time="0.007" /><testcase classname="tests.test_security_fixes.TestVULN001_PromptInjection" name="test_prompt_injection_blocked_backdoor" time="0.008" /><testcase classname="tests.test_security_fixes.TestVULN001_PromptInjection" name="test_length_limit_enforced" time="0.008" /><testcase classname="tests.test_security_fixes.TestVULN001_PromptInjection" name="test_valid_request_passes" time="0.008" /><testcase classname="tests.test_security_fixes.TestVULN001_PromptInjection" name="test_llm_output_validation_dangerous_task" time="0.007" /><testcase classname="tests.test_security_fixes.TestVULN001_PromptInjection" name="test_llm_output_validation_invalid_task_type" time="0.008" /><testcase classname="tests.test_security_fixes.TestVULN002_AgentImpersonation" name="test_agent_registration" time="0.007" /><testcase classname="tests.test_security_fixes.TestVULN002_AgentImpersonation" name="test_agent_verification_success" time="0.008" /><testcase classname="tests.test_security_fixes.TestVULN002_AgentImpersonation" name="test_agent_verification_failure_wrong_token" time="0.007" /><testcase classname="tests.test_security_fixes.TestVULN002_AgentImpersonation" name="test_agent_verification_failure_unregistered" time="0.008" /><testcase classname="tests.test_security_fixes.TestVULN002_AgentImpersonation" name="test_duplicate_registration_blocked" time="0.007" /><testcase classname="tests.test_security_fixes.TestVULN002_AgentImpersonation" name="test_router_agent_verification" time="0.010" /><testcase classname="tests.test_security_fixes.TestVULN002_AgentImpersonation" name="test_router_blocks_invalid_agent" time="0.008" /><testcase classname="tests.test_security_fixes.TestVULN002_AgentImpersonation" name="test_agent_revocation" time="0.008" /><testcase classname="tests.test_security_fixes.TestVULN003_UnboundedRecursion" name="test_lifetime_task_limit_enforced" time="0.011" /><testcase classname="tests.test_security_fixes.TestVULN003_UnboundedRecursion" name="test_max_updates_per_dag_enforced" time="0.011" /><testcase classname="tests.test_security_fixes.TestVULN003_UnboundedRecursion" name="test_subtasks_per_update_limited" time="0.009" /><testcase classname="tests.test_security_fixes.TestVULN003_UnboundedRecursion" name="test_counters_initialized_correctly" time="0.008" /><testcase classname="tests.test_security_fixes.TestVULN003_UnboundedRecursion" name="test_counters_updated_on_update" time="0.008" /><testcase classname="tests.test_security_fixes.TestSecurityIntegration" name="test_end_to_end_secure_workflow" time="0.012" /><testcase classname="tests.test_security_fixes.TestSecurityIntegration" name="test_attack_scenario_blocked" time="0.008" /><testcase classname="tests.test_security_scripts.TestCalculateCoverage" name="test_valid_coverage_calculation" time="0.009" /><testcase classname="tests.test_security_scripts.TestCalculateCoverage" name="test_coverage_below_threshold" time="0.008" /><testcase classname="tests.test_security_scripts.TestCalculateCoverage" name="test_schema_validation_missing_key" time="0.008" /><testcase classname="tests.test_security_scripts.TestCalculateCoverage" name="test_schema_validation_invalid_type" time="0.008" /><testcase classname="tests.test_security_scripts.TestCalculateCoverage" name="test_schema_validation_out_of_range" time="0.008" /><testcase classname="tests.test_security_scripts.TestCalculateCoverage" name="test_injection_attack_in_json" time="0.008" /><testcase classname="tests.test_security_scripts.TestCalculateCoverage" name="test_malformed_json" time="0.008" /><testcase classname="tests.test_security_scripts.TestCalculateCoverage" name="test_file_not_found" time="0.008" /><testcase classname="tests.test_security_scripts.TestCalculateCoverage" name="test_invalid_threshold_type" time="0.007" /><testcase classname="tests.test_security_scripts.TestCalculateCoverage" name="test_threshold_out_of_range" time="0.007" /><testcase classname="tests.test_security_scripts.TestCalculateCoverage" name="test_precise_decimal_comparison" time="0.008" /><testcase classname="tests.test_security_scripts.TestGenerateManifest" name="test_valid_manifest_generation" time="0.009" /><testcase classname="tests.test_security_scripts.TestGenerateManifest" name="test_sanitize_field_removes_control_chars" time="0.007" /><testcase classname="tests.test_security_scripts.TestGenerateManifest" name="test_sanitize_field_enforces_max_length" time="0.007" /><testcase classname="tests.test_security_scripts.TestGenerateManifest" name="test_sanitize_field_validates_commit_format" time="0.007" /><testcase classname="tests.test_security_scripts.TestGenerateManifest" name="test_sanitize_field_validates_environment" time="0.007" /><testcase classname="tests.test_security_scripts.TestGenerateManifest" name="test_injection_attack_in_version" time="0.008" /><testcase classname="tests.test_security_scripts.TestGenerateManifest" name="test_injection_attack_in_commit" time="0.009" /><testcase classname="tests.test_security_scripts.TestGenerateManifest" name="test_injection_attack_in_branch" time="0.012" /><testcase classname="tests.test_security_scripts.TestGenerateManifest" name="test_schema_validation_missing_field" time="0.010" /><testcase classname="tests.test_security_scripts.TestGenerateManifest" name="test_schema_validation_empty_field" time="0.011" /><testcase classname="tests.test_security_scripts.TestGenerateManifest" name="test_schema_validation_invalid_date" time="0.010" /><testcase classname="tests.test_security_scripts.TestGenerateManifest" name="test_schema_validation_invalid_build_number" time="0.008" /><testcase classname="tests.test_security_scripts.TestGenerateManifest" name="test_optional_test_pass_rate" time="0.008" /><testcase classname="tests.test_security_scripts.TestGenerateManifest" name="test_none_value_rejection" time="0.008" /><testcase classname="tests.test_security_scripts.TestGenerateManifest" name="test_empty_string_with_allow_empty" time="0.008" /><testcase classname="tests.test_security_scripts.TestGenerateManifest" name="test_command_line_execution" time="0.060" /><testcase classname="tests.test_security_scripts.TestSecurityIntegration" name="test_no_shell_execution_in_coverage" time="0.011" /><testcase classname="tests.test_security_scripts.TestSecurityIntegration" name="test_no_shell_execution_in_manifest" time="0.010" /><testcase classname="tests.test_security_scripts.TestSecurityIntegration" name="test_build_number_injection_rejected" time="0.008" /><testcase classname="tests.test_security_scripts.TestSecurityIntegration" name="test_audit_logging" time="0.008" /><testcase classname="tests.test_sica_integration.TestComplexityDetection" name="test_simple_task_detection" time="0.007" /><testcase classname="tests.test_sica_integration.TestComplexityDetection" name="test_moderate_task_detection" time="0.007" /><testcase classname="tests.test_sica_integration.TestComplexityDetection" name="test_complex_task_detection" time="0.007" /><testcase classname="tests.test_sica_integration.TestComplexityDetection" name="test_complexity_with_failure_history" time="0.007" /><testcase classname="tests.test_sica_integration.TestComplexityDetection" name="test_should_use_sica_complex" time="0.007" /><testcase classname="tests.test_sica_integration.TestComplexityDetection" name="test_should_not_use_sica_simple" time="0.008" /><testcase classname="tests.test_sica_integration.TestComplexityDetection" name="test_keyword_detection" time="0.008" /><testcase classname="tests.test_sica_integration.TestComplexityDetection" name="test_token_length_impact" time="0.008" /><testcase classname="tests.test_sica_integration.TestReasoningLoop" name="test_single_reasoning_step" time="0.009" /><testcase classname="tests.test_sica_integration.TestReasoningLoop" name="test_iterative_reasoning" time="0.009" /><testcase classname="tests.test_sica_integration.TestReasoningLoop" name="test_tumix_early_stopping" time="0.008" /><testcase classname="tests.test_sica_integration.TestReasoningLoop" name="test_reasoning_with_llm_failure" time="0.009" /><testcase classname="tests.test_sica_integration.TestReasoningLoop" name="test_quality_improvement_tracking" time="0.010" /><testcase classname="tests.test_sica_integration.TestReasoningLoop" name="test_cost_estimation" time="0.009" /><testcase classname="tests.test_sica_integration.TestSICAIntegration" name="test_refine_simple_trajectory" time="0.009" /><testcase classname="tests.test_sica_integration.TestSICAIntegration" name="test_refine_complex_trajectory" time="0.009" /><testcase classname="tests.test_sica_integration.TestSICAIntegration" name="test_force_reasoning_mode" time="0.009" /><testcase classname="tests.test_sica_integration.TestSICAIntegration" name="test_force_standard_mode" time="0.008" /><testcase classname="tests.test_sica_integration.TestSICAIntegration" name="test_statistics_tracking" time="0.011" /><testcase classname="tests.test_sica_integration.TestSICAIntegration" name="test_trajectory_metadata_update" time="0.009" /><testcase classname="tests.test_sica_integration.TestConvenienceFunctions" name="test_get_sica_integration" time="0.007" /><testcase classname="tests.test_sica_integration.TestConvenienceFunctions" name="test_refine_trajectory_with_sica_forced" time="0.008" /><testcase classname="tests.test_sica_integration.TestEdgeCases" name="test_complexity_detector_empty_problem" time="0.007" /><testcase classname="tests.test_sica_integration.TestEdgeCases" name="test_complexity_detector_very_long_problem" time="0.007" /><testcase classname="tests.test_sica_integration.TestEdgeCases" name="test_reasoning_loop_with_zero_max_iterations" time="0.009" /><testcase classname="tests.test_sica_integration.TestEdgeCases" name="test_sica_with_none_llm_client" time="0.010" /><testcase classname="tests.test_sica_integration.TestEdgeCases" name="test_trajectory_with_missing_fields" time="0.008" /><testcase classname="tests.test_sica_integration.TestEdgeCases" name="test_parse_malformed_json" time="0.008" /><testcase classname="tests.test_sica_integration.TestSEDarwinIntegration" name="test_sica_creates_valid_trajectory" time="0.009" /><testcase classname="tests.test_sica_integration.TestSEDarwinIntegration" name="test_sica_preserves_lineage" time="0.009" /><testcase classname="tests.test_sica_integration.TestSEDarwinIntegration" name="test_sica_insight_extraction" time="0.010" /><testcase classname="tests.test_sica_integration.TestObservability" name="test_span_creation" time="0.008" /><testcase classname="tests.test_sica_integration.TestObservability" name="test_span_attributes" time="0.010" /><testcase classname="tests.test_smoke.TestInfrastructure" name="test_python_version" time="0.007" /><testcase classname="tests.test_smoke.TestInfrastructure" name="test_environment_variables" time="0.006" /><testcase classname="tests.test_smoke.TestInfrastructure" name="test_project_structure" time="0.007" /><testcase classname="tests.test_smoke.TestInfrastructure" name="test_configuration_file_exists" time="0.007" /><testcase classname="tests.test_smoke.TestComponentInitialization" name="test_htdag_planner_initialization" time="0.007" /><testcase classname="tests.test_smoke.TestComponentInitialization" name="test_halo_router_initialization" time="0.008" /><testcase classname="tests.test_smoke.TestComponentInitialization" name="test_aop_validator_initialization" time="0.007" /><testcase classname="tests.test_smoke.TestComponentInitialization" name="test_error_handler_initialization" time="0.007"><error message="failed on setup with &quot;ImportError: REQUIRED: error_handler module must be available for production deployment&quot;">E   ImportError: cannot import name 'ErrorHandler' from 'infrastructure.error_handler' (/home/genesis/genesis-rebuild/infrastructure/error_handler.py). Did you mean: 'error_handler'?

The above exception was the direct cause of the following exception:
E   ImportError: REQUIRED: error_handler module must be available for production deployment</error></testcase><testcase classname="tests.test_smoke.TestComponentInitialization" name="test_security_validator_initialization" time="0.007" /><testcase classname="tests.test_smoke.TestBasicOrchestration" name="test_simple_task_decomposition" time="0.008" /><testcase classname="tests.test_smoke.TestBasicOrchestration" name="test_task_routing" time="0.009" /><testcase classname="tests.test_smoke.TestBasicOrchestration" name="test_plan_validation" time="0.010" /><testcase classname="tests.test_smoke.TestSecurityControls" name="test_prompt_injection_detection" time="0.008" /><testcase classname="tests.test_smoke.TestSecurityControls" name="test_safe_input_acceptance" time="0.007" /><testcase classname="tests.test_smoke.TestSecurityControls" name="test_code_validation" time="0.007" /><testcase classname="tests.test_smoke.TestErrorHandling" name="test_error_categorization" time="0.007"><skipped type="pytest.skip" message="Error categorization not testable: assert 'decomposition_error' in ['decomposition', 'routing', 'validation', 'network', 'resource', 'llm', ...]">/home/genesis/genesis-rebuild/tests/test_smoke.py:339: Error categorization not testable: assert 'decomposition_error' in ['decomposition', 'routing', 'validation', 'network', 'resource', 'llm', ...]</skipped></testcase><testcase classname="tests.test_smoke.TestErrorHandling" name="test_circuit_breaker_module_exists" time="0.007" /><testcase classname="tests.test_smoke.TestErrorHandling" name="test_graceful_degradation" time="0.007" /><testcase classname="tests.test_smoke.TestObservability" name="test_tracer_initialization" time="0.007"><skipped type="pytest.skip" message="Tracing not available: module 'infrastructure.observability' has no attribute 'create_tracer'">/home/genesis/genesis-rebuild/tests/test_smoke.py:384: Tracing not available: module 'infrastructure.observability' has no attribute 'create_tracer'</skipped></testcase><testcase classname="tests.test_smoke.TestObservability" name="test_metric_recording" time="0.007"><skipped type="pytest.skip" message="Metrics registry not available in observability module">/home/genesis/genesis-rebuild/tests/test_smoke.py:394: Metrics registry not available in observability module</skipped></testcase><testcase classname="tests.test_smoke.TestObservability" name="test_logging_configuration" time="0.007" /><testcase classname="tests.test_smoke.TestEndToEnd" name="test_simple_orchestration_flow" time="0.011" /><testcase classname="tests.test_smoke" name="test_smoke_test_summary" time="0.007" /><testcase classname="tests.test_spec_agent.TestSpecCreationContext" name="test_context_creation_with_defaults" time="0.007" /><testcase classname="tests.test_spec_agent.TestSpecCreationContext" name="test_context_creation_with_tech_stack" time="0.007" /><testcase classname="tests.test_spec_agent.TestSpecCreationContext" name="test_context_timestamps" time="0.007" /><testcase classname="tests.test_spec_agent.TestSpecAgentInitialization" name="test_agent_initialization_without_azure" time="0.010" /><testcase classname="tests.test_spec_agent.TestSpecAgentInitialization" name="test_agent_default_parameters" time="0.009" /><testcase classname="tests.test_spec_agent.TestSpecAgentInitialization" name="test_agent_custom_parameters" time="0.009" /><testcase classname="tests.test_spec_agent.TestSpecAgentInitialization" name="test_agent_infrastructure_singleton_sharing" time="0.012" /><testcase classname="tests.test_spec_agent.TestSpecAgentTools" name="test_tool_query_patterns_no_results" time="0.009" /><testcase classname="tests.test_spec_agent.TestSpecAgentTools" name="test_tool_query_patterns_with_stored_strategy" time="0.010" /><testcase classname="tests.test_spec_agent.TestSpecAgentTools" name="test_tool_get_anti_patterns_empty" time="0.066" /><testcase classname="tests.test_spec_agent.TestSpecAgentTools" name="test_tool_get_anti_patterns_with_failure" time="0.014" /><testcase classname="tests.test_spec_agent.TestSpecAgentStatistics" name="test_initial_statistics" time="0.013" /><testcase classname="tests.test_spec_agent.TestSpecAgentStatistics" name="test_statistics_structure" time="0.013" /><testcase classname="tests.test_spec_agent.TestSpecAgentStatistics" name="test_statistics_after_manual_increment" time="0.012" /><testcase classname="tests.test_spec_agent.TestSpecAgentIntegration" name="test_create_spec_with_mocked_agent" time="0.016" /><testcase classname="tests.test_spec_agent.TestSpecAgentIntegration" name="test_create_spec_records_trajectory" time="0.014" /><testcase classname="tests.test_spec_agent.TestSpecAgentIntegration" name="test_create_spec_queries_reasoning_bank" time="0.015" /><testcase classname="tests.test_spec_agent.TestSpecAgentResourceManagement" name="test_context_manager_close" time="0.030" /><testcase classname="tests.test_spec_agent.TestSpecAgentResourceManagement" name="test_manual_close" time="0.015" /><testcase classname="tests.test_spec_agent.TestSpecAgentErrorHandling" name="test_create_spec_handles_exception" time="0.023" /><testcase classname="tests.test_spec_agent.TestFactoryFunction" name="test_factory_function_creates_agent" time="0.009"><skipped type="pytest.skip" message="Requires Azure credentials - run manually with valid credentials">/home/genesis/genesis-rebuild/tests/test_spec_agent.py:495: Requires Azure credentials - run manually with valid credentials</skipped></testcase><testcase classname="tests.test_staging_validation.TestServiceHealth" name="test_a2a_service_responding" time="0.013" /><testcase classname="tests.test_staging_validation.TestServiceHealth" name="test_prometheus_accessible" time="0.011" /><testcase classname="tests.test_staging_validation.TestServiceHealth" name="test_grafana_accessible" time="0.010" /><testcase classname="tests.test_staging_validation.TestServiceHealth" name="test_all_monitoring_containers_running" time="0.027"><failure message="AssertionError: Monitoring container 'node-exporter' not running&#10;assert 'node-exporter' in ['prometheus', 'grafana', 'genesis-redis', 'genesis-mongodb']">E   AssertionError: Monitoring container 'node-exporter' not running
    assert 'node-exporter' in ['prometheus', 'grafana', 'genesis-redis', 'genesis-mongodb']</failure></testcase><testcase classname="tests.test_staging_validation.TestServiceHealth" name="test_docker_containers_healthy" time="0.077"><failure message="AssertionError: Container 'node-exporter' status is '', expected 'running'&#10;assert '' == 'running'&#10;  &#10;  - running">E   AssertionError: Container 'node-exporter' status is '', expected 'running'
    assert '' == 'running'
      
      - running</failure></testcase><testcase classname="tests.test_staging_validation.TestDatabaseConnectivity" name="test_mongodb_connection_available" time="0.013"><skipped type="pytest.skip" message="MongoDB not configured (MONGODB_URI not set)">/home/genesis/genesis-rebuild/tests/test_staging_validation.py:167: MongoDB not configured (MONGODB_URI not set)</skipped></testcase><testcase classname="tests.test_staging_validation.TestDatabaseConnectivity" name="test_redis_connection_available" time="0.012"><skipped type="pytest.skip" message="Redis not configured (REDIS_URL not set)">/home/genesis/genesis-rebuild/tests/test_staging_validation.py:185: Redis not configured (REDIS_URL not set)</skipped></testcase><testcase classname="tests.test_staging_validation.TestAPIEndpoints" name="test_a2a_agents_list_endpoint" time="0.015"><skipped type="pytest.skip" message="Agents endpoint not implemented (/agents returns 404)">/home/genesis/genesis-rebuild/tests/test_staging_validation.py:215: Agents endpoint not implemented (/agents returns 404)</skipped></testcase><testcase classname="tests.test_staging_validation.TestAPIEndpoints" name="test_a2a_task_endpoint_accepts_requests" time="0.018"><skipped type="pytest.skip" message="Task endpoint not implemented (/task returns 404)">/home/genesis/genesis-rebuild/tests/test_staging_validation.py:239: Task endpoint not implemented (/task returns 404)</skipped></testcase><testcase classname="tests.test_staging_validation.TestAPIEndpoints" name="test_prometheus_metrics_endpoint" time="0.014" /><testcase classname="tests.test_staging_validation.TestFeatureFlags" name="test_feature_flag_manager_initialized" time="0.011" /><testcase classname="tests.test_staging_validation.TestFeatureFlags" name="test_critical_flags_enabled" time="0.012" /><testcase classname="tests.test_staging_validation.TestFeatureFlags" name="test_phase_4_deployment_flag_configured" time="0.010" /><testcase classname="tests.test_staging_validation.TestFeatureFlags" name="test_safety_flags_disabled" time="0.007" /><testcase classname="tests.test_staging_validation.TestFeatureFlags" name="test_feature_flag_hot_reload" time="0.008" /><testcase classname="tests.test_staging_validation.TestObservability" name="test_observability_manager_functional" time="0.008" /><testcase classname="tests.test_staging_validation.TestObservability" name="test_correlation_context_propagation" time="0.008" /><testcase classname="tests.test_staging_validation.TestObservability" name="test_structured_logging_working" time="0.009" /><testcase classname="tests.test_staging_validation.TestObservability" name="test_prometheus_scraping_genesis_metrics" time="0.009" /><testcase classname="tests.test_staging_validation.TestSecurityControls" name="test_prompt_injection_protection" time="0.007" /><testcase classname="tests.test_staging_validation.TestSecurityControls" name="test_credential_redaction" time="0.007" /><testcase classname="tests.test_staging_validation.TestSecurityControls" name="test_dag_cycle_detection" time="0.007" /><testcase classname="tests.test_staging_validation.TestSecurityControls" name="test_code_validation_rejects_dangerous_code" time="0.007" /><testcase classname="tests.test_staging_validation.TestErrorHandling" name="test_error_handler_categorizes_errors" time="0.009" /><testcase classname="tests.test_staging_validation.TestErrorHandling" name="test_circuit_breaker_functional" time="0.008" /><testcase classname="tests.test_staging_validation.TestErrorHandling" name="test_graceful_degradation_fallback" time="0.008" /><testcase classname="tests.test_staging_validation.TestErrorHandling" name="test_retry_mechanism_functional" time="0.008" /><testcase classname="tests.test_staging_validation.TestComponentIntegration" name="test_full_orchestration_pipeline" time="0.015" /><testcase classname="tests.test_staging_validation.TestComponentIntegration" name="test_error_handling_integration" time="0.010" /><testcase classname="tests.test_staging_validation.TestComponentIntegration" name="test_observability_integration" time="0.009" /><testcase classname="tests.test_staging_validation" name="test_staging_validation_summary" time="0.007" /><testcase classname="tests.test_swarm_edge_cases.TestEdgeCases" name="test_unknown_role_defaults_to_analysis" time="0.007" /><testcase classname="tests.test_swarm_edge_cases.TestEdgeCases" name="test_actual_execution_raises_not_implemented" time="0.007" /><testcase classname="tests.test_swarm_edge_cases.TestEdgeCases" name="test_verbose_pso_prints_progress" time="0.009" /><testcase classname="tests.test_swarm_edge_cases.TestEdgeCases" name="test_empty_team_edge_case" time="0.009" /><testcase classname="tests.test_swarm_edge_cases.TestEdgeCases" name="test_single_agent_team" time="0.007" /><testcase classname="tests.test_swarm_edge_cases.TestEdgeCases" name="test_maximum_team_size" time="0.014" /><testcase classname="tests.test_swarm_edge_cases.TestEdgeCases" name="test_minimum_team_size" time="0.019" /><testcase classname="tests.test_swarm_edge_cases.TestStatisticalValidation" name="test_success_probability_with_capabilities" time="0.009" /><testcase classname="tests.test_swarm_edge_cases.TestStatisticalValidation" name="test_success_probability_without_capabilities" time="0.008" /><testcase classname="tests.test_swarm_edge_cases.TestStatisticalValidation" name="test_randomness_seed_reproducibility" time="0.009" /><testcase classname="tests.test_swarm_edge_cases.TestStatisticalValidation" name="test_inclusive_fitness_statistical_improvement" time="0.204" /><testcase classname="tests.test_swarm_edge_cases.TestErrorHandling" name="test_empty_agent_list" time="0.007" /><testcase classname="tests.test_swarm_edge_cases.TestErrorHandling" name="test_task_with_no_required_capabilities" time="0.007" /><testcase classname="tests.test_swarm_edge_cases.TestErrorHandling" name="test_agent_with_no_capabilities" time="0.007" /><testcase classname="tests.test_swarm_edge_cases.TestErrorHandling" name="test_extremely_small_team_size_range" time="0.008" /><testcase classname="tests.test_swarm_edge_cases.TestErrorHandling" name="test_pso_convergence_with_single_particle" time="0.010" /><testcase classname="tests.test_swarm_edge_cases.TestDataIntegrity" name="test_agent_metadata_persistence" time="0.009" /><testcase classname="tests.test_swarm_edge_cases.TestDataIntegrity" name="test_task_metadata_persistence" time="0.010" /><testcase classname="tests.test_swarm_edge_cases.TestDataIntegrity" name="test_team_outcome_timestamp" time="0.008" /><testcase classname="tests.test_swarm_edge_cases.TestDataIntegrity" name="test_cooperation_history_tracking" time="0.007" /><testcase classname="tests.test_swarm_fixes.TestRandomSeedControl" name="test_swarm_reproducibility" time="0.007" /><testcase classname="tests.test_swarm_fixes.TestRandomSeedControl" name="test_pso_reproducibility" time="0.009" /><testcase classname="tests.test_swarm_fixes.TestRandomSeedControl" name="test_different_seeds_produce_different_results" time="0.009" /><testcase classname="tests.test_swarm_fixes.TestRandomSeedControl" name="test_no_seed_is_non_deterministic" time="0.007" /><testcase classname="tests.test_swarm_fixes.TestEmptyTeamEdgeCase" name="test_empty_team_respects_min_size" time="0.007" /><testcase classname="tests.test_swarm_fixes.TestEmptyTeamEdgeCase" name="test_single_agent_availability" time="0.007" /><testcase classname="tests.test_swarm_fixes.TestInputValidation" name="test_swarm_empty_agents_raises_error" time="0.007" /><testcase classname="tests.test_swarm_fixes.TestInputValidation" name="test_swarm_duplicate_names_raises_error" time="0.007" /><testcase classname="tests.test_swarm_fixes.TestInputValidation" name="test_task_negative_min_size_raises_error" time="0.007" /><testcase classname="tests.test_swarm_fixes.TestInputValidation" name="test_task_max_less_than_min_raises_error" time="0.007" /><testcase classname="tests.test_swarm_fixes.TestInputValidation" name="test_task_negative_priority_raises_error" time="0.007" /><testcase classname="tests.test_swarm_fixes.TestInputValidation" name="test_pso_zero_particles_raises_error" time="0.007" /><testcase classname="tests.test_swarm_fixes.TestInputValidation" name="test_pso_zero_iterations_raises_error" time="0.007" /><testcase classname="tests.test_swarm_fixes.TestInputValidation" name="test_pso_invalid_inertia_raises_error" time="0.007" /><testcase classname="tests.test_swarm_fixes.TestInputValidation" name="test_pso_negative_cognitive_raises_error" time="0.008" /><testcase classname="tests.test_swarm_fixes.TestInputValidation" name="test_pso_negative_social_raises_error" time="0.007" /><testcase classname="tests.test_swarm_fixes.TestIntegrationFixes" name="test_reproducible_validation_pipeline" time="0.009" /><testcase classname="tests.test_swarm_fixes.TestIntegrationFixes" name="test_edge_case_with_validation" time="0.008" /><testcase classname="tests.test_swarm_layer5.TestGenotypeAssignment" name="test_customer_interaction_genotype" time="0.009" /><testcase classname="tests.test_swarm_layer5.TestGenotypeAssignment" name="test_infrastructure_genotype" time="0.007" /><testcase classname="tests.test_swarm_layer5.TestGenotypeAssignment" name="test_content_genotype" time="0.007" /><testcase classname="tests.test_swarm_layer5.TestGenotypeAssignment" name="test_finance_genotype" time="0.007" /><testcase classname="tests.test_swarm_layer5.TestGenotypeAssignment" name="test_analysis_genotype" time="0.008" /><testcase classname="tests.test_swarm_layer5.TestRelatedness" name="test_kin_relatedness" time="0.009" /><testcase classname="tests.test_swarm_layer5.TestRelatedness" name="test_non_kin_relatedness" time="0.009" /><testcase classname="tests.test_swarm_layer5.TestRelatedness" name="test_self_relatedness" time="0.008" /><testcase classname="tests.test_swarm_layer5.TestInclusiveFitnessRewards" name="test_direct_fitness_only" time="0.008" /><testcase classname="tests.test_swarm_layer5.TestInclusiveFitnessRewards" name="test_kin_cooperation_bonus" time="0.010" /><testcase classname="tests.test_swarm_layer5.TestInclusiveFitnessRewards" name="test_non_kin_no_indirect_fitness" time="0.010" /><testcase classname="tests.test_swarm_layer5.TestInclusiveFitnessRewards" name="test_mixed_team_fitness" time="0.011" /><testcase classname="tests.test_swarm_layer5.TestTeamEvaluation" name="test_team_has_required_capabilities" time="0.008" /><testcase classname="tests.test_swarm_layer5.TestTeamEvaluation" name="test_team_missing_capabilities" time="0.008" /><testcase classname="tests.test_swarm_layer5.TestTeamEvaluation" name="test_outcome_has_individual_contributions" time="0.011" /><testcase classname="tests.test_swarm_layer5.TestPSOOptimization" name="test_pso_finds_valid_team" time="0.015" /><testcase classname="tests.test_swarm_layer5.TestPSOOptimization" name="test_pso_improves_over_iterations" time="0.024" /><testcase classname="tests.test_swarm_layer5.TestPSOOptimization" name="test_pso_teams_have_required_capabilities" time="0.269" /><testcase classname="tests.test_swarm_layer5.TestPSOOptimization" name="test_pso_different_tasks" time="0.022" /><testcase classname="tests.test_swarm_layer5.TestIntegration" name="test_full_optimization_pipeline" time="0.017" /><testcase classname="tests.test_swarm_layer5.TestIntegration" name="test_kin_cooperation_vs_random" time="0.240" /><testcase classname="tests.test_swarm_layer5.TestIntegration" name="test_genotype_diversity_matters" time="0.010" /><testcase classname="tests.test_swarm_layer5.TestFactoryFunctions" name="test_get_inclusive_fitness_swarm" time="0.008" /><testcase classname="tests.test_swarm_layer5.TestFactoryFunctions" name="test_get_pso_optimizer" time="0.007" /><testcase classname="tests.test_trajectory_operators_integration.TestRevisionIntegration" name="test_revision_operator_uses_failed_trajectory_from_pool" time="0.013" /><testcase classname="tests.test_trajectory_operators_integration.TestRevisionIntegration" name="test_revision_multiple_failed_trajectories" time="0.013" /><testcase classname="tests.test_trajectory_operators_integration.TestRecombinationIntegration" name="test_recombination_uses_diverse_pairs_from_pool" time="0.011" /><testcase classname="tests.test_trajectory_operators_integration.TestRecombinationIntegration" name="test_recombination_multiple_generations" time="0.010" /><testcase classname="tests.test_trajectory_operators_integration.TestRefinementIntegration" name="test_refinement_uses_pool_insights" time="0.009" /><testcase classname="tests.test_trajectory_operators_integration.TestRefinementIntegration" name="test_refinement_without_insights_still_works" time="0.010" /><testcase classname="tests.test_trajectory_operators_integration.TestFullEvolutionLoop" name="test_full_evolution_cycle" time="0.012" /><testcase classname="tests.test_trajectory_operators_integration.TestFullEvolutionLoop" name="test_multi_generation_evolution" time="0.012" /><testcase classname="tests.test_trajectory_operators_integration.TestConcurrentOperators" name="test_concurrent_revision_operations" time="0.013" /><testcase classname="tests.test_trajectory_operators_integration.TestConcurrentOperators" name="test_mixed_concurrent_operators" time="0.015" /><testcase classname="tests.test_trajectory_operators_integration.TestPoolStatisticsAfterEvolution" name="test_statistics_reflect_evolution" time="0.011" /><testcase classname="tests.test_trajectory_pool.TestTrajectory" name="test_trajectory_creation" time="0.008" /><testcase classname="tests.test_trajectory_pool.TestTrajectory" name="test_trajectory_defaults" time="0.007" /><testcase classname="tests.test_trajectory_pool.TestTrajectory" name="test_is_successful" time="0.007" /><testcase classname="tests.test_trajectory_pool.TestTrajectory" name="test_is_failed" time="0.006" /><testcase classname="tests.test_trajectory_pool.TestTrajectory" name="test_get_lineage_depth" time="0.006" /><testcase classname="tests.test_trajectory_pool.TestTrajectory" name="test_to_compact_dict" time="0.007" /><testcase classname="tests.test_trajectory_pool.TestTrajectory" name="test_trajectory_with_metadata" time="0.007" /><testcase classname="tests.test_trajectory_pool.TestTrajectoryPoolBasics" name="test_pool_initialization" time="0.008" /><testcase classname="tests.test_trajectory_pool.TestTrajectoryPoolBasics" name="test_add_trajectory" time="0.008" /><testcase classname="tests.test_trajectory_pool.TestTrajectoryPoolBasics" name="test_add_multiple_trajectories" time="0.008" /><testcase classname="tests.test_trajectory_pool.TestTrajectoryPoolBasics" name="test_get_trajectory" time="0.008" /><testcase classname="tests.test_trajectory_pool.TestTrajectoryPoolBasics" name="test_get_all_trajectories" time="0.008" /><testcase classname="tests.test_trajectory_pool.TestTrajectoryPoolQueries" name="test_get_best_n" time="0.008" /><testcase classname="tests.test_trajectory_pool.TestTrajectoryPoolQueries" name="test_get_successful_trajectories" time="0.008" /><testcase classname="tests.test_trajectory_pool.TestTrajectoryPoolQueries" name="test_get_failed_trajectories" time="0.008" /><testcase classname="tests.test_trajectory_pool.TestTrajectoryPoolQueries" name="test_get_by_generation" time="0.008" /><testcase classname="tests.test_trajectory_pool.TestTrajectoryPoolQueries" name="test_get_by_operator" time="0.008" /><testcase classname="tests.test_trajectory_pool.TestTrajectoryPoolAdvanced" name="test_get_diverse_successful_pairs" time="0.008" /><testcase classname="tests.test_trajectory_pool.TestTrajectoryPoolAdvanced" name="test_get_diverse_pairs_with_different_patterns" time="0.007" /><testcase classname="tests.test_trajectory_pool.TestTrajectoryPoolAdvanced" name="test_get_pool_insights" time="0.008" /><testcase classname="tests.test_trajectory_pool.TestTrajectoryPoolAdvanced" name="test_get_common_failure_patterns" time="0.008" /><testcase classname="tests.test_trajectory_pool.TestTrajectoryPoolPruning" name="test_pruning_triggers_at_capacity" time="0.008" /><testcase classname="tests.test_trajectory_pool.TestTrajectoryPoolPruning" name="test_pruning_keeps_successful" time="0.008" /><testcase classname="tests.test_trajectory_pool.TestTrajectoryPoolPruning" name="test_pruning_keeps_recent" time="0.008" /><testcase classname="tests.test_trajectory_pool.TestTrajectoryPoolPersistence" name="test_save_to_disk" time="0.009" /><testcase classname="tests.test_trajectory_pool.TestTrajectoryPoolPersistence" name="test_load_from_disk" time="0.009" /><testcase classname="tests.test_trajectory_pool.TestTrajectoryPoolPersistence" name="test_load_nonexistent_creates_new" time="0.008" /><testcase classname="tests.test_trajectory_pool.TestTrajectoryPoolStatistics" name="test_get_statistics" time="0.008" /><testcase classname="tests.test_trajectory_pool.TestTrajectoryPoolStatistics" name="test_statistics_empty_pool" time="0.008" /><testcase classname="tests.test_trajectory_pool.TestTrajectoryPoolStatistics" name="test_operator_distribution" time="0.008" /><testcase classname="tests.test_trajectory_pool.TestTrajectoryPoolStatistics" name="test_generation_distribution" time="0.008" /><testcase classname="tests.test_trajectory_pool.TestFactoryFunction" name="test_get_trajectory_pool_new" time="0.007" /><testcase classname="tests.test_trajectory_pool.TestFactoryFunction" name="test_get_trajectory_pool_load_existing" time="0.008" /><testcase classname="tests.test_trajectory_pool.TestEdgeCases" name="test_empty_pool_queries" time="0.007" /><testcase classname="tests.test_trajectory_pool.TestEdgeCases" name="test_single_trajectory_pool" time="0.007" /><testcase classname="tests.test_trajectory_pool.TestEdgeCases" name="test_pruning_with_no_prunable" time="0.008" /><testcase classname="tests.test_trajectory_pool.TestEdgeCases" name="test_trajectory_with_missing_optional_fields" time="0.007" /><testcase classname="tests.test_trajectory_pool.TestTrajectoryPoolConcurrency" name="test_concurrent_add_trajectories" time="0.054" /><testcase classname="tests.test_trajectory_pool.TestTrajectoryPoolConcurrency" name="test_concurrent_read_operations" time="0.022" /><testcase classname="tests.test_trajectory_pool.TestTrajectoryPoolConcurrency" name="test_concurrent_add_and_read" time="0.040" /><testcase classname="tests.test_trajectory_pool.TestTrajectoryPoolConcurrency" name="test_concurrent_pruning" time="0.017" /><testcase classname="tests.test_trajectory_pool.TestTrajectoryPoolConcurrency" name="test_concurrent_get_diverse_pairs" time="0.023" /><testcase classname="tests.test_trajectory_pool.TestTrajectoryPoolConcurrency" name="test_concurrent_save_operations" time="0.199" /><testcase classname="tests.test_trajectory_pool.TestTrajectoryPoolConcurrency" name="test_race_condition_in_statistics" time="0.018" /><testcase classname="tests.test_tumix_termination.TestInitialization" name="test_default_initialization" time="0.008" /><testcase classname="tests.test_tumix_termination.TestInitialization" name="test_custom_initialization" time="0.013" /><testcase classname="tests.test_tumix_termination.TestInitialization" name="test_factory_function" time="0.012" /><testcase classname="tests.test_tumix_termination.TestInitialization" name="test_invalid_min_rounds_zero" time="0.011" /><testcase classname="tests.test_tumix_termination.TestInitialization" name="test_invalid_min_rounds_negative" time="0.007" /><testcase classname="tests.test_tumix_termination.TestInitialization" name="test_invalid_max_rounds_less_than_min" time="0.007" /><testcase classname="tests.test_tumix_termination.TestInitialization" name="test_invalid_improvement_threshold_negative" time="0.007" /><testcase classname="tests.test_tumix_termination.TestInitialization" name="test_invalid_improvement_threshold_too_high" time="0.007" /><testcase classname="tests.test_tumix_termination.TestInitialization" name="test_invalid_lookback_window" time="0.007" /><testcase classname="tests.test_tumix_termination.TestCalculateImprovement" name="test_improvement_with_two_results" time="0.007" /><testcase classname="tests.test_tumix_termination.TestCalculateImprovement" name="test_improvement_positive_trend" time="0.007" /><testcase classname="tests.test_tumix_termination.TestCalculateImprovement" name="test_improvement_negative_trend" time="0.007" /><testcase classname="tests.test_tumix_termination.TestCalculateImprovement" name="test_improvement_zero_quality" time="0.007" /><testcase classname="tests.test_tumix_termination.TestCalculateImprovement" name="test_improvement_single_result" time="0.007" /><testcase classname="tests.test_tumix_termination.TestCalculateImprovement" name="test_improvement_empty_results" time="0.007" /><testcase classname="tests.test_tumix_termination.TestCalculateImprovement" name="test_improvement_lookback_window" time="0.007" /><testcase classname="tests.test_tumix_termination.TestCalculateImprovement" name="test_improvement_plateau" time="0.007" /><testcase classname="tests.test_tumix_termination.TestDetectPlateau" name="test_plateau_detected" time="0.007" /><testcase classname="tests.test_tumix_termination.TestDetectPlateau" name="test_no_plateau_improving" time="0.007" /><testcase classname="tests.test_tumix_termination.TestDetectPlateau" name="test_no_plateau_insufficient_results" time="0.008" /><testcase classname="tests.test_tumix_termination.TestDetectPlateau" name="test_plateau_exact_same_scores" time="0.010" /><testcase classname="tests.test_tumix_termination.TestDetectPlateau" name="test_plateau_variance_threshold" time="0.011" /><testcase classname="tests.test_tumix_termination.TestDetectDegradation" name="test_degradation_detected" time="0.011" /><testcase classname="tests.test_tumix_termination.TestDetectDegradation" name="test_no_degradation_improving" time="0.011" /><testcase classname="tests.test_tumix_termination.TestDetectDegradation" name="test_no_degradation_insufficient_results" time="0.011" /><testcase classname="tests.test_tumix_termination.TestDetectDegradation" name="test_degradation_three_decreasing" time="0.011" /><testcase classname="tests.test_tumix_termination.TestDetectDegradation" name="test_no_degradation_mixed_trend" time="0.010" /><testcase classname="tests.test_tumix_termination.TestDetectDegradation" name="test_degradation_only_last_three" time="0.010" /><testcase classname="tests.test_tumix_termination.TestTerminationRules" name="test_rule1_minimum_not_met" time="0.008" /><testcase classname="tests.test_tumix_termination.TestTerminationRules" name="test_rule2_max_rounds_reached" time="0.007" /><testcase classname="tests.test_tumix_termination.TestTerminationRules" name="test_rule3_quality_degradation" time="0.007" /><testcase classname="tests.test_tumix_termination.TestTerminationRules" name="test_rule4_quality_plateau" time="0.007" /><testcase classname="tests.test_tumix_termination.TestTerminationRules" name="test_rule5_insufficient_improvement" time="0.008" /><testcase classname="tests.test_tumix_termination.TestTerminationRules" name="test_continue_refinement" time="0.010" /><testcase classname="tests.test_tumix_termination.TestEdgeCases" name="test_empty_results_raises_error" time="0.009" /><testcase classname="tests.test_tumix_termination.TestEdgeCases" name="test_single_result_below_minimum" time="0.008" /><testcase classname="tests.test_tumix_termination.TestEdgeCases" name="test_exact_threshold_improvement" time="0.007" /><testcase classname="tests.test_tumix_termination.TestEdgeCases" name="test_quality_score_boundaries" time="0.007" /><testcase classname="tests.test_tumix_termination.TestEdgeCases" name="test_negative_quality_scores" time="0.006" /><testcase classname="tests.test_tumix_termination.TestEdgeCases" name="test_very_small_improvements" time="0.007" /><testcase classname="tests.test_tumix_termination.TestEdgeCases" name="test_all_same_quality_scores" time="0.007" /><testcase classname="tests.test_tumix_termination.TestEdgeCases" name="test_min_equals_max_rounds" time="0.007" /><testcase classname="tests.test_tumix_termination.TestCostSavings" name="test_cost_savings_basic" time="0.007" /><testcase classname="tests.test_tumix_termination.TestCostSavings" name="test_cost_savings_early_termination" time="0.008" /><testcase classname="tests.test_tumix_termination.TestCostSavings" name="test_cost_savings_no_early_termination" time="0.068" /><testcase classname="tests.test_tumix_termination.TestCostSavings" name="test_cost_savings_empty_sessions" time="0.012" /><testcase classname="tests.test_tumix_termination.TestCostSavings" name="test_cost_savings_51_percent_target" time="0.028" /><testcase classname="tests.test_tumix_termination.TestCostSavings" name="test_cost_savings_custom_cost_per_round" time="0.008" /><testcase classname="tests.test_tumix_termination.TestIntegration" name="test_full_refinement_session_improving" time="0.017" /><testcase classname="tests.test_tumix_termination.TestIntegration" name="test_full_refinement_session_plateau" time="0.010" /><testcase classname="tests.test_tumix_termination.TestIntegration" name="test_full_refinement_session_degradation" time="0.010" /><testcase classname="tests.test_tumix_termination.TestIntegration" name="test_multiple_sessions_cost_tracking" time="0.011" /><testcase classname="tests.test_tumix_termination.TestIntegration" name="test_strict_vs_lenient_termination" time="0.008" /><testcase classname="tests.test_tumix_termination.TestIntegration" name="test_verbose_logging" time="0.008" /><testcase classname="tests.test_tumix_termination.TestIntegration" name="test_metadata_preservation" time="0.007" /><testcase classname="tests.test_tumix_termination.TestProductionReadiness" name="test_deterministic_behavior" time="0.008" /><testcase classname="tests.test_tumix_termination.TestProductionReadiness" name="test_no_side_effects" time="0.007" /><testcase classname="tests.test_tumix_termination.TestProductionReadiness" name="test_thread_safety_immutability" time="0.007" /><testcase classname="tests.test_tumix_termination.TestProductionReadiness" name="test_error_handling_invalid_quality" time="0.008" /><testcase classname="tests.test_tumix_termination.TestProductionReadiness" name="test_confidence_scores_valid" time="0.008" /><testcase classname="tests.test_tumix_termination.TestProductionReadiness" name="test_reasoning_always_present" time="0.012" /></testsuite></testsuites>